[ 2017-05-06T12:59:56+08:00 ] 127.0.0.1 /tpblog/home/index/index
INFO: [ app_init ] --START--
INFO: Run Behavior\BuildLiteBehavior [ RunTime:0.000000s ]
INFO: [ app_init ] --END-- [ RunTime:0.001000s ]
INFO: [ app_begin ] --START--
INFO: Run Behavior\ReadHtmlCacheBehavior [ RunTime:0.001000s ]
INFO: [ app_begin ] --END-- [ RunTime:0.001000s ]
SQL: SHOW COLUMNS FROM `setting` [ RunTime:0.0770s ]
SQL: SELECT * FROM `setting`  [ RunTime:0.0140s ]
SQL: SHOW COLUMNS FROM `page` [ RunTime:0.1180s ]
SQL: SELECT COUNT(*) AS tp_count FROM `page` LIMIT 1   [ RunTime:0.0020s ]
SQL: SELECT * FROM `setting`  [ RunTime:0.0010s ]
SQL: SELECT * FROM `page` ORDER BY pid desc LIMIT 0,10   [ RunTime:0.0330s ]
INFO: [ view_parse ] --START--
INFO: [ template_filter ] --START--
INFO: Run Behavior\ContentReplaceBehavior [ RunTime:0.000000s ]
INFO: [ template_filter ] --END-- [ RunTime:0.000000s ]
INFO: Run Behavior\ParseTemplateBehavior [ RunTime:0.089005s ]
INFO: [ view_parse ] --END-- [ RunTime:0.089005s ]
INFO: [ view_filter ] --START--
INFO: Run Behavior\WriteHtmlCacheBehavior [ RunTime:0.002000s ]
INFO: [ view_filter ] --END-- [ RunTime:0.002000s ]
INFO: [ app_end ] --START--
INFO: Run Behavior\ShowPageTraceBehavior [ RunTime:0.002000s ]
INFO: [ app_end ] --END-- [ RunTime:0.002000s ]

[ 2017-05-06T13:00:05+08:00 ] 127.0.0.1 /tpblog/index.php/Home/Index/login.html
INFO: [ app_init ] --START--
INFO: Run Behavior\BuildLiteBehavior [ RunTime:0.000000s ]
INFO: [ app_init ] --END-- [ RunTime:0.001000s ]
INFO: [ app_begin ] --START--
INFO: Run Behavior\ReadHtmlCacheBehavior [ RunTime:0.001000s ]
INFO: [ app_begin ] --END-- [ RunTime:0.001000s ]
SQL: SHOW COLUMNS FROM `setting` [ RunTime:0.0070s ]
SQL: SELECT * FROM `setting`  [ RunTime:0.0000s ]
INFO: [ view_parse ] --START--
INFO: [ template_filter ] --START--
INFO: Run Behavior\ContentReplaceBehavior [ RunTime:0.000000s ]
INFO: [ template_filter ] --END-- [ RunTime:0.000000s ]
NOTIC: [8] Undefined variable: blog F:\phpStudyLite\WWW\tpblog\Application\Runtime\Cache\Home\8f446e26685191b31f521b504c9e1b46.php 第 26 行.
NOTIC: [8] Undefined variable: user F:\phpStudyLite\WWW\tpblog\Application\Runtime\Cache\Home\8f446e26685191b31f521b504c9e1b46.php 第 53 行.
NOTIC: [8] Undefined variable: user F:\phpStudyLite\WWW\tpblog\Application\Runtime\Cache\Home\8f446e26685191b31f521b504c9e1b46.php 第 59 行.
INFO: Run Behavior\ParseTemplateBehavior [ RunTime:0.059003s ]
INFO: [ view_parse ] --END-- [ RunTime:0.059003s ]
INFO: [ view_filter ] --START--
INFO: Run Behavior\WriteHtmlCacheBehavior [ RunTime:0.001000s ]
INFO: [ view_filter ] --END-- [ RunTime:0.001000s ]
INFO: [ app_end ] --START--
INFO: Run Behavior\ShowPageTraceBehavior [ RunTime:0.001001s ]
INFO: [ app_end ] --END-- [ RunTime:0.002001s ]

[ 2017-05-06T13:00:10+08:00 ] 127.0.0.1 /tpblog/index.php/Home/Index/login.html?do=chk
INFO: [ app_init ] --START--
INFO: Run Behavior\BuildLiteBehavior [ RunTime:0.000000s ]
INFO: [ app_init ] --END-- [ RunTime:0.001000s ]
INFO: [ app_begin ] --START--
INFO: Run Behavior\ReadHtmlCacheBehavior [ RunTime:0.003000s ]
INFO: [ app_begin ] --END-- [ RunTime:0.003000s ]
SQL: SHOW COLUMNS FROM `setting` [ RunTime:0.0200s ]
SQL: SELECT * FROM `setting`  [ RunTime:0.0010s ]
SQL: SHOW COLUMNS FROM `admin` [ RunTime:0.0670s ]
SQL: SELECT * FROM `admin` WHERE `auser` = '5' AND `apass` = '5' AND `yan` = 0 LIMIT 1   [ RunTime:0.0920s ]
INFO: [ view_parse ] --START--
INFO: [ template_filter ] --START--
INFO: Run Behavior\ContentReplaceBehavior [ RunTime:0.000000s ]
INFO: [ template_filter ] --END-- [ RunTime:0.000000s ]
INFO: Run Behavior\ParseTemplateBehavior [ RunTime:0.012001s ]
INFO: [ view_parse ] --END-- [ RunTime:0.012001s ]
INFO: [ view_filter ] --START--
INFO: Run Behavior\WriteHtmlCacheBehavior [ RunTime:0.001000s ]
INFO: [ view_filter ] --END-- [ RunTime:0.001000s ]

[ 2017-05-06T13:00:13+08:00 ] 127.0.0.1 /tpblog/Home/Index/login
INFO: [ app_init ] --START--
INFO: Run Behavior\BuildLiteBehavior [ RunTime:0.000000s ]
INFO: [ app_init ] --END-- [ RunTime:0.001000s ]
INFO: [ app_begin ] --START--
INFO: Run Behavior\ReadHtmlCacheBehavior [ RunTime:0.001000s ]
INFO: [ app_begin ] --END-- [ RunTime:0.001000s ]
SQL: SHOW COLUMNS FROM `setting` [ RunTime:0.0080s ]
SQL: SELECT * FROM `setting`  [ RunTime:0.0000s ]
INFO: [ view_parse ] --START--
INFO: [ template_filter ] --START--
INFO: Run Behavior\ContentReplaceBehavior [ RunTime:0.000000s ]
INFO: [ template_filter ] --END-- [ RunTime:0.001000s ]
NOTIC: [8] Undefined variable: blog F:\phpStudyLite\WWW\tpblog\Application\Runtime\Cache\Home\8f446e26685191b31f521b504c9e1b46.php 第 26 行.
NOTIC: [8] Undefined variable: user F:\phpStudyLite\WWW\tpblog\Application\Runtime\Cache\Home\8f446e26685191b31f521b504c9e1b46.php 第 53 行.
NOTIC: [8] Undefined variable: user F:\phpStudyLite\WWW\tpblog\Application\Runtime\Cache\Home\8f446e26685191b31f521b504c9e1b46.php 第 59 行.
INFO: Run Behavior\ParseTemplateBehavior [ RunTime:0.013001s ]
INFO: [ view_parse ] --END-- [ RunTime:0.013001s ]
INFO: [ view_filter ] --START--
INFO: Run Behavior\WriteHtmlCacheBehavior [ RunTime:0.000000s ]
INFO: [ view_filter ] --END-- [ RunTime:0.001000s ]
INFO: [ app_end ] --START--
INFO: Run Behavior\ShowPageTraceBehavior [ RunTime:0.001000s ]
INFO: [ app_end ] --END-- [ RunTime:0.001000s ]

[ 2017-05-06T13:00:17+08:00 ] 127.0.0.1 /tpblog/index.php/Home/Index/login.html?do=chk
INFO: [ app_init ] --START--
INFO: Run Behavior\BuildLiteBehavior [ RunTime:0.001000s ]
INFO: [ app_init ] --END-- [ RunTime:0.001000s ]
INFO: [ app_begin ] --START--
INFO: Run Behavior\ReadHtmlCacheBehavior [ RunTime:0.002001s ]
INFO: [ app_begin ] --END-- [ RunTime:0.002001s ]
SQL: SHOW COLUMNS FROM `setting` [ RunTime:0.0080s ]
SQL: SELECT * FROM `setting`  [ RunTime:0.0010s ]
SQL: SHOW COLUMNS FROM `admin` [ RunTime:0.0070s ]
SQL: SELECT * FROM `admin` WHERE `auser` = '80' AND `apass` = '80' AND `yan` = 0 LIMIT 1   [ RunTime:0.0010s ]
INFO: [ view_parse ] --START--
INFO: [ template_filter ] --START--
INFO: Run Behavior\ContentReplaceBehavior [ RunTime:0.000000s ]
INFO: [ template_filter ] --END-- [ RunTime:0.001000s ]
INFO: Run Behavior\ParseTemplateBehavior [ RunTime:0.013001s ]
INFO: [ view_parse ] --END-- [ RunTime:0.013001s ]
INFO: [ view_filter ] --START--
INFO: Run Behavior\WriteHtmlCacheBehavior [ RunTime:0.000000s ]
INFO: [ view_filter ] --END-- [ RunTime:0.001000s ]

[ 2017-05-06T13:00:21+08:00 ] 127.0.0.1 /tpblog/Home/Index/index
INFO: [ app_init ] --START--
INFO: Run Behavior\BuildLiteBehavior [ RunTime:0.000000s ]
INFO: [ app_init ] --END-- [ RunTime:0.001000s ]
INFO: [ app_begin ] --START--
INFO: Run Behavior\ReadHtmlCacheBehavior [ RunTime:0.002000s ]
INFO: [ app_begin ] --END-- [ RunTime:0.002000s ]
SQL: SHOW COLUMNS FROM `setting` [ RunTime:0.0080s ]
SQL: SELECT * FROM `setting`  [ RunTime:0.0000s ]
SQL: SHOW COLUMNS FROM `page` [ RunTime:0.0080s ]
SQL: SELECT COUNT(*) AS tp_count FROM `page` LIMIT 1   [ RunTime:0.0000s ]
SQL: SELECT * FROM `setting`  [ RunTime:0.0000s ]
SQL: SELECT * FROM `page` ORDER BY pid desc LIMIT 0,10   [ RunTime:0.0010s ]
INFO: [ view_parse ] --START--
INFO: [ template_filter ] --START--
INFO: Run Behavior\ContentReplaceBehavior [ RunTime:0.000000s ]
INFO: [ template_filter ] --END-- [ RunTime:0.000000s ]
INFO: Run Behavior\ParseTemplateBehavior [ RunTime:0.015000s ]
INFO: [ view_parse ] --END-- [ RunTime:0.015000s ]
INFO: [ view_filter ] --START--
INFO: Run Behavior\WriteHtmlCacheBehavior [ RunTime:0.001001s ]
INFO: [ view_filter ] --END-- [ RunTime:0.001001s ]
INFO: [ app_end ] --START--
INFO: Run Behavior\ShowPageTraceBehavior [ RunTime:0.001000s ]
INFO: [ app_end ] --END-- [ RunTime:0.001000s ]

[ 2017-05-06T13:00:50+08:00 ] 127.0.0.1 /tpblog/index.php/Home/Index/search.html
INFO: [ app_init ] --START--
INFO: Run Behavior\BuildLiteBehavior [ RunTime:0.000000s ]
INFO: [ app_init ] --END-- [ RunTime:0.001001s ]
INFO: [ app_begin ] --START--
INFO: Run Behavior\ReadHtmlCacheBehavior [ RunTime:0.001000s ]
INFO: [ app_begin ] --END-- [ RunTime:0.001000s ]
SQL: SHOW COLUMNS FROM `setting` [ RunTime:0.0070s ]
SQL: SELECT * FROM `setting`  [ RunTime:0.0000s ]
SQL: SHOW COLUMNS FROM `page` [ RunTime:0.0080s ]
SQL: SELECT * FROM `page` WHERE `title` = '宠物图片' LIMIT 1   [ RunTime:0.0010s ]
INFO: [ view_parse ] --START--
INFO: [ template_filter ] --START--
INFO: Run Behavior\ContentReplaceBehavior [ RunTime:0.000000s ]
INFO: [ template_filter ] --END-- [ RunTime:0.000000s ]
INFO: Run Behavior\ParseTemplateBehavior [ RunTime:0.040002s ]
INFO: [ view_parse ] --END-- [ RunTime:0.040002s ]
INFO: [ view_filter ] --START--
INFO: Run Behavior\WriteHtmlCacheBehavior [ RunTime:0.001000s ]
INFO: [ view_filter ] --END-- [ RunTime:0.001000s ]
INFO: [ app_end ] --START--
INFO: Run Behavior\ShowPageTraceBehavior [ RunTime:0.001000s ]
INFO: [ app_end ] --END-- [ RunTime:0.001000s ]

[ 2017-05-06T13:00:56+08:00 ] 127.0.0.1 /tpblog/index.php/Home/Index/index.html
INFO: [ app_init ] --START--
INFO: Run Behavior\BuildLiteBehavior [ RunTime:0.000000s ]
INFO: [ app_init ] --END-- [ RunTime:0.001000s ]
INFO: [ app_begin ] --START--
INFO: Run Behavior\ReadHtmlCacheBehavior [ RunTime:0.001000s ]
INFO: [ app_begin ] --END-- [ RunTime:0.001000s ]
SQL: SHOW COLUMNS FROM `setting` [ RunTime:0.0080s ]
SQL: SELECT * FROM `setting`  [ RunTime:0.0010s ]
SQL: SHOW COLUMNS FROM `page` [ RunTime:0.0070s ]
SQL: SELECT COUNT(*) AS tp_count FROM `page` LIMIT 1   [ RunTime:0.0000s ]
SQL: SELECT * FROM `setting`  [ RunTime:0.0010s ]
SQL: SELECT * FROM `page` ORDER BY pid desc LIMIT 0,10   [ RunTime:0.0020s ]
INFO: [ view_parse ] --START--
INFO: [ template_filter ] --START--
INFO: Run Behavior\ContentReplaceBehavior [ RunTime:0.000000s ]
INFO: [ template_filter ] --END-- [ RunTime:0.001000s ]
INFO: Run Behavior\ParseTemplateBehavior [ RunTime:0.015000s ]
INFO: [ view_parse ] --END-- [ RunTime:0.015000s ]
INFO: [ view_filter ] --START--
INFO: Run Behavior\WriteHtmlCacheBehavior [ RunTime:0.000000s ]
INFO: [ view_filter ] --END-- [ RunTime:0.001000s ]
INFO: [ app_end ] --START--
INFO: Run Behavior\ShowPageTraceBehavior [ RunTime:0.001000s ]
INFO: [ app_end ] --END-- [ RunTime:0.001000s ]

[ 2017-05-06T13:01:02+08:00 ] 127.0.0.1 /tpblog/index.php/Home/Index/read.html?pid=244
INFO: [ app_init ] --START--
INFO: Run Behavior\BuildLiteBehavior [ RunTime:0.000000s ]
INFO: [ app_init ] --END-- [ RunTime:0.001000s ]
INFO: [ app_begin ] --START--
INFO: Run Behavior\ReadHtmlCacheBehavior [ RunTime:0.003000s ]
INFO: [ app_begin ] --END-- [ RunTime:0.003000s ]
SQL: SHOW COLUMNS FROM `setting` [ RunTime:0.0070s ]
SQL: SELECT * FROM `setting`  [ RunTime:0.0010s ]
SQL: SHOW COLUMNS FROM `page` [ RunTime:0.0070s ]
SQL: SELECT * FROM `page` WHERE `pid` = 244 LIMIT 1   [ RunTime:0.0010s ]
INFO: [ view_parse ] --START--
INFO: [ template_filter ] --START--
INFO: Run Behavior\ContentReplaceBehavior [ RunTime:0.000000s ]
INFO: [ template_filter ] --END-- [ RunTime:0.000000s ]
INFO: Run Behavior\ParseTemplateBehavior [ RunTime:0.044002s ]
INFO: [ view_parse ] --END-- [ RunTime:0.044002s ]
INFO: [ view_filter ] --START--
INFO: Run Behavior\WriteHtmlCacheBehavior [ RunTime:0.001000s ]
INFO: [ view_filter ] --END-- [ RunTime:0.001000s ]
INFO: [ app_end ] --START--
INFO: Run Behavior\ShowPageTraceBehavior [ RunTime:0.001000s ]
INFO: [ app_end ] --END-- [ RunTime:0.001000s ]

[ 2017-05-06T13:01:05+08:00 ] 127.0.0.1 /tpblog/index.php/Home/Index/read.html?pid=237
INFO: [ app_init ] --START--
INFO: Run Behavior\BuildLiteBehavior [ RunTime:0.000000s ]
INFO: [ app_init ] --END-- [ RunTime:0.001000s ]
INFO: [ app_begin ] --START--
INFO: Run Behavior\ReadHtmlCacheBehavior [ RunTime:0.001000s ]
INFO: [ app_begin ] --END-- [ RunTime:0.001000s ]
SQL: SHOW COLUMNS FROM `setting` [ RunTime:0.0090s ]
SQL: SELECT * FROM `setting`  [ RunTime:0.0010s ]
SQL: SHOW COLUMNS FROM `page` [ RunTime:0.0070s ]
SQL: SELECT * FROM `page` WHERE `pid` = 237 LIMIT 1   [ RunTime:0.0010s ]
INFO: [ view_parse ] --START--
INFO: [ template_filter ] --START--
INFO: Run Behavior\ContentReplaceBehavior [ RunTime:0.000000s ]
INFO: [ template_filter ] --END-- [ RunTime:0.000000s ]
INFO: Run Behavior\ParseTemplateBehavior [ RunTime:0.012001s ]
INFO: [ view_parse ] --END-- [ RunTime:0.012001s ]
INFO: [ view_filter ] --START--
INFO: Run Behavior\WriteHtmlCacheBehavior [ RunTime:0.001000s ]
INFO: [ view_filter ] --END-- [ RunTime:0.001000s ]
INFO: [ app_end ] --START--
INFO: Run Behavior\ShowPageTraceBehavior [ RunTime:0.002000s ]
INFO: [ app_end ] --END-- [ RunTime:0.002000s ]

[ 2017-05-06T13:01:09+08:00 ] 127.0.0.1 /tpblog/index.php/Home/Index/read.html?pid=234
INFO: [ app_init ] --START--
INFO: Run Behavior\BuildLiteBehavior [ RunTime:0.000000s ]
INFO: [ app_init ] --END-- [ RunTime:0.001001s ]
INFO: [ app_begin ] --START--
INFO: Run Behavior\ReadHtmlCacheBehavior [ RunTime:0.001000s ]
INFO: [ app_begin ] --END-- [ RunTime:0.002000s ]
SQL: SHOW COLUMNS FROM `setting` [ RunTime:0.0070s ]
SQL: SELECT * FROM `setting`  [ RunTime:0.0000s ]
SQL: SHOW COLUMNS FROM `page` [ RunTime:0.0080s ]
SQL: SELECT * FROM `page` WHERE `pid` = 234 LIMIT 1   [ RunTime:0.0010s ]
INFO: [ view_parse ] --START--
INFO: [ template_filter ] --START--
INFO: Run Behavior\ContentReplaceBehavior [ RunTime:0.001000s ]
INFO: [ template_filter ] --END-- [ RunTime:0.001000s ]
INFO: Run Behavior\ParseTemplateBehavior [ RunTime:0.012001s ]
INFO: [ view_parse ] --END-- [ RunTime:0.012001s ]
INFO: [ view_filter ] --START--
INFO: Run Behavior\WriteHtmlCacheBehavior [ RunTime:0.001000s ]
INFO: [ view_filter ] --END-- [ RunTime:0.001000s ]
INFO: [ app_end ] --START--
INFO: Run Behavior\ShowPageTraceBehavior [ RunTime:0.002000s ]
INFO: [ app_end ] --END-- [ RunTime:0.002000s ]

[ 2017-05-06T13:01:37+08:00 ] 127.0.0.1 /tpblog/index.php/Home/Index/index/p/9.html
INFO: [ app_init ] --START--
INFO: Run Behavior\BuildLiteBehavior [ RunTime:0.000000s ]
INFO: [ app_init ] --END-- [ RunTime:0.002000s ]
INFO: [ app_begin ] --START--
INFO: Run Behavior\ReadHtmlCacheBehavior [ RunTime:0.001001s ]
INFO: [ app_begin ] --END-- [ RunTime:0.001001s ]
SQL: SHOW COLUMNS FROM `setting` [ RunTime:0.0180s ]
SQL: SELECT * FROM `setting`  [ RunTime:0.0000s ]
SQL: SHOW COLUMNS FROM `page` [ RunTime:0.0070s ]
SQL: SELECT COUNT(*) AS tp_count FROM `page` LIMIT 1   [ RunTime:0.0000s ]
SQL: SELECT * FROM `setting`  [ RunTime:0.0010s ]
SQL: SELECT * FROM `page` ORDER BY pid desc LIMIT 80,10   [ RunTime:0.0010s ]
INFO: [ view_parse ] --START--
INFO: [ template_filter ] --START--
INFO: Run Behavior\ContentReplaceBehavior [ RunTime:0.000000s ]
INFO: [ template_filter ] --END-- [ RunTime:0.000000s ]
INFO: Run Behavior\ParseTemplateBehavior [ RunTime:0.013000s ]
INFO: [ view_parse ] --END-- [ RunTime:0.013000s ]
INFO: [ view_filter ] --START--
INFO: Run Behavior\WriteHtmlCacheBehavior [ RunTime:0.001000s ]
INFO: [ view_filter ] --END-- [ RunTime:0.001000s ]
INFO: [ app_end ] --START--
INFO: Run Behavior\ShowPageTraceBehavior [ RunTime:0.002000s ]
INFO: [ app_end ] --END-- [ RunTime:0.002000s ]

[ 2017-05-06T13:01:39+08:00 ] 127.0.0.1 /tpblog/index.php/Home/Index/index/p/1.html
INFO: [ app_init ] --START--
INFO: Run Behavior\BuildLiteBehavior [ RunTime:0.000000s ]
INFO: [ app_init ] --END-- [ RunTime:0.001000s ]
INFO: [ app_begin ] --START--
INFO: Run Behavior\ReadHtmlCacheBehavior [ RunTime:0.002000s ]
INFO: [ app_begin ] --END-- [ RunTime:0.002000s ]
SQL: SHOW COLUMNS FROM `setting` [ RunTime:0.0070s ]
SQL: SELECT * FROM `setting`  [ RunTime:0.0010s ]
SQL: SHOW COLUMNS FROM `page` [ RunTime:0.0070s ]
SQL: SELECT COUNT(*) AS tp_count FROM `page` LIMIT 1   [ RunTime:0.0010s ]
SQL: SELECT * FROM `setting`  [ RunTime:0.0000s ]
SQL: SELECT * FROM `page` ORDER BY pid desc LIMIT 0,10   [ RunTime:0.0010s ]
INFO: [ view_parse ] --START--
INFO: [ template_filter ] --START--
INFO: Run Behavior\ContentReplaceBehavior [ RunTime:0.000000s ]
INFO: [ template_filter ] --END-- [ RunTime:0.000000s ]
INFO: Run Behavior\ParseTemplateBehavior [ RunTime:0.013000s ]
INFO: [ view_parse ] --END-- [ RunTime:0.014000s ]
INFO: [ view_filter ] --START--
INFO: Run Behavior\WriteHtmlCacheBehavior [ RunTime:0.001001s ]
INFO: [ view_filter ] --END-- [ RunTime:0.001001s ]
INFO: [ app_end ] --START--
INFO: Run Behavior\ShowPageTraceBehavior [ RunTime:0.001000s ]
INFO: [ app_end ] --END-- [ RunTime:0.001000s ]

[ 2017-05-06T15:13:21+08:00 ] 127.0.0.1 /tpblog/index.php/Home/Index/search.html
INFO: [ app_init ] --START--
INFO: Run Behavior\BuildLiteBehavior [ RunTime:0.000000s ]
INFO: [ app_init ] --END-- [ RunTime:0.084005s ]
INFO: [ app_begin ] --START--
INFO: Run Behavior\ReadHtmlCacheBehavior [ RunTime:0.029001s ]
INFO: [ app_begin ] --END-- [ RunTime:0.029001s ]
SQL: SHOW COLUMNS FROM `setting` [ RunTime:0.6600s ]
SQL: SELECT * FROM `setting`  [ RunTime:0.0010s ]
SQL: SHOW COLUMNS FROM `page` [ RunTime:0.0400s ]
SQL: SELECT * FROM `page` WHERE `title` = '猫图片' LIMIT 1   [ RunTime:0.1030s ]
INFO: [ view_parse ] --START--
INFO: [ template_filter ] --START--
INFO: Run Behavior\ContentReplaceBehavior [ RunTime:0.001000s ]
INFO: [ template_filter ] --END-- [ RunTime:0.001000s ]
INFO: Run Behavior\ParseTemplateBehavior [ RunTime:0.235013s ]
INFO: [ view_parse ] --END-- [ RunTime:0.235013s ]
INFO: [ view_filter ] --START--
INFO: Run Behavior\WriteHtmlCacheBehavior [ RunTime:0.046003s ]
INFO: [ view_filter ] --END-- [ RunTime:0.046003s ]
INFO: [ app_end ] --START--
INFO: Run Behavior\ShowPageTraceBehavior [ RunTime:0.188010s ]
INFO: [ app_end ] --END-- [ RunTime:0.189010s ]

[ 2017-05-06T15:13:33+08:00 ] 127.0.0.1 /tpblog/index.php/Home/Index/index.html
INFO: [ app_init ] --START--
INFO: Run Behavior\BuildLiteBehavior [ RunTime:0.000000s ]
INFO: [ app_init ] --END-- [ RunTime:0.001000s ]
INFO: [ app_begin ] --START--
INFO: Run Behavior\ReadHtmlCacheBehavior [ RunTime:0.001000s ]
INFO: [ app_begin ] --END-- [ RunTime:0.001000s ]
SQL: SHOW COLUMNS FROM `setting` [ RunTime:0.0070s ]
SQL: SELECT * FROM `setting`  [ RunTime:0.0000s ]
SQL: SHOW COLUMNS FROM `page` [ RunTime:0.0090s ]
SQL: SELECT COUNT(*) AS tp_count FROM `page` LIMIT 1   [ RunTime:0.0360s ]
SQL: SELECT * FROM `setting`  [ RunTime:0.0000s ]
SQL: SELECT * FROM `page` ORDER BY pid desc LIMIT 0,10   [ RunTime:0.0310s ]
INFO: [ view_parse ] --START--
INFO: [ template_filter ] --START--
INFO: Run Behavior\ContentReplaceBehavior [ RunTime:0.000000s ]
INFO: [ template_filter ] --END-- [ RunTime:0.001000s ]
INFO: Run Behavior\ParseTemplateBehavior [ RunTime:0.109006s ]
INFO: [ view_parse ] --END-- [ RunTime:0.110006s ]
INFO: [ view_filter ] --START--
INFO: Run Behavior\WriteHtmlCacheBehavior [ RunTime:0.002000s ]
INFO: [ view_filter ] --END-- [ RunTime:0.002000s ]
INFO: [ app_end ] --START--
INFO: Run Behavior\ShowPageTraceBehavior [ RunTime:0.003000s ]
INFO: [ app_end ] --END-- [ RunTime:0.003000s ]

[ 2017-05-06T15:13:44+08:00 ] 127.0.0.1 /tpblog/index.php/Home/Index/login.html
INFO: [ app_init ] --START--
INFO: Run Behavior\BuildLiteBehavior [ RunTime:0.000000s ]
INFO: [ app_init ] --END-- [ RunTime:0.001000s ]
INFO: [ app_begin ] --START--
INFO: Run Behavior\ReadHtmlCacheBehavior [ RunTime:0.001000s ]
INFO: [ app_begin ] --END-- [ RunTime:0.002000s ]
SQL: SHOW COLUMNS FROM `setting` [ RunTime:0.0070s ]
SQL: SELECT * FROM `setting`  [ RunTime:0.0000s ]
INFO: [ view_parse ] --START--
INFO: [ template_filter ] --START--
INFO: Run Behavior\ContentReplaceBehavior [ RunTime:0.000000s ]
INFO: [ template_filter ] --END-- [ RunTime:0.000000s ]
NOTIC: [8] Undefined variable: blog F:\phpStudyLite\WWW\tpblog\Application\Runtime\Cache\Home\8f446e26685191b31f521b504c9e1b46.php 第 26 行.
NOTIC: [8] Undefined variable: user F:\phpStudyLite\WWW\tpblog\Application\Runtime\Cache\Home\8f446e26685191b31f521b504c9e1b46.php 第 53 行.
NOTIC: [8] Undefined variable: user F:\phpStudyLite\WWW\tpblog\Application\Runtime\Cache\Home\8f446e26685191b31f521b504c9e1b46.php 第 59 行.
INFO: Run Behavior\ParseTemplateBehavior [ RunTime:0.051003s ]
INFO: [ view_parse ] --END-- [ RunTime:0.051003s ]
INFO: [ view_filter ] --START--
INFO: Run Behavior\WriteHtmlCacheBehavior [ RunTime:0.001000s ]
INFO: [ view_filter ] --END-- [ RunTime:0.001000s ]
INFO: [ app_end ] --START--
INFO: Run Behavior\ShowPageTraceBehavior [ RunTime:0.001000s ]
INFO: [ app_end ] --END-- [ RunTime:0.001000s ]

[ 2017-05-06T15:13:48+08:00 ] 127.0.0.1 /tpblog/index.php/Home/Index/index.html
INFO: [ app_init ] --START--
INFO: Run Behavior\BuildLiteBehavior [ RunTime:0.000000s ]
INFO: [ app_init ] --END-- [ RunTime:0.001000s ]
INFO: [ app_begin ] --START--
INFO: Run Behavior\ReadHtmlCacheBehavior [ RunTime:0.001000s ]
INFO: [ app_begin ] --END-- [ RunTime:0.002000s ]
SQL: SHOW COLUMNS FROM `setting` [ RunTime:0.0070s ]
SQL: SELECT * FROM `setting`  [ RunTime:0.0000s ]
SQL: SHOW COLUMNS FROM `page` [ RunTime:0.0080s ]
SQL: SELECT COUNT(*) AS tp_count FROM `page` LIMIT 1   [ RunTime:0.0000s ]
SQL: SELECT * FROM `setting`  [ RunTime:0.0000s ]
SQL: SELECT * FROM `page` ORDER BY pid desc LIMIT 0,10   [ RunTime:0.0010s ]
INFO: [ view_parse ] --START--
INFO: [ template_filter ] --START--
INFO: Run Behavior\ContentReplaceBehavior [ RunTime:0.000000s ]
INFO: [ template_filter ] --END-- [ RunTime:0.000000s ]
INFO: Run Behavior\ParseTemplateBehavior [ RunTime:0.034002s ]
INFO: [ view_parse ] --END-- [ RunTime:0.034002s ]
INFO: [ view_filter ] --START--
INFO: Run Behavior\WriteHtmlCacheBehavior [ RunTime:0.001000s ]
INFO: [ view_filter ] --END-- [ RunTime:0.001000s ]
INFO: [ app_end ] --START--
INFO: Run Behavior\ShowPageTraceBehavior [ RunTime:0.001000s ]
INFO: [ app_end ] --END-- [ RunTime:0.001000s ]

[ 2017-05-06T15:14:14+08:00 ] 127.0.0.1 /tpblog/index.php/Home/Index/index.html
INFO: [ app_init ] --START--
INFO: Run Behavior\BuildLiteBehavior [ RunTime:0.000000s ]
INFO: [ app_init ] --END-- [ RunTime:0.001000s ]
INFO: [ app_begin ] --START--
INFO: Run Behavior\ReadHtmlCacheBehavior [ RunTime:0.001000s ]
INFO: [ app_begin ] --END-- [ RunTime:0.001000s ]
SQL: SHOW COLUMNS FROM `setting` [ RunTime:0.0210s ]
SQL: SELECT * FROM `setting`  [ RunTime:0.0010s ]
SQL: SHOW COLUMNS FROM `page` [ RunTime:0.0070s ]
SQL: SELECT COUNT(*) AS tp_count FROM `page` LIMIT 1   [ RunTime:0.0010s ]
SQL: SELECT * FROM `setting`  [ RunTime:0.0000s ]
SQL: SELECT * FROM `page` ORDER BY pid desc LIMIT 0,10   [ RunTime:0.0010s ]
INFO: [ view_parse ] --START--
INFO: [ template_filter ] --START--
INFO: Run Behavior\ContentReplaceBehavior [ RunTime:0.001000s ]
INFO: [ template_filter ] --END-- [ RunTime:0.001000s ]
INFO: Run Behavior\ParseTemplateBehavior [ RunTime:0.053003s ]
INFO: [ view_parse ] --END-- [ RunTime:0.053003s ]
INFO: [ view_filter ] --START--
INFO: Run Behavior\WriteHtmlCacheBehavior [ RunTime:0.001000s ]
INFO: [ view_filter ] --END-- [ RunTime:0.001000s ]
INFO: [ app_end ] --START--
INFO: Run Behavior\ShowPageTraceBehavior [ RunTime:0.001000s ]
INFO: [ app_end ] --END-- [ RunTime:0.002000s ]

[ 2017-05-06T15:14:17+08:00 ] 127.0.0.1 /tpblog/index.php/Home/Index/login.html
INFO: [ app_init ] --START--
INFO: Run Behavior\BuildLiteBehavior [ RunTime:0.000000s ]
INFO: [ app_init ] --END-- [ RunTime:0.001000s ]
INFO: [ app_begin ] --START--
INFO: Run Behavior\ReadHtmlCacheBehavior [ RunTime:0.001000s ]
INFO: [ app_begin ] --END-- [ RunTime:0.001000s ]
SQL: SHOW COLUMNS FROM `setting` [ RunTime:0.0160s ]
SQL: SELECT * FROM `setting`  [ RunTime:0.0010s ]
INFO: [ view_parse ] --START--
INFO: [ template_filter ] --START--
INFO: Run Behavior\ContentReplaceBehavior [ RunTime:0.000000s ]
INFO: [ template_filter ] --END-- [ RunTime:0.001000s ]
NOTIC: [8] Undefined variable: blog F:\phpStudyLite\WWW\tpblog\Application\Runtime\Cache\Home\8f446e26685191b31f521b504c9e1b46.php 第 26 行.
NOTIC: [8] Undefined variable: user F:\phpStudyLite\WWW\tpblog\Application\Runtime\Cache\Home\8f446e26685191b31f521b504c9e1b46.php 第 53 行.
NOTIC: [8] Undefined variable: user F:\phpStudyLite\WWW\tpblog\Application\Runtime\Cache\Home\8f446e26685191b31f521b504c9e1b46.php 第 59 行.
INFO: Run Behavior\ParseTemplateBehavior [ RunTime:0.012001s ]
INFO: [ view_parse ] --END-- [ RunTime:0.012001s ]
INFO: [ view_filter ] --START--
INFO: Run Behavior\WriteHtmlCacheBehavior [ RunTime:0.000000s ]
INFO: [ view_filter ] --END-- [ RunTime:0.001000s ]
INFO: [ app_end ] --START--
INFO: Run Behavior\ShowPageTraceBehavior [ RunTime:0.001000s ]
INFO: [ app_end ] --END-- [ RunTime:0.001000s ]

[ 2017-05-06T15:15:07+08:00 ] 127.0.0.1 /tpblog/index.php/Home/Index/login.html?do=chk
INFO: [ app_init ] --START--
INFO: Run Behavior\BuildLiteBehavior [ RunTime:0.000000s ]
INFO: [ app_init ] --END-- [ RunTime:0.001000s ]
INFO: [ app_begin ] --START--
INFO: Run Behavior\ReadHtmlCacheBehavior [ RunTime:0.002000s ]
INFO: [ app_begin ] --END-- [ RunTime:0.004000s ]
SQL: SHOW COLUMNS FROM `setting` [ RunTime:0.0170s ]
SQL: SELECT * FROM `setting`  [ RunTime:0.0010s ]
SQL: SHOW COLUMNS FROM `admin` [ RunTime:0.0160s ]
SQL: SELECT * FROM `admin` WHERE `auser` = '80' AND `apass` = '80' AND `yan` = 0 LIMIT 1   [ RunTime:0.0010s ]
INFO: [ view_parse ] --START--
INFO: [ template_filter ] --START--
INFO: Run Behavior\ContentReplaceBehavior [ RunTime:0.000000s ]
INFO: [ template_filter ] --END-- [ RunTime:0.000000s ]
INFO: Run Behavior\ParseTemplateBehavior [ RunTime:0.013000s ]
INFO: [ view_parse ] --END-- [ RunTime:0.013000s ]
INFO: [ view_filter ] --START--
INFO: Run Behavior\WriteHtmlCacheBehavior [ RunTime:0.000000s ]
INFO: [ view_filter ] --END-- [ RunTime:0.001001s ]

[ 2017-05-06T15:15:11+08:00 ] 127.0.0.1 /tpblog/Home/Index/index
INFO: [ app_init ] --START--
INFO: Run Behavior\BuildLiteBehavior [ RunTime:0.000000s ]
INFO: [ app_init ] --END-- [ RunTime:0.000000s ]
INFO: [ app_begin ] --START--
INFO: Run Behavior\ReadHtmlCacheBehavior [ RunTime:0.001000s ]
INFO: [ app_begin ] --END-- [ RunTime:0.001000s ]
SQL: SHOW COLUMNS FROM `setting` [ RunTime:0.0080s ]
SQL: SELECT * FROM `setting`  [ RunTime:0.0010s ]
SQL: SHOW COLUMNS FROM `page` [ RunTime:0.0070s ]
SQL: SELECT COUNT(*) AS tp_count FROM `page` LIMIT 1   [ RunTime:0.0000s ]
SQL: SELECT * FROM `setting`  [ RunTime:0.0010s ]
SQL: SELECT * FROM `page` ORDER BY pid desc LIMIT 0,10   [ RunTime:0.0010s ]
INFO: [ view_parse ] --START--
INFO: [ template_filter ] --START--
INFO: Run Behavior\ContentReplaceBehavior [ RunTime:0.000000s ]
INFO: [ template_filter ] --END-- [ RunTime:0.000000s ]
INFO: Run Behavior\ParseTemplateBehavior [ RunTime:0.014001s ]
INFO: [ view_parse ] --END-- [ RunTime:0.015001s ]
INFO: [ view_filter ] --START--
INFO: Run Behavior\WriteHtmlCacheBehavior [ RunTime:0.000000s ]
INFO: [ view_filter ] --END-- [ RunTime:0.000000s ]
INFO: [ app_end ] --START--
INFO: Run Behavior\ShowPageTraceBehavior [ RunTime:0.001000s ]
INFO: [ app_end ] --END-- [ RunTime:0.001000s ]

