[ 2017-09-12T22:02:27+08:00 ] 127.0.0.1 /tpblog/home/index/index
INFO: [ app_init ] --START--
INFO: Run Behavior\BuildLiteBehavior [ RunTime:0.000000s ]
INFO: [ app_init ] --END-- [ RunTime:0.041002s ]
INFO: [ app_begin ] --START--
INFO: Run Behavior\ReadHtmlCacheBehavior [ RunTime:0.056003s ]
INFO: [ app_begin ] --END-- [ RunTime:0.056003s ]
SQL: SHOW COLUMNS FROM `setting` [ RunTime:0.1340s ]
SQL: SELECT * FROM `setting`  [ RunTime:0.0010s ]
SQL: SHOW COLUMNS FROM `admin` [ RunTime:0.0680s ]
SQL: SELECT * FROM `admin` ORDER BY aid desc  [ RunTime:0.0020s ]
SQL: SHOW COLUMNS FROM `page` [ RunTime:0.1110s ]
SQL: SHOW COLUMNS FROM `grzl` [ RunTime:0.0500s ]
SQL: SHOW COLUMNS FROM `pinglun` [ RunTime:0.0530s ]
SQL: SHOW COLUMNS FROM `haoshu` [ RunTime:0.0510s ]
SQL: SELECT COUNT(*) AS tp_count FROM `page` LIMIT 1   [ RunTime:0.0010s ]
SQL: SELECT COUNT(*) AS tp_count FROM `page` WHERE `lx` = '趣闻' LIMIT 1   [ RunTime:0.0380s ]
SQL: SELECT COUNT(*) AS tp_count FROM `page` WHERE `lx` = '人文' LIMIT 1   [ RunTime:0.0000s ]
SQL: SELECT COUNT(*) AS tp_count FROM `page` WHERE `lx` = '美食' LIMIT 1   [ RunTime:0.0000s ]
SQL: SELECT * FROM `setting`  [ RunTime:0.0000s ]
SQL: SELECT * FROM `grzl` WHERE `yan` = null LIMIT 1   [ RunTime:0.0260s ]
SQL: SELECT * FROM `page` ORDER BY pid desc LIMIT 0,10   [ RunTime:0.0020s ]
SQL: SELECT * FROM `pinglun` LIMIT 1   [ RunTime:0.0160s ]
SQL: SELECT * FROM `haoshu`  [ RunTime:0.0290s ]
INFO: [ view_parse ] --START--
INFO: [ template_filter ] --START--
INFO: Run Behavior\ContentReplaceBehavior [ RunTime:0.001000s ]
INFO: [ template_filter ] --END-- [ RunTime:0.001000s ]
NOTIC: [8] Undefined variable: user F:\phpStudyLite\WWW\tpblog\Application\Runtime\Cache\Home\74c9bdbded7009a43a281be8a565b911.php 第 324 行.
NOTIC: [8] Undefined variable: user F:\phpStudyLite\WWW\tpblog\Application\Runtime\Cache\Home\74c9bdbded7009a43a281be8a565b911.php 第 324 行.
NOTIC: [8] Undefined variable: user F:\phpStudyLite\WWW\tpblog\Application\Runtime\Cache\Home\74c9bdbded7009a43a281be8a565b911.php 第 324 行.
NOTIC: [8] Undefined variable: user F:\phpStudyLite\WWW\tpblog\Application\Runtime\Cache\Home\74c9bdbded7009a43a281be8a565b911.php 第 324 行.
NOTIC: [8] Undefined variable: user F:\phpStudyLite\WWW\tpblog\Application\Runtime\Cache\Home\74c9bdbded7009a43a281be8a565b911.php 第 324 行.
NOTIC: [8] Undefined variable: user F:\phpStudyLite\WWW\tpblog\Application\Runtime\Cache\Home\74c9bdbded7009a43a281be8a565b911.php 第 324 行.
NOTIC: [8] Undefined variable: user F:\phpStudyLite\WWW\tpblog\Application\Runtime\Cache\Home\74c9bdbded7009a43a281be8a565b911.php 第 324 行.
NOTIC: [8] Undefined variable: user F:\phpStudyLite\WWW\tpblog\Application\Runtime\Cache\Home\74c9bdbded7009a43a281be8a565b911.php 第 324 行.
NOTIC: [8] Undefined variable: user F:\phpStudyLite\WWW\tpblog\Application\Runtime\Cache\Home\74c9bdbded7009a43a281be8a565b911.php 第 324 行.
NOTIC: [8] Undefined variable: user F:\phpStudyLite\WWW\tpblog\Application\Runtime\Cache\Home\74c9bdbded7009a43a281be8a565b911.php 第 324 行.
INFO: Run Behavior\ParseTemplateBehavior [ RunTime:0.134008s ]
INFO: [ view_parse ] --END-- [ RunTime:0.134008s ]
INFO: [ view_filter ] --START--
INFO: Run Behavior\WriteHtmlCacheBehavior [ RunTime:0.008000s ]
INFO: [ view_filter ] --END-- [ RunTime:0.008000s ]
INFO: [ app_end ] --START--
INFO: Run Behavior\ShowPageTraceBehavior [ RunTime:0.074004s ]
INFO: [ app_end ] --END-- [ RunTime:0.074004s ]

[ 2017-09-12T22:03:10+08:00 ] 127.0.0.1 /tpblog/home/favicon.ico
INFO: [ app_init ] --START--
INFO: Run Behavior\BuildLiteBehavior [ RunTime:0.000000s ]
INFO: [ app_init ] --END-- [ RunTime:0.002000s ]

