[ 2017-09-15T20:20:01+08:00 ] 127.0.0.1 /tpblog/home/index/index
INFO: [ app_init ] --START--
INFO: Run Behavior\BuildLiteBehavior [ RunTime:0.000000s ]
INFO: [ app_init ] --END-- [ RunTime:0.493028s ]
INFO: [ app_begin ] --START--
INFO: Run Behavior\ReadHtmlCacheBehavior [ RunTime:0.017001s ]
INFO: [ app_begin ] --END-- [ RunTime:0.018001s ]
SQL: SHOW COLUMNS FROM `setting` [ RunTime:0.1170s ]
SQL: SELECT * FROM `setting`  [ RunTime:0.0010s ]
SQL: SHOW COLUMNS FROM `admin` [ RunTime:0.1210s ]
SQL: SELECT * FROM `admin` ORDER BY aid desc  [ RunTime:0.0270s ]
SQL: SHOW COLUMNS FROM `page` [ RunTime:0.0520s ]
SQL: SHOW COLUMNS FROM `grzl` [ RunTime:0.0640s ]
SQL: SHOW COLUMNS FROM `pinglun` [ RunTime:0.0530s ]
SQL: SHOW COLUMNS FROM `haoshu` [ RunTime:0.0480s ]
SQL: SELECT COUNT(*) AS tp_count FROM `page` LIMIT 1   [ RunTime:0.0970s ]
SQL: SELECT COUNT(*) AS tp_count FROM `page` WHERE `lx` = '趣闻' LIMIT 1   [ RunTime:0.0470s ]
SQL: SELECT COUNT(*) AS tp_count FROM `page` WHERE `lx` = '人文' LIMIT 1   [ RunTime:0.0010s ]
SQL: SELECT COUNT(*) AS tp_count FROM `page` WHERE `lx` = '美食' LIMIT 1   [ RunTime:0.0010s ]
SQL: SELECT * FROM `setting`  [ RunTime:0.0010s ]
SQL: SELECT * FROM `grzl` WHERE `yan` = null LIMIT 1   [ RunTime:0.0270s ]
SQL: SELECT * FROM `page` ORDER BY pid desc LIMIT 0,10   [ RunTime:0.0150s ]
SQL: SELECT * FROM `pinglun` LIMIT 1   [ RunTime:0.0140s ]
SQL: SELECT * FROM `haoshu`  [ RunTime:0.0300s ]
INFO: [ view_parse ] --START--
INFO: [ template_filter ] --START--
INFO: Run Behavior\ContentReplaceBehavior [ RunTime:0.000000s ]
INFO: [ template_filter ] --END-- [ RunTime:0.000000s ]
NOTIC: [8] Undefined variable: user F:\phpStudyLite\WWW\tpblog\Application\Runtime\Cache\Home\74c9bdbded7009a43a281be8a565b911.php 第 112 行.
NOTIC: [8] Undefined variable: user F:\phpStudyLite\WWW\tpblog\Application\Runtime\Cache\Home\74c9bdbded7009a43a281be8a565b911.php 第 112 行.
NOTIC: [8] Undefined variable: user F:\phpStudyLite\WWW\tpblog\Application\Runtime\Cache\Home\74c9bdbded7009a43a281be8a565b911.php 第 112 行.
NOTIC: [8] Undefined variable: user F:\phpStudyLite\WWW\tpblog\Application\Runtime\Cache\Home\74c9bdbded7009a43a281be8a565b911.php 第 112 行.
NOTIC: [8] Undefined variable: user F:\phpStudyLite\WWW\tpblog\Application\Runtime\Cache\Home\74c9bdbded7009a43a281be8a565b911.php 第 112 行.
NOTIC: [8] Undefined variable: user F:\phpStudyLite\WWW\tpblog\Application\Runtime\Cache\Home\74c9bdbded7009a43a281be8a565b911.php 第 112 行.
NOTIC: [8] Undefined variable: user F:\phpStudyLite\WWW\tpblog\Application\Runtime\Cache\Home\74c9bdbded7009a43a281be8a565b911.php 第 112 行.
NOTIC: [8] Undefined variable: user F:\phpStudyLite\WWW\tpblog\Application\Runtime\Cache\Home\74c9bdbded7009a43a281be8a565b911.php 第 112 行.
NOTIC: [8] Undefined variable: user F:\phpStudyLite\WWW\tpblog\Application\Runtime\Cache\Home\74c9bdbded7009a43a281be8a565b911.php 第 112 行.
NOTIC: [8] Undefined variable: user F:\phpStudyLite\WWW\tpblog\Application\Runtime\Cache\Home\74c9bdbded7009a43a281be8a565b911.php 第 112 行.
INFO: Run Behavior\ParseTemplateBehavior [ RunTime:0.099005s ]
INFO: [ view_parse ] --END-- [ RunTime:0.099005s ]
INFO: [ view_filter ] --START--
INFO: Run Behavior\WriteHtmlCacheBehavior [ RunTime:0.013001s ]
INFO: [ view_filter ] --END-- [ RunTime:0.013001s ]
INFO: [ app_end ] --START--
INFO: Run Behavior\ShowPageTraceBehavior [ RunTime:0.062004s ]
INFO: [ app_end ] --END-- [ RunTime:0.063004s ]

[ 2017-09-15T20:20:14+08:00 ] 127.0.0.1 /tpblog/index.php/Home/Index/login.html
INFO: [ app_init ] --START--
INFO: Run Behavior\BuildLiteBehavior [ RunTime:0.000000s ]
INFO: [ app_init ] --END-- [ RunTime:0.001000s ]
INFO: [ app_begin ] --START--
INFO: Run Behavior\ReadHtmlCacheBehavior [ RunTime:0.003000s ]
INFO: [ app_begin ] --END-- [ RunTime:0.003000s ]
SQL: SHOW COLUMNS FROM `setting` [ RunTime:0.0100s ]
SQL: SELECT * FROM `setting`  [ RunTime:0.0010s ]
INFO: [ view_parse ] --START--
INFO: [ template_filter ] --START--
INFO: Run Behavior\ContentReplaceBehavior [ RunTime:0.000000s ]
INFO: [ template_filter ] --END-- [ RunTime:0.001000s ]
NOTIC: [8] Undefined variable: blog F:\phpStudyLite\WWW\tpblog\Application\Runtime\Cache\Home\8f446e26685191b31f521b504c9e1b46.php 第 29 行.
NOTIC: [8] Undefined variable: user F:\phpStudyLite\WWW\tpblog\Application\Runtime\Cache\Home\8f446e26685191b31f521b504c9e1b46.php 第 56 行.
NOTIC: [8] Undefined variable: user F:\phpStudyLite\WWW\tpblog\Application\Runtime\Cache\Home\8f446e26685191b31f521b504c9e1b46.php 第 62 行.
NOTIC: [8] Undefined variable: user F:\phpStudyLite\WWW\tpblog\Application\Runtime\Cache\Home\8f446e26685191b31f521b504c9e1b46.php 第 68 行.
INFO: Run Behavior\ParseTemplateBehavior [ RunTime:0.133007s ]
INFO: [ view_parse ] --END-- [ RunTime:0.133007s ]
INFO: [ view_filter ] --START--
INFO: Run Behavior\WriteHtmlCacheBehavior [ RunTime:0.002000s ]
INFO: [ view_filter ] --END-- [ RunTime:0.002000s ]
INFO: [ app_end ] --START--
INFO: Run Behavior\ShowPageTraceBehavior [ RunTime:0.001000s ]
INFO: [ app_end ] --END-- [ RunTime:0.002000s ]

[ 2017-09-15T20:20:15+08:00 ] 127.0.0.1 /tpblog/index.php/Home/Index/verify.html
INFO: [ app_init ] --START--
INFO: Run Behavior\BuildLiteBehavior [ RunTime:0.000000s ]
INFO: [ app_init ] --END-- [ RunTime:0.001000s ]
INFO: [ app_begin ] --START--
INFO: Run Behavior\ReadHtmlCacheBehavior [ RunTime:0.001000s ]
INFO: [ app_begin ] --END-- [ RunTime:0.001000s ]
SQL: SHOW COLUMNS FROM `setting` [ RunTime:0.0090s ]
SQL: SELECT * FROM `setting`  [ RunTime:0.0010s ]
INFO: [ app_end ] --START--
INFO: Run Behavior\ShowPageTraceBehavior [ RunTime:0.003000s ]
INFO: [ app_end ] --END-- [ RunTime:0.003000s ]

[ 2017-09-15T20:20:22+08:00 ] 127.0.0.1 /tpblog/index.php/Home/Index/index.html
INFO: [ app_init ] --START--
INFO: Run Behavior\BuildLiteBehavior [ RunTime:0.000000s ]
INFO: [ app_init ] --END-- [ RunTime:0.001000s ]
INFO: [ app_begin ] --START--
INFO: Run Behavior\ReadHtmlCacheBehavior [ RunTime:0.001000s ]
INFO: [ app_begin ] --END-- [ RunTime:0.001000s ]
SQL: SHOW COLUMNS FROM `setting` [ RunTime:0.0070s ]
SQL: SELECT * FROM `setting`  [ RunTime:0.0000s ]
SQL: SHOW COLUMNS FROM `admin` [ RunTime:0.0070s ]
SQL: SELECT * FROM `admin` ORDER BY aid desc  [ RunTime:0.0000s ]
SQL: SHOW COLUMNS FROM `page` [ RunTime:0.0070s ]
SQL: SHOW COLUMNS FROM `grzl` [ RunTime:0.0070s ]
SQL: SHOW COLUMNS FROM `pinglun` [ RunTime:0.0070s ]
SQL: SHOW COLUMNS FROM `haoshu` [ RunTime:0.0070s ]
SQL: SELECT COUNT(*) AS tp_count FROM `page` LIMIT 1   [ RunTime:0.0010s ]
SQL: SELECT COUNT(*) AS tp_count FROM `page` WHERE `lx` = '趣闻' LIMIT 1   [ RunTime:0.0010s ]
SQL: SELECT COUNT(*) AS tp_count FROM `page` WHERE `lx` = '人文' LIMIT 1   [ RunTime:0.0010s ]
SQL: SELECT COUNT(*) AS tp_count FROM `page` WHERE `lx` = '美食' LIMIT 1   [ RunTime:0.0000s ]
SQL: SELECT * FROM `setting`  [ RunTime:0.0000s ]
SQL: SELECT * FROM `grzl` WHERE `yan` = null LIMIT 1   [ RunTime:0.0010s ]
SQL: SELECT * FROM `page` ORDER BY pid desc LIMIT 0,10   [ RunTime:0.0020s ]
SQL: SELECT * FROM `pinglun` LIMIT 1   [ RunTime:0.0010s ]
SQL: SELECT * FROM `haoshu`  [ RunTime:0.0020s ]
INFO: [ view_parse ] --START--
INFO: [ template_filter ] --START--
INFO: Run Behavior\ContentReplaceBehavior [ RunTime:0.000000s ]
INFO: [ template_filter ] --END-- [ RunTime:0.000000s ]
NOTIC: [8] Undefined variable: user F:\phpStudyLite\WWW\tpblog\Application\Runtime\Cache\Home\74c9bdbded7009a43a281be8a565b911.php 第 112 行.
NOTIC: [8] Undefined variable: user F:\phpStudyLite\WWW\tpblog\Application\Runtime\Cache\Home\74c9bdbded7009a43a281be8a565b911.php 第 112 行.
NOTIC: [8] Undefined variable: user F:\phpStudyLite\WWW\tpblog\Application\Runtime\Cache\Home\74c9bdbded7009a43a281be8a565b911.php 第 112 行.
NOTIC: [8] Undefined variable: user F:\phpStudyLite\WWW\tpblog\Application\Runtime\Cache\Home\74c9bdbded7009a43a281be8a565b911.php 第 112 行.
NOTIC: [8] Undefined variable: user F:\phpStudyLite\WWW\tpblog\Application\Runtime\Cache\Home\74c9bdbded7009a43a281be8a565b911.php 第 112 行.
NOTIC: [8] Undefined variable: user F:\phpStudyLite\WWW\tpblog\Application\Runtime\Cache\Home\74c9bdbded7009a43a281be8a565b911.php 第 112 行.
NOTIC: [8] Undefined variable: user F:\phpStudyLite\WWW\tpblog\Application\Runtime\Cache\Home\74c9bdbded7009a43a281be8a565b911.php 第 112 行.
NOTIC: [8] Undefined variable: user F:\phpStudyLite\WWW\tpblog\Application\Runtime\Cache\Home\74c9bdbded7009a43a281be8a565b911.php 第 112 行.
NOTIC: [8] Undefined variable: user F:\phpStudyLite\WWW\tpblog\Application\Runtime\Cache\Home\74c9bdbded7009a43a281be8a565b911.php 第 112 行.
NOTIC: [8] Undefined variable: user F:\phpStudyLite\WWW\tpblog\Application\Runtime\Cache\Home\74c9bdbded7009a43a281be8a565b911.php 第 112 行.
INFO: Run Behavior\ParseTemplateBehavior [ RunTime:0.025001s ]
INFO: [ view_parse ] --END-- [ RunTime:0.026002s ]
INFO: [ view_filter ] --START--
INFO: Run Behavior\WriteHtmlCacheBehavior [ RunTime:0.000000s ]
INFO: [ view_filter ] --END-- [ RunTime:0.001000s ]
INFO: [ app_end ] --START--
INFO: Run Behavior\ShowPageTraceBehavior [ RunTime:0.001000s ]
INFO: [ app_end ] --END-- [ RunTime:0.002000s ]

[ 2017-09-15T20:20:26+08:00 ] 127.0.0.1 /tpblog/index.php/Home/Index/login.html
INFO: [ app_init ] --START--
INFO: Run Behavior\BuildLiteBehavior [ RunTime:0.000000s ]
INFO: [ app_init ] --END-- [ RunTime:0.001000s ]
INFO: [ app_begin ] --START--
INFO: Run Behavior\ReadHtmlCacheBehavior [ RunTime:0.001001s ]
INFO: [ app_begin ] --END-- [ RunTime:0.001001s ]
SQL: SHOW COLUMNS FROM `setting` [ RunTime:0.0100s ]
SQL: SELECT * FROM `setting`  [ RunTime:0.0010s ]
INFO: [ view_parse ] --START--
INFO: [ template_filter ] --START--
INFO: Run Behavior\ContentReplaceBehavior [ RunTime:0.000000s ]
INFO: [ template_filter ] --END-- [ RunTime:0.001000s ]
NOTIC: [8] Undefined variable: blog F:\phpStudyLite\WWW\tpblog\Application\Runtime\Cache\Home\8f446e26685191b31f521b504c9e1b46.php 第 29 行.
NOTIC: [8] Undefined variable: user F:\phpStudyLite\WWW\tpblog\Application\Runtime\Cache\Home\8f446e26685191b31f521b504c9e1b46.php 第 56 行.
NOTIC: [8] Undefined variable: user F:\phpStudyLite\WWW\tpblog\Application\Runtime\Cache\Home\8f446e26685191b31f521b504c9e1b46.php 第 62 行.
NOTIC: [8] Undefined variable: user F:\phpStudyLite\WWW\tpblog\Application\Runtime\Cache\Home\8f446e26685191b31f521b504c9e1b46.php 第 68 行.
INFO: Run Behavior\ParseTemplateBehavior [ RunTime:0.023001s ]
INFO: [ view_parse ] --END-- [ RunTime:0.023001s ]
INFO: [ view_filter ] --START--
INFO: Run Behavior\WriteHtmlCacheBehavior [ RunTime:0.001000s ]
INFO: [ view_filter ] --END-- [ RunTime:0.001000s ]
INFO: [ app_end ] --START--
INFO: Run Behavior\ShowPageTraceBehavior [ RunTime:0.001000s ]
INFO: [ app_end ] --END-- [ RunTime:0.002000s ]

[ 2017-09-15T20:20:27+08:00 ] 127.0.0.1 /tpblog/index.php/Home/Index/verify.html
INFO: [ app_init ] --START--
INFO: Run Behavior\BuildLiteBehavior [ RunTime:0.000000s ]
INFO: [ app_init ] --END-- [ RunTime:0.000000s ]
INFO: [ app_begin ] --START--
INFO: Run Behavior\ReadHtmlCacheBehavior [ RunTime:0.001000s ]
INFO: [ app_begin ] --END-- [ RunTime:0.001000s ]
SQL: SHOW COLUMNS FROM `setting` [ RunTime:0.0110s ]
SQL: SELECT * FROM `setting`  [ RunTime:0.0000s ]
INFO: [ app_end ] --START--
INFO: Run Behavior\ShowPageTraceBehavior [ RunTime:0.001000s ]
INFO: [ app_end ] --END-- [ RunTime:0.001000s ]

[ 2017-09-15T20:20:30+08:00 ] 127.0.0.1 /tpblog/index.php/Home/Index/index.html
INFO: [ app_init ] --START--
INFO: Run Behavior\BuildLiteBehavior [ RunTime:0.000000s ]
INFO: [ app_init ] --END-- [ RunTime:0.001000s ]
INFO: [ app_begin ] --START--
INFO: Run Behavior\ReadHtmlCacheBehavior [ RunTime:0.001000s ]
INFO: [ app_begin ] --END-- [ RunTime:0.001000s ]
SQL: SHOW COLUMNS FROM `setting` [ RunTime:0.0060s ]
SQL: SELECT * FROM `setting`  [ RunTime:0.0000s ]
SQL: SHOW COLUMNS FROM `admin` [ RunTime:0.0070s ]
SQL: SELECT * FROM `admin` ORDER BY aid desc  [ RunTime:0.0000s ]
SQL: SHOW COLUMNS FROM `page` [ RunTime:0.0070s ]
SQL: SHOW COLUMNS FROM `grzl` [ RunTime:0.0070s ]
SQL: SHOW COLUMNS FROM `pinglun` [ RunTime:0.0060s ]
SQL: SHOW COLUMNS FROM `haoshu` [ RunTime:0.0070s ]
SQL: SELECT COUNT(*) AS tp_count FROM `page` LIMIT 1   [ RunTime:0.0000s ]
SQL: SELECT COUNT(*) AS tp_count FROM `page` WHERE `lx` = '趣闻' LIMIT 1   [ RunTime:0.0010s ]
SQL: SELECT COUNT(*) AS tp_count FROM `page` WHERE `lx` = '人文' LIMIT 1   [ RunTime:0.0010s ]
SQL: SELECT COUNT(*) AS tp_count FROM `page` WHERE `lx` = '美食' LIMIT 1   [ RunTime:0.0010s ]
SQL: SELECT * FROM `setting`  [ RunTime:0.0000s ]
SQL: SELECT * FROM `grzl` WHERE `yan` = null LIMIT 1   [ RunTime:0.0010s ]
SQL: SELECT * FROM `page` ORDER BY pid desc LIMIT 0,10   [ RunTime:0.0020s ]
SQL: SELECT * FROM `pinglun` LIMIT 1   [ RunTime:0.0000s ]
SQL: SELECT * FROM `haoshu`  [ RunTime:0.0020s ]
INFO: [ view_parse ] --START--
INFO: [ template_filter ] --START--
INFO: Run Behavior\ContentReplaceBehavior [ RunTime:0.000000s ]
INFO: [ template_filter ] --END-- [ RunTime:0.000000s ]
NOTIC: [8] Undefined variable: user F:\phpStudyLite\WWW\tpblog\Application\Runtime\Cache\Home\74c9bdbded7009a43a281be8a565b911.php 第 112 行.
NOTIC: [8] Undefined variable: user F:\phpStudyLite\WWW\tpblog\Application\Runtime\Cache\Home\74c9bdbded7009a43a281be8a565b911.php 第 112 行.
NOTIC: [8] Undefined variable: user F:\phpStudyLite\WWW\tpblog\Application\Runtime\Cache\Home\74c9bdbded7009a43a281be8a565b911.php 第 112 行.
NOTIC: [8] Undefined variable: user F:\phpStudyLite\WWW\tpblog\Application\Runtime\Cache\Home\74c9bdbded7009a43a281be8a565b911.php 第 112 行.
NOTIC: [8] Undefined variable: user F:\phpStudyLite\WWW\tpblog\Application\Runtime\Cache\Home\74c9bdbded7009a43a281be8a565b911.php 第 112 行.
NOTIC: [8] Undefined variable: user F:\phpStudyLite\WWW\tpblog\Application\Runtime\Cache\Home\74c9bdbded7009a43a281be8a565b911.php 第 112 行.
NOTIC: [8] Undefined variable: user F:\phpStudyLite\WWW\tpblog\Application\Runtime\Cache\Home\74c9bdbded7009a43a281be8a565b911.php 第 112 行.
NOTIC: [8] Undefined variable: user F:\phpStudyLite\WWW\tpblog\Application\Runtime\Cache\Home\74c9bdbded7009a43a281be8a565b911.php 第 112 行.
NOTIC: [8] Undefined variable: user F:\phpStudyLite\WWW\tpblog\Application\Runtime\Cache\Home\74c9bdbded7009a43a281be8a565b911.php 第 112 行.
NOTIC: [8] Undefined variable: user F:\phpStudyLite\WWW\tpblog\Application\Runtime\Cache\Home\74c9bdbded7009a43a281be8a565b911.php 第 112 行.
INFO: Run Behavior\ParseTemplateBehavior [ RunTime:0.026002s ]
INFO: [ view_parse ] --END-- [ RunTime:0.026002s ]
INFO: [ view_filter ] --START--
INFO: Run Behavior\WriteHtmlCacheBehavior [ RunTime:0.000000s ]
INFO: [ view_filter ] --END-- [ RunTime:0.000000s ]
INFO: [ app_end ] --START--
INFO: Run Behavior\ShowPageTraceBehavior [ RunTime:0.002000s ]
INFO: [ app_end ] --END-- [ RunTime:0.002000s ]

[ 2017-09-15T20:20:32+08:00 ] 127.0.0.1 /tpblog/index.php/Home/Index/read.html?pid=269&llan=1
INFO: [ app_init ] --START--
INFO: Run Behavior\BuildLiteBehavior [ RunTime:0.000000s ]
INFO: [ app_init ] --END-- [ RunTime:0.001000s ]
INFO: [ app_begin ] --START--
INFO: Run Behavior\ReadHtmlCacheBehavior [ RunTime:0.001000s ]
INFO: [ app_begin ] --END-- [ RunTime:0.001000s ]
SQL: SHOW COLUMNS FROM `setting` [ RunTime:0.0110s ]
SQL: SELECT * FROM `setting`  [ RunTime:0.0030s ]
SQL: SHOW COLUMNS FROM `bwliulanliang` [ RunTime:0.0470s ]
SQL: SHOW COLUMNS FROM `page` [ RunTime:0.0080s ]
SQL: SELECT * FROM `page` WHERE `pid` = 269 LIMIT 1   [ RunTime:0.0010s ]
SQL: SHOW COLUMNS FROM `pinglun` [ RunTime:0.0070s ]
SQL: SELECT COUNT(*) AS tp_count FROM `pinglun` WHERE `wyan` = 269 LIMIT 1   [ RunTime:0.0010s ]
SQL: SELECT * FROM `pinglun` WHERE `wyan` = 269  [ RunTime:0.0010s ]
SQL: INSERT INTO `bwliulanliang` (`llan`,`bpid`) VALUES ('1','269') [ RunTime:0.0440s ]
INFO: [ view_parse ] --START--
INFO: [ template_filter ] --START--
INFO: Run Behavior\ContentReplaceBehavior [ RunTime:0.000000s ]
INFO: [ template_filter ] --END-- [ RunTime:0.000000s ]
INFO: Run Behavior\ParseTemplateBehavior [ RunTime:0.033002s ]
INFO: [ view_parse ] --END-- [ RunTime:0.033002s ]
INFO: [ view_filter ] --START--
INFO: Run Behavior\WriteHtmlCacheBehavior [ RunTime:0.000000s ]
INFO: [ view_filter ] --END-- [ RunTime:0.001000s ]
INFO: [ app_end ] --START--
INFO: Run Behavior\ShowPageTraceBehavior [ RunTime:0.001000s ]
INFO: [ app_end ] --END-- [ RunTime:0.001000s ]

[ 2017-09-15T20:20:39+08:00 ] 127.0.0.1 /tpblog/index.php/Home/Index/index.html
INFO: [ app_init ] --START--
INFO: Run Behavior\BuildLiteBehavior [ RunTime:0.000000s ]
INFO: [ app_init ] --END-- [ RunTime:0.001000s ]
INFO: [ app_begin ] --START--
INFO: Run Behavior\ReadHtmlCacheBehavior [ RunTime:0.001000s ]
INFO: [ app_begin ] --END-- [ RunTime:0.001000s ]
SQL: SHOW COLUMNS FROM `setting` [ RunTime:0.0080s ]
SQL: SELECT * FROM `setting`  [ RunTime:0.0010s ]
SQL: SHOW COLUMNS FROM `admin` [ RunTime:0.0060s ]
SQL: SELECT * FROM `admin` ORDER BY aid desc  [ RunTime:0.0000s ]
SQL: SHOW COLUMNS FROM `page` [ RunTime:0.0070s ]
SQL: SHOW COLUMNS FROM `grzl` [ RunTime:0.0070s ]
SQL: SHOW COLUMNS FROM `pinglun` [ RunTime:0.0070s ]
SQL: SHOW COLUMNS FROM `haoshu` [ RunTime:0.0070s ]
SQL: SELECT COUNT(*) AS tp_count FROM `page` LIMIT 1   [ RunTime:0.0000s ]
SQL: SELECT COUNT(*) AS tp_count FROM `page` WHERE `lx` = '趣闻' LIMIT 1   [ RunTime:0.0000s ]
SQL: SELECT COUNT(*) AS tp_count FROM `page` WHERE `lx` = '人文' LIMIT 1   [ RunTime:0.0000s ]
SQL: SELECT COUNT(*) AS tp_count FROM `page` WHERE `lx` = '美食' LIMIT 1   [ RunTime:0.0000s ]
SQL: SELECT * FROM `setting`  [ RunTime:0.0010s ]
SQL: SELECT * FROM `grzl` WHERE `yan` = null LIMIT 1   [ RunTime:0.0000s ]
SQL: SELECT * FROM `page` ORDER BY pid desc LIMIT 0,10   [ RunTime:0.0020s ]
SQL: SELECT * FROM `pinglun` LIMIT 1   [ RunTime:0.0010s ]
SQL: SELECT * FROM `haoshu`  [ RunTime:0.0020s ]
INFO: [ view_parse ] --START--
INFO: [ template_filter ] --START--
INFO: Run Behavior\ContentReplaceBehavior [ RunTime:0.000000s ]
INFO: [ template_filter ] --END-- [ RunTime:0.000000s ]
NOTIC: [8] Undefined variable: user F:\phpStudyLite\WWW\tpblog\Application\Runtime\Cache\Home\74c9bdbded7009a43a281be8a565b911.php 第 112 行.
NOTIC: [8] Undefined variable: user F:\phpStudyLite\WWW\tpblog\Application\Runtime\Cache\Home\74c9bdbded7009a43a281be8a565b911.php 第 112 行.
NOTIC: [8] Undefined variable: user F:\phpStudyLite\WWW\tpblog\Application\Runtime\Cache\Home\74c9bdbded7009a43a281be8a565b911.php 第 112 行.
NOTIC: [8] Undefined variable: user F:\phpStudyLite\WWW\tpblog\Application\Runtime\Cache\Home\74c9bdbded7009a43a281be8a565b911.php 第 112 行.
NOTIC: [8] Undefined variable: user F:\phpStudyLite\WWW\tpblog\Application\Runtime\Cache\Home\74c9bdbded7009a43a281be8a565b911.php 第 112 行.
NOTIC: [8] Undefined variable: user F:\phpStudyLite\WWW\tpblog\Application\Runtime\Cache\Home\74c9bdbded7009a43a281be8a565b911.php 第 112 行.
NOTIC: [8] Undefined variable: user F:\phpStudyLite\WWW\tpblog\Application\Runtime\Cache\Home\74c9bdbded7009a43a281be8a565b911.php 第 112 行.
NOTIC: [8] Undefined variable: user F:\phpStudyLite\WWW\tpblog\Application\Runtime\Cache\Home\74c9bdbded7009a43a281be8a565b911.php 第 112 行.
NOTIC: [8] Undefined variable: user F:\phpStudyLite\WWW\tpblog\Application\Runtime\Cache\Home\74c9bdbded7009a43a281be8a565b911.php 第 112 行.
NOTIC: [8] Undefined variable: user F:\phpStudyLite\WWW\tpblog\Application\Runtime\Cache\Home\74c9bdbded7009a43a281be8a565b911.php 第 112 行.
INFO: Run Behavior\ParseTemplateBehavior [ RunTime:0.027001s ]
INFO: [ view_parse ] --END-- [ RunTime:0.027001s ]
INFO: [ view_filter ] --START--
INFO: Run Behavior\WriteHtmlCacheBehavior [ RunTime:0.001000s ]
INFO: [ view_filter ] --END-- [ RunTime:0.001000s ]
INFO: [ app_end ] --START--
INFO: Run Behavior\ShowPageTraceBehavior [ RunTime:0.001000s ]
INFO: [ app_end ] --END-- [ RunTime:0.001000s ]

[ 2017-09-15T20:20:42+08:00 ] 127.0.0.1 /tpblog/index.php/Home/Index/login.html
INFO: [ app_init ] --START--
INFO: Run Behavior\BuildLiteBehavior [ RunTime:0.000000s ]
INFO: [ app_init ] --END-- [ RunTime:0.001000s ]
INFO: [ app_begin ] --START--
INFO: Run Behavior\ReadHtmlCacheBehavior [ RunTime:0.001000s ]
INFO: [ app_begin ] --END-- [ RunTime:0.001000s ]
SQL: SHOW COLUMNS FROM `setting` [ RunTime:0.0130s ]
SQL: SELECT * FROM `setting`  [ RunTime:0.0010s ]
INFO: [ view_parse ] --START--
INFO: [ template_filter ] --START--
INFO: Run Behavior\ContentReplaceBehavior [ RunTime:0.001000s ]
INFO: [ template_filter ] --END-- [ RunTime:0.001000s ]
NOTIC: [8] Undefined variable: blog F:\phpStudyLite\WWW\tpblog\Application\Runtime\Cache\Home\8f446e26685191b31f521b504c9e1b46.php 第 29 行.
NOTIC: [8] Undefined variable: user F:\phpStudyLite\WWW\tpblog\Application\Runtime\Cache\Home\8f446e26685191b31f521b504c9e1b46.php 第 56 行.
NOTIC: [8] Undefined variable: user F:\phpStudyLite\WWW\tpblog\Application\Runtime\Cache\Home\8f446e26685191b31f521b504c9e1b46.php 第 62 行.
NOTIC: [8] Undefined variable: user F:\phpStudyLite\WWW\tpblog\Application\Runtime\Cache\Home\8f446e26685191b31f521b504c9e1b46.php 第 68 行.
INFO: Run Behavior\ParseTemplateBehavior [ RunTime:0.014001s ]
INFO: [ view_parse ] --END-- [ RunTime:0.014001s ]
INFO: [ view_filter ] --START--
INFO: Run Behavior\WriteHtmlCacheBehavior [ RunTime:0.002000s ]
INFO: [ view_filter ] --END-- [ RunTime:0.002000s ]
INFO: [ app_end ] --START--
INFO: Run Behavior\ShowPageTraceBehavior [ RunTime:0.002000s ]
INFO: [ app_end ] --END-- [ RunTime:0.002000s ]

[ 2017-09-15T20:20:42+08:00 ] 127.0.0.1 /tpblog/index.php/Home/Index/verify.html
INFO: [ app_init ] --START--
INFO: Run Behavior\BuildLiteBehavior [ RunTime:0.000000s ]
INFO: [ app_init ] --END-- [ RunTime:0.001000s ]
INFO: [ app_begin ] --START--
INFO: Run Behavior\ReadHtmlCacheBehavior [ RunTime:0.002000s ]
INFO: [ app_begin ] --END-- [ RunTime:0.002000s ]
SQL: SHOW COLUMNS FROM `setting` [ RunTime:0.0070s ]
SQL: SELECT * FROM `setting`  [ RunTime:0.0000s ]
INFO: [ app_end ] --START--
INFO: Run Behavior\ShowPageTraceBehavior [ RunTime:0.001000s ]
INFO: [ app_end ] --END-- [ RunTime:0.002000s ]

[ 2017-09-15T20:20:45+08:00 ] 127.0.0.1 /tpblog/index.php/Home/Index/lbread.html?lx=%E8%B6%A3%E9%97%BB
INFO: [ app_init ] --START--
INFO: Run Behavior\BuildLiteBehavior [ RunTime:0.000000s ]
INFO: [ app_init ] --END-- [ RunTime:0.001000s ]
INFO: [ app_begin ] --START--
INFO: Run Behavior\ReadHtmlCacheBehavior [ RunTime:0.002000s ]
INFO: [ app_begin ] --END-- [ RunTime:0.002000s ]
SQL: SHOW COLUMNS FROM `setting` [ RunTime:0.0070s ]
SQL: SELECT * FROM `setting`  [ RunTime:0.0010s ]
SQL: SHOW COLUMNS FROM `page` [ RunTime:0.0070s ]
SQL: SHOW COLUMNS FROM `pinglun` [ RunTime:0.0070s ]
SQL: SELECT * FROM `page` WHERE `lx` = '趣闻'  [ RunTime:0.0010s ]
NOTIC: [2] Missing argument 1 for Think\Model::where(), called in F:\phpStudyLite\WWW\tpblog\Application\Home\Controller\IndexController.class.php on line 267 and defined F:\phpStudyLite\WWW\tpblog\ThinkPHP\Library\Think\Model.class.php 第 1797 行.
NOTIC: [8] Undefined variable: where F:\phpStudyLite\WWW\tpblog\ThinkPHP\Library\Think\Model.class.php 第 1805 行.
NOTIC: [8] Undefined variable: where F:\phpStudyLite\WWW\tpblog\ThinkPHP\Library\Think\Model.class.php 第 1808 行.
NOTIC: [8] Undefined variable: where F:\phpStudyLite\WWW\tpblog\ThinkPHP\Library\Think\Model.class.php 第 1816 行.
SQL: SELECT * FROM `pinglun`  [ RunTime:0.0010s ]
INFO: [ view_parse ] --START--
INFO: [ template_filter ] --START--
INFO: Run Behavior\ContentReplaceBehavior [ RunTime:0.001001s ]
INFO: [ template_filter ] --END-- [ RunTime:0.001001s ]
NOTIC: [8] Undefined variable: blog F:\phpStudyLite\WWW\tpblog\Application\Runtime\Cache\Home\78d9d1fc7a504e486fbc57dd084e5860.php 第 22 行.
NOTIC: [8] Undefined variable: blog F:\phpStudyLite\WWW\tpblog\Application\Runtime\Cache\Home\78d9d1fc7a504e486fbc57dd084e5860.php 第 33 行.
NOTIC: [8] Undefined variable: count F:\phpStudyLite\WWW\tpblog\Application\Runtime\Cache\Home\78d9d1fc7a504e486fbc57dd084e5860.php 第 58 行.
NOTIC: [8] Undefined variable: pls F:\phpStudyLite\WWW\tpblog\Application\Runtime\Cache\Home\78d9d1fc7a504e486fbc57dd084e5860.php 第 64 行.
NOTIC: [2] Invalid argument supplied for foreach() F:\phpStudyLite\WWW\tpblog\Application\Runtime\Cache\Home\78d9d1fc7a504e486fbc57dd084e5860.php 第 64 行.
NOTIC: [8] Undefined variable: count F:\phpStudyLite\WWW\tpblog\Application\Runtime\Cache\Home\78d9d1fc7a504e486fbc57dd084e5860.php 第 58 行.
NOTIC: [8] Undefined variable: pls F:\phpStudyLite\WWW\tpblog\Application\Runtime\Cache\Home\78d9d1fc7a504e486fbc57dd084e5860.php 第 64 行.
NOTIC: [2] Invalid argument supplied for foreach() F:\phpStudyLite\WWW\tpblog\Application\Runtime\Cache\Home\78d9d1fc7a504e486fbc57dd084e5860.php 第 64 行.
INFO: Run Behavior\ParseTemplateBehavior [ RunTime:0.036002s ]
INFO: [ view_parse ] --END-- [ RunTime:0.036002s ]
INFO: [ view_filter ] --START--
INFO: Run Behavior\WriteHtmlCacheBehavior [ RunTime:0.002000s ]
INFO: [ view_filter ] --END-- [ RunTime:0.002000s ]
INFO: [ app_end ] --START--
INFO: Run Behavior\ShowPageTraceBehavior [ RunTime:0.002000s ]
INFO: [ app_end ] --END-- [ RunTime:0.003001s ]

[ 2017-09-15T20:20:46+08:00 ] 127.0.0.1 /tpblog/index.php/Home/Index/index.html
INFO: [ app_init ] --START--
INFO: Run Behavior\BuildLiteBehavior [ RunTime:0.000000s ]
INFO: [ app_init ] --END-- [ RunTime:0.001000s ]
INFO: [ app_begin ] --START--
INFO: Run Behavior\ReadHtmlCacheBehavior [ RunTime:0.002000s ]
INFO: [ app_begin ] --END-- [ RunTime:0.002000s ]
SQL: SHOW COLUMNS FROM `setting` [ RunTime:0.0070s ]
SQL: SELECT * FROM `setting`  [ RunTime:0.0020s ]
SQL: SHOW COLUMNS FROM `admin` [ RunTime:0.0070s ]
SQL: SELECT * FROM `admin` ORDER BY aid desc  [ RunTime:0.0010s ]
SQL: SHOW COLUMNS FROM `page` [ RunTime:0.0080s ]
SQL: SHOW COLUMNS FROM `grzl` [ RunTime:0.0060s ]
SQL: SHOW COLUMNS FROM `pinglun` [ RunTime:0.0070s ]
SQL: SHOW COLUMNS FROM `haoshu` [ RunTime:0.0060s ]
SQL: SELECT COUNT(*) AS tp_count FROM `page` LIMIT 1   [ RunTime:0.0000s ]
SQL: SELECT COUNT(*) AS tp_count FROM `page` WHERE `lx` = '趣闻' LIMIT 1   [ RunTime:0.0000s ]
SQL: SELECT COUNT(*) AS tp_count FROM `page` WHERE `lx` = '人文' LIMIT 1   [ RunTime:0.0010s ]
SQL: SELECT COUNT(*) AS tp_count FROM `page` WHERE `lx` = '美食' LIMIT 1   [ RunTime:0.0010s ]
SQL: SELECT * FROM `setting`  [ RunTime:0.0000s ]
SQL: SELECT * FROM `grzl` WHERE `yan` = null LIMIT 1   [ RunTime:0.0010s ]
SQL: SELECT * FROM `page` ORDER BY pid desc LIMIT 0,10   [ RunTime:0.0020s ]
SQL: SELECT * FROM `pinglun` LIMIT 1   [ RunTime:0.0010s ]
SQL: SELECT * FROM `haoshu`  [ RunTime:0.0020s ]
INFO: [ view_parse ] --START--
INFO: [ template_filter ] --START--
INFO: Run Behavior\ContentReplaceBehavior [ RunTime:0.000000s ]
INFO: [ template_filter ] --END-- [ RunTime:0.000000s ]
NOTIC: [8] Undefined variable: user F:\phpStudyLite\WWW\tpblog\Application\Runtime\Cache\Home\74c9bdbded7009a43a281be8a565b911.php 第 112 行.
NOTIC: [8] Undefined variable: user F:\phpStudyLite\WWW\tpblog\Application\Runtime\Cache\Home\74c9bdbded7009a43a281be8a565b911.php 第 112 行.
NOTIC: [8] Undefined variable: user F:\phpStudyLite\WWW\tpblog\Application\Runtime\Cache\Home\74c9bdbded7009a43a281be8a565b911.php 第 112 行.
NOTIC: [8] Undefined variable: user F:\phpStudyLite\WWW\tpblog\Application\Runtime\Cache\Home\74c9bdbded7009a43a281be8a565b911.php 第 112 行.
NOTIC: [8] Undefined variable: user F:\phpStudyLite\WWW\tpblog\Application\Runtime\Cache\Home\74c9bdbded7009a43a281be8a565b911.php 第 112 行.
NOTIC: [8] Undefined variable: user F:\phpStudyLite\WWW\tpblog\Application\Runtime\Cache\Home\74c9bdbded7009a43a281be8a565b911.php 第 112 行.
NOTIC: [8] Undefined variable: user F:\phpStudyLite\WWW\tpblog\Application\Runtime\Cache\Home\74c9bdbded7009a43a281be8a565b911.php 第 112 行.
NOTIC: [8] Undefined variable: user F:\phpStudyLite\WWW\tpblog\Application\Runtime\Cache\Home\74c9bdbded7009a43a281be8a565b911.php 第 112 行.
NOTIC: [8] Undefined variable: user F:\phpStudyLite\WWW\tpblog\Application\Runtime\Cache\Home\74c9bdbded7009a43a281be8a565b911.php 第 112 行.
NOTIC: [8] Undefined variable: user F:\phpStudyLite\WWW\tpblog\Application\Runtime\Cache\Home\74c9bdbded7009a43a281be8a565b911.php 第 112 行.
INFO: Run Behavior\ParseTemplateBehavior [ RunTime:0.027002s ]
INFO: [ view_parse ] --END-- [ RunTime:0.027002s ]
INFO: [ view_filter ] --START--
INFO: Run Behavior\WriteHtmlCacheBehavior [ RunTime:0.001000s ]
INFO: [ view_filter ] --END-- [ RunTime:0.001000s ]
INFO: [ app_end ] --START--
INFO: Run Behavior\ShowPageTraceBehavior [ RunTime:0.008000s ]
INFO: [ app_end ] --END-- [ RunTime:0.008000s ]

