[ 2017-11-28T11:28:30+08:00 ] 127.0.0.1 /tpblog/
INFO: [ app_init ] --START--
INFO: Run Behavior\BuildLiteBehavior [ RunTime:0.000000s ]
INFO: [ app_init ] --END-- [ RunTime:0.567033s ]
INFO: [ app_begin ] --START--
INFO: Run Behavior\ReadHtmlCacheBehavior [ RunTime:0.039002s ]
INFO: [ app_begin ] --END-- [ RunTime:0.039002s ]
SQL: SHOW COLUMNS FROM `setting` [ RunTime:0.4270s ]
SQL: SELECT * FROM `setting`  [ RunTime:0.0010s ]
SQL: SHOW COLUMNS FROM `admin` [ RunTime:0.2670s ]
SQL: SELECT * FROM `admin` ORDER BY aid desc  [ RunTime:0.5150s ]
SQL: SHOW COLUMNS FROM `page` [ RunTime:0.3840s ]
SQL: SHOW COLUMNS FROM `grzl` [ RunTime:0.3030s ]
SQL: SHOW COLUMNS FROM `pinglun` [ RunTime:0.1170s ]
SQL: SHOW COLUMNS FROM `haoshu` [ RunTime:0.1900s ]
SQL: SELECT COUNT(*) AS tp_count FROM `page` LIMIT 1   [ RunTime:0.0220s ]
SQL: SELECT COUNT(*) AS tp_count FROM `page` WHERE `lx` = '趣闻' LIMIT 1   [ RunTime:0.0490s ]
SQL: SELECT COUNT(*) AS tp_count FROM `page` WHERE `lx` = '人文' LIMIT 1   [ RunTime:0.0010s ]
SQL: SELECT COUNT(*) AS tp_count FROM `page` WHERE `lx` = '美食' LIMIT 1   [ RunTime:0.0010s ]
SQL: SELECT * FROM `setting`  [ RunTime:0.0010s ]
SQL: SELECT * FROM `grzl` WHERE `yan` = null LIMIT 1   [ RunTime:0.0520s ]
SQL: SELECT * FROM `page` ORDER BY pid desc LIMIT 0,10   [ RunTime:0.0020s ]
SQL: SELECT * FROM `pinglun` LIMIT 1   [ RunTime:0.0000s ]
SQL: SELECT * FROM `haoshu`  [ RunTime:0.1080s ]
INFO: [ view_parse ] --START--
INFO: [ template_filter ] --START--
INFO: Run Behavior\ContentReplaceBehavior [ RunTime:0.000000s ]
INFO: [ template_filter ] --END-- [ RunTime:0.000000s ]
INFO: Run Behavior\ParseTemplateBehavior [ RunTime:0.279016s ]
INFO: [ view_parse ] --END-- [ RunTime:0.279016s ]
INFO: [ view_filter ] --START--
INFO: Run Behavior\WriteHtmlCacheBehavior [ RunTime:0.115006s ]
INFO: [ view_filter ] --END-- [ RunTime:0.115006s ]
INFO: [ app_end ] --START--
INFO: Run Behavior\ShowPageTraceBehavior [ RunTime:0.473027s ]
INFO: [ app_end ] --END-- [ RunTime:0.473027s ]

[ 2017-11-28T11:28:30+08:00 ] ::1 /tpblog/index.php/Home/Index/read/
INFO: [ app_init ] --START--
INFO: Run Behavior\BuildLiteBehavior [ RunTime:0.000000s ]
INFO: [ app_init ] --END-- [ RunTime:0.566033s ]
INFO: [ app_begin ] --START--
INFO: Run Behavior\ReadHtmlCacheBehavior [ RunTime:0.002000s ]
INFO: [ app_begin ] --END-- [ RunTime:0.002000s ]
SQL: SHOW COLUMNS FROM `setting` [ RunTime:0.6490s ]
SQL: SELECT * FROM `setting`  [ RunTime:0.0000s ]
SQL: SHOW COLUMNS FROM `bwliulanliang` [ RunTime:0.5740s ]
SQL: SHOW COLUMNS FROM `page` [ RunTime:0.3790s ]
SQL: SELECT * FROM `page` WHERE `pid` = 0 LIMIT 1   [ RunTime:0.1650s ]
SQL: SHOW COLUMNS FROM `pinglun` [ RunTime:0.2480s ]
SQL: SELECT COUNT(*) AS tp_count FROM `pinglun` WHERE `wyan` = 0 LIMIT 1   [ RunTime:0.2250s ]
SQL: SELECT * FROM `pinglun` WHERE `wyan` = 0  [ RunTime:0.0010s ]
SQL: INSERT INTO `bwliulanliang` (`llan`,`bpid`) VALUES ('0','0') [ RunTime:0.0490s ]
INFO: [ view_parse ] --START--
INFO: [ template_filter ] --START--
INFO: Run Behavior\ContentReplaceBehavior [ RunTime:0.001000s ]
INFO: [ template_filter ] --END-- [ RunTime:0.001000s ]
INFO: Run Behavior\ParseTemplateBehavior [ RunTime:0.350020s ]
INFO: [ view_parse ] --END-- [ RunTime:0.350020s ]
INFO: [ view_filter ] --START--
INFO: Run Behavior\WriteHtmlCacheBehavior [ RunTime:0.073005s ]
INFO: [ view_filter ] --END-- [ RunTime:0.073005s ]
INFO: [ app_end ] --START--
INFO: Run Behavior\ShowPageTraceBehavior [ RunTime:0.470026s ]
INFO: [ app_end ] --END-- [ RunTime:0.470026s ]

[ 2017-11-28T11:28:34+08:00 ] ::1 /tpblog/index.php/Home/Index/index.html
INFO: [ app_init ] --START--
INFO: Run Behavior\BuildLiteBehavior [ RunTime:0.000000s ]
INFO: [ app_init ] --END-- [ RunTime:0.001000s ]
INFO: [ app_begin ] --START--
INFO: Run Behavior\ReadHtmlCacheBehavior [ RunTime:0.001000s ]
INFO: [ app_begin ] --END-- [ RunTime:0.002000s ]
SQL: SHOW COLUMNS FROM `setting` [ RunTime:0.0090s ]
SQL: SELECT * FROM `setting`  [ RunTime:0.0010s ]
SQL: SHOW COLUMNS FROM `admin` [ RunTime:0.0070s ]
SQL: SELECT * FROM `admin` ORDER BY aid desc  [ RunTime:0.0000s ]
SQL: SHOW COLUMNS FROM `page` [ RunTime:0.0090s ]
SQL: SHOW COLUMNS FROM `grzl` [ RunTime:0.0070s ]
SQL: SHOW COLUMNS FROM `pinglun` [ RunTime:0.0070s ]
SQL: SHOW COLUMNS FROM `haoshu` [ RunTime:0.0090s ]
SQL: SELECT COUNT(*) AS tp_count FROM `page` LIMIT 1   [ RunTime:0.0010s ]
SQL: SELECT COUNT(*) AS tp_count FROM `page` WHERE `lx` = '趣闻' LIMIT 1   [ RunTime:0.0010s ]
SQL: SELECT COUNT(*) AS tp_count FROM `page` WHERE `lx` = '人文' LIMIT 1   [ RunTime:0.0010s ]
SQL: SELECT COUNT(*) AS tp_count FROM `page` WHERE `lx` = '美食' LIMIT 1   [ RunTime:0.0010s ]
SQL: SELECT * FROM `setting`  [ RunTime:0.0010s ]
SQL: SELECT * FROM `grzl` WHERE `yan` = null LIMIT 1   [ RunTime:0.0010s ]
SQL: SELECT * FROM `page` ORDER BY pid desc LIMIT 0,10   [ RunTime:0.0010s ]
SQL: SELECT * FROM `pinglun` LIMIT 1   [ RunTime:0.0000s ]
SQL: SELECT * FROM `haoshu`  [ RunTime:0.0020s ]
INFO: [ view_parse ] --START--
INFO: [ template_filter ] --START--
INFO: Run Behavior\ContentReplaceBehavior [ RunTime:0.000000s ]
INFO: [ template_filter ] --END-- [ RunTime:0.001000s ]
INFO: Run Behavior\ParseTemplateBehavior [ RunTime:0.099006s ]
INFO: [ view_parse ] --END-- [ RunTime:0.099006s ]
INFO: [ view_filter ] --START--
INFO: Run Behavior\WriteHtmlCacheBehavior [ RunTime:0.002000s ]
INFO: [ view_filter ] --END-- [ RunTime:0.002000s ]
INFO: [ app_end ] --START--
INFO: Run Behavior\ShowPageTraceBehavior [ RunTime:0.003000s ]
INFO: [ app_end ] --END-- [ RunTime:0.003000s ]

[ 2017-11-28T11:28:42+08:00 ] ::1 /tpblog/index.php/Home/Index/login.html
INFO: [ app_init ] --START--
INFO: Run Behavior\BuildLiteBehavior [ RunTime:0.000000s ]
INFO: [ app_init ] --END-- [ RunTime:0.001000s ]
INFO: [ app_begin ] --START--
INFO: Run Behavior\ReadHtmlCacheBehavior [ RunTime:0.002000s ]
INFO: [ app_begin ] --END-- [ RunTime:0.002000s ]
SQL: SHOW COLUMNS FROM `setting` [ RunTime:0.0470s ]
SQL: SELECT * FROM `setting`  [ RunTime:0.0030s ]
INFO: [ view_parse ] --START--
INFO: [ template_filter ] --START--
INFO: Run Behavior\ContentReplaceBehavior [ RunTime:0.001000s ]
INFO: [ template_filter ] --END-- [ RunTime:0.001000s ]
INFO: Run Behavior\ParseTemplateBehavior [ RunTime:0.100006s ]
INFO: [ view_parse ] --END-- [ RunTime:0.100006s ]
INFO: [ view_filter ] --START--
INFO: Run Behavior\WriteHtmlCacheBehavior [ RunTime:0.001000s ]
INFO: [ view_filter ] --END-- [ RunTime:0.001000s ]
INFO: [ app_end ] --START--
INFO: Run Behavior\ShowPageTraceBehavior [ RunTime:0.003000s ]
INFO: [ app_end ] --END-- [ RunTime:0.003000s ]

[ 2017-11-28T11:28:43+08:00 ] ::1 /tpblog/index.php/Home/Index/verify.html
INFO: [ app_init ] --START--
INFO: Run Behavior\BuildLiteBehavior [ RunTime:0.000000s ]
INFO: [ app_init ] --END-- [ RunTime:0.001000s ]
INFO: [ app_begin ] --START--
INFO: Run Behavior\ReadHtmlCacheBehavior [ RunTime:0.001000s ]
INFO: [ app_begin ] --END-- [ RunTime:0.001000s ]
SQL: SHOW COLUMNS FROM `setting` [ RunTime:0.0070s ]
SQL: SELECT * FROM `setting`  [ RunTime:0.0010s ]
INFO: [ app_end ] --START--
INFO: Run Behavior\ShowPageTraceBehavior [ RunTime:0.003000s ]
INFO: [ app_end ] --END-- [ RunTime:0.003000s ]

[ 2017-11-28T11:28:45+08:00 ] ::1 /tpblog/index.php/Home/Index/verify.html?0.5701561957085763
INFO: [ app_init ] --START--
INFO: Run Behavior\BuildLiteBehavior [ RunTime:0.001000s ]
INFO: [ app_init ] --END-- [ RunTime:0.001000s ]
INFO: [ app_begin ] --START--
INFO: Run Behavior\ReadHtmlCacheBehavior [ RunTime:0.002000s ]
INFO: [ app_begin ] --END-- [ RunTime:0.002000s ]
SQL: SHOW COLUMNS FROM `setting` [ RunTime:0.0090s ]
SQL: SELECT * FROM `setting`  [ RunTime:0.0010s ]
INFO: [ app_end ] --START--
INFO: Run Behavior\ShowPageTraceBehavior [ RunTime:0.001000s ]
INFO: [ app_end ] --END-- [ RunTime:0.001000s ]

[ 2017-11-28T11:28:46+08:00 ] ::1 /tpblog/index.php/Home/Index/verify.html?0.5701561957085763?0.03958861902182398
INFO: [ app_init ] --START--
INFO: Run Behavior\BuildLiteBehavior [ RunTime:0.000000s ]
INFO: [ app_init ] --END-- [ RunTime:0.001000s ]
INFO: [ app_begin ] --START--
INFO: Run Behavior\ReadHtmlCacheBehavior [ RunTime:0.001000s ]
INFO: [ app_begin ] --END-- [ RunTime:0.002000s ]
SQL: SHOW COLUMNS FROM `setting` [ RunTime:0.0060s ]
SQL: SELECT * FROM `setting`  [ RunTime:0.0010s ]
INFO: [ app_end ] --START--
INFO: Run Behavior\ShowPageTraceBehavior [ RunTime:0.002000s ]
INFO: [ app_end ] --END-- [ RunTime:0.002000s ]

[ 2017-11-28T11:28:46+08:00 ] ::1 /tpblog/index.php/Home/Index/verify.html?0.5701561957085763?0.03958861902182398?0.6838603057026107
INFO: [ app_init ] --START--
INFO: Run Behavior\BuildLiteBehavior [ RunTime:0.000000s ]
INFO: [ app_init ] --END-- [ RunTime:0.001000s ]
INFO: [ app_begin ] --START--
INFO: Run Behavior\ReadHtmlCacheBehavior [ RunTime:0.002000s ]
INFO: [ app_begin ] --END-- [ RunTime:0.002000s ]
SQL: SHOW COLUMNS FROM `setting` [ RunTime:0.0070s ]
SQL: SELECT * FROM `setting`  [ RunTime:0.0000s ]
INFO: [ app_end ] --START--
INFO: Run Behavior\ShowPageTraceBehavior [ RunTime:0.001000s ]
INFO: [ app_end ] --END-- [ RunTime:0.002000s ]

[ 2017-11-28T11:28:46+08:00 ] ::1 /tpblog/index.php/Home/Index/verify.html?0.5701561957085763?0.03958861902182398?0.6838603057026107?0.044050037642946904
INFO: [ app_init ] --START--
INFO: Run Behavior\BuildLiteBehavior [ RunTime:0.000000s ]
INFO: [ app_init ] --END-- [ RunTime:0.001000s ]
INFO: [ app_begin ] --START--
INFO: Run Behavior\ReadHtmlCacheBehavior [ RunTime:0.002000s ]
INFO: [ app_begin ] --END-- [ RunTime:0.002000s ]
SQL: SHOW COLUMNS FROM `setting` [ RunTime:0.0460s ]
SQL: SELECT * FROM `setting`  [ RunTime:0.0010s ]
INFO: [ app_end ] --START--
INFO: Run Behavior\ShowPageTraceBehavior [ RunTime:0.001000s ]
INFO: [ app_end ] --END-- [ RunTime:0.002000s ]

[ 2017-11-28T11:28:46+08:00 ] ::1 /tpblog/index.php/Home/Index/verify.html?0.5701561957085763?0.03958861902182398?0.6838603057026107?0.044050037642946904?0.41476114778379336
INFO: [ app_init ] --START--
INFO: Run Behavior\BuildLiteBehavior [ RunTime:0.000000s ]
INFO: [ app_init ] --END-- [ RunTime:0.000000s ]
INFO: [ app_begin ] --START--
INFO: Run Behavior\ReadHtmlCacheBehavior [ RunTime:0.001000s ]
INFO: [ app_begin ] --END-- [ RunTime:0.001000s ]
SQL: SHOW COLUMNS FROM `setting` [ RunTime:0.0060s ]
SQL: SELECT * FROM `setting`  [ RunTime:0.0000s ]
INFO: [ app_end ] --START--
INFO: Run Behavior\ShowPageTraceBehavior [ RunTime:0.002000s ]
INFO: [ app_end ] --END-- [ RunTime:0.002000s ]

[ 2017-11-28T11:28:46+08:00 ] ::1 /tpblog/index.php/Home/Index/verify.html?0.5701561957085763?0.03958861902182398?0.6838603057026107?0.044050037642946904?0.41476114778379336?0.8951862548316609
INFO: [ app_init ] --START--
INFO: Run Behavior\BuildLiteBehavior [ RunTime:0.000000s ]
INFO: [ app_init ] --END-- [ RunTime:0.001000s ]
INFO: [ app_begin ] --START--
INFO: Run Behavior\ReadHtmlCacheBehavior [ RunTime:0.001000s ]
INFO: [ app_begin ] --END-- [ RunTime:0.001000s ]
SQL: SHOW COLUMNS FROM `setting` [ RunTime:0.0070s ]
SQL: SELECT * FROM `setting`  [ RunTime:0.0000s ]
INFO: [ app_end ] --START--
INFO: Run Behavior\ShowPageTraceBehavior [ RunTime:0.001000s ]
INFO: [ app_end ] --END-- [ RunTime:0.001000s ]

[ 2017-11-28T11:28:47+08:00 ] ::1 /tpblog/index.php/Home/Index/verify.html?0.5701561957085763?0.03958861902182398?0.6838603057026107?0.044050037642946904?0.41476114778379336?0.8951862548316609?0.5378131987816133
INFO: [ app_init ] --START--
INFO: Run Behavior\BuildLiteBehavior [ RunTime:0.001000s ]
INFO: [ app_init ] --END-- [ RunTime:0.001000s ]
INFO: [ app_begin ] --START--
INFO: Run Behavior\ReadHtmlCacheBehavior [ RunTime:0.002000s ]
INFO: [ app_begin ] --END-- [ RunTime:0.002000s ]
SQL: SHOW COLUMNS FROM `setting` [ RunTime:0.0070s ]
SQL: SELECT * FROM `setting`  [ RunTime:0.0010s ]
INFO: [ app_end ] --START--
INFO: Run Behavior\ShowPageTraceBehavior [ RunTime:0.001000s ]
INFO: [ app_end ] --END-- [ RunTime:0.001000s ]

[ 2017-11-28T11:28:47+08:00 ] ::1 /tpblog/index.php/Home/Index/verify.html?0.5701561957085763?0.03958861902182398?0.6838603057026107?0.044050037642946904?0.41476114778379336?0.8951862548316609?0.5378131987816133?0.22752045130558152
INFO: [ app_init ] --START--
INFO: Run Behavior\BuildLiteBehavior [ RunTime:0.001000s ]
INFO: [ app_init ] --END-- [ RunTime:0.002000s ]
INFO: [ app_begin ] --START--
INFO: Run Behavior\ReadHtmlCacheBehavior [ RunTime:0.001000s ]
INFO: [ app_begin ] --END-- [ RunTime:0.002000s ]
SQL: SHOW COLUMNS FROM `setting` [ RunTime:0.0070s ]
SQL: SELECT * FROM `setting`  [ RunTime:0.0010s ]
INFO: [ app_end ] --START--
INFO: Run Behavior\ShowPageTraceBehavior [ RunTime:0.002000s ]
INFO: [ app_end ] --END-- [ RunTime:0.002000s ]

[ 2017-11-28T11:28:47+08:00 ] ::1 /tpblog/index.php/Home/Index/verify.html?0.5701561957085763?0.03958861902182398?0.6838603057026107?0.044050037642946904?0.41476114778379336?0.8951862548316609?0.5378131987816133?0.22752045130558152?0.5330099688674221
INFO: [ app_init ] --START--
INFO: Run Behavior\BuildLiteBehavior [ RunTime:0.000000s ]
INFO: [ app_init ] --END-- [ RunTime:0.001000s ]
INFO: [ app_begin ] --START--
INFO: Run Behavior\ReadHtmlCacheBehavior [ RunTime:0.001000s ]
INFO: [ app_begin ] --END-- [ RunTime:0.002000s ]
SQL: SHOW COLUMNS FROM `setting` [ RunTime:0.0080s ]
SQL: SELECT * FROM `setting`  [ RunTime:0.0010s ]
INFO: [ app_end ] --START--
INFO: Run Behavior\ShowPageTraceBehavior [ RunTime:0.001000s ]
INFO: [ app_end ] --END-- [ RunTime:0.001000s ]

[ 2017-11-28T11:28:47+08:00 ] ::1 /tpblog/index.php/Home/Index/verify.html?0.5701561957085763?0.03958861902182398?0.6838603057026107?0.044050037642946904?0.41476114778379336?0.8951862548316609?0.5378131987816133?0.22752045130558152?0.5330099688674221?0.42142346753720683
INFO: [ app_init ] --START--
INFO: Run Behavior\BuildLiteBehavior [ RunTime:0.000000s ]
INFO: [ app_init ] --END-- [ RunTime:0.001000s ]
INFO: [ app_begin ] --START--
INFO: Run Behavior\ReadHtmlCacheBehavior [ RunTime:0.001000s ]
INFO: [ app_begin ] --END-- [ RunTime:0.001000s ]
SQL: SHOW COLUMNS FROM `setting` [ RunTime:0.0070s ]
SQL: SELECT * FROM `setting`  [ RunTime:0.0010s ]
INFO: [ app_end ] --START--
INFO: Run Behavior\ShowPageTraceBehavior [ RunTime:0.001000s ]
INFO: [ app_end ] --END-- [ RunTime:0.001000s ]

[ 2017-11-28T11:28:47+08:00 ] ::1 /tpblog/index.php/Home/Index/verify.html?0.5701561957085763?0.03958861902182398?0.6838603057026107?0.044050037642946904?0.41476114778379336?0.8951862548316609?0.5378131987816133?0.22752045130558152?0.5330099688674221?0.42142346753720683?0.5859313929463912
INFO: [ app_init ] --START--
INFO: Run Behavior\BuildLiteBehavior [ RunTime:0.000000s ]
INFO: [ app_init ] --END-- [ RunTime:0.000000s ]
INFO: [ app_begin ] --START--
INFO: Run Behavior\ReadHtmlCacheBehavior [ RunTime:0.001000s ]
INFO: [ app_begin ] --END-- [ RunTime:0.002000s ]
SQL: SHOW COLUMNS FROM `setting` [ RunTime:0.0070s ]
SQL: SELECT * FROM `setting`  [ RunTime:0.0000s ]
INFO: [ app_end ] --START--
INFO: Run Behavior\ShowPageTraceBehavior [ RunTime:0.002000s ]
INFO: [ app_end ] --END-- [ RunTime:0.002000s ]

[ 2017-11-28T11:28:49+08:00 ] ::1 /tpblog/index.php/Home/Index/verify.html?0.5701561957085763?0.03958861902182398?0.6838603057026107?0.044050037642946904?0.41476114778379336?0.8951862548316609?0.5378131987816133?0.22752045130558152?0.5330099688674221?0.42142346753720683?0.5859313929463912?0.9377333226035354
INFO: [ app_init ] --START--
INFO: Run Behavior\BuildLiteBehavior [ RunTime:0.000000s ]
INFO: [ app_init ] --END-- [ RunTime:0.001000s ]
INFO: [ app_begin ] --START--
INFO: Run Behavior\ReadHtmlCacheBehavior [ RunTime:0.002000s ]
INFO: [ app_begin ] --END-- [ RunTime:0.002000s ]
SQL: SHOW COLUMNS FROM `setting` [ RunTime:0.0080s ]
SQL: SELECT * FROM `setting`  [ RunTime:0.0010s ]
INFO: [ app_end ] --START--
INFO: Run Behavior\ShowPageTraceBehavior [ RunTime:0.002000s ]
INFO: [ app_end ] --END-- [ RunTime:0.002000s ]

[ 2017-11-28T11:32:00+08:00 ] ::1 /tpblog/index.php/Home/Index/verify.html?0.5701561957085763?0.03958861902182398?0.6838603057026107?0.044050037642946904?0.41476114778379336?0.8951862548316609?0.5378131987816133?0.22752045130558152?0.5330099688674221?0.42142346753720683?0.5859313929463912?0.9377333226035354?0.19237717814944633
INFO: [ app_init ] --START--
INFO: Run Behavior\BuildLiteBehavior [ RunTime:0.000000s ]
INFO: [ app_init ] --END-- [ RunTime:0.001000s ]
INFO: [ app_begin ] --START--
INFO: Run Behavior\ReadHtmlCacheBehavior [ RunTime:0.002000s ]
INFO: [ app_begin ] --END-- [ RunTime:0.002000s ]
SQL: SHOW COLUMNS FROM `setting` [ RunTime:0.0090s ]
SQL: SELECT * FROM `setting`  [ RunTime:0.0000s ]
INFO: [ app_end ] --START--
INFO: Run Behavior\ShowPageTraceBehavior [ RunTime:0.001000s ]
INFO: [ app_end ] --END-- [ RunTime:0.002000s ]

[ 2017-11-28T11:32:00+08:00 ] ::1 /tpblog/index.php/Home/Index/verify.html?0.5701561957085763?0.03958861902182398?0.6838603057026107?0.044050037642946904?0.41476114778379336?0.8951862548316609?0.5378131987816133?0.22752045130558152?0.5330099688674221?0.42142346753720683?0.5859313929463912?0.9377333226035354?0.19237717814944633?0.0007449773910106483
INFO: [ app_init ] --START--
INFO: Run Behavior\BuildLiteBehavior [ RunTime:0.000000s ]
INFO: [ app_init ] --END-- [ RunTime:0.001000s ]
INFO: [ app_begin ] --START--
INFO: Run Behavior\ReadHtmlCacheBehavior [ RunTime:0.001000s ]
INFO: [ app_begin ] --END-- [ RunTime:0.001000s ]
SQL: SHOW COLUMNS FROM `setting` [ RunTime:0.0156s ]
SQL: SELECT * FROM `setting`  [ RunTime:0.0000s ]
INFO: [ app_end ] --START--
INFO: Run Behavior\ShowPageTraceBehavior [ RunTime:0.000000s ]
INFO: [ app_end ] --END-- [ RunTime:0.000000s ]

[ 2017-11-28T11:32:00+08:00 ] ::1 /tpblog/index.php/Home/Index/verify.html?0.5701561957085763?0.03958861902182398?0.6838603057026107?0.044050037642946904?0.41476114778379336?0.8951862548316609?0.5378131987816133?0.22752045130558152?0.5330099688674221?0.42142346753720683?0.5859313929463912?0.9377333226035354?0.19237717814944633?0.0007449773910106483?0.07879040762796685
INFO: [ app_init ] --START--
INFO: Run Behavior\BuildLiteBehavior [ RunTime:0.000000s ]
INFO: [ app_init ] --END-- [ RunTime:0.001000s ]
INFO: [ app_begin ] --START--
INFO: Run Behavior\ReadHtmlCacheBehavior [ RunTime:0.001001s ]
INFO: [ app_begin ] --END-- [ RunTime:0.001001s ]
SQL: SHOW COLUMNS FROM `setting` [ RunTime:0.0000s ]
SQL: SELECT * FROM `setting`  [ RunTime:0.0000s ]
INFO: [ app_end ] --START--
INFO: Run Behavior\ShowPageTraceBehavior [ RunTime:0.000000s ]
INFO: [ app_end ] --END-- [ RunTime:0.000000s ]

[ 2017-11-28T11:32:00+08:00 ] ::1 /tpblog/index.php/Home/Index/verify.html?0.5701561957085763?0.03958861902182398?0.6838603057026107?0.044050037642946904?0.41476114778379336?0.8951862548316609?0.5378131987816133?0.22752045130558152?0.5330099688674221?0.42142346753720683?0.5859313929463912?0.9377333226035354?0.19237717814944633?0.0007449773910106483?0.07879040762796685?0.5186517289125352
INFO: [ app_init ] --START--
INFO: Run Behavior\BuildLiteBehavior [ RunTime:0.000000s ]
INFO: [ app_init ] --END-- [ RunTime:0.000000s ]
INFO: [ app_begin ] --START--
INFO: Run Behavior\ReadHtmlCacheBehavior [ RunTime:0.001000s ]
INFO: [ app_begin ] --END-- [ RunTime:0.001000s ]
SQL: SHOW COLUMNS FROM `setting` [ RunTime:0.0000s ]
SQL: SELECT * FROM `setting`  [ RunTime:0.0000s ]
INFO: [ app_end ] --START--
INFO: Run Behavior\ShowPageTraceBehavior [ RunTime:0.000000s ]
INFO: [ app_end ] --END-- [ RunTime:0.000000s ]

[ 2017-11-28T11:32:01+08:00 ] ::1 /tpblog/index.php/Home/Index/verify.html?0.5701561957085763?0.03958861902182398?0.6838603057026107?0.044050037642946904?0.41476114778379336?0.8951862548316609?0.5378131987816133?0.22752045130558152?0.5330099688674221?0.42142346753720683?0.5859313929463912?0.9377333226035354?0.19237717814944633?0.0007449773910106483?0.07879040762796685?0.5186517289125352?0.5332416381486698
INFO: [ app_init ] --START--
INFO: Run Behavior\BuildLiteBehavior [ RunTime:0.000000s ]
INFO: [ app_init ] --END-- [ RunTime:0.001000s ]
INFO: [ app_begin ] --START--
INFO: Run Behavior\ReadHtmlCacheBehavior [ RunTime:0.001000s ]
INFO: [ app_begin ] --END-- [ RunTime:0.002000s ]
SQL: SHOW COLUMNS FROM `setting` [ RunTime:0.0000s ]
SQL: SELECT * FROM `setting`  [ RunTime:0.0000s ]
INFO: [ app_end ] --START--
INFO: Run Behavior\ShowPageTraceBehavior [ RunTime:0.015600s ]
INFO: [ app_end ] --END-- [ RunTime:0.015600s ]

[ 2017-11-28T11:32:01+08:00 ] ::1 /tpblog/index.php/Home/Index/verify.html?0.5701561957085763?0.03958861902182398?0.6838603057026107?0.044050037642946904?0.41476114778379336?0.8951862548316609?0.5378131987816133?0.22752045130558152?0.5330099688674221?0.42142346753720683?0.5859313929463912?0.9377333226035354?0.19237717814944633?0.0007449773910106483?0.07879040762796685?0.5186517289125352?0.5332416381486698?0.04839145606208972
INFO: [ app_init ] --START--
INFO: Run Behavior\BuildLiteBehavior [ RunTime:0.000000s ]
INFO: [ app_init ] --END-- [ RunTime:0.001000s ]
INFO: [ app_begin ] --START--
INFO: Run Behavior\ReadHtmlCacheBehavior [ RunTime:0.000000s ]
INFO: [ app_begin ] --END-- [ RunTime:0.000000s ]
SQL: SHOW COLUMNS FROM `setting` [ RunTime:0.0000s ]
SQL: SELECT * FROM `setting`  [ RunTime:0.0000s ]
INFO: [ app_end ] --START--
INFO: Run Behavior\ShowPageTraceBehavior [ RunTime:0.000000s ]
INFO: [ app_end ] --END-- [ RunTime:0.000000s ]

[ 2017-11-28T11:32:01+08:00 ] ::1 /tpblog/index.php/Home/Index/verify.html?0.5701561957085763?0.03958861902182398?0.6838603057026107?0.044050037642946904?0.41476114778379336?0.8951862548316609?0.5378131987816133?0.22752045130558152?0.5330099688674221?0.42142346753720683?0.5859313929463912?0.9377333226035354?0.19237717814944633?0.0007449773910106483?0.07879040762796685?0.5186517289125352?0.5332416381486698?0.04839145606208972?0.5723979274103388
INFO: [ app_init ] --START--
INFO: Run Behavior\BuildLiteBehavior [ RunTime:0.000000s ]
INFO: [ app_init ] --END-- [ RunTime:0.000000s ]
INFO: [ app_begin ] --START--
INFO: Run Behavior\ReadHtmlCacheBehavior [ RunTime:0.000000s ]
INFO: [ app_begin ] --END-- [ RunTime:0.000000s ]
SQL: SHOW COLUMNS FROM `setting` [ RunTime:0.0000s ]
SQL: SELECT * FROM `setting`  [ RunTime:0.0000s ]
INFO: [ app_end ] --START--
INFO: Run Behavior\ShowPageTraceBehavior [ RunTime:0.000000s ]
INFO: [ app_end ] --END-- [ RunTime:0.000000s ]

[ 2017-11-28T11:32:01+08:00 ] ::1 /tpblog/index.php/Home/Index/verify.html?0.5701561957085763?0.03958861902182398?0.6838603057026107?0.044050037642946904?0.41476114778379336?0.8951862548316609?0.5378131987816133?0.22752045130558152?0.5330099688674221?0.42142346753720683?0.5859313929463912?0.9377333226035354?0.19237717814944633?0.0007449773910106483?0.07879040762796685?0.5186517289125352?0.5332416381486698?0.04839145606208972?0.5723979274103388?0.6729375424456541
INFO: [ app_init ] --START--
INFO: Run Behavior\BuildLiteBehavior [ RunTime:0.000000s ]
INFO: [ app_init ] --END-- [ RunTime:0.001000s ]
INFO: [ app_begin ] --START--
INFO: Run Behavior\ReadHtmlCacheBehavior [ RunTime:0.001000s ]
INFO: [ app_begin ] --END-- [ RunTime:0.001000s ]
SQL: SHOW COLUMNS FROM `setting` [ RunTime:0.0000s ]
SQL: SELECT * FROM `setting`  [ RunTime:0.0000s ]
INFO: [ app_end ] --START--
INFO: Run Behavior\ShowPageTraceBehavior [ RunTime:0.000000s ]
INFO: [ app_end ] --END-- [ RunTime:0.000000s ]

[ 2017-11-28T11:32:01+08:00 ] ::1 /tpblog/index.php/Home/Index/verify.html?0.5701561957085763?0.03958861902182398?0.6838603057026107?0.044050037642946904?0.41476114778379336?0.8951862548316609?0.5378131987816133?0.22752045130558152?0.5330099688674221?0.42142346753720683?0.5859313929463912?0.9377333226035354?0.19237717814944633?0.0007449773910106483?0.07879040762796685?0.5186517289125352?0.5332416381486698?0.04839145606208972?0.5723979274103388?0.6729375424456541?0.9088839422642798
INFO: [ app_init ] --START--
INFO: Run Behavior\BuildLiteBehavior [ RunTime:0.000000s ]
INFO: [ app_init ] --END-- [ RunTime:0.000000s ]
INFO: [ app_begin ] --START--
INFO: Run Behavior\ReadHtmlCacheBehavior [ RunTime:0.000000s ]
INFO: [ app_begin ] --END-- [ RunTime:0.000000s ]
SQL: SHOW COLUMNS FROM `setting` [ RunTime:0.0060s ]
SQL: SELECT * FROM `setting`  [ RunTime:0.0010s ]
INFO: [ app_end ] --START--
INFO: Run Behavior\ShowPageTraceBehavior [ RunTime:0.000000s ]
INFO: [ app_end ] --END-- [ RunTime:0.000000s ]

[ 2017-11-28T11:32:02+08:00 ] ::1 /tpblog/index.php/Home/Index/verify.html?0.5701561957085763?0.03958861902182398?0.6838603057026107?0.044050037642946904?0.41476114778379336?0.8951862548316609?0.5378131987816133?0.22752045130558152?0.5330099688674221?0.42142346753720683?0.5859313929463912?0.9377333226035354?0.19237717814944633?0.0007449773910106483?0.07879040762796685?0.5186517289125352?0.5332416381486698?0.04839145606208972?0.5723979274103388?0.6729375424456541?0.9088839422642798?0.9926234409625263
INFO: [ app_init ] --START--
INFO: Run Behavior\BuildLiteBehavior [ RunTime:0.000000s ]
INFO: [ app_init ] --END-- [ RunTime:0.000000s ]
INFO: [ app_begin ] --START--
INFO: Run Behavior\ReadHtmlCacheBehavior [ RunTime:0.000000s ]
INFO: [ app_begin ] --END-- [ RunTime:0.000000s ]
SQL: SHOW COLUMNS FROM `setting` [ RunTime:0.0000s ]
SQL: SELECT * FROM `setting`  [ RunTime:0.0000s ]
INFO: [ app_end ] --START--
INFO: Run Behavior\ShowPageTraceBehavior [ RunTime:0.000000s ]
INFO: [ app_end ] --END-- [ RunTime:0.000000s ]

[ 2017-11-28T11:32:02+08:00 ] ::1 /tpblog/index.php/Home/Index/verify.html?0.5701561957085763?0.03958861902182398?0.6838603057026107?0.044050037642946904?0.41476114778379336?0.8951862548316609?0.5378131987816133?0.22752045130558152?0.5330099688674221?0.42142346753720683?0.5859313929463912?0.9377333226035354?0.19237717814944633?0.0007449773910106483?0.07879040762796685?0.5186517289125352?0.5332416381486698?0.04839145606208972?0.5723979274103388?0.6729375424456541?0.9088839422642798?0.9926234409625263?0.9604373590965596
INFO: [ app_init ] --START--
INFO: Run Behavior\BuildLiteBehavior [ RunTime:0.001000s ]
INFO: [ app_init ] --END-- [ RunTime:0.001000s ]
INFO: [ app_begin ] --START--
INFO: Run Behavior\ReadHtmlCacheBehavior [ RunTime:0.001000s ]
INFO: [ app_begin ] --END-- [ RunTime:0.001000s ]
SQL: SHOW COLUMNS FROM `setting` [ RunTime:0.0000s ]
SQL: SELECT * FROM `setting`  [ RunTime:0.0000s ]
INFO: [ app_end ] --START--
INFO: Run Behavior\ShowPageTraceBehavior [ RunTime:0.000000s ]
INFO: [ app_end ] --END-- [ RunTime:0.000000s ]

[ 2017-11-28T11:32:02+08:00 ] ::1 /tpblog/index.php/Home/Index/verify.html?0.5701561957085763?0.03958861902182398?0.6838603057026107?0.044050037642946904?0.41476114778379336?0.8951862548316609?0.5378131987816133?0.22752045130558152?0.5330099688674221?0.42142346753720683?0.5859313929463912?0.9377333226035354?0.19237717814944633?0.0007449773910106483?0.07879040762796685?0.5186517289125352?0.5332416381486698?0.04839145606208972?0.5723979274103388?0.6729375424456541?0.9088839422642798?0.9926234409625263?0.9604373590965596?0.16291085825376173
INFO: [ app_init ] --START--
INFO: Run Behavior\BuildLiteBehavior [ RunTime:0.000000s ]
INFO: [ app_init ] --END-- [ RunTime:0.000000s ]
INFO: [ app_begin ] --START--
INFO: Run Behavior\ReadHtmlCacheBehavior [ RunTime:0.000000s ]
INFO: [ app_begin ] --END-- [ RunTime:0.000000s ]
SQL: SHOW COLUMNS FROM `setting` [ RunTime:0.0000s ]
SQL: SELECT * FROM `setting`  [ RunTime:0.0000s ]
INFO: [ app_end ] --START--
INFO: Run Behavior\ShowPageTraceBehavior [ RunTime:0.000000s ]
INFO: [ app_end ] --END-- [ RunTime:0.000000s ]

[ 2017-11-28T11:32:02+08:00 ] ::1 /tpblog/index.php/Home/Index/verify.html?0.5701561957085763?0.03958861902182398?0.6838603057026107?0.044050037642946904?0.41476114778379336?0.8951862548316609?0.5378131987816133?0.22752045130558152?0.5330099688674221?0.42142346753720683?0.5859313929463912?0.9377333226035354?0.19237717814944633?0.0007449773910106483?0.07879040762796685?0.5186517289125352?0.5332416381486698?0.04839145606208972?0.5723979274103388?0.6729375424456541?0.9088839422642798?0.9926234409625263?0.9604373590965596?0.16291085825376173?0.7067821212044558
INFO: [ app_init ] --START--
INFO: Run Behavior\BuildLiteBehavior [ RunTime:0.001000s ]
INFO: [ app_init ] --END-- [ RunTime:0.001000s ]
INFO: [ app_begin ] --START--
INFO: Run Behavior\ReadHtmlCacheBehavior [ RunTime:0.000000s ]
INFO: [ app_begin ] --END-- [ RunTime:0.000000s ]
SQL: SHOW COLUMNS FROM `setting` [ RunTime:0.0000s ]
SQL: SELECT * FROM `setting`  [ RunTime:0.0000s ]
INFO: [ app_end ] --START--
INFO: Run Behavior\ShowPageTraceBehavior [ RunTime:0.000000s ]
INFO: [ app_end ] --END-- [ RunTime:0.000000s ]

[ 2017-11-28T11:32:02+08:00 ] ::1 /tpblog/index.php/Home/Index/verify.html?0.5701561957085763?0.03958861902182398?0.6838603057026107?0.044050037642946904?0.41476114778379336?0.8951862548316609?0.5378131987816133?0.22752045130558152?0.5330099688674221?0.42142346753720683?0.5859313929463912?0.9377333226035354?0.19237717814944633?0.0007449773910106483?0.07879040762796685?0.5186517289125352?0.5332416381486698?0.04839145606208972?0.5723979274103388?0.6729375424456541?0.9088839422642798?0.9926234409625263?0.9604373590965596?0.16291085825376173?0.7067821212044558?0.9030455200444589
INFO: [ app_init ] --START--
INFO: Run Behavior\BuildLiteBehavior [ RunTime:0.000000s ]
INFO: [ app_init ] --END-- [ RunTime:0.000000s ]
INFO: [ app_begin ] --START--
INFO: Run Behavior\ReadHtmlCacheBehavior [ RunTime:0.000000s ]
INFO: [ app_begin ] --END-- [ RunTime:0.000000s ]
SQL: SHOW COLUMNS FROM `setting` [ RunTime:0.0000s ]
SQL: SELECT * FROM `setting`  [ RunTime:0.0000s ]
INFO: [ app_end ] --START--
INFO: Run Behavior\ShowPageTraceBehavior [ RunTime:0.000000s ]
INFO: [ app_end ] --END-- [ RunTime:0.000000s ]

[ 2017-11-28T11:32:02+08:00 ] ::1 /tpblog/index.php/Home/Index/verify.html?0.5701561957085763?0.03958861902182398?0.6838603057026107?0.044050037642946904?0.41476114778379336?0.8951862548316609?0.5378131987816133?0.22752045130558152?0.5330099688674221?0.42142346753720683?0.5859313929463912?0.9377333226035354?0.19237717814944633?0.0007449773910106483?0.07879040762796685?0.5186517289125352?0.5332416381486698?0.04839145606208972?0.5723979274103388?0.6729375424456541?0.9088839422642798?0.9926234409625263?0.9604373590965596?0.16291085825376173?0.7067821212044558?0.9030455200444589?0.8427789986609686
INFO: [ app_init ] --START--
INFO: Run Behavior\BuildLiteBehavior [ RunTime:0.000000s ]
INFO: [ app_init ] --END-- [ RunTime:0.000000s ]
INFO: [ app_begin ] --START--
INFO: Run Behavior\ReadHtmlCacheBehavior [ RunTime:0.001000s ]
INFO: [ app_begin ] --END-- [ RunTime:0.001000s ]
SQL: SHOW COLUMNS FROM `setting` [ RunTime:0.0050s ]
SQL: SELECT * FROM `setting`  [ RunTime:0.0000s ]
INFO: [ app_end ] --START--
INFO: Run Behavior\ShowPageTraceBehavior [ RunTime:0.000000s ]
INFO: [ app_end ] --END-- [ RunTime:0.000000s ]

[ 2017-11-28T11:32:03+08:00 ] ::1 /tpblog/index.php/Home/Index/verify.html?0.5701561957085763?0.03958861902182398?0.6838603057026107?0.044050037642946904?0.41476114778379336?0.8951862548316609?0.5378131987816133?0.22752045130558152?0.5330099688674221?0.42142346753720683?0.5859313929463912?0.9377333226035354?0.19237717814944633?0.0007449773910106483?0.07879040762796685?0.5186517289125352?0.5332416381486698?0.04839145606208972?0.5723979274103388?0.6729375424456541?0.9088839422642798?0.9926234409625263?0.9604373590965596?0.16291085825376173?0.7067821212044558?0.9030455200444589?0.8427789986609686?0.8007926311344695
INFO: [ app_init ] --START--
INFO: Run Behavior\BuildLiteBehavior [ RunTime:0.000000s ]
INFO: [ app_init ] --END-- [ RunTime:0.001000s ]
INFO: [ app_begin ] --START--
INFO: Run Behavior\ReadHtmlCacheBehavior [ RunTime:0.001000s ]
INFO: [ app_begin ] --END-- [ RunTime:0.001000s ]
SQL: SHOW COLUMNS FROM `setting` [ RunTime:0.0000s ]
SQL: SELECT * FROM `setting`  [ RunTime:0.0000s ]
INFO: [ app_end ] --START--
INFO: Run Behavior\ShowPageTraceBehavior [ RunTime:0.015600s ]
INFO: [ app_end ] --END-- [ RunTime:0.015600s ]

[ 2017-11-28T11:32:03+08:00 ] ::1 /tpblog/index.php/Home/Index/verify.html?0.5701561957085763?0.03958861902182398?0.6838603057026107?0.044050037642946904?0.41476114778379336?0.8951862548316609?0.5378131987816133?0.22752045130558152?0.5330099688674221?0.42142346753720683?0.5859313929463912?0.9377333226035354?0.19237717814944633?0.0007449773910106483?0.07879040762796685?0.5186517289125352?0.5332416381486698?0.04839145606208972?0.5723979274103388?0.6729375424456541?0.9088839422642798?0.9926234409625263?0.9604373590965596?0.16291085825376173?0.7067821212044558?0.9030455200444589?0.8427789986609686?0.8007926311344695?0.1905756425581906
INFO: [ app_init ] --START--
INFO: Run Behavior\BuildLiteBehavior [ RunTime:0.000000s ]
INFO: [ app_init ] --END-- [ RunTime:0.001000s ]
INFO: [ app_begin ] --START--
INFO: Run Behavior\ReadHtmlCacheBehavior [ RunTime:0.001000s ]
INFO: [ app_begin ] --END-- [ RunTime:0.001000s ]
SQL: SHOW COLUMNS FROM `setting` [ RunTime:0.0000s ]
SQL: SELECT * FROM `setting`  [ RunTime:0.0000s ]
INFO: [ app_end ] --START--
INFO: Run Behavior\ShowPageTraceBehavior [ RunTime:0.000000s ]
INFO: [ app_end ] --END-- [ RunTime:0.000000s ]

[ 2017-11-28T11:32:03+08:00 ] ::1 /tpblog/index.php/Home/Index/verify.html?0.5701561957085763?0.03958861902182398?0.6838603057026107?0.044050037642946904?0.41476114778379336?0.8951862548316609?0.5378131987816133?0.22752045130558152?0.5330099688674221?0.42142346753720683?0.5859313929463912?0.9377333226035354?0.19237717814944633?0.0007449773910106483?0.07879040762796685?0.5186517289125352?0.5332416381486698?0.04839145606208972?0.5723979274103388?0.6729375424456541?0.9088839422642798?0.9926234409625263?0.9604373590965596?0.16291085825376173?0.7067821212044558?0.9030455200444589?0.8427789986609686?0.8007926311344695?0.1905756425581906?0.917109515526183
INFO: [ app_init ] --START--
INFO: Run Behavior\BuildLiteBehavior [ RunTime:0.000000s ]
INFO: [ app_init ] --END-- [ RunTime:0.001000s ]
INFO: [ app_begin ] --START--
INFO: Run Behavior\ReadHtmlCacheBehavior [ RunTime:0.000000s ]
INFO: [ app_begin ] --END-- [ RunTime:0.000000s ]
SQL: SHOW COLUMNS FROM `setting` [ RunTime:0.0000s ]
SQL: SELECT * FROM `setting`  [ RunTime:0.0000s ]
INFO: [ app_end ] --START--
INFO: Run Behavior\ShowPageTraceBehavior [ RunTime:0.000000s ]
INFO: [ app_end ] --END-- [ RunTime:0.000000s ]

[ 2017-11-28T11:32:03+08:00 ] ::1 /tpblog/index.php/Home/Index/verify.html?0.5701561957085763?0.03958861902182398?0.6838603057026107?0.044050037642946904?0.41476114778379336?0.8951862548316609?0.5378131987816133?0.22752045130558152?0.5330099688674221?0.42142346753720683?0.5859313929463912?0.9377333226035354?0.19237717814944633?0.0007449773910106483?0.07879040762796685?0.5186517289125352?0.5332416381486698?0.04839145606208972?0.5723979274103388?0.6729375424456541?0.9088839422642798?0.9926234409625263?0.9604373590965596?0.16291085825376173?0.7067821212044558?0.9030455200444589?0.8427789986609686?0.8007926311344695?0.1905756425581906?0.917109515526183?0.07993926601730195
INFO: [ app_init ] --START--
INFO: Run Behavior\BuildLiteBehavior [ RunTime:0.000000s ]
INFO: [ app_init ] --END-- [ RunTime:0.000000s ]
INFO: [ app_begin ] --START--
INFO: Run Behavior\ReadHtmlCacheBehavior [ RunTime:0.002000s ]
INFO: [ app_begin ] --END-- [ RunTime:0.002000s ]
SQL: SHOW COLUMNS FROM `setting` [ RunTime:0.0000s ]
SQL: SELECT * FROM `setting`  [ RunTime:0.0000s ]
INFO: [ app_end ] --START--
INFO: Run Behavior\ShowPageTraceBehavior [ RunTime:0.000000s ]
INFO: [ app_end ] --END-- [ RunTime:0.000000s ]

[ 2017-11-28T11:32:04+08:00 ] ::1 /tpblog/index.php/Home/Index/verify.html?0.5701561957085763?0.03958861902182398?0.6838603057026107?0.044050037642946904?0.41476114778379336?0.8951862548316609?0.5378131987816133?0.22752045130558152?0.5330099688674221?0.42142346753720683?0.5859313929463912?0.9377333226035354?0.19237717814944633?0.0007449773910106483?0.07879040762796685?0.5186517289125352?0.5332416381486698?0.04839145606208972?0.5723979274103388?0.6729375424456541?0.9088839422642798?0.9926234409625263?0.9604373590965596?0.16291085825376173?0.7067821212044558?0.9030455200444589?0.8427789986609686?0.8007926311344695?0.1905756425581906?0.917109515526183?0.07993926601730195?0.8846583473964855
INFO: [ app_init ] --START--
INFO: Run Behavior\BuildLiteBehavior [ RunTime:0.000000s ]
INFO: [ app_init ] --END-- [ RunTime:0.001000s ]
INFO: [ app_begin ] --START--
INFO: Run Behavior\ReadHtmlCacheBehavior [ RunTime:0.002000s ]
INFO: [ app_begin ] --END-- [ RunTime:0.002000s ]
SQL: SHOW COLUMNS FROM `setting` [ RunTime:0.0000s ]
SQL: SELECT * FROM `setting`  [ RunTime:0.0000s ]
INFO: [ app_end ] --START--
INFO: Run Behavior\ShowPageTraceBehavior [ RunTime:0.015600s ]
INFO: [ app_end ] --END-- [ RunTime:0.015600s ]

[ 2017-11-28T11:32:04+08:00 ] ::1 /tpblog/index.php/Home/Index/verify.html?0.5701561957085763?0.03958861902182398?0.6838603057026107?0.044050037642946904?0.41476114778379336?0.8951862548316609?0.5378131987816133?0.22752045130558152?0.5330099688674221?0.42142346753720683?0.5859313929463912?0.9377333226035354?0.19237717814944633?0.0007449773910106483?0.07879040762796685?0.5186517289125352?0.5332416381486698?0.04839145606208972?0.5723979274103388?0.6729375424456541?0.9088839422642798?0.9926234409625263?0.9604373590965596?0.16291085825376173?0.7067821212044558?0.9030455200444589?0.8427789986609686?0.8007926311344695?0.1905756425581906?0.917109515526183?0.07993926601730195?0.8846583473964855?0.9470295328517659
INFO: [ app_init ] --START--
INFO: Run Behavior\BuildLiteBehavior [ RunTime:0.000000s ]
INFO: [ app_init ] --END-- [ RunTime:0.000000s ]
INFO: [ app_begin ] --START--
INFO: Run Behavior\ReadHtmlCacheBehavior [ RunTime:0.000000s ]
INFO: [ app_begin ] --END-- [ RunTime:0.000000s ]
SQL: SHOW COLUMNS FROM `setting` [ RunTime:0.0000s ]
SQL: SELECT * FROM `setting`  [ RunTime:0.0000s ]
INFO: [ app_end ] --START--
INFO: Run Behavior\ShowPageTraceBehavior [ RunTime:0.000000s ]
INFO: [ app_end ] --END-- [ RunTime:0.000000s ]

[ 2017-11-28T11:32:04+08:00 ] ::1 /tpblog/index.php/Home/Index/verify.html?0.5701561957085763?0.03958861902182398?0.6838603057026107?0.044050037642946904?0.41476114778379336?0.8951862548316609?0.5378131987816133?0.22752045130558152?0.5330099688674221?0.42142346753720683?0.5859313929463912?0.9377333226035354?0.19237717814944633?0.0007449773910106483?0.07879040762796685?0.5186517289125352?0.5332416381486698?0.04839145606208972?0.5723979274103388?0.6729375424456541?0.9088839422642798?0.9926234409625263?0.9604373590965596?0.16291085825376173?0.7067821212044558?0.9030455200444589?0.8427789986609686?0.8007926311344695?0.1905756425581906?0.917109515526183?0.07993926601730195?0.8846583473964855?0.9470295328517659?0.13892518832993916
INFO: [ app_init ] --START--
INFO: Run Behavior\BuildLiteBehavior [ RunTime:0.000000s ]
INFO: [ app_init ] --END-- [ RunTime:0.000000s ]
INFO: [ app_begin ] --START--
INFO: Run Behavior\ReadHtmlCacheBehavior [ RunTime:0.000000s ]
INFO: [ app_begin ] --END-- [ RunTime:0.000000s ]
SQL: SHOW COLUMNS FROM `setting` [ RunTime:0.0000s ]
SQL: SELECT * FROM `setting`  [ RunTime:0.0000s ]
INFO: [ app_end ] --START--
INFO: Run Behavior\ShowPageTraceBehavior [ RunTime:0.000000s ]
INFO: [ app_end ] --END-- [ RunTime:0.000000s ]

[ 2017-11-28T11:32:04+08:00 ] ::1 /tpblog/index.php/Home/Index/verify.html?0.5701561957085763?0.03958861902182398?0.6838603057026107?0.044050037642946904?0.41476114778379336?0.8951862548316609?0.5378131987816133?0.22752045130558152?0.5330099688674221?0.42142346753720683?0.5859313929463912?0.9377333226035354?0.19237717814944633?0.0007449773910106483?0.07879040762796685?0.5186517289125352?0.5332416381486698?0.04839145606208972?0.5723979274103388?0.6729375424456541?0.9088839422642798?0.9926234409625263?0.9604373590965596?0.16291085825376173?0.7067821212044558?0.9030455200444589?0.8427789986609686?0.8007926311344695?0.1905756425581906?0.917109515526183?0.07993926601730195?0.8846583473964855?0.9470295328517659?0.13892518832993916?0.7177082318537364
INFO: [ app_init ] --START--
INFO: Run Behavior\BuildLiteBehavior [ RunTime:0.000000s ]
INFO: [ app_init ] --END-- [ RunTime:0.001000s ]
INFO: [ app_begin ] --START--
INFO: Run Behavior\ReadHtmlCacheBehavior [ RunTime:0.001000s ]
INFO: [ app_begin ] --END-- [ RunTime:0.001000s ]
SQL: SHOW COLUMNS FROM `setting` [ RunTime:0.0070s ]
SQL: SELECT * FROM `setting`  [ RunTime:0.0000s ]
INFO: [ app_end ] --START--
INFO: Run Behavior\ShowPageTraceBehavior [ RunTime:0.000000s ]
INFO: [ app_end ] --END-- [ RunTime:0.000000s ]

[ 2017-11-28T11:32:04+08:00 ] ::1 /tpblog/index.php/Home/Index/verify.html?0.5701561957085763?0.03958861902182398?0.6838603057026107?0.044050037642946904?0.41476114778379336?0.8951862548316609?0.5378131987816133?0.22752045130558152?0.5330099688674221?0.42142346753720683?0.5859313929463912?0.9377333226035354?0.19237717814944633?0.0007449773910106483?0.07879040762796685?0.5186517289125352?0.5332416381486698?0.04839145606208972?0.5723979274103388?0.6729375424456541?0.9088839422642798?0.9926234409625263?0.9604373590965596?0.16291085825376173?0.7067821212044558?0.9030455200444589?0.8427789986609686?0.8007926311344695?0.1905756425581906?0.917109515526183?0.07993926601730195?0.8846583473964855?0.9470295328517659?0.13892518832993916?0.7177082318537364?0.5194389669302015
INFO: [ app_init ] --START--
INFO: Run Behavior\BuildLiteBehavior [ RunTime:0.000000s ]
INFO: [ app_init ] --END-- [ RunTime:0.001000s ]
INFO: [ app_begin ] --START--
INFO: Run Behavior\ReadHtmlCacheBehavior [ RunTime:0.001000s ]
INFO: [ app_begin ] --END-- [ RunTime:0.001000s ]
SQL: SHOW COLUMNS FROM `setting` [ RunTime:0.0000s ]
SQL: SELECT * FROM `setting`  [ RunTime:0.0000s ]
INFO: [ app_end ] --START--
INFO: Run Behavior\ShowPageTraceBehavior [ RunTime:0.000000s ]
INFO: [ app_end ] --END-- [ RunTime:0.000000s ]

[ 2017-11-28T11:32:05+08:00 ] ::1 /tpblog/index.php/Home/Index/verify.html?0.5701561957085763?0.03958861902182398?0.6838603057026107?0.044050037642946904?0.41476114778379336?0.8951862548316609?0.5378131987816133?0.22752045130558152?0.5330099688674221?0.42142346753720683?0.5859313929463912?0.9377333226035354?0.19237717814944633?0.0007449773910106483?0.07879040762796685?0.5186517289125352?0.5332416381486698?0.04839145606208972?0.5723979274103388?0.6729375424456541?0.9088839422642798?0.9926234409625263?0.9604373590965596?0.16291085825376173?0.7067821212044558?0.9030455200444589?0.8427789986609686?0.8007926311344695?0.1905756425581906?0.917109515526183?0.07993926601730195?0.8846583473964855?0.9470295328517659?0.13892518832993916?0.7177082318537364?0.5194389669302015?0.816668021442059
INFO: [ app_init ] --START--
INFO: Run Behavior\BuildLiteBehavior [ RunTime:0.000000s ]
INFO: [ app_init ] --END-- [ RunTime:0.000000s ]
INFO: [ app_begin ] --START--
INFO: Run Behavior\ReadHtmlCacheBehavior [ RunTime:0.000000s ]
INFO: [ app_begin ] --END-- [ RunTime:0.000000s ]
SQL: SHOW COLUMNS FROM `setting` [ RunTime:0.0000s ]
SQL: SELECT * FROM `setting`  [ RunTime:0.0000s ]
INFO: [ app_end ] --START--
INFO: Run Behavior\ShowPageTraceBehavior [ RunTime:0.000000s ]
INFO: [ app_end ] --END-- [ RunTime:0.000000s ]

[ 2017-11-28T11:32:05+08:00 ] ::1 /tpblog/index.php/Home/Index/verify.html?0.5701561957085763?0.03958861902182398?0.6838603057026107?0.044050037642946904?0.41476114778379336?0.8951862548316609?0.5378131987816133?0.22752045130558152?0.5330099688674221?0.42142346753720683?0.5859313929463912?0.9377333226035354?0.19237717814944633?0.0007449773910106483?0.07879040762796685?0.5186517289125352?0.5332416381486698?0.04839145606208972?0.5723979274103388?0.6729375424456541?0.9088839422642798?0.9926234409625263?0.9604373590965596?0.16291085825376173?0.7067821212044558?0.9030455200444589?0.8427789986609686?0.8007926311344695?0.1905756425581906?0.917109515526183?0.07993926601730195?0.8846583473964855?0.9470295328517659?0.13892518832993916?0.7177082318537364?0.5194389669302015?0.816668021442059?0.6653062966337706
INFO: [ app_init ] --START--
INFO: Run Behavior\BuildLiteBehavior [ RunTime:0.000000s ]
INFO: [ app_init ] --END-- [ RunTime:0.000000s ]
INFO: [ app_begin ] --START--
INFO: Run Behavior\ReadHtmlCacheBehavior [ RunTime:0.000000s ]
INFO: [ app_begin ] --END-- [ RunTime:0.000000s ]
SQL: SHOW COLUMNS FROM `setting` [ RunTime:0.0000s ]
SQL: SELECT * FROM `setting`  [ RunTime:0.0000s ]
INFO: [ app_end ] --START--
INFO: Run Behavior\ShowPageTraceBehavior [ RunTime:0.000000s ]
INFO: [ app_end ] --END-- [ RunTime:0.000000s ]

[ 2017-11-28T11:32:05+08:00 ] ::1 /tpblog/index.php/Home/Index/verify.html?0.5701561957085763?0.03958861902182398?0.6838603057026107?0.044050037642946904?0.41476114778379336?0.8951862548316609?0.5378131987816133?0.22752045130558152?0.5330099688674221?0.42142346753720683?0.5859313929463912?0.9377333226035354?0.19237717814944633?0.0007449773910106483?0.07879040762796685?0.5186517289125352?0.5332416381486698?0.04839145606208972?0.5723979274103388?0.6729375424456541?0.9088839422642798?0.9926234409625263?0.9604373590965596?0.16291085825376173?0.7067821212044558?0.9030455200444589?0.8427789986609686?0.8007926311344695?0.1905756425581906?0.917109515526183?0.07993926601730195?0.8846583473964855?0.9470295328517659?0.13892518832993916?0.7177082318537364?0.5194389669302015?0.816668021442059?0.6653062966337706?0.817093535854885
INFO: [ app_init ] --START--
INFO: Run Behavior\BuildLiteBehavior [ RunTime:0.000000s ]
INFO: [ app_init ] --END-- [ RunTime:0.001000s ]
INFO: [ app_begin ] --START--
INFO: Run Behavior\ReadHtmlCacheBehavior [ RunTime:0.002000s ]
INFO: [ app_begin ] --END-- [ RunTime:0.002000s ]
SQL: SHOW COLUMNS FROM `setting` [ RunTime:0.0020s ]
SQL: SELECT * FROM `setting`  [ RunTime:0.0000s ]
INFO: [ app_end ] --START--
INFO: Run Behavior\ShowPageTraceBehavior [ RunTime:0.000000s ]
INFO: [ app_end ] --END-- [ RunTime:0.000000s ]

[ 2017-11-28T11:32:05+08:00 ] ::1 /tpblog/index.php/Home/Index/verify.html?0.5701561957085763?0.03958861902182398?0.6838603057026107?0.044050037642946904?0.41476114778379336?0.8951862548316609?0.5378131987816133?0.22752045130558152?0.5330099688674221?0.42142346753720683?0.5859313929463912?0.9377333226035354?0.19237717814944633?0.0007449773910106483?0.07879040762796685?0.5186517289125352?0.5332416381486698?0.04839145606208972?0.5723979274103388?0.6729375424456541?0.9088839422642798?0.9926234409625263?0.9604373590965596?0.16291085825376173?0.7067821212044558?0.9030455200444589?0.8427789986609686?0.8007926311344695?0.1905756425581906?0.917109515526183?0.07993926601730195?0.8846583473964855?0.9470295328517659?0.13892518832993916?0.7177082318537364?0.5194389669302015?0.816668021442059?0.6653062966337706?0.817093535854885?0.9208509829218443
INFO: [ app_init ] --START--
INFO: Run Behavior\BuildLiteBehavior [ RunTime:0.000000s ]
INFO: [ app_init ] --END-- [ RunTime:0.000000s ]
INFO: [ app_begin ] --START--
INFO: Run Behavior\ReadHtmlCacheBehavior [ RunTime:0.000000s ]
INFO: [ app_begin ] --END-- [ RunTime:0.000000s ]
SQL: SHOW COLUMNS FROM `setting` [ RunTime:0.0000s ]
SQL: SELECT * FROM `setting`  [ RunTime:0.0000s ]
INFO: [ app_end ] --START--
INFO: Run Behavior\ShowPageTraceBehavior [ RunTime:0.000000s ]
INFO: [ app_end ] --END-- [ RunTime:0.000000s ]

[ 2017-11-28T11:32:05+08:00 ] ::1 /tpblog/index.php/Home/Index/verify.html?0.5701561957085763?0.03958861902182398?0.6838603057026107?0.044050037642946904?0.41476114778379336?0.8951862548316609?0.5378131987816133?0.22752045130558152?0.5330099688674221?0.42142346753720683?0.5859313929463912?0.9377333226035354?0.19237717814944633?0.0007449773910106483?0.07879040762796685?0.5186517289125352?0.5332416381486698?0.04839145606208972?0.5723979274103388?0.6729375424456541?0.9088839422642798?0.9926234409625263?0.9604373590965596?0.16291085825376173?0.7067821212044558?0.9030455200444589?0.8427789986609686?0.8007926311344695?0.1905756425581906?0.917109515526183?0.07993926601730195?0.8846583473964855?0.9470295328517659?0.13892518832993916?0.7177082318537364?0.5194389669302015?0.816668021442059?0.6653062966337706?0.817093535854885?0.9208509829218443?0.44090427508531604
INFO: [ app_init ] --START--
INFO: Run Behavior\BuildLiteBehavior [ RunTime:0.000000s ]
INFO: [ app_init ] --END-- [ RunTime:0.000000s ]
INFO: [ app_begin ] --START--
INFO: Run Behavior\ReadHtmlCacheBehavior [ RunTime:0.000000s ]
INFO: [ app_begin ] --END-- [ RunTime:0.000000s ]
SQL: SHOW COLUMNS FROM `setting` [ RunTime:0.0000s ]
SQL: SELECT * FROM `setting`  [ RunTime:0.0000s ]
INFO: [ app_end ] --START--
INFO: Run Behavior\ShowPageTraceBehavior [ RunTime:0.000000s ]
INFO: [ app_end ] --END-- [ RunTime:0.000000s ]

[ 2017-11-28T11:32:06+08:00 ] ::1 /tpblog/index.php/Home/Index/verify.html?0.5701561957085763?0.03958861902182398?0.6838603057026107?0.044050037642946904?0.41476114778379336?0.8951862548316609?0.5378131987816133?0.22752045130558152?0.5330099688674221?0.42142346753720683?0.5859313929463912?0.9377333226035354?0.19237717814944633?0.0007449773910106483?0.07879040762796685?0.5186517289125352?0.5332416381486698?0.04839145606208972?0.5723979274103388?0.6729375424456541?0.9088839422642798?0.9926234409625263?0.9604373590965596?0.16291085825376173?0.7067821212044558?0.9030455200444589?0.8427789986609686?0.8007926311344695?0.1905756425581906?0.917109515526183?0.07993926601730195?0.8846583473964855?0.9470295328517659?0.13892518832993916?0.7177082318537364?0.5194389669302015?0.816668021442059?0.6653062966337706?0.817093535854885?0.9208509829218443?0.44090427508531604?0.5028408003352707
INFO: [ app_init ] --START--
INFO: Run Behavior\BuildLiteBehavior [ RunTime:0.000000s ]
INFO: [ app_init ] --END-- [ RunTime:0.001000s ]
INFO: [ app_begin ] --START--
INFO: Run Behavior\ReadHtmlCacheBehavior [ RunTime:0.001000s ]
INFO: [ app_begin ] --END-- [ RunTime:0.001000s ]
SQL: SHOW COLUMNS FROM `setting` [ RunTime:0.0050s ]
SQL: SELECT * FROM `setting`  [ RunTime:0.0000s ]
INFO: [ app_end ] --START--
INFO: Run Behavior\ShowPageTraceBehavior [ RunTime:0.000000s ]
INFO: [ app_end ] --END-- [ RunTime:0.000000s ]

[ 2017-11-28T11:32:06+08:00 ] ::1 /tpblog/index.php/Home/Index/verify.html?0.5701561957085763?0.03958861902182398?0.6838603057026107?0.044050037642946904?0.41476114778379336?0.8951862548316609?0.5378131987816133?0.22752045130558152?0.5330099688674221?0.42142346753720683?0.5859313929463912?0.9377333226035354?0.19237717814944633?0.0007449773910106483?0.07879040762796685?0.5186517289125352?0.5332416381486698?0.04839145606208972?0.5723979274103388?0.6729375424456541?0.9088839422642798?0.9926234409625263?0.9604373590965596?0.16291085825376173?0.7067821212044558?0.9030455200444589?0.8427789986609686?0.8007926311344695?0.1905756425581906?0.917109515526183?0.07993926601730195?0.8846583473964855?0.9470295328517659?0.13892518832993916?0.7177082318537364?0.5194389669302015?0.816668021442059?0.6653062966337706?0.817093535854885?0.9208509829218443?0.44090427508531604?0.5028408003352707?0.9374500690355037
INFO: [ app_init ] --START--
INFO: Run Behavior\BuildLiteBehavior [ RunTime:0.000000s ]
INFO: [ app_init ] --END-- [ RunTime:0.016600s ]
INFO: [ app_begin ] --START--
INFO: Run Behavior\ReadHtmlCacheBehavior [ RunTime:0.001000s ]
INFO: [ app_begin ] --END-- [ RunTime:0.001000s ]
SQL: SHOW COLUMNS FROM `setting` [ RunTime:0.0156s ]
SQL: SELECT * FROM `setting`  [ RunTime:0.0000s ]
INFO: [ app_end ] --START--
INFO: Run Behavior\ShowPageTraceBehavior [ RunTime:0.000000s ]
INFO: [ app_end ] --END-- [ RunTime:0.000000s ]

[ 2017-11-28T11:32:06+08:00 ] ::1 /tpblog/index.php/Home/Index/verify.html?0.5701561957085763?0.03958861902182398?0.6838603057026107?0.044050037642946904?0.41476114778379336?0.8951862548316609?0.5378131987816133?0.22752045130558152?0.5330099688674221?0.42142346753720683?0.5859313929463912?0.9377333226035354?0.19237717814944633?0.0007449773910106483?0.07879040762796685?0.5186517289125352?0.5332416381486698?0.04839145606208972?0.5723979274103388?0.6729375424456541?0.9088839422642798?0.9926234409625263?0.9604373590965596?0.16291085825376173?0.7067821212044558?0.9030455200444589?0.8427789986609686?0.8007926311344695?0.1905756425581906?0.917109515526183?0.07993926601730195?0.8846583473964855?0.9470295328517659?0.13892518832993916?0.7177082318537364?0.5194389669302015?0.816668021442059?0.6653062966337706?0.817093535854885?0.9208509829218443?0.44090427508531604?0.5028408003352707?0.9374500690355037?0.2323480403950362
INFO: [ app_init ] --START--
INFO: Run Behavior\BuildLiteBehavior [ RunTime:0.000000s ]
INFO: [ app_init ] --END-- [ RunTime:0.000000s ]
INFO: [ app_begin ] --START--
INFO: Run Behavior\ReadHtmlCacheBehavior [ RunTime:0.000000s ]
INFO: [ app_begin ] --END-- [ RunTime:0.000000s ]
SQL: SHOW COLUMNS FROM `setting` [ RunTime:0.0080s ]
SQL: SELECT * FROM `setting`  [ RunTime:0.0010s ]
INFO: [ app_end ] --START--
INFO: Run Behavior\ShowPageTraceBehavior [ RunTime:0.003000s ]
INFO: [ app_end ] --END-- [ RunTime:0.003000s ]

[ 2017-11-28T11:32:07+08:00 ] ::1 /tpblog/index.php/Home/Index/verify.html?0.5701561957085763?0.03958861902182398?0.6838603057026107?0.044050037642946904?0.41476114778379336?0.8951862548316609?0.5378131987816133?0.22752045130558152?0.5330099688674221?0.42142346753720683?0.5859313929463912?0.9377333226035354?0.19237717814944633?0.0007449773910106483?0.07879040762796685?0.5186517289125352?0.5332416381486698?0.04839145606208972?0.5723979274103388?0.6729375424456541?0.9088839422642798?0.9926234409625263?0.9604373590965596?0.16291085825376173?0.7067821212044558?0.9030455200444589?0.8427789986609686?0.8007926311344695?0.1905756425581906?0.917109515526183?0.07993926601730195?0.8846583473964855?0.9470295328517659?0.13892518832993916?0.7177082318537364?0.5194389669302015?0.816668021442059?0.6653062966337706?0.817093535854885?0.9208509829218443?0.44090427508531604?0.5028408003352707?0.9374500690355037?0.2323480403950362?0.17720877022189319
INFO: [ app_init ] --START--
INFO: Run Behavior\BuildLiteBehavior [ RunTime:0.000000s ]
INFO: [ app_init ] --END-- [ RunTime:0.000000s ]
INFO: [ app_begin ] --START--
INFO: Run Behavior\ReadHtmlCacheBehavior [ RunTime:0.000000s ]
INFO: [ app_begin ] --END-- [ RunTime:0.000000s ]
SQL: SHOW COLUMNS FROM `setting` [ RunTime:0.0000s ]
SQL: SELECT * FROM `setting`  [ RunTime:0.0000s ]
INFO: [ app_end ] --START--
INFO: Run Behavior\ShowPageTraceBehavior [ RunTime:0.000000s ]
INFO: [ app_end ] --END-- [ RunTime:0.000000s ]

[ 2017-11-28T11:32:07+08:00 ] ::1 /tpblog/index.php/Home/Index/verify.html?0.5701561957085763?0.03958861902182398?0.6838603057026107?0.044050037642946904?0.41476114778379336?0.8951862548316609?0.5378131987816133?0.22752045130558152?0.5330099688674221?0.42142346753720683?0.5859313929463912?0.9377333226035354?0.19237717814944633?0.0007449773910106483?0.07879040762796685?0.5186517289125352?0.5332416381486698?0.04839145606208972?0.5723979274103388?0.6729375424456541?0.9088839422642798?0.9926234409625263?0.9604373590965596?0.16291085825376173?0.7067821212044558?0.9030455200444589?0.8427789986609686?0.8007926311344695?0.1905756425581906?0.917109515526183?0.07993926601730195?0.8846583473964855?0.9470295328517659?0.13892518832993916?0.7177082318537364?0.5194389669302015?0.816668021442059?0.6653062966337706?0.817093535854885?0.9208509829218443?0.44090427508531604?0.5028408003352707?0.9374500690355037?0.2323480403950362?0.17720877022189319?0.5820910638321302
INFO: [ app_init ] --START--
INFO: Run Behavior\BuildLiteBehavior [ RunTime:0.000000s ]
INFO: [ app_init ] --END-- [ RunTime:0.001000s ]
INFO: [ app_begin ] --START--
INFO: Run Behavior\ReadHtmlCacheBehavior [ RunTime:0.001000s ]
INFO: [ app_begin ] --END-- [ RunTime:0.002000s ]
SQL: SHOW COLUMNS FROM `setting` [ RunTime:0.0156s ]
SQL: SELECT * FROM `setting`  [ RunTime:0.0000s ]
INFO: [ app_end ] --START--
INFO: Run Behavior\ShowPageTraceBehavior [ RunTime:0.000000s ]
INFO: [ app_end ] --END-- [ RunTime:0.000000s ]

[ 2017-11-28T11:32:07+08:00 ] ::1 /tpblog/index.php/Home/Index/verify.html?0.5701561957085763?0.03958861902182398?0.6838603057026107?0.044050037642946904?0.41476114778379336?0.8951862548316609?0.5378131987816133?0.22752045130558152?0.5330099688674221?0.42142346753720683?0.5859313929463912?0.9377333226035354?0.19237717814944633?0.0007449773910106483?0.07879040762796685?0.5186517289125352?0.5332416381486698?0.04839145606208972?0.5723979274103388?0.6729375424456541?0.9088839422642798?0.9926234409625263?0.9604373590965596?0.16291085825376173?0.7067821212044558?0.9030455200444589?0.8427789986609686?0.8007926311344695?0.1905756425581906?0.917109515526183?0.07993926601730195?0.8846583473964855?0.9470295328517659?0.13892518832993916?0.7177082318537364?0.5194389669302015?0.816668021442059?0.6653062966337706?0.817093535854885?0.9208509829218443?0.44090427508531604?0.5028408003352707?0.9374500690355037?0.2323480403950362?0.17720877022189319?0.5820910638321302?0.5008032828191773
INFO: [ app_init ] --START--
INFO: Run Behavior\BuildLiteBehavior [ RunTime:0.000000s ]
INFO: [ app_init ] --END-- [ RunTime:0.000000s ]
INFO: [ app_begin ] --START--
INFO: Run Behavior\ReadHtmlCacheBehavior [ RunTime:0.000000s ]
INFO: [ app_begin ] --END-- [ RunTime:0.000000s ]
SQL: SHOW COLUMNS FROM `setting` [ RunTime:0.0070s ]
SQL: SELECT * FROM `setting`  [ RunTime:0.0010s ]
INFO: [ app_end ] --START--
INFO: Run Behavior\ShowPageTraceBehavior [ RunTime:0.000000s ]
INFO: [ app_end ] --END-- [ RunTime:0.000000s ]

[ 2017-11-28T11:32:07+08:00 ] ::1 /tpblog/index.php/Home/Index/verify.html?0.5701561957085763?0.03958861902182398?0.6838603057026107?0.044050037642946904?0.41476114778379336?0.8951862548316609?0.5378131987816133?0.22752045130558152?0.5330099688674221?0.42142346753720683?0.5859313929463912?0.9377333226035354?0.19237717814944633?0.0007449773910106483?0.07879040762796685?0.5186517289125352?0.5332416381486698?0.04839145606208972?0.5723979274103388?0.6729375424456541?0.9088839422642798?0.9926234409625263?0.9604373590965596?0.16291085825376173?0.7067821212044558?0.9030455200444589?0.8427789986609686?0.8007926311344695?0.1905756425581906?0.917109515526183?0.07993926601730195?0.8846583473964855?0.9470295328517659?0.13892518832993916?0.7177082318537364?0.5194389669302015?0.816668021442059?0.6653062966337706?0.817093535854885?0.9208509829218443?0.44090427508531604?0.5028408003352707?0.9374500690355037?0.2323480403950362?0.17720877022189319?0.5820910638321302?0.5008032828191773?0.17006370422058725
INFO: [ app_init ] --START--
INFO: Run Behavior\BuildLiteBehavior [ RunTime:0.000000s ]
INFO: [ app_init ] --END-- [ RunTime:0.000000s ]
INFO: [ app_begin ] --START--
INFO: Run Behavior\ReadHtmlCacheBehavior [ RunTime:0.000000s ]
INFO: [ app_begin ] --END-- [ RunTime:0.000000s ]
SQL: SHOW COLUMNS FROM `setting` [ RunTime:0.0000s ]
SQL: SELECT * FROM `setting`  [ RunTime:0.0000s ]
INFO: [ app_end ] --START--
INFO: Run Behavior\ShowPageTraceBehavior [ RunTime:0.000000s ]
INFO: [ app_end ] --END-- [ RunTime:0.000000s ]

[ 2017-11-28T11:32:08+08:00 ] ::1 /tpblog/index.php/Home/Index/verify.html?0.5701561957085763?0.03958861902182398?0.6838603057026107?0.044050037642946904?0.41476114778379336?0.8951862548316609?0.5378131987816133?0.22752045130558152?0.5330099688674221?0.42142346753720683?0.5859313929463912?0.9377333226035354?0.19237717814944633?0.0007449773910106483?0.07879040762796685?0.5186517289125352?0.5332416381486698?0.04839145606208972?0.5723979274103388?0.6729375424456541?0.9088839422642798?0.9926234409625263?0.9604373590965596?0.16291085825376173?0.7067821212044558?0.9030455200444589?0.8427789986609686?0.8007926311344695?0.1905756425581906?0.917109515526183?0.07993926601730195?0.8846583473964855?0.9470295328517659?0.13892518832993916?0.7177082318537364?0.5194389669302015?0.816668021442059?0.6653062966337706?0.817093535854885?0.9208509829218443?0.44090427508531604?0.5028408003352707?0.9374500690355037?0.2323480403950362?0.17720877022189319?0.5820910638321302?0.5008032828191773?0.17006370422058725?0.35839402094857364
INFO: [ app_init ] --START--
INFO: Run Behavior\BuildLiteBehavior [ RunTime:0.000000s ]
INFO: [ app_init ] --END-- [ RunTime:0.001000s ]
INFO: [ app_begin ] --START--
INFO: Run Behavior\ReadHtmlCacheBehavior [ RunTime:0.001000s ]
INFO: [ app_begin ] --END-- [ RunTime:0.002000s ]
SQL: SHOW COLUMNS FROM `setting` [ RunTime:0.0000s ]
SQL: SELECT * FROM `setting`  [ RunTime:0.0000s ]
INFO: [ app_end ] --START--
INFO: Run Behavior\ShowPageTraceBehavior [ RunTime:0.000000s ]
INFO: [ app_end ] --END-- [ RunTime:0.000000s ]

[ 2017-11-28T11:32:08+08:00 ] ::1 /tpblog/index.php/Home/Index/verify.html?0.5701561957085763?0.03958861902182398?0.6838603057026107?0.044050037642946904?0.41476114778379336?0.8951862548316609?0.5378131987816133?0.22752045130558152?0.5330099688674221?0.42142346753720683?0.5859313929463912?0.9377333226035354?0.19237717814944633?0.0007449773910106483?0.07879040762796685?0.5186517289125352?0.5332416381486698?0.04839145606208972?0.5723979274103388?0.6729375424456541?0.9088839422642798?0.9926234409625263?0.9604373590965596?0.16291085825376173?0.7067821212044558?0.9030455200444589?0.8427789986609686?0.8007926311344695?0.1905756425581906?0.917109515526183?0.07993926601730195?0.8846583473964855?0.9470295328517659?0.13892518832993916?0.7177082318537364?0.5194389669302015?0.816668021442059?0.6653062966337706?0.817093535854885?0.9208509829218443?0.44090427508531604?0.5028408003352707?0.9374500690355037?0.2323480403950362?0.17720877022189319?0.5820910638321302?0.5008032828191773?0.17006370422058725?0.35839402094857364?0.9378252370060425
INFO: [ app_init ] --START--
INFO: Run Behavior\BuildLiteBehavior [ RunTime:0.000000s ]
INFO: [ app_init ] --END-- [ RunTime:0.000000s ]
INFO: [ app_begin ] --START--
INFO: Run Behavior\ReadHtmlCacheBehavior [ RunTime:0.000000s ]
INFO: [ app_begin ] --END-- [ RunTime:0.000000s ]
SQL: SHOW COLUMNS FROM `setting` [ RunTime:0.0000s ]
SQL: SELECT * FROM `setting`  [ RunTime:0.0000s ]
INFO: [ app_end ] --START--
INFO: Run Behavior\ShowPageTraceBehavior [ RunTime:0.000000s ]
INFO: [ app_end ] --END-- [ RunTime:0.000000s ]

[ 2017-11-28T11:32:08+08:00 ] ::1 /tpblog/index.php/Home/Index/verify.html?0.5701561957085763?0.03958861902182398?0.6838603057026107?0.044050037642946904?0.41476114778379336?0.8951862548316609?0.5378131987816133?0.22752045130558152?0.5330099688674221?0.42142346753720683?0.5859313929463912?0.9377333226035354?0.19237717814944633?0.0007449773910106483?0.07879040762796685?0.5186517289125352?0.5332416381486698?0.04839145606208972?0.5723979274103388?0.6729375424456541?0.9088839422642798?0.9926234409625263?0.9604373590965596?0.16291085825376173?0.7067821212044558?0.9030455200444589?0.8427789986609686?0.8007926311344695?0.1905756425581906?0.917109515526183?0.07993926601730195?0.8846583473964855?0.9470295328517659?0.13892518832993916?0.7177082318537364?0.5194389669302015?0.816668021442059?0.6653062966337706?0.817093535854885?0.9208509829218443?0.44090427508531604?0.5028408003352707?0.9374500690355037?0.2323480403950362?0.17720877022189319?0.5820910638321302?0.5008032828191773?0.17006370422058725?0.35839402094857364?0.9378252370060425?0.5151414411072739
INFO: [ app_init ] --START--
INFO: Run Behavior\BuildLiteBehavior [ RunTime:0.000000s ]
INFO: [ app_init ] --END-- [ RunTime:0.001000s ]
INFO: [ app_begin ] --START--
INFO: Run Behavior\ReadHtmlCacheBehavior [ RunTime:0.001000s ]
INFO: [ app_begin ] --END-- [ RunTime:0.001000s ]
SQL: SHOW COLUMNS FROM `setting` [ RunTime:0.0070s ]
SQL: SELECT * FROM `setting`  [ RunTime:0.0000s ]
INFO: [ app_end ] --START--
INFO: Run Behavior\ShowPageTraceBehavior [ RunTime:0.000000s ]
INFO: [ app_end ] --END-- [ RunTime:0.000000s ]

[ 2017-11-28T11:32:08+08:00 ] ::1 /tpblog/index.php/Home/Index/verify.html?0.5701561957085763?0.03958861902182398?0.6838603057026107?0.044050037642946904?0.41476114778379336?0.8951862548316609?0.5378131987816133?0.22752045130558152?0.5330099688674221?0.42142346753720683?0.5859313929463912?0.9377333226035354?0.19237717814944633?0.0007449773910106483?0.07879040762796685?0.5186517289125352?0.5332416381486698?0.04839145606208972?0.5723979274103388?0.6729375424456541?0.9088839422642798?0.9926234409625263?0.9604373590965596?0.16291085825376173?0.7067821212044558?0.9030455200444589?0.8427789986609686?0.8007926311344695?0.1905756425581906?0.917109515526183?0.07993926601730195?0.8846583473964855?0.9470295328517659?0.13892518832993916?0.7177082318537364?0.5194389669302015?0.816668021442059?0.6653062966337706?0.817093535854885?0.9208509829218443?0.44090427508531604?0.5028408003352707?0.9374500690355037?0.2323480403950362?0.17720877022189319?0.5820910638321302?0.5008032828191773?0.17006370422058725?0.35839402094857364?0.9378252370060425?0.5151414411072739?0.280656391030935
INFO: [ app_init ] --START--
INFO: Run Behavior\BuildLiteBehavior [ RunTime:0.000000s ]
INFO: [ app_init ] --END-- [ RunTime:0.000000s ]
INFO: [ app_begin ] --START--
INFO: Run Behavior\ReadHtmlCacheBehavior [ RunTime:0.000000s ]
INFO: [ app_begin ] --END-- [ RunTime:0.000000s ]
SQL: SHOW COLUMNS FROM `setting` [ RunTime:0.0000s ]
SQL: SELECT * FROM `setting`  [ RunTime:0.0000s ]
INFO: [ app_end ] --START--
INFO: Run Behavior\ShowPageTraceBehavior [ RunTime:0.000000s ]
INFO: [ app_end ] --END-- [ RunTime:0.000000s ]

[ 2017-11-28T11:32:08+08:00 ] ::1 /tpblog/index.php/Home/Index/verify.html?0.5701561957085763?0.03958861902182398?0.6838603057026107?0.044050037642946904?0.41476114778379336?0.8951862548316609?0.5378131987816133?0.22752045130558152?0.5330099688674221?0.42142346753720683?0.5859313929463912?0.9377333226035354?0.19237717814944633?0.0007449773910106483?0.07879040762796685?0.5186517289125352?0.5332416381486698?0.04839145606208972?0.5723979274103388?0.6729375424456541?0.9088839422642798?0.9926234409625263?0.9604373590965596?0.16291085825376173?0.7067821212044558?0.9030455200444589?0.8427789986609686?0.8007926311344695?0.1905756425581906?0.917109515526183?0.07993926601730195?0.8846583473964855?0.9470295328517659?0.13892518832993916?0.7177082318537364?0.5194389669302015?0.816668021442059?0.6653062966337706?0.817093535854885?0.9208509829218443?0.44090427508531604?0.5028408003352707?0.9374500690355037?0.2323480403950362?0.17720877022189319?0.5820910638321302?0.5008032828191773?0.17006370422058725?0.35839402094857364?0.9378252370060425?0.5151414411072739?0.280656391030935?0.3976697660431967
INFO: [ app_init ] --START--
INFO: Run Behavior\BuildLiteBehavior [ RunTime:0.000000s ]
INFO: [ app_init ] --END-- [ RunTime:0.015600s ]
INFO: [ app_begin ] --START--
INFO: Run Behavior\ReadHtmlCacheBehavior [ RunTime:0.000000s ]
INFO: [ app_begin ] --END-- [ RunTime:0.000000s ]
SQL: SHOW COLUMNS FROM `setting` [ RunTime:0.0000s ]
SQL: SELECT * FROM `setting`  [ RunTime:0.0000s ]
INFO: [ app_end ] --START--
INFO: Run Behavior\ShowPageTraceBehavior [ RunTime:0.000000s ]
INFO: [ app_end ] --END-- [ RunTime:0.000000s ]

[ 2017-11-28T11:32:09+08:00 ] ::1 /tpblog/index.php/Home/Index/verify.html?0.5701561957085763?0.03958861902182398?0.6838603057026107?0.044050037642946904?0.41476114778379336?0.8951862548316609?0.5378131987816133?0.22752045130558152?0.5330099688674221?0.42142346753720683?0.5859313929463912?0.9377333226035354?0.19237717814944633?0.0007449773910106483?0.07879040762796685?0.5186517289125352?0.5332416381486698?0.04839145606208972?0.5723979274103388?0.6729375424456541?0.9088839422642798?0.9926234409625263?0.9604373590965596?0.16291085825376173?0.7067821212044558?0.9030455200444589?0.8427789986609686?0.8007926311344695?0.1905756425581906?0.917109515526183?0.07993926601730195?0.8846583473964855?0.9470295328517659?0.13892518832993916?0.7177082318537364?0.5194389669302015?0.816668021442059?0.6653062966337706?0.817093535854885?0.9208509829218443?0.44090427508531604?0.5028408003352707?0.9374500690355037?0.2323480403950362?0.17720877022189319?0.5820910638321302?0.5008032828191773?0.17006370422058725?0.35839402094857364?0.9378252370060425?0.5151414411072739?0.280656391030935?0.3976697660431967?0.6012290813570813
INFO: [ app_init ] --START--
INFO: Run Behavior\BuildLiteBehavior [ RunTime:0.000000s ]
INFO: [ app_init ] --END-- [ RunTime:0.000000s ]
INFO: [ app_begin ] --START--
INFO: Run Behavior\ReadHtmlCacheBehavior [ RunTime:0.000000s ]
INFO: [ app_begin ] --END-- [ RunTime:0.000000s ]
SQL: SHOW COLUMNS FROM `setting` [ RunTime:0.0010s ]
SQL: SELECT * FROM `setting`  [ RunTime:0.0000s ]
INFO: [ app_end ] --START--
INFO: Run Behavior\ShowPageTraceBehavior [ RunTime:0.000000s ]
INFO: [ app_end ] --END-- [ RunTime:0.000000s ]

[ 2017-11-28T11:32:09+08:00 ] ::1 /tpblog/index.php/Home/Index/verify.html?0.5701561957085763?0.03958861902182398?0.6838603057026107?0.044050037642946904?0.41476114778379336?0.8951862548316609?0.5378131987816133?0.22752045130558152?0.5330099688674221?0.42142346753720683?0.5859313929463912?0.9377333226035354?0.19237717814944633?0.0007449773910106483?0.07879040762796685?0.5186517289125352?0.5332416381486698?0.04839145606208972?0.5723979274103388?0.6729375424456541?0.9088839422642798?0.9926234409625263?0.9604373590965596?0.16291085825376173?0.7067821212044558?0.9030455200444589?0.8427789986609686?0.8007926311344695?0.1905756425581906?0.917109515526183?0.07993926601730195?0.8846583473964855?0.9470295328517659?0.13892518832993916?0.7177082318537364?0.5194389669302015?0.816668021442059?0.6653062966337706?0.817093535854885?0.9208509829218443?0.44090427508531604?0.5028408003352707?0.9374500690355037?0.2323480403950362?0.17720877022189319?0.5820910638321302?0.5008032828191773?0.17006370422058725?0.35839402094857364?0.9378252370060425?0.5151414411072739?0.280656391030935?0.3976697660431967?0.6012290813570813?0.35138684519132246
INFO: [ app_init ] --START--
INFO: Run Behavior\BuildLiteBehavior [ RunTime:0.000000s ]
INFO: [ app_init ] --END-- [ RunTime:0.001000s ]
INFO: [ app_begin ] --START--
INFO: Run Behavior\ReadHtmlCacheBehavior [ RunTime:0.000000s ]
INFO: [ app_begin ] --END-- [ RunTime:0.000000s ]
SQL: SHOW COLUMNS FROM `setting` [ RunTime:0.0000s ]
SQL: SELECT * FROM `setting`  [ RunTime:0.0000s ]
INFO: [ app_end ] --START--
INFO: Run Behavior\ShowPageTraceBehavior [ RunTime:0.000000s ]
INFO: [ app_end ] --END-- [ RunTime:0.000000s ]

