[ 2017-11-29T17:55:47+08:00 ] ::1 /tpblog/index.php/Home/Index/read/
INFO: [ app_init ] --START--
INFO: Run Behavior\BuildLiteBehavior [ RunTime:0.000000s ]
INFO: [ app_init ] --END-- [ RunTime:0.154009s ]
INFO: [ app_begin ] --START--
INFO: Run Behavior\ReadHtmlCacheBehavior [ RunTime:0.002000s ]
INFO: [ app_begin ] --END-- [ RunTime:0.002000s ]
SQL: SHOW COLUMNS FROM `setting` [ RunTime:0.1470s ]
SQL: SELECT * FROM `setting`  [ RunTime:0.0010s ]
SQL: SHOW COLUMNS FROM `bwliulanliang` [ RunTime:0.1500s ]
SQL: SHOW COLUMNS FROM `page` [ RunTime:0.0990s ]
SQL: SELECT * FROM `page` WHERE `pid` = 0 LIMIT 1   [ RunTime:0.2650s ]
SQL: SHOW COLUMNS FROM `pinglun` [ RunTime:0.0190s ]
SQL: SELECT COUNT(*) AS tp_count FROM `pinglun` WHERE `wyan` = 0 LIMIT 1   [ RunTime:0.1020s ]
SQL: SELECT * FROM `pinglun` WHERE `wyan` = 0  [ RunTime:0.0010s ]
SQL: INSERT INTO `bwliulanliang` (`llan`,`bpid`) VALUES ('0','0') [ RunTime:0.0270s ]
INFO: [ view_parse ] --START--
INFO: [ template_filter ] --START--
INFO: Run Behavior\ContentReplaceBehavior [ RunTime:0.000000s ]
INFO: [ template_filter ] --END-- [ RunTime:0.000000s ]
INFO: Run Behavior\ParseTemplateBehavior [ RunTime:0.381022s ]
INFO: [ view_parse ] --END-- [ RunTime:0.382022s ]
INFO: [ view_filter ] --START--
INFO: Run Behavior\WriteHtmlCacheBehavior [ RunTime:0.004000s ]
INFO: [ view_filter ] --END-- [ RunTime:0.005000s ]
INFO: [ app_end ] --START--
INFO: Run Behavior\ShowPageTraceBehavior [ RunTime:0.002000s ]
INFO: [ app_end ] --END-- [ RunTime:0.002000s ]

havior [ RunTime:0.000000s ]
INFO: [ template_filter ] --END-- [ RunTime:0.000000s ]
INFO: Run Behavior\ParseTemplateBehavior [ RunTime:0.286017s ]
INFO: [ view_parse ] --END-- [ RunTime:0.286017s ]
INFO: [ view_filter ] --START--
INFO: Run Behavior\WriteHtmlCacheBehavior [ RunTime:0.018001s ]
INFO: [ view_filter ] --END-- [ RunTime:0.019001s ]
INFO: [ app_end ] --START--
INFO: Run Behavior\ShowPageTraceBehavior [ RunTime:0.024001s ]
INFO: [ app_end ] --END-- [ RunTime:0.034002s ]

[ 2017-11-29T17:56:27+08:00 ] ::1 /tpblog/index.php/Home/Index/index.html
INFO: [ app_init ] --START--
INFO: Run Behavior\BuildLiteBehavior [ RunTime:0.000000s ]
INFO: [ app_init ] --END-- [ RunTime:0.001000s ]
INFO: [ app_begin ] --START--
INFO: Run Behavior\ReadHtmlCacheBehavior [ RunTime:0.002000s ]
INFO: [ app_begin ] --END-- [ RunTime:0.002000s ]
SQL: SHOW COLUMNS FROM `setting` [ RunTime:0.0100s ]
SQL: SELECT * FROM `setting`  [ RunTime:0.0010s ]
SQL: SHOW COLUMNS FROM `admin` [ RunTime:0.0100s ]
SQL: SELECT * FROM `admin` ORDER BY aid desc  [ RunTime:0.0010s ]
SQL: SHOW COLUMNS FROM `page` [ RunTime:0.0090s ]
SQL: SHOW COLUMNS FROM `grzl` [ RunTime:0.0100s ]
SQL: SHOW COLUMNS FROM `pinglun` [ RunTime:0.0120s ]
SQL: SHOW COLUMNS FROM `haoshu` [ RunTime:0.0100s ]
SQL: SELECT COUNT(*) AS tp_count FROM `page` LIMIT 1   [ RunTime:0.0010s ]
SQL: SELECT COUNT(*) AS tp_count FROM `page` WHERE `lx` = '趣闻' LIMIT 1   [ RunTime:0.0010s ]
SQL: SELECT COUNT(*) AS tp_count FROM `page` WHERE `lx` = '人文' LIMIT 1   [ RunTime:0.0010s ]
SQL: SELECT COUNT(*) AS tp_count FROM `page` WHERE `lx` = '美食' LIMIT 1   [ RunTime:0.0010s ]
SQL: SELECT * FROM `setting`  [ RunTime:0.0010s ]
SQL: SELECT * FROM `grzl` WHERE `yan` = null LIMIT 1   [ RunTime:0.0010s ]
SQL: SELECT * FROM `page` ORDER BY pid desc LIMIT 0,10   [ RunTime:0.0020s ]
SQL: SELECT * FROM `pinglun` LIMIT 1   [ RunTime:0.0010s ]
SQL: SELECT * FROM `haoshu`  [ RunTime:0.0020s ]
INFO: [ view_parse ] --START--
INFO: [ template_filter ] --START--
INFO: Run Behavior\ContentReplaceBehavior [ RunTime:0.000000s ]
INFO: [ template_filter ] --END-- [ RunTime:0.001000s ]
INFO: Run Behavior\ParseTemplateBehavior [ RunTime:0.026002s ]
INFO: [ view_parse ] --END-- [ RunTime:0.026002s ]
INFO: [ view_filter ] --START--
INFO: Run Behavior\WriteHtmlCacheBehavior [ RunTime:0.002000s ]
INFO: [ view_filter ] --END-- [ RunTime:0.002000s ]
INFO: [ app_end ] --START--
INFO: Run Behavior\ShowPageTraceBehavior [ RunTime:0.002000s ]
INFO: [ app_end ] --END-- [ RunTime:0.002000s ]

[ 2017-11-29T17:56:27+08:00 ] ::1 /tpblog/index.php/Home/favicon.ico
INFO: [ app_init ] --START--
INFO: Run Behavior\BuildLiteBehavior [ RunTime:0.000000s ]
INFO: [ app_init ] --END-- [ RunTime:0.001001s ]

[ 2017-11-29T17:56:34+08:00 ] ::1 /tpblog/index.php/Home/Index/login.html
INFO: [ app_init ] --START--
INFO: Run Behavior\BuildLiteBehavior [ RunTime:0.000000s ]
INFO: [ app_init ] --END-- [ RunTime:0.002000s ]
INFO: [ app_begin ] --START--
INFO: Run Behavior\ReadHtmlCacheBehavior [ RunTime:0.002000s ]
INFO: [ app_begin ] --END-- [ RunTime:0.002000s ]
SQL: SHOW COLUMNS FROM `setting` [ RunTime:0.0140s ]
SQL: SELECT * FROM `setting`  [ RunTime:0.0010s ]
INFO: [ view_parse ] --START--
INFO: [ template_filter ] --START--
INFO: Run Behavior\ContentReplaceBehavior [ RunTime:0.000000s ]
INFO: [ template_filter ] --END-- [ RunTime:0.001000s ]
INFO: Run Behavior\ParseTemplateBehavior [ RunTime:0.123007s ]
INFO: [ view_parse ] --END-- [ RunTime:0.124007s ]
INFO: [ view_filter ] --START--
INFO: Run Behavior\WriteHtmlCacheBehavior [ RunTime:0.001000s ]
INFO: [ view_filter ] --END-- [ RunTime:0.001000s ]
INFO: [ app_end ] --START--
INFO: Run Behavior\ShowPageTraceBehavior [ RunTime:0.002000s ]
INFO: [ app_end ] --END-- [ RunTime:0.002000s ]

[ 2017-11-29T17:56:35+08:00 ] ::1 /tpblog/index.php/Home/Index/verify.html
INFO: [ app_init ] --START--
INFO: Run Behavior\BuildLiteBehavior [ RunTime:0.000000s ]
INFO: [ app_init ] --END-- [ RunTime:0.001000s ]
INFO: [ app_begin ] --START--
INFO: Run Behavior\ReadHtmlCacheBehavior [ RunTime:0.001000s ]
INFO: [ app_begin ] --END-- [ RunTime:0.002000s ]
SQL: SHOW COLUMNS FROM `setting` [ RunTime:0.0100s ]
SQL: SELECT * FROM `setting`  [ RunTime:0.0010s ]
INFO: [ app_end ] --START--
INFO: Run Behavior\ShowPageTraceBehavior [ RunTime:0.004000s ]
INFO: [ app_end ] --END-- [ RunTime:0.004000s ]

[ 2017-11-29T17:56:38+08:00 ] ::1 /tpblog/index.php/Home/Index/verify.html?0.7053104678419146
INFO: [ app_init ] --START--
INFO: Run Behavior\BuildLiteBehavior [ RunTime:0.000000s ]
INFO: [ app_init ] --END-- [ RunTime:0.002000s ]
INFO: [ app_begin ] --START--
INFO: Run Behavior\ReadHtmlCacheBehavior [ RunTime:0.001000s ]
INFO: [ app_begin ] --END-- [ RunTime:0.001000s ]
SQL: SHOW COLUMNS FROM `setting` [ RunTime:0.0090s ]
SQL: SELECT * FROM `setting`  [ RunTime:0.0000s ]
INFO: [ app_end ] --START--
INFO: Run Behavior\ShowPageTraceBehavior [ RunTime:0.003000s ]
INFO: [ app_end ] --END-- [ RunTime:0.004000s ]

[ 2017-11-29T17:56:38+08:00 ] ::1 /tpblog/index.php/Home/Index/verify.html?0.7053104678419146?0.6634396639202191
INFO: [ app_init ] --START--
INFO: Run Behavior\BuildLiteBehavior [ RunTime:0.000000s ]
INFO: [ app_init ] --END-- [ RunTime:0.001000s ]
INFO: [ app_begin ] --START--
INFO: Run Behavior\ReadHtmlCacheBehavior [ RunTime:0.001000s ]
INFO: [ app_begin ] --END-- [ RunTime:0.001000s ]
SQL: SHOW COLUMNS FROM `setting` [ RunTime:0.0090s ]
SQL: SELECT * FROM `setting`  [ RunTime:0.0010s ]
INFO: [ app_end ] --START--
INFO: Run Behavior\ShowPageTraceBehavior [ RunTime:0.001000s ]
INFO: [ app_end ] --END-- [ RunTime:0.001000s ]

[ 2017-11-29T17:56:38+08:00 ] ::1 /tpblog/index.php/Home/Index/verify.html?0.7053104678419146?0.6634396639202191?0.0004277358392927866
INFO: [ app_init ] --START--
INFO: Run Behavior\BuildLiteBehavior [ RunTime:0.000000s ]
INFO: [ app_init ] --END-- [ RunTime:0.001000s ]
INFO: [ app_begin ] --START--
INFO: Run Behavior\ReadHtmlCacheBehavior [ RunTime:0.001001s ]
INFO: [ app_begin ] --END-- [ RunTime:0.002001s ]
SQL: SHOW COLUMNS FROM `setting` [ RunTime:0.0100s ]
SQL: SELECT * FROM `setting`  [ RunTime:0.0010s ]
INFO: [ app_end ] --START--
INFO: Run Behavior\ShowPageTraceBehavior [ RunTime:0.001000s ]
INFO: [ app_end ] --END-- [ RunTime:0.001000s ]

[ 2017-11-29T17:56:39+08:00 ] ::1 /tpblog/index.php/Home/Index/verify.html?0.7053104678419146?0.6634396639202191?0.0004277358392927866?0.06629597925695041
INFO: [ app_init ] --START--
INFO: Run Behavior\BuildLiteBehavior [ RunTime:0.000000s ]
INFO: [ app_init ] --END-- [ RunTime:0.001000s ]
INFO: [ app_begin ] --START--
INFO: Run Behavior\ReadHtmlCacheBehavior [ RunTime:0.001000s ]
INFO: [ app_begin ] --END-- [ RunTime:0.001000s ]
SQL: SHOW COLUMNS FROM `setting` [ RunTime:0.0100s ]
SQL: SELECT * FROM `setting`  [ RunTime:0.0010s ]
INFO: [ app_end ] --START--
INFO: Run Behavior\ShowPageTraceBehavior [ RunTime:0.002000s ]
INFO: [ app_end ] --END-- [ RunTime:0.002000s ]

[ 2017-11-29T17:56:39+08:00 ] ::1 /tpblog/index.php/Home/Index/verify.html?0.7053104678419146?0.6634396639202191?0.0004277358392927866?0.06629597925695041?0.932307137017814
INFO: [ app_init ] --START--
INFO: Run Behavior\BuildLiteBehavior [ RunTime:0.000000s ]
INFO: [ app_init ] --END-- [ RunTime:0.001000s ]
INFO: [ app_begin ] --START--
INFO: Run Behavior\ReadHtmlCacheBehavior [ RunTime:0.001001s ]
INFO: [ app_begin ] --END-- [ RunTime:0.001001s ]
SQL: SHOW COLUMNS FROM `setting` [ RunTime:0.0090s ]
SQL: SELECT * FROM `setting`  [ RunTime:0.0000s ]
INFO: [ app_end ] --START--
INFO: Run Behavior\ShowPageTraceBehavior [ RunTime:0.001000s ]
INFO: [ app_end ] --END-- [ RunTime:0.001000s ]

[ 2017-11-29T17:56:40+08:00 ] ::1 /tpblog/index.php/Home/Index/verify.html?0.7053104678419146?0.6634396639202191?0.0004277358392927866?0.06629597925695041?0.932307137017814?0.8817872534582176
INFO: [ app_init ] --START--
INFO: Run Behavior\BuildLiteBehavior [ RunTime:0.000000s ]
INFO: [ app_init ] --END-- [ RunTime:0.001000s ]
INFO: [ app_begin ] --START--
INFO: Run Behavior\ReadHtmlCacheBehavior [ RunTime:0.001000s ]
INFO: [ app_begin ] --END-- [ RunTime:0.001000s ]
SQL: SHOW COLUMNS FROM `setting` [ RunTime:0.0080s ]
SQL: SELECT * FROM `setting`  [ RunTime:0.0010s ]
INFO: [ app_end ] --START--
INFO: Run Behavior\ShowPageTraceBehavior [ RunTime:0.001000s ]
INFO: [ app_end ] --END-- [ RunTime:0.001000s ]

[ 2017-11-29T17:56:40+08:00 ] ::1 /tpblog/index.php/Home/Index/verify.html?0.7053104678419146?0.6634396639202191?0.0004277358392927866?0.06629597925695041?0.932307137017814?0.8817872534582176?0.5797607706774819
INFO: [ app_init ] --START--
INFO: Run Behavior\BuildLiteBehavior [ RunTime:0.000000s ]
INFO: [ app_init ] --END-- [ RunTime:0.001000s ]
INFO: [ app_begin ] --START--
INFO: Run Behavior\ReadHtmlCacheBehavior [ RunTime:0.001000s ]
INFO: [ app_begin ] --END-- [ RunTime:0.001000s ]
SQL: SHOW COLUMNS FROM `setting` [ RunTime:0.0090s ]
SQL: SELECT * FROM `setting`  [ RunTime:0.0010s ]
INFO: [ app_end ] --START--
INFO: Run Behavior\ShowPageTraceBehavior [ RunTime:0.001000s ]
INFO: [ app_end ] --END-- [ RunTime:0.001000s ]

[ 2017-11-29T17:56:41+08:00 ] ::1 /tpblog/index.php/Home/Index/verify.html?0.7053104678419146?0.6634396639202191?0.0004277358392927866?0.06629597925695041?0.932307137017814?0.8817872534582176?0.5797607706774819?0.31445076130833116
INFO: [ app_init ] --START--
INFO: Run Behavior\BuildLiteBehavior [ RunTime:0.000000s ]
INFO: [ app_init ] --END-- [ RunTime:0.000000s ]
INFO: [ app_begin ] --START--
INFO: Run Behavior\ReadHtmlCacheBehavior [ RunTime:0.001000s ]
INFO: [ app_begin ] --END-- [ RunTime:0.001000s ]
SQL: SHOW COLUMNS FROM `setting` [ RunTime:0.0090s ]
SQL: SELECT * FROM `setting`  [ RunTime:0.0010s ]
INFO: [ app_end ] --START--
INFO: Run Behavior\ShowPageTraceBehavior [ RunTime:0.002000s ]
INFO: [ app_end ] --END-- [ RunTime:0.002000s ]

[ 2017-11-29T17:56:41+08:00 ] ::1 /tpblog/index.php/Home/Index/verify.html?0.7053104678419146?0.6634396639202191?0.0004277358392927866?0.06629597925695041?0.932307137017814?0.8817872534582176?0.5797607706774819?0.31445076130833116?0.5181786114227649
INFO: [ app_init ] --START--
INFO: Run Behavior\BuildLiteBehavior [ RunTime:0.000000s ]
INFO: [ app_init ] --END-- [ RunTime:0.001000s ]
INFO: [ app_begin ] --START--
INFO: Run Behavior\ReadHtmlCacheBehavior [ RunTime:0.002000s ]
INFO: [ app_begin ] --END-- [ RunTime:0.002000s ]
SQL: SHOW COLUMNS FROM `setting` [ RunTime:0.0100s ]
SQL: SELECT * FROM `setting`  [ RunTime:0.0020s ]
INFO: [ app_end ] --START--
INFO: Run Behavior\ShowPageTraceBehavior [ RunTime:0.002000s ]
INFO: [ app_end ] --END-- [ RunTime:0.002000s ]

[ 2017-11-29T17:56:42+08:00 ] ::1 /tpblog/index.php/Home/Index/verify.html?0.7053104678419146?0.6634396639202191?0.0004277358392927866?0.06629597925695041?0.932307137017814?0.8817872534582176?0.5797607706774819?0.31445076130833116?0.5181786114227649?0.3744695981433548
INFO: [ app_init ] --START--
INFO: Run Behavior\BuildLiteBehavior [ RunTime:0.000000s ]
INFO: [ app_init ] --END-- [ RunTime:0.001000s ]
INFO: [ app_begin ] --START--
INFO: Run Behavior\ReadHtmlCacheBehavior [ RunTime:0.001000s ]
INFO: [ app_begin ] --END-- [ RunTime:0.001000s ]
SQL: SHOW COLUMNS FROM `setting` [ RunTime:0.0090s ]
SQL: SELECT * FROM `setting`  [ RunTime:0.0010s ]
INFO: [ app_end ] --START--
INFO: Run Behavior\ShowPageTraceBehavior [ RunTime:0.001000s ]
INFO: [ app_end ] --END-- [ RunTime:0.002000s ]

[ 2017-11-29T17:56:50+08:00 ] ::1 /tpblog/index.php/Home/Index/verify.html?0.7053104678419146?0.6634396639202191?0.0004277358392927866?0.06629597925695041?0.932307137017814?0.8817872534582176?0.5797607706774819?0.31445076130833116?0.5181786114227649?0.3744695981433548?0.5987630656892755
INFO: [ app_init ] --START--
INFO: Run Behavior\BuildLiteBehavior [ RunTime:0.000000s ]
INFO: [ app_init ] --END-- [ RunTime:0.002000s ]
INFO: [ app_begin ] --START--
INFO: Run Behavior\ReadHtmlCacheBehavior [ RunTime:0.001000s ]
INFO: [ app_begin ] --END-- [ RunTime:0.002000s ]
SQL: SHOW COLUMNS FROM `setting` [ RunTime:0.0090s ]
SQL: SELECT * FROM `setting`  [ RunTime:0.0000s ]
INFO: [ app_end ] --START--
INFO: Run Behavior\ShowPageTraceBehavior [ RunTime:0.001000s ]
INFO: [ app_end ] --END-- [ RunTime:0.002000s ]

[ 2017-11-29T17:56:51+08:00 ] ::1 /tpblog/index.php/Home/Index/verify.html?0.7053104678419146?0.6634396639202191?0.0004277358392927866?0.06629597925695041?0.932307137017814?0.8817872534582176?0.5797607706774819?0.31445076130833116?0.5181786114227649?0.3744695981433548?0.5987630656892755?0.386153639709063
INFO: [ app_init ] --START--
INFO: Run Behavior\BuildLiteBehavior [ RunTime:0.000000s ]
INFO: [ app_init ] --END-- [ RunTime:0.001000s ]
INFO: [ app_begin ] --START--
INFO: Run Behavior\ReadHtmlCacheBehavior [ RunTime:0.002000s ]
INFO: [ app_begin ] --END-- [ RunTime:0.002000s ]
SQL: SHOW COLUMNS FROM `setting` [ RunTime:0.0090s ]
SQL: SELECT * FROM `setting`  [ RunTime:0.0000s ]
INFO: [ app_end ] --START--
INFO: Run Behavior\ShowPageTraceBehavior [ RunTime:0.001000s ]
INFO: [ app_end ] --END-- [ RunTime:0.001000s ]

[ 2017-11-29T17:56:51+08:00 ] ::1 /tpblog/index.php/Home/Index/verify.html?0.7053104678419146?0.6634396639202191?0.0004277358392927866?0.06629597925695041?0.932307137017814?0.8817872534582176?0.5797607706774819?0.31445076130833116?0.5181786114227649?0.3744695981433548?0.5987630656892755?0.386153639709063?0.4430533368300429
INFO: [ app_init ] --START--
INFO: Run Behavior\BuildLiteBehavior [ RunTime:0.000000s ]
INFO: [ app_init ] --END-- [ RunTime:0.001000s ]
INFO: [ app_begin ] --START--
INFO: Run Behavior\ReadHtmlCacheBehavior [ RunTime:0.001000s ]
INFO: [ app_begin ] --END-- [ RunTime:0.001000s ]
SQL: SHOW COLUMNS FROM `setting` [ RunTime:0.0090s ]
SQL: SELECT * FROM `setting`  [ RunTime:0.0010s ]
INFO: [ app_end ] --START--
INFO: Run Behavior\ShowPageTraceBehavior [ RunTime:0.001000s ]
INFO: [ app_end ] --END-- [ RunTime:0.001000s ]

[ 2017-11-29T17:56:52+08:00 ] ::1 /tpblog/index.php/Home/Index/verify.html?0.7053104678419146?0.6634396639202191?0.0004277358392927866?0.06629597925695041?0.932307137017814?0.8817872534582176?0.5797607706774819?0.31445076130833116?0.5181786114227649?0.3744695981433548?0.5987630656892755?0.386153639709063?0.4430533368300429?0.571995286890363
INFO: [ app_init ] --START--
INFO: Run Behavior\BuildLiteBehavior [ RunTime:0.000000s ]
INFO: [ app_init ] --END-- [ RunTime:0.001000s ]
INFO: [ app_begin ] --START--
INFO: Run Behavior\ReadHtmlCacheBehavior [ RunTime:0.002000s ]
INFO: [ app_begin ] --END-- [ RunTime:0.002000s ]
SQL: SHOW COLUMNS FROM `setting` [ RunTime:0.0100s ]
SQL: SELECT * FROM `setting`  [ RunTime:0.0010s ]
INFO: [ app_end ] --START--
INFO: Run Behavior\ShowPageTraceBehavior [ RunTime:0.002000s ]
INFO: [ app_end ] --END-- [ RunTime:0.002000s ]

[ 2017-11-29T17:56:53+08:00 ] ::1 /tpblog/index.php/Home/Index/verify.html?0.7053104678419146?0.6634396639202191?0.0004277358392927866?0.06629597925695041?0.932307137017814?0.8817872534582176?0.5797607706774819?0.31445076130833116?0.5181786114227649?0.3744695981433548?0.5987630656892755?0.386153639709063?0.4430533368300429?0.571995286890363?0.8865687030670297
INFO: [ app_init ] --START--
INFO: Run Behavior\BuildLiteBehavior [ RunTime:0.000000s ]
INFO: [ app_init ] --END-- [ RunTime:0.001000s ]
INFO: [ app_begin ] --START--
INFO: Run Behavior\ReadHtmlCacheBehavior [ RunTime:0.001000s ]
INFO: [ app_begin ] --END-- [ RunTime:0.001000s ]
SQL: SHOW COLUMNS FROM `setting` [ RunTime:0.0090s ]
SQL: SELECT * FROM `setting`  [ RunTime:0.0010s ]
INFO: [ app_end ] --START--
INFO: Run Behavior\ShowPageTraceBehavior [ RunTime:0.001000s ]
INFO: [ app_end ] --END-- [ RunTime:0.002000s ]

[ 2017-11-29T17:56:54+08:00 ] ::1 /tpblog/index.php/Home/Index/verify.html?0.7053104678419146?0.6634396639202191?0.0004277358392927866?0.06629597925695041?0.932307137017814?0.8817872534582176?0.5797607706774819?0.31445076130833116?0.5181786114227649?0.3744695981433548?0.5987630656892755?0.386153639709063?0.4430533368300429?0.571995286890363?0.8865687030670297?0.03910254949755121
INFO: [ app_init ] --START--
INFO: Run Behavior\BuildLiteBehavior [ RunTime:0.000000s ]
INFO: [ app_init ] --END-- [ RunTime:0.001000s ]
INFO: [ app_begin ] --START--
INFO: Run Behavior\ReadHtmlCacheBehavior [ RunTime:0.001000s ]
INFO: [ app_begin ] --END-- [ RunTime:0.002000s ]
SQL: SHOW COLUMNS FROM `setting` [ RunTime:0.0100s ]
SQL: SELECT * FROM `setting`  [ RunTime:0.0010s ]
INFO: [ app_end ] --START--
INFO: Run Behavior\ShowPageTraceBehavior [ RunTime:0.002000s ]
INFO: [ app_end ] --END-- [ RunTime:0.002000s ]

[ 2017-11-29T17:56:54+08:00 ] ::1 /tpblog/index.php/Home/Index/verify.html?0.7053104678419146?0.6634396639202191?0.0004277358392927866?0.06629597925695041?0.932307137017814?0.8817872534582176?0.5797607706774819?0.31445076130833116?0.5181786114227649?0.3744695981433548?0.5987630656892755?0.386153639709063?0.4430533368300429?0.571995286890363?0.8865687030670297?0.03910254949755121?0.6962049034993072
INFO: [ app_init ] --START--
INFO: Run Behavior\BuildLiteBehavior [ RunTime:0.000000s ]
INFO: [ app_init ] --END-- [ RunTime:0.001000s ]
INFO: [ app_begin ] --START--
INFO: Run Behavior\ReadHtmlCacheBehavior [ RunTime:0.001000s ]
INFO: [ app_begin ] --END-- [ RunTime:0.001000s ]
SQL: SHOW COLUMNS FROM `setting` [ RunTime:0.0080s ]
SQL: SELECT * FROM `setting`  [ RunTime:0.0000s ]
INFO: [ app_end ] --START--
INFO: Run Behavior\ShowPageTraceBehavior [ RunTime:0.002000s ]
INFO: [ app_end ] --END-- [ RunTime:0.002000s ]

[ 2017-11-29T17:56:55+08:00 ] ::1 /tpblog/index.php/Home/Index/verify.html?0.7053104678419146?0.6634396639202191?0.0004277358392927866?0.06629597925695041?0.932307137017814?0.8817872534582176?0.5797607706774819?0.31445076130833116?0.5181786114227649?0.3744695981433548?0.5987630656892755?0.386153639709063?0.4430533368300429?0.571995286890363?0.8865687030670297?0.03910254949755121?0.6962049034993072?0.6990083981524993
INFO: [ app_init ] --START--
INFO: Run Behavior\BuildLiteBehavior [ RunTime:0.000000s ]
INFO: [ app_init ] --END-- [ RunTime:0.001000s ]
INFO: [ app_begin ] --START--
INFO: Run Behavior\ReadHtmlCacheBehavior [ RunTime:0.001000s ]
INFO: [ app_begin ] --END-- [ RunTime:0.001000s ]
SQL: SHOW COLUMNS FROM `setting` [ RunTime:0.0080s ]
SQL: SELECT * FROM `setting`  [ RunTime:0.0010s ]
INFO: [ app_end ] --START--
INFO: Run Behavior\ShowPageTraceBehavior [ RunTime:0.002000s ]
INFO: [ app_end ] --END-- [ RunTime:0.002000s ]

[ 2017-11-29T17:56:56+08:00 ] ::1 /tpblog/index.php/Home/Index/verify.html?0.7053104678419146?0.6634396639202191?0.0004277358392927866?0.06629597925695041?0.932307137017814?0.8817872534582176?0.5797607706774819?0.31445076130833116?0.5181786114227649?0.3744695981433548?0.5987630656892755?0.386153639709063?0.4430533368300429?0.571995286890363?0.8865687030670297?0.03910254949755121?0.6962049034993072?0.6990083981524993?0.9783641273996146
INFO: [ app_init ] --START--
INFO: Run Behavior\BuildLiteBehavior [ RunTime:0.000000s ]
INFO: [ app_init ] --END-- [ RunTime:0.001000s ]
INFO: [ app_begin ] --START--
INFO: Run Behavior\ReadHtmlCacheBehavior [ RunTime:0.001000s ]
INFO: [ app_begin ] --END-- [ RunTime:0.001000s ]
SQL: SHOW COLUMNS FROM `setting` [ RunTime:0.0090s ]
SQL: SELECT * FROM `setting`  [ RunTime:0.0010s ]
INFO: [ app_end ] --START--
INFO: Run Behavior\ShowPageTraceBehavior [ RunTime:0.002000s ]
INFO: [ app_end ] --END-- [ RunTime:0.002000s ]

[ 2017-11-29T17:56:57+08:00 ] ::1 /tpblog/index.php/Home/Index/verify.html?0.7053104678419146?0.6634396639202191?0.0004277358392927866?0.06629597925695041?0.932307137017814?0.8817872534582176?0.5797607706774819?0.31445076130833116?0.5181786114227649?0.3744695981433548?0.5987630656892755?0.386153639709063?0.4430533368300429?0.571995286890363?0.8865687030670297?0.03910254949755121?0.6962049034993072?0.6990083981524993?0.9783641273996146?0.822123161980292
INFO: [ app_init ] --START--
INFO: Run Behavior\BuildLiteBehavior [ RunTime:0.000000s ]
INFO: [ app_init ] --END-- [ RunTime:0.001000s ]
INFO: [ app_begin ] --START--
INFO: Run Behavior\ReadHtmlCacheBehavior [ RunTime:0.001000s ]
INFO: [ app_begin ] --END-- [ RunTime:0.001000s ]
SQL: SHOW COLUMNS FROM `setting` [ RunTime:0.0090s ]
SQL: SELECT * FROM `setting`  [ RunTime:0.0010s ]
INFO: [ app_end ] --START--
INFO: Run Behavior\ShowPageTraceBehavior [ RunTime:0.001000s ]
INFO: [ app_end ] --END-- [ RunTime:0.001000s ]

[ 2017-11-29T17:56:58+08:00 ] ::1 /tpblog/index.php/Home/Index/verify.html?0.7053104678419146?0.6634396639202191?0.0004277358392927866?0.06629597925695041?0.932307137017814?0.8817872534582176?0.5797607706774819?0.31445076130833116?0.5181786114227649?0.3744695981433548?0.5987630656892755?0.386153639709063?0.4430533368300429?0.571995286890363?0.8865687030670297?0.03910254949755121?0.6962049034993072?0.6990083981524993?0.9783641273996146?0.822123161980292?0.9903137760639216
INFO: [ app_init ] --START--
INFO: Run Behavior\BuildLiteBehavior [ RunTime:0.000000s ]
INFO: [ app_init ] --END-- [ RunTime:0.001000s ]
INFO: [ app_begin ] --START--
INFO: Run Behavior\ReadHtmlCacheBehavior [ RunTime:0.001001s ]
INFO: [ app_begin ] --END-- [ RunTime:0.001001s ]
SQL: SHOW COLUMNS FROM `setting` [ RunTime:0.0090s ]
SQL: SELECT * FROM `setting`  [ RunTime:0.0010s ]
INFO: [ app_end ] --START--
INFO: Run Behavior\ShowPageTraceBehavior [ RunTime:0.001001s ]
INFO: [ app_end ] --END-- [ RunTime:0.002001s ]

[ 2017-11-29T17:56:59+08:00 ] ::1 /tpblog/index.php/Home/Index/verify.html?0.7053104678419146?0.6634396639202191?0.0004277358392927866?0.06629597925695041?0.932307137017814?0.8817872534582176?0.5797607706774819?0.31445076130833116?0.5181786114227649?0.3744695981433548?0.5987630656892755?0.386153639709063?0.4430533368300429?0.571995286890363?0.8865687030670297?0.03910254949755121?0.6962049034993072?0.6990083981524993?0.9783641273996146?0.822123161980292?0.9903137760639216?0.23323080947477481
INFO: [ app_init ] --START--
INFO: Run Behavior\BuildLiteBehavior [ RunTime:0.000000s ]
INFO: [ app_init ] --END-- [ RunTime:0.000000s ]
INFO: [ app_begin ] --START--
INFO: Run Behavior\ReadHtmlCacheBehavior [ RunTime:0.002000s ]
INFO: [ app_begin ] --END-- [ RunTime:0.002000s ]
SQL: SHOW COLUMNS FROM `setting` [ RunTime:0.0100s ]
SQL: SELECT * FROM `setting`  [ RunTime:0.0010s ]
INFO: [ app_end ] --START--
INFO: Run Behavior\ShowPageTraceBehavior [ RunTime:0.002000s ]
INFO: [ app_end ] --END-- [ RunTime:0.002000s ]

[ 2017-11-29T17:57:00+08:00 ] ::1 /tpblog/index.php/Home/Index/verify.html?0.7053104678419146?0.6634396639202191?0.0004277358392927866?0.06629597925695041?0.932307137017814?0.8817872534582176?0.5797607706774819?0.31445076130833116?0.5181786114227649?0.3744695981433548?0.5987630656892755?0.386153639709063?0.4430533368300429?0.571995286890363?0.8865687030670297?0.03910254949755121?0.6962049034993072?0.6990083981524993?0.9783641273996146?0.822123161980292?0.9903137760639216?0.23323080947477481?0.17306434032496631
INFO: [ app_init ] --START--
INFO: Run Behavior\BuildLiteBehavior [ RunTime:0.000000s ]
INFO: [ app_init ] --END-- [ RunTime:0.001000s ]
INFO: [ app_begin ] --START--
INFO: Run Behavior\ReadHtmlCacheBehavior [ RunTime:0.001000s ]
INFO: [ app_begin ] --END-- [ RunTime:0.001000s ]
SQL: SHOW COLUMNS FROM `setting` [ RunTime:0.0090s ]
SQL: SELECT * FROM `setting`  [ RunTime:0.0000s ]
INFO: [ app_end ] --START--
INFO: Run Behavior\ShowPageTraceBehavior [ RunTime:0.001000s ]
INFO: [ app_end ] --END-- [ RunTime:0.001000s ]

[ 2017-11-29T17:57:00+08:00 ] ::1 /tpblog/index.php/Home/Index/verify.html?0.7053104678419146?0.6634396639202191?0.0004277358392927866?0.06629597925695041?0.932307137017814?0.8817872534582176?0.5797607706774819?0.31445076130833116?0.5181786114227649?0.3744695981433548?0.5987630656892755?0.386153639709063?0.4430533368300429?0.571995286890363?0.8865687030670297?0.03910254949755121?0.6962049034993072?0.6990083981524993?0.9783641273996146?0.822123161980292?0.9903137760639216?0.23323080947477481?0.17306434032496631?0.02499052224806597
INFO: [ app_init ] --START--
INFO: Run Behavior\BuildLiteBehavior [ RunTime:0.000000s ]
INFO: [ app_init ] --END-- [ RunTime:0.001000s ]
INFO: [ app_begin ] --START--
INFO: Run Behavior\ReadHtmlCacheBehavior [ RunTime:0.001000s ]
INFO: [ app_begin ] --END-- [ RunTime:0.002000s ]
SQL: SHOW COLUMNS FROM `setting` [ RunTime:0.0100s ]
SQL: SELECT * FROM `setting`  [ RunTime:0.0010s ]
INFO: [ app_end ] --START--
INFO: Run Behavior\ShowPageTraceBehavior [ RunTime:0.001000s ]
INFO: [ app_end ] --END-- [ RunTime:0.001000s ]

[ 2017-11-29T17:57:01+08:00 ] ::1 /tpblog/index.php/Home/Index/verify.html?0.7053104678419146?0.6634396639202191?0.0004277358392927866?0.06629597925695041?0.932307137017814?0.8817872534582176?0.5797607706774819?0.31445076130833116?0.5181786114227649?0.3744695981433548?0.5987630656892755?0.386153639709063?0.4430533368300429?0.571995286890363?0.8865687030670297?0.03910254949755121?0.6962049034993072?0.6990083981524993?0.9783641273996146?0.822123161980292?0.9903137760639216?0.23323080947477481?0.17306434032496631?0.02499052224806597?0.7913791134932662
INFO: [ app_init ] --START--
INFO: Run Behavior\BuildLiteBehavior [ RunTime:0.000000s ]
INFO: [ app_init ] --END-- [ RunTime:0.001000s ]
INFO: [ app_begin ] --START--
INFO: Run Behavior\ReadHtmlCacheBehavior [ RunTime:0.001000s ]
INFO: [ app_begin ] --END-- [ RunTime:0.001000s ]
SQL: SHOW COLUMNS FROM `setting` [ RunTime:0.0090s ]
SQL: SELECT * FROM `setting`  [ RunTime:0.0010s ]
INFO: [ app_end ] --START--
INFO: Run Behavior\ShowPageTraceBehavior [ RunTime:0.001000s ]
INFO: [ app_end ] --END-- [ RunTime:0.001000s ]

[ 2017-11-29T17:57:02+08:00 ] ::1 /tpblog/index.php/Home/Index/verify.html?0.7053104678419146?0.6634396639202191?0.0004277358392927866?0.06629597925695041?0.932307137017814?0.8817872534582176?0.5797607706774819?0.31445076130833116?0.5181786114227649?0.3744695981433548?0.5987630656892755?0.386153639709063?0.4430533368300429?0.571995286890363?0.8865687030670297?0.03910254949755121?0.6962049034993072?0.6990083981524993?0.9783641273996146?0.822123161980292?0.9903137760639216?0.23323080947477481?0.17306434032496631?0.02499052224806597?0.7913791134932662?0.4392180104352217
INFO: [ app_init ] --START--
INFO: Run Behavior\BuildLiteBehavior [ RunTime:0.000000s ]
INFO: [ app_init ] --END-- [ RunTime:0.001000s ]
INFO: [ app_begin ] --START--
INFO: Run Behavior\ReadHtmlCacheBehavior [ RunTime:0.001000s ]
INFO: [ app_begin ] --END-- [ RunTime:0.002000s ]
SQL: SHOW COLUMNS FROM `setting` [ RunTime:0.0100s ]
SQL: SELECT * FROM `setting`  [ RunTime:0.0000s ]
INFO: [ app_end ] --START--
INFO: Run Behavior\ShowPageTraceBehavior [ RunTime:0.001000s ]
INFO: [ app_end ] --END-- [ RunTime:0.001000s ]

[ 2017-11-29T17:57:03+08:00 ] ::1 /tpblog/index.php/Home/Index/verify.html?0.7053104678419146?0.6634396639202191?0.0004277358392927866?0.06629597925695041?0.932307137017814?0.8817872534582176?0.5797607706774819?0.31445076130833116?0.5181786114227649?0.3744695981433548?0.5987630656892755?0.386153639709063?0.4430533368300429?0.571995286890363?0.8865687030670297?0.03910254949755121?0.6962049034993072?0.6990083981524993?0.9783641273996146?0.822123161980292?0.9903137760639216?0.23323080947477481?0.17306434032496631?0.02499052224806597?0.7913791134932662?0.4392180104352217?0.313957953573061
INFO: [ app_init ] --START--
INFO: Run Behavior\BuildLiteBehavior [ RunTime:0.000000s ]
INFO: [ app_init ] --END-- [ RunTime:0.001000s ]
INFO: [ app_begin ] --START--
INFO: Run Behavior\ReadHtmlCacheBehavior [ RunTime:0.001000s ]
INFO: [ app_begin ] --END-- [ RunTime:0.001000s ]
SQL: SHOW COLUMNS FROM `setting` [ RunTime:0.0090s ]
SQL: SELECT * FROM `setting`  [ RunTime:0.0000s ]
INFO: [ app_end ] --START--
INFO: Run Behavior\ShowPageTraceBehavior [ RunTime:0.001000s ]
INFO: [ app_end ] --END-- [ RunTime:0.001000s ]

[ 2017-11-29T17:57:04+08:00 ] ::1 /tpblog/index.php/Home/Index/verify.html?0.7053104678419146?0.6634396639202191?0.0004277358392927866?0.06629597925695041?0.932307137017814?0.8817872534582176?0.5797607706774819?0.31445076130833116?0.5181786114227649?0.3744695981433548?0.5987630656892755?0.386153639709063?0.4430533368300429?0.571995286890363?0.8865687030670297?0.03910254949755121?0.6962049034993072?0.6990083981524993?0.9783641273996146?0.822123161980292?0.9903137760639216?0.23323080947477481?0.17306434032496631?0.02499052224806597?0.7913791134932662?0.4392180104352217?0.313957953573061?0.1375117684065854
INFO: [ app_init ] --START--
INFO: Run Behavior\BuildLiteBehavior [ RunTime:0.000000s ]
INFO: [ app_init ] --END-- [ RunTime:0.001000s ]
INFO: [ app_begin ] --START--
INFO: Run Behavior\ReadHtmlCacheBehavior [ RunTime:0.001000s ]
INFO: [ app_begin ] --END-- [ RunTime:0.001000s ]
SQL: SHOW COLUMNS FROM `setting` [ RunTime:0.0090s ]
SQL: SELECT * FROM `setting`  [ RunTime:0.0010s ]
INFO: [ app_end ] --START--
INFO: Run Behavior\ShowPageTraceBehavior [ RunTime:0.001000s ]
INFO: [ app_end ] --END-- [ RunTime:0.001000s ]

[ 2017-11-29T17:57:04+08:00 ] ::1 /tpblog/index.php/Home/Index/verify.html?0.7053104678419146?0.6634396639202191?0.0004277358392927866?0.06629597925695041?0.932307137017814?0.8817872534582176?0.5797607706774819?0.31445076130833116?0.5181786114227649?0.3744695981433548?0.5987630656892755?0.386153639709063?0.4430533368300429?0.571995286890363?0.8865687030670297?0.03910254949755121?0.6962049034993072?0.6990083981524993?0.9783641273996146?0.822123161980292?0.9903137760639216?0.23323080947477481?0.17306434032496631?0.02499052224806597?0.7913791134932662?0.4392180104352217?0.313957953573061?0.1375117684065854?0.9054965383204563
INFO: [ app_init ] --START--
INFO: Run Behavior\BuildLiteBehavior [ RunTime:0.000000s ]
INFO: [ app_init ] --END-- [ RunTime:0.001000s ]
INFO: [ app_begin ] --START--
INFO: Run Behavior\ReadHtmlCacheBehavior [ RunTime:0.001000s ]
INFO: [ app_begin ] --END-- [ RunTime:0.001000s ]
SQL: SHOW COLUMNS FROM `setting` [ RunTime:0.0090s ]
SQL: SELECT * FROM `setting`  [ RunTime:0.0000s ]
INFO: [ app_end ] --START--
INFO: Run Behavior\ShowPageTraceBehavior [ RunTime:0.001000s ]
INFO: [ app_end ] --END-- [ RunTime:0.002000s ]

[ 2017-11-29T17:57:05+08:00 ] ::1 /tpblog/index.php/Home/Index/verify.html?0.7053104678419146?0.6634396639202191?0.0004277358392927866?0.06629597925695041?0.932307137017814?0.8817872534582176?0.5797607706774819?0.31445076130833116?0.5181786114227649?0.3744695981433548?0.5987630656892755?0.386153639709063?0.4430533368300429?0.571995286890363?0.8865687030670297?0.03910254949755121?0.6962049034993072?0.6990083981524993?0.9783641273996146?0.822123161980292?0.9903137760639216?0.23323080947477481?0.17306434032496631?0.02499052224806597?0.7913791134932662?0.4392180104352217?0.313957953573061?0.1375117684065854?0.9054965383204563?0.4302396827394701
INFO: [ app_init ] --START--
INFO: Run Behavior\BuildLiteBehavior [ RunTime:0.000000s ]
INFO: [ app_init ] --END-- [ RunTime:0.001000s ]
INFO: [ app_begin ] --START--
INFO: Run Behavior\ReadHtmlCacheBehavior [ RunTime:0.001001s ]
INFO: [ app_begin ] --END-- [ RunTime:0.001001s ]
SQL: SHOW COLUMNS FROM `setting` [ RunTime:0.0100s ]
SQL: SELECT * FROM `setting`  [ RunTime:0.0010s ]
INFO: [ app_end ] --START--
INFO: Run Behavior\ShowPageTraceBehavior [ RunTime:0.002001s ]
INFO: [ app_end ] --END-- [ RunTime:0.002001s ]

[ 2017-11-29T17:57:06+08:00 ] ::1 /tpblog/index.php/Home/Index/verify.html?0.7053104678419146?0.6634396639202191?0.0004277358392927866?0.06629597925695041?0.932307137017814?0.8817872534582176?0.5797607706774819?0.31445076130833116?0.5181786114227649?0.3744695981433548?0.5987630656892755?0.386153639709063?0.4430533368300429?0.571995286890363?0.8865687030670297?0.03910254949755121?0.6962049034993072?0.6990083981524993?0.9783641273996146?0.822123161980292?0.9903137760639216?0.23323080947477481?0.17306434032496631?0.02499052224806597?0.7913791134932662?0.4392180104352217?0.313957953573061?0.1375117684065854?0.9054965383204563?0.4302396827394701?0.017841037535176074
INFO: [ app_init ] --START--
INFO: Run Behavior\BuildLiteBehavior [ RunTime:0.000000s ]
INFO: [ app_init ] --END-- [ RunTime:0.001000s ]
INFO: [ app_begin ] --START--
INFO: Run Behavior\ReadHtmlCacheBehavior [ RunTime:0.001000s ]
INFO: [ app_begin ] --END-- [ RunTime:0.001000s ]
SQL: SHOW COLUMNS FROM `setting` [ RunTime:0.0090s ]
SQL: SELECT * FROM `setting`  [ RunTime:0.0010s ]
INFO: [ app_end ] --START--
INFO: Run Behavior\ShowPageTraceBehavior [ RunTime:0.002000s ]
INFO: [ app_end ] --END-- [ RunTime:0.002000s ]

[ 2017-11-29T17:57:06+08:00 ] ::1 /tpblog/index.php/Home/Index/verify.html?0.7053104678419146?0.6634396639202191?0.0004277358392927866?0.06629597925695041?0.932307137017814?0.8817872534582176?0.5797607706774819?0.31445076130833116?0.5181786114227649?0.3744695981433548?0.5987630656892755?0.386153639709063?0.4430533368300429?0.571995286890363?0.8865687030670297?0.03910254949755121?0.6962049034993072?0.6990083981524993?0.9783641273996146?0.822123161980292?0.9903137760639216?0.23323080947477481?0.17306434032496631?0.02499052224806597?0.7913791134932662?0.4392180104352217?0.313957953573061?0.1375117684065854?0.9054965383204563?0.4302396827394701?0.017841037535176074?0.6282680862071388
INFO: [ app_init ] --START--
INFO: Run Behavior\BuildLiteBehavior [ RunTime:0.000000s ]
INFO: [ app_init ] --END-- [ RunTime:0.001000s ]
INFO: [ app_begin ] --START--
INFO: Run Behavior\ReadHtmlCacheBehavior [ RunTime:0.001000s ]
INFO: [ app_begin ] --END-- [ RunTime:0.001000s ]
SQL: SHOW COLUMNS FROM `setting` [ RunTime:0.0090s ]
SQL: SELECT * FROM `setting`  [ RunTime:0.0000s ]
INFO: [ app_end ] --START--
INFO: Run Behavior\ShowPageTraceBehavior [ RunTime:0.001000s ]
INFO: [ app_end ] --END-- [ RunTime:0.001000s ]

[ 2017-11-29T17:57:07+08:00 ] ::1 /tpblog/index.php/Home/Index/verify.html?0.7053104678419146?0.6634396639202191?0.0004277358392927866?0.06629597925695041?0.932307137017814?0.8817872534582176?0.5797607706774819?0.31445076130833116?0.5181786114227649?0.3744695981433548?0.5987630656892755?0.386153639709063?0.4430533368300429?0.571995286890363?0.8865687030670297?0.03910254949755121?0.6962049034993072?0.6990083981524993?0.9783641273996146?0.822123161980292?0.9903137760639216?0.23323080947477481?0.17306434032496631?0.02499052224806597?0.7913791134932662?0.4392180104352217?0.313957953573061?0.1375117684065854?0.9054965383204563?0.4302396827394701?0.017841037535176074?0.6282680862071388?0.36684954268025605
INFO: [ app_init ] --START--
INFO: Run Behavior\BuildLiteBehavior [ RunTime:0.000000s ]
INFO: [ app_init ] --END-- [ RunTime:0.001000s ]
INFO: [ app_begin ] --START--
INFO: Run Behavior\ReadHtmlCacheBehavior [ RunTime:0.001000s ]
INFO: [ app_begin ] --END-- [ RunTime:0.001000s ]
SQL: SHOW COLUMNS FROM `setting` [ RunTime:0.0090s ]
SQL: SELECT * FROM `setting`  [ RunTime:0.0000s ]
INFO: [ app_end ] --START--
INFO: Run Behavior\ShowPageTraceBehavior [ RunTime:0.001000s ]
INFO: [ app_end ] --END-- [ RunTime:0.001000s ]

[ 2017-11-29T17:57:08+08:00 ] ::1 /tpblog/index.php/Home/Index/verify.html?0.7053104678419146?0.6634396639202191?0.0004277358392927866?0.06629597925695041?0.932307137017814?0.8817872534582176?0.5797607706774819?0.31445076130833116?0.5181786114227649?0.3744695981433548?0.5987630656892755?0.386153639709063?0.4430533368300429?0.571995286890363?0.8865687030670297?0.03910254949755121?0.6962049034993072?0.6990083981524993?0.9783641273996146?0.822123161980292?0.9903137760639216?0.23323080947477481?0.17306434032496631?0.02499052224806597?0.7913791134932662?0.4392180104352217?0.313957953573061?0.1375117684065854?0.9054965383204563?0.4302396827394701?0.017841037535176074?0.6282680862071388?0.36684954268025605?0.26625959168126645
INFO: [ app_init ] --START--
INFO: Run Behavior\BuildLiteBehavior [ RunTime:0.000000s ]
INFO: [ app_init ] --END-- [ RunTime:0.001000s ]
INFO: [ app_begin ] --START--
INFO: Run Behavior\ReadHtmlCacheBehavior [ RunTime:0.001000s ]
INFO: [ app_begin ] --END-- [ RunTime:0.001000s ]
SQL: SHOW COLUMNS FROM `setting` [ RunTime:0.0090s ]
SQL: SELECT * FROM `setting`  [ RunTime:0.0010s ]
INFO: [ app_end ] --START--
INFO: Run Behavior\ShowPageTraceBehavior [ RunTime:0.002000s ]
INFO: [ app_end ] --END-- [ RunTime:0.002000s ]

[ 2017-11-29T17:57:08+08:00 ] ::1 /tpblog/index.php/Home/Index/verify.html?0.7053104678419146?0.6634396639202191?0.0004277358392927866?0.06629597925695041?0.932307137017814?0.8817872534582176?0.5797607706774819?0.31445076130833116?0.5181786114227649?0.3744695981433548?0.5987630656892755?0.386153639709063?0.4430533368300429?0.571995286890363?0.8865687030670297?0.03910254949755121?0.6962049034993072?0.6990083981524993?0.9783641273996146?0.822123161980292?0.9903137760639216?0.23323080947477481?0.17306434032496631?0.02499052224806597?0.7913791134932662?0.4392180104352217?0.313957953573061?0.1375117684065854?0.9054965383204563?0.4302396827394701?0.017841037535176074?0.6282680862071388?0.36684954268025605?0.26625959168126645?0.9483399521539879
INFO: [ app_init ] --START--
INFO: Run Behavior\BuildLiteBehavior [ RunTime:0.000000s ]
INFO: [ app_init ] --END-- [ RunTime:0.001000s ]
INFO: [ app_begin ] --START--
INFO: Run Behavior\ReadHtmlCacheBehavior [ RunTime:0.001000s ]
INFO: [ app_begin ] --END-- [ RunTime:0.001000s ]
SQL: SHOW COLUMNS FROM `setting` [ RunTime:0.0090s ]
SQL: SELECT * FROM `setting`  [ RunTime:0.0010s ]
INFO: [ app_end ] --START--
INFO: Run Behavior\ShowPageTraceBehavior [ RunTime:0.001000s ]
INFO: [ app_end ] --END-- [ RunTime:0.001000s ]

[ 2017-11-29T17:57:09+08:00 ] ::1 /tpblog/index.php/Home/Index/verify.html?0.7053104678419146?0.6634396639202191?0.0004277358392927866?0.06629597925695041?0.932307137017814?0.8817872534582176?0.5797607706774819?0.31445076130833116?0.5181786114227649?0.3744695981433548?0.5987630656892755?0.386153639709063?0.4430533368300429?0.571995286890363?0.8865687030670297?0.03910254949755121?0.6962049034993072?0.6990083981524993?0.9783641273996146?0.822123161980292?0.9903137760639216?0.23323080947477481?0.17306434032496631?0.02499052224806597?0.7913791134932662?0.4392180104352217?0.313957953573061?0.1375117684065854?0.9054965383204563?0.4302396827394701?0.017841037535176074?0.6282680862071388?0.36684954268025605?0.26625959168126645?0.9483399521539879?0.21538525321287438
INFO: [ app_init ] --START--
INFO: Run Behavior\BuildLiteBehavior [ RunTime:0.000000s ]
INFO: [ app_init ] --END-- [ RunTime:0.001000s ]
INFO: [ app_begin ] --START--
INFO: Run Behavior\ReadHtmlCacheBehavior [ RunTime:0.002000s ]
INFO: [ app_begin ] --END-- [ RunTime:0.002000s ]
SQL: SHOW COLUMNS FROM `setting` [ RunTime:0.0090s ]
SQL: SELECT * FROM `setting`  [ RunTime:0.0010s ]
INFO: [ app_end ] --START--
INFO: Run Behavior\ShowPageTraceBehavior [ RunTime:0.002000s ]
INFO: [ app_end ] --END-- [ RunTime:0.002000s ]

[ 2017-11-29T17:57:10+08:00 ] ::1 /tpblog/index.php/Home/Index/verify.html?0.7053104678419146?0.6634396639202191?0.0004277358392927866?0.06629597925695041?0.932307137017814?0.8817872534582176?0.5797607706774819?0.31445076130833116?0.5181786114227649?0.3744695981433548?0.5987630656892755?0.386153639709063?0.4430533368300429?0.571995286890363?0.8865687030670297?0.03910254949755121?0.6962049034993072?0.6990083981524993?0.9783641273996146?0.822123161980292?0.9903137760639216?0.23323080947477481?0.17306434032496631?0.02499052224806597?0.7913791134932662?0.4392180104352217?0.313957953573061?0.1375117684065854?0.9054965383204563?0.4302396827394701?0.017841037535176074?0.6282680862071388?0.36684954268025605?0.26625959168126645?0.9483399521539879?0.21538525321287438?0.5312805482247509
INFO: [ app_init ] --START--
INFO: Run Behavior\BuildLiteBehavior [ RunTime:0.000000s ]
INFO: [ app_init ] --END-- [ RunTime:0.001000s ]
INFO: [ app_begin ] --START--
INFO: Run Behavior\ReadHtmlCacheBehavior [ RunTime:0.001000s ]
INFO: [ app_begin ] --END-- [ RunTime:0.001000s ]
SQL: SHOW COLUMNS FROM `setting` [ RunTime:0.0090s ]
SQL: SELECT * FROM `setting`  [ RunTime:0.0010s ]
INFO: [ app_end ] --START--
INFO: Run Behavior\ShowPageTraceBehavior [ RunTime:0.002000s ]
INFO: [ app_end ] --END-- [ RunTime:0.002000s ]

[ 2017-11-29T17:57:12+08:00 ] ::1 /tpblog/index.php/Home/Index/verify.html?0.7053104678419146?0.6634396639202191?0.0004277358392927866?0.06629597925695041?0.932307137017814?0.8817872534582176?0.5797607706774819?0.31445076130833116?0.5181786114227649?0.3744695981433548?0.5987630656892755?0.386153639709063?0.4430533368300429?0.571995286890363?0.8865687030670297?0.03910254949755121?0.6962049034993072?0.6990083981524993?0.9783641273996146?0.822123161980292?0.9903137760639216?0.23323080947477481?0.17306434032496631?0.02499052224806597?0.7913791134932662?0.4392180104352217?0.313957953573061?0.1375117684065854?0.9054965383204563?0.4302396827394701?0.017841037535176074?0.6282680862071388?0.36684954268025605?0.26625959168126645?0.9483399521539879?0.21538525321287438?0.5312805482247509?0.7775744764403141
INFO: [ app_init ] --START--
INFO: Run Behavior\BuildLiteBehavior [ RunTime:0.000000s ]
INFO: [ app_init ] --END-- [ RunTime:0.001000s ]
INFO: [ app_begin ] --START--
INFO: Run Behavior\ReadHtmlCacheBehavior [ RunTime:0.001000s ]
INFO: [ app_begin ] --END-- [ RunTime:0.002000s ]
SQL: SHOW COLUMNS FROM `setting` [ RunTime:0.0090s ]
SQL: SELECT * FROM `setting`  [ RunTime:0.0010s ]
INFO: [ app_end ] --START--
INFO: Run Behavior\ShowPageTraceBehavior [ RunTime:0.001000s ]
INFO: [ app_end ] --END-- [ RunTime:0.001000s ]

[ 2017-11-29T17:57:13+08:00 ] ::1 /tpblog/index.php/Home/Index/verify.html?0.7053104678419146?0.6634396639202191?0.0004277358392927866?0.06629597925695041?0.932307137017814?0.8817872534582176?0.5797607706774819?0.31445076130833116?0.5181786114227649?0.3744695981433548?0.5987630656892755?0.386153639709063?0.4430533368300429?0.571995286890363?0.8865687030670297?0.03910254949755121?0.6962049034993072?0.6990083981524993?0.9783641273996146?0.822123161980292?0.9903137760639216?0.23323080947477481?0.17306434032496631?0.02499052224806597?0.7913791134932662?0.4392180104352217?0.313957953573061?0.1375117684065854?0.9054965383204563?0.4302396827394701?0.017841037535176074?0.6282680862071388?0.36684954268025605?0.26625959168126645?0.9483399521539879?0.21538525321287438?0.5312805482247509?0.7775744764403141?0.5091953826368054
INFO: [ app_init ] --START--
INFO: Run Behavior\BuildLiteBehavior [ RunTime:0.000000s ]
INFO: [ app_init ] --END-- [ RunTime:0.001000s ]
INFO: [ app_begin ] --START--
INFO: Run Behavior\ReadHtmlCacheBehavior [ RunTime:0.001000s ]
INFO: [ app_begin ] --END-- [ RunTime:0.001000s ]
SQL: SHOW COLUMNS FROM `setting` [ RunTime:0.0090s ]
SQL: SELECT * FROM `setting`  [ RunTime:0.0010s ]
INFO: [ app_end ] --START--
INFO: Run Behavior\ShowPageTraceBehavior [ RunTime:0.001000s ]
INFO: [ app_end ] --END-- [ RunTime:0.001000s ]

[ 2017-11-29T17:57:14+08:00 ] ::1 /tpblog/index.php/Home/Index/verify.html?0.7053104678419146?0.6634396639202191?0.0004277358392927866?0.06629597925695041?0.932307137017814?0.8817872534582176?0.5797607706774819?0.31445076130833116?0.5181786114227649?0.3744695981433548?0.5987630656892755?0.386153639709063?0.4430533368300429?0.571995286890363?0.8865687030670297?0.03910254949755121?0.6962049034993072?0.6990083981524993?0.9783641273996146?0.822123161980292?0.9903137760639216?0.23323080947477481?0.17306434032496631?0.02499052224806597?0.7913791134932662?0.4392180104352217?0.313957953573061?0.1375117684065854?0.9054965383204563?0.4302396827394701?0.017841037535176074?0.6282680862071388?0.36684954268025605?0.26625959168126645?0.9483399521539879?0.21538525321287438?0.5312805482247509?0.7775744764403141?0.5091953826368054?0.24017838571779837
INFO: [ app_init ] --START--
INFO: Run Behavior\BuildLiteBehavior [ RunTime:0.000000s ]
INFO: [ app_init ] --END-- [ RunTime:0.000000s ]
INFO: [ app_begin ] --START--
INFO: Run Behavior\ReadHtmlCacheBehavior [ RunTime:0.001000s ]
INFO: [ app_begin ] --END-- [ RunTime:0.001000s ]
SQL: SHOW COLUMNS FROM `setting` [ RunTime:0.0090s ]
SQL: SELECT * FROM `setting`  [ RunTime:0.0010s ]
INFO: [ app_end ] --START--
INFO: Run Behavior\ShowPageTraceBehavior [ RunTime:0.002000s ]
INFO: [ app_end ] --END-- [ RunTime:0.002000s ]

[ 2017-11-29T17:57:14+08:00 ] ::1 /tpblog/index.php/Home/Index/verify.html?0.7053104678419146?0.6634396639202191?0.0004277358392927866?0.06629597925695041?0.932307137017814?0.8817872534582176?0.5797607706774819?0.31445076130833116?0.5181786114227649?0.3744695981433548?0.5987630656892755?0.386153639709063?0.4430533368300429?0.571995286890363?0.8865687030670297?0.03910254949755121?0.6962049034993072?0.6990083981524993?0.9783641273996146?0.822123161980292?0.9903137760639216?0.23323080947477481?0.17306434032496631?0.02499052224806597?0.7913791134932662?0.4392180104352217?0.313957953573061?0.1375117684065854?0.9054965383204563?0.4302396827394701?0.017841037535176074?0.6282680862071388?0.36684954268025605?0.26625959168126645?0.9483399521539879?0.21538525321287438?0.5312805482247509?0.7775744764403141?0.5091953826368054?0.24017838571779837?0.30623953130754944
INFO: [ app_init ] --START--
INFO: Run Behavior\BuildLiteBehavior [ RunTime:0.000000s ]
INFO: [ app_init ] --END-- [ RunTime:0.001000s ]
INFO: [ app_begin ] --START--
INFO: Run Behavior\ReadHtmlCacheBehavior [ RunTime:0.001000s ]
INFO: [ app_begin ] --END-- [ RunTime:0.002000s ]
SQL: SHOW COLUMNS FROM `setting` [ RunTime:0.0100s ]
SQL: SELECT * FROM `setting`  [ RunTime:0.0010s ]
INFO: [ app_end ] --START--
INFO: Run Behavior\ShowPageTraceBehavior [ RunTime:0.001000s ]
INFO: [ app_end ] --END-- [ RunTime:0.002000s ]

[ 2017-11-29T17:57:15+08:00 ] ::1 /tpblog/index.php/Home/Index/verify.html?0.7053104678419146?0.6634396639202191?0.0004277358392927866?0.06629597925695041?0.932307137017814?0.8817872534582176?0.5797607706774819?0.31445076130833116?0.5181786114227649?0.3744695981433548?0.5987630656892755?0.386153639709063?0.4430533368300429?0.571995286890363?0.8865687030670297?0.03910254949755121?0.6962049034993072?0.6990083981524993?0.9783641273996146?0.822123161980292?0.9903137760639216?0.23323080947477481?0.17306434032496631?0.02499052224806597?0.7913791134932662?0.4392180104352217?0.313957953573061?0.1375117684065854?0.9054965383204563?0.4302396827394701?0.017841037535176074?0.6282680862071388?0.36684954268025605?0.26625959168126645?0.9483399521539879?0.21538525321287438?0.5312805482247509?0.7775744764403141?0.5091953826368054?0.24017838571779837?0.30623953130754944?0.386602978389216
INFO: [ app_init ] --START--
INFO: Run Behavior\BuildLiteBehavior [ RunTime:0.000000s ]
INFO: [ app_init ] --END-- [ RunTime:0.001001s ]
INFO: [ app_begin ] --START--
INFO: Run Behavior\ReadHtmlCacheBehavior [ RunTime:0.001000s ]
INFO: [ app_begin ] --END-- [ RunTime:0.002000s ]
SQL: SHOW COLUMNS FROM `setting` [ RunTime:0.0090s ]
SQL: SELECT * FROM `setting`  [ RunTime:0.0000s ]
INFO: [ app_end ] --START--
INFO: Run Behavior\ShowPageTraceBehavior [ RunTime:0.001000s ]
INFO: [ app_end ] --END-- [ RunTime:0.001000s ]

[ 2017-11-29T17:57:16+08:00 ] ::1 /tpblog/index.php/Home/Index/verify.html?0.7053104678419146?0.6634396639202191?0.0004277358392927866?0.06629597925695041?0.932307137017814?0.8817872534582176?0.5797607706774819?0.31445076130833116?0.5181786114227649?0.3744695981433548?0.5987630656892755?0.386153639709063?0.4430533368300429?0.571995286890363?0.8865687030670297?0.03910254949755121?0.6962049034993072?0.6990083981524993?0.9783641273996146?0.822123161980292?0.9903137760639216?0.23323080947477481?0.17306434032496631?0.02499052224806597?0.7913791134932662?0.4392180104352217?0.313957953573061?0.1375117684065854?0.9054965383204563?0.4302396827394701?0.017841037535176074?0.6282680862071388?0.36684954268025605?0.26625959168126645?0.9483399521539879?0.21538525321287438?0.5312805482247509?0.7775744764403141?0.5091953826368054?0.24017838571779837?0.30623953130754944?0.386602978389216?0.46178776236834973
INFO: [ app_init ] --START--
INFO: Run Behavior\BuildLiteBehavior [ RunTime:0.000000s ]
INFO: [ app_init ] --END-- [ RunTime:0.001000s ]
INFO: [ app_begin ] --START--
INFO: Run Behavior\ReadHtmlCacheBehavior [ RunTime:0.001000s ]
INFO: [ app_begin ] --END-- [ RunTime:0.001000s ]
SQL: SHOW COLUMNS FROM `setting` [ RunTime:0.0080s ]
SQL: SELECT * FROM `setting`  [ RunTime:0.0010s ]
INFO: [ app_end ] --START--
INFO: Run Behavior\ShowPageTraceBehavior [ RunTime:0.002001s ]
INFO: [ app_end ] --END-- [ RunTime:0.002001s ]

[ 2017-11-29T17:57:17+08:00 ] ::1 /tpblog/index.php/Home/Index/verify.html?0.7053104678419146?0.6634396639202191?0.0004277358392927866?0.06629597925695041?0.932307137017814?0.8817872534582176?0.5797607706774819?0.31445076130833116?0.5181786114227649?0.3744695981433548?0.5987630656892755?0.386153639709063?0.4430533368300429?0.571995286890363?0.8865687030670297?0.03910254949755121?0.6962049034993072?0.6990083981524993?0.9783641273996146?0.822123161980292?0.9903137760639216?0.23323080947477481?0.17306434032496631?0.02499052224806597?0.7913791134932662?0.4392180104352217?0.313957953573061?0.1375117684065854?0.9054965383204563?0.4302396827394701?0.017841037535176074?0.6282680862071388?0.36684954268025605?0.26625959168126645?0.9483399521539879?0.21538525321287438?0.5312805482247509?0.7775744764403141?0.5091953826368054?0.24017838571779837?0.30623953130754944?0.386602978389216?0.46178776236834973?0.9915028970966397
INFO: [ app_init ] --START--
INFO: Run Behavior\BuildLiteBehavior [ RunTime:0.000000s ]
INFO: [ app_init ] --END-- [ RunTime:0.001000s ]
INFO: [ app_begin ] --START--
INFO: Run Behavior\ReadHtmlCacheBehavior [ RunTime:0.002001s ]
INFO: [ app_begin ] --END-- [ RunTime:0.002001s ]
SQL: SHOW COLUMNS FROM `setting` [ RunTime:0.0090s ]
SQL: SELECT * FROM `setting`  [ RunTime:0.0000s ]
INFO: [ app_end ] --START--
INFO: Run Behavior\ShowPageTraceBehavior [ RunTime:0.001001s ]
INFO: [ app_end ] --END-- [ RunTime:0.001001s ]

[ 2017-11-29T17:57:17+08:00 ] ::1 /tpblog/index.php/Home/Index/verify.html?0.7053104678419146?0.6634396639202191?0.0004277358392927866?0.06629597925695041?0.932307137017814?0.8817872534582176?0.5797607706774819?0.31445076130833116?0.5181786114227649?0.3744695981433548?0.5987630656892755?0.386153639709063?0.4430533368300429?0.571995286890363?0.8865687030670297?0.03910254949755121?0.6962049034993072?0.6990083981524993?0.9783641273996146?0.822123161980292?0.9903137760639216?0.23323080947477481?0.17306434032496631?0.02499052224806597?0.7913791134932662?0.4392180104352217?0.313957953573061?0.1375117684065854?0.9054965383204563?0.4302396827394701?0.017841037535176074?0.6282680862071388?0.36684954268025605?0.26625959168126645?0.9483399521539879?0.21538525321287438?0.5312805482247509?0.7775744764403141?0.5091953826368054?0.24017838571779837?0.30623953130754944?0.386602978389216?0.46178776236834973?0.9915028970966397?0.07657259895144164
INFO: [ app_init ] --START--
INFO: Run Behavior\BuildLiteBehavior [ RunTime:0.000000s ]
INFO: [ app_init ] --END-- [ RunTime:0.000000s ]
INFO: [ app_begin ] --START--
INFO: Run Behavior\ReadHtmlCacheBehavior [ RunTime:0.001000s ]
INFO: [ app_begin ] --END-- [ RunTime:0.001000s ]
SQL: SHOW COLUMNS FROM `setting` [ RunTime:0.0090s ]
SQL: SELECT * FROM `setting`  [ RunTime:0.0010s ]
INFO: [ app_end ] --START--
INFO: Run Behavior\ShowPageTraceBehavior [ RunTime:0.001000s ]
INFO: [ app_end ] --END-- [ RunTime:0.002000s ]

[ 2017-11-29T17:57:18+08:00 ] ::1 /tpblog/index.php/Home/Index/verify.html?0.7053104678419146?0.6634396639202191?0.0004277358392927866?0.06629597925695041?0.932307137017814?0.8817872534582176?0.5797607706774819?0.31445076130833116?0.5181786114227649?0.3744695981433548?0.5987630656892755?0.386153639709063?0.4430533368300429?0.571995286890363?0.8865687030670297?0.03910254949755121?0.6962049034993072?0.6990083981524993?0.9783641273996146?0.822123161980292?0.9903137760639216?0.23323080947477481?0.17306434032496631?0.02499052224806597?0.7913791134932662?0.4392180104352217?0.313957953573061?0.1375117684065854?0.9054965383204563?0.4302396827394701?0.017841037535176074?0.6282680862071388?0.36684954268025605?0.26625959168126645?0.9483399521539879?0.21538525321287438?0.5312805482247509?0.7775744764403141?0.5091953826368054?0.24017838571779837?0.30623953130754944?0.386602978389216?0.46178776236834973?0.9915028970966397?0.07657259895144164?0.9853084519489239
INFO: [ app_init ] --START--
INFO: Run Behavior\BuildLiteBehavior [ RunTime:0.000000s ]
INFO: [ app_init ] --END-- [ RunTime:0.001000s ]
INFO: [ app_begin ] --START--
INFO: Run Behavior\ReadHtmlCacheBehavior [ RunTime:0.001000s ]
INFO: [ app_begin ] --END-- [ RunTime:0.001000s ]
SQL: SHOW COLUMNS FROM `setting` [ RunTime:0.0090s ]
SQL: SELECT * FROM `setting`  [ RunTime:0.0010s ]
INFO: [ app_end ] --START--
INFO: Run Behavior\ShowPageTraceBehavior [ RunTime:0.001000s ]
INFO: [ app_end ] --END-- [ RunTime:0.001000s ]

[ 2017-11-29T17:57:19+08:00 ] ::1 /tpblog/index.php/Home/Index/verify.html?0.7053104678419146?0.6634396639202191?0.0004277358392927866?0.06629597925695041?0.932307137017814?0.8817872534582176?0.5797607706774819?0.31445076130833116?0.5181786114227649?0.3744695981433548?0.5987630656892755?0.386153639709063?0.4430533368300429?0.571995286890363?0.8865687030670297?0.03910254949755121?0.6962049034993072?0.6990083981524993?0.9783641273996146?0.822123161980292?0.9903137760639216?0.23323080947477481?0.17306434032496631?0.02499052224806597?0.7913791134932662?0.4392180104352217?0.313957953573061?0.1375117684065854?0.9054965383204563?0.4302396827394701?0.017841037535176074?0.6282680862071388?0.36684954268025605?0.26625959168126645?0.9483399521539879?0.21538525321287438?0.5312805482247509?0.7775744764403141?0.5091953826368054?0.24017838571779837?0.30623953130754944?0.386602978389216?0.46178776236834973?0.9915028970966397?0.07657259895144164?0.9853084519489239?0.42804652785706754
INFO: [ app_init ] --START--
INFO: Run Behavior\BuildLiteBehavior [ RunTime:0.000000s ]
INFO: [ app_init ] --END-- [ RunTime:0.001000s ]
INFO: [ app_begin ] --START--
INFO: Run Behavior\ReadHtmlCacheBehavior [ RunTime:0.001000s ]
INFO: [ app_begin ] --END-- [ RunTime:0.002001s ]
SQL: SHOW COLUMNS FROM `setting` [ RunTime:0.0090s ]
SQL: SELECT * FROM `setting`  [ RunTime:0.0010s ]
INFO: [ app_end ] --START--
INFO: Run Behavior\ShowPageTraceBehavior [ RunTime:0.001000s ]
INFO: [ app_end ] --END-- [ RunTime:0.002001s ]

[ 2017-11-29T17:57:20+08:00 ] ::1 /tpblog/index.php/Home/Index/verify.html?0.7053104678419146?0.6634396639202191?0.0004277358392927866?0.06629597925695041?0.932307137017814?0.8817872534582176?0.5797607706774819?0.31445076130833116?0.5181786114227649?0.3744695981433548?0.5987630656892755?0.386153639709063?0.4430533368300429?0.571995286890363?0.8865687030670297?0.03910254949755121?0.6962049034993072?0.6990083981524993?0.9783641273996146?0.822123161980292?0.9903137760639216?0.23323080947477481?0.17306434032496631?0.02499052224806597?0.7913791134932662?0.4392180104352217?0.313957953573061?0.1375117684065854?0.9054965383204563?0.4302396827394701?0.017841037535176074?0.6282680862071388?0.36684954268025605?0.26625959168126645?0.9483399521539879?0.21538525321287438?0.5312805482247509?0.7775744764403141?0.5091953826368054?0.24017838571779837?0.30623953130754944?0.386602978389216?0.46178776236834973?0.9915028970966397?0.07657259895144164?0.9853084519489239?0.42804652785706754?0.03209960797308731
INFO: [ app_init ] --START--
INFO: Run Behavior\BuildLiteBehavior [ RunTime:0.000000s ]
INFO: [ app_init ] --END-- [ RunTime:0.001000s ]
INFO: [ app_begin ] --START--
INFO: Run Behavior\ReadHtmlCacheBehavior [ RunTime:0.001000s ]
INFO: [ app_begin ] --END-- [ RunTime:0.001000s ]
SQL: SHOW COLUMNS FROM `setting` [ RunTime:0.0090s ]
SQL: SELECT * FROM `setting`  [ RunTime:0.0010s ]
INFO: [ app_end ] --START--
INFO: Run Behavior\ShowPageTraceBehavior [ RunTime:0.001000s ]
INFO: [ app_end ] --END-- [ RunTime:0.001000s ]

[ 2017-11-29T17:57:21+08:00 ] ::1 /tpblog/index.php/Home/Index/verify.html?0.7053104678419146?0.6634396639202191?0.0004277358392927866?0.06629597925695041?0.932307137017814?0.8817872534582176?0.5797607706774819?0.31445076130833116?0.5181786114227649?0.3744695981433548?0.5987630656892755?0.386153639709063?0.4430533368300429?0.571995286890363?0.8865687030670297?0.03910254949755121?0.6962049034993072?0.6990083981524993?0.9783641273996146?0.822123161980292?0.9903137760639216?0.23323080947477481?0.17306434032496631?0.02499052224806597?0.7913791134932662?0.4392180104352217?0.313957953573061?0.1375117684065854?0.9054965383204563?0.4302396827394701?0.017841037535176074?0.6282680862071388?0.36684954268025605?0.26625959168126645?0.9483399521539879?0.21538525321287438?0.5312805482247509?0.7775744764403141?0.5091953826368054?0.24017838571779837?0.30623953130754944?0.386602978389216?0.46178776236834973?0.9915028970966397?0.07657259895144164?0.9853084519489239?0.42804652785706754?0.03209960797308731?0.11738355841033798
INFO: [ app_init ] --START--
INFO: Run Behavior\BuildLiteBehavior [ RunTime:0.000000s ]
INFO: [ app_init ] --END-- [ RunTime:0.001001s ]
INFO: [ app_begin ] --START--
INFO: Run Behavior\ReadHtmlCacheBehavior [ RunTime:0.001000s ]
INFO: [ app_begin ] --END-- [ RunTime:0.001000s ]
SQL: SHOW COLUMNS FROM `setting` [ RunTime:0.0090s ]
SQL: SELECT * FROM `setting`  [ RunTime:0.0000s ]
INFO: [ app_end ] --START--
INFO: Run Behavior\ShowPageTraceBehavior [ RunTime:0.001000s ]
INFO: [ app_end ] --END-- [ RunTime:0.001000s ]

