[ 2017-10-12T09:27:13+08:00 ] 127.0.0.1 /tpblog/index.php/Home/
INFO: [ app_init ] --START--
INFO: Run Behavior\BuildLiteBehavior [ RunTime:0.000000s ]
INFO: [ app_init ] --END-- [ RunTime:0.027002s ]
INFO: [ app_begin ] --START--
INFO: Run Behavior\ReadHtmlCacheBehavior [ RunTime:0.018001s ]
INFO: [ app_begin ] --END-- [ RunTime:0.018001s ]
SQL: SHOW COLUMNS FROM `setting` [ RunTime:0.0630s ]
SQL: SELECT * FROM `setting`  [ RunTime:0.0010s ]
SQL: SHOW COLUMNS FROM `admin` [ RunTime:0.0760s ]
SQL: SELECT * FROM `admin` ORDER BY aid desc  [ RunTime:0.0510s ]
SQL: SHOW COLUMNS FROM `page` [ RunTime:0.0510s ]
SQL: SHOW COLUMNS FROM `grzl` [ RunTime:0.1990s ]
SQL: SHOW COLUMNS FROM `pinglun` [ RunTime:0.0600s ]
SQL: SHOW COLUMNS FROM `haoshu` [ RunTime:0.1190s ]
SQL: SELECT COUNT(*) AS tp_count FROM `page` LIMIT 1   [ RunTime:0.0270s ]
SQL: SELECT COUNT(*) AS tp_count FROM `page` WHERE `lx` = '趣闻' LIMIT 1   [ RunTime:0.0300s ]
SQL: SELECT COUNT(*) AS tp_count FROM `page` WHERE `lx` = '人文' LIMIT 1   [ RunTime:0.0010s ]
SQL: SELECT COUNT(*) AS tp_count FROM `page` WHERE `lx` = '美食' LIMIT 1   [ RunTime:0.0010s ]
SQL: SELECT * FROM `setting`  [ RunTime:0.0000s ]
SQL: SELECT * FROM `grzl` WHERE `yan` = null LIMIT 1   [ RunTime:0.0270s ]
SQL: SELECT * FROM `page` ORDER BY pid desc LIMIT 0,10   [ RunTime:0.0160s ]
SQL: SELECT * FROM `pinglun` LIMIT 1   [ RunTime:0.0200s ]
SQL: SELECT * FROM `haoshu`  [ RunTime:0.0220s ]
INFO: [ view_parse ] --START--
INFO: [ template_filter ] --START--
INFO: Run Behavior\ContentReplaceBehavior [ RunTime:0.001000s ]
INFO: [ template_filter ] --END-- [ RunTime:0.001000s ]
INFO: Run Behavior\ParseTemplateBehavior [ RunTime:0.121007s ]
INFO: [ view_parse ] --END-- [ RunTime:0.121007s ]
INFO: [ view_filter ] --START--
INFO: Run Behavior\WriteHtmlCacheBehavior [ RunTime:0.013001s ]
INFO: [ view_filter ] --END-- [ RunTime:0.013001s ]
INFO: [ app_end ] --START--
INFO: Run Behavior\ShowPageTraceBehavior [ RunTime:0.254014s ]
INFO: [ app_end ] --END-- [ RunTime:0.255014s ]

[ 2017-10-12T09:27:54+08:00 ] 127.0.0.1 /tpblog/index.php/Home/Index/login.html
INFO: [ app_init ] --START--
INFO: Run Behavior\BuildLiteBehavior [ RunTime:0.000000s ]
INFO: [ app_init ] --END-- [ RunTime:0.001000s ]
INFO: [ app_begin ] --START--
INFO: Run Behavior\ReadHtmlCacheBehavior [ RunTime:0.003000s ]
INFO: [ app_begin ] --END-- [ RunTime:0.003000s ]
SQL: SHOW COLUMNS FROM `setting` [ RunTime:0.0100s ]
SQL: SELECT * FROM `setting`  [ RunTime:0.0020s ]
INFO: [ view_parse ] --START--
INFO: [ template_filter ] --START--
INFO: Run Behavior\ContentReplaceBehavior [ RunTime:0.000000s ]
INFO: [ template_filter ] --END-- [ RunTime:0.001000s ]
NOTIC: [8] Undefined variable: user F:\phpStudyLite\WWW\tpblog\Application\Runtime\Cache\Home\8f446e26685191b31f521b504c9e1b46.php 第 46 行.
NOTIC: [8] Undefined variable: user F:\phpStudyLite\WWW\tpblog\Application\Runtime\Cache\Home\8f446e26685191b31f521b504c9e1b46.php 第 52 行.
NOTIC: [8] Undefined variable: user F:\phpStudyLite\WWW\tpblog\Application\Runtime\Cache\Home\8f446e26685191b31f521b504c9e1b46.php 第 58 行.
INFO: Run Behavior\ParseTemplateBehavior [ RunTime:0.073004s ]
INFO: [ view_parse ] --END-- [ RunTime:0.073004s ]
INFO: [ view_filter ] --START--
INFO: Run Behavior\WriteHtmlCacheBehavior [ RunTime:0.000000s ]
INFO: [ view_filter ] --END-- [ RunTime:0.000000s ]
INFO: [ app_end ] --START--
INFO: Run Behavior\ShowPageTraceBehavior [ RunTime:0.001000s ]
INFO: [ app_end ] --END-- [ RunTime:0.001000s ]

[ 2017-10-12T09:27:55+08:00 ] 127.0.0.1 /tpblog/index.php/Home/Index/verify.html
INFO: [ app_init ] --START--
INFO: Run Behavior\BuildLiteBehavior [ RunTime:0.000000s ]
INFO: [ app_init ] --END-- [ RunTime:0.001000s ]
INFO: [ app_begin ] --START--
INFO: Run Behavior\ReadHtmlCacheBehavior [ RunTime:0.003000s ]
INFO: [ app_begin ] --END-- [ RunTime:0.003000s ]
SQL: SHOW COLUMNS FROM `setting` [ RunTime:0.0070s ]
SQL: SELECT * FROM `setting`  [ RunTime:0.0010s ]
INFO: [ app_end ] --START--
INFO: Run Behavior\ShowPageTraceBehavior [ RunTime:0.001000s ]
INFO: [ app_end ] --END-- [ RunTime:0.001000s ]

[ 2017-10-12T09:27:59+08:00 ] 127.0.0.1 /tpblog/index.php/Home/Index/index.html
INFO: [ app_init ] --START--
INFO: Run Behavior\BuildLiteBehavior [ RunTime:0.001000s ]
INFO: [ app_init ] --END-- [ RunTime:0.002000s ]
INFO: [ app_begin ] --START--
INFO: Run Behavior\ReadHtmlCacheBehavior [ RunTime:0.001000s ]
INFO: [ app_begin ] --END-- [ RunTime:0.001000s ]
SQL: SHOW COLUMNS FROM `setting` [ RunTime:0.0080s ]
SQL: SELECT * FROM `setting`  [ RunTime:0.0010s ]
SQL: SHOW COLUMNS FROM `admin` [ RunTime:0.0090s ]
SQL: SELECT * FROM `admin` ORDER BY aid desc  [ RunTime:0.0000s ]
SQL: SHOW COLUMNS FROM `page` [ RunTime:0.0100s ]
SQL: SHOW COLUMNS FROM `grzl` [ RunTime:0.0080s ]
SQL: SHOW COLUMNS FROM `pinglun` [ RunTime:0.0100s ]
SQL: SHOW COLUMNS FROM `haoshu` [ RunTime:0.0060s ]
SQL: SELECT COUNT(*) AS tp_count FROM `page` LIMIT 1   [ RunTime:0.0000s ]
SQL: SELECT COUNT(*) AS tp_count FROM `page` WHERE `lx` = '趣闻' LIMIT 1   [ RunTime:0.0000s ]
SQL: SELECT COUNT(*) AS tp_count FROM `page` WHERE `lx` = '人文' LIMIT 1   [ RunTime:0.0000s ]
SQL: SELECT COUNT(*) AS tp_count FROM `page` WHERE `lx` = '美食' LIMIT 1   [ RunTime:0.0010s ]
SQL: SELECT * FROM `setting`  [ RunTime:0.0010s ]
SQL: SELECT * FROM `grzl` WHERE `yan` = null LIMIT 1   [ RunTime:0.0000s ]
SQL: SELECT * FROM `page` ORDER BY pid desc LIMIT 0,10   [ RunTime:0.0010s ]
SQL: SELECT * FROM `pinglun` LIMIT 1   [ RunTime:0.0000s ]
SQL: SELECT * FROM `haoshu`  [ RunTime:0.0020s ]
INFO: [ view_parse ] --START--
INFO: [ template_filter ] --START--
INFO: Run Behavior\ContentReplaceBehavior [ RunTime:0.000000s ]
INFO: [ template_filter ] --END-- [ RunTime:0.000000s ]
INFO: Run Behavior\ParseTemplateBehavior [ RunTime:0.025001s ]
INFO: [ view_parse ] --END-- [ RunTime:0.025001s ]
INFO: [ view_filter ] --START--
INFO: Run Behavior\WriteHtmlCacheBehavior [ RunTime:0.001000s ]
INFO: [ view_filter ] --END-- [ RunTime:0.001000s ]
INFO: [ app_end ] --START--
INFO: Run Behavior\ShowPageTraceBehavior [ RunTime:0.001000s ]
INFO: [ app_end ] --END-- [ RunTime:0.001000s ]

[ 2017-10-12T09:28:34+08:00 ] 127.0.0.1 /tpblog/index.php/Home/favicon.ico
INFO: [ app_init ] --START--
INFO: Run Behavior\BuildLiteBehavior [ RunTime:0.000000s ]
INFO: [ app_init ] --END-- [ RunTime:0.001000s ]

[ 2017-10-12T09:29:08+08:00 ] 127.0.0.1 /tpblog/index.php/Home/Index/login.html
INFO: [ app_init ] --START--
INFO: Run Behavior\BuildLiteBehavior [ RunTime:0.000000s ]
INFO: [ app_init ] --END-- [ RunTime:0.001000s ]
INFO: [ app_begin ] --START--
INFO: Run Behavior\ReadHtmlCacheBehavior [ RunTime:0.001000s ]
INFO: [ app_begin ] --END-- [ RunTime:0.002000s ]
SQL: SHOW COLUMNS FROM `setting` [ RunTime:0.0080s ]
SQL: SELECT * FROM `setting`  [ RunTime:0.0010s ]
INFO: [ view_parse ] --START--
INFO: [ template_filter ] --START--
INFO: Run Behavior\ContentReplaceBehavior [ RunTime:0.000000s ]
INFO: [ template_filter ] --END-- [ RunTime:0.000000s ]
NOTIC: [8] Undefined variable: user F:\phpStudyLite\WWW\tpblog\Application\Runtime\Cache\Home\8f446e26685191b31f521b504c9e1b46.php 第 46 行.
NOTIC: [8] Undefined variable: user F:\phpStudyLite\WWW\tpblog\Application\Runtime\Cache\Home\8f446e26685191b31f521b504c9e1b46.php 第 52 行.
NOTIC: [8] Undefined variable: user F:\phpStudyLite\WWW\tpblog\Application\Runtime\Cache\Home\8f446e26685191b31f521b504c9e1b46.php 第 58 行.
INFO: Run Behavior\ParseTemplateBehavior [ RunTime:0.014001s ]
INFO: [ view_parse ] --END-- [ RunTime:0.014001s ]
INFO: [ view_filter ] --START--
INFO: Run Behavior\WriteHtmlCacheBehavior [ RunTime:0.002000s ]
INFO: [ view_filter ] --END-- [ RunTime:0.002000s ]
INFO: [ app_end ] --START--
INFO: Run Behavior\ShowPageTraceBehavior [ RunTime:0.002000s ]
INFO: [ app_end ] --END-- [ RunTime:0.003000s ]

[ 2017-10-12T09:29:08+08:00 ] 127.0.0.1 /tpblog/index.php/Home/Index/verify.html
INFO: [ app_init ] --START--
INFO: Run Behavior\BuildLiteBehavior [ RunTime:0.000000s ]
INFO: [ app_init ] --END-- [ RunTime:0.027002s ]
INFO: [ app_begin ] --START--
INFO: Run Behavior\ReadHtmlCacheBehavior [ RunTime:0.003001s ]
INFO: [ app_begin ] --END-- [ RunTime:0.003001s ]
SQL: SHOW COLUMNS FROM `setting` [ RunTime:0.0130s ]
SQL: SELECT * FROM `setting`  [ RunTime:0.0010s ]
INFO: [ app_end ] --START--
INFO: Run Behavior\ShowPageTraceBehavior [ RunTime:0.004000s ]
INFO: [ app_end ] --END-- [ RunTime:0.004000s ]

[ 2017-10-12T09:29:10+08:00 ] 127.0.0.1 /tpblog/index.php/Home/Index/index.html
INFO: [ app_init ] --START--
INFO: Run Behavior\BuildLiteBehavior [ RunTime:0.000000s ]
INFO: [ app_init ] --END-- [ RunTime:0.001000s ]
INFO: [ app_begin ] --START--
INFO: Run Behavior\ReadHtmlCacheBehavior [ RunTime:0.001000s ]
INFO: [ app_begin ] --END-- [ RunTime:0.001000s ]
SQL: SHOW COLUMNS FROM `setting` [ RunTime:0.0080s ]
SQL: SELECT * FROM `setting`  [ RunTime:0.0010s ]
SQL: SHOW COLUMNS FROM `admin` [ RunTime:0.0090s ]
SQL: SELECT * FROM `admin` ORDER BY aid desc  [ RunTime:0.0010s ]
SQL: SHOW COLUMNS FROM `page` [ RunTime:0.0070s ]
SQL: SHOW COLUMNS FROM `grzl` [ RunTime:0.0100s ]
SQL: SHOW COLUMNS FROM `pinglun` [ RunTime:0.0110s ]
SQL: SHOW COLUMNS FROM `haoshu` [ RunTime:0.0080s ]
SQL: SELECT COUNT(*) AS tp_count FROM `page` LIMIT 1   [ RunTime:0.0010s ]
SQL: SELECT COUNT(*) AS tp_count FROM `page` WHERE `lx` = '趣闻' LIMIT 1   [ RunTime:0.0010s ]
SQL: SELECT COUNT(*) AS tp_count FROM `page` WHERE `lx` = '人文' LIMIT 1   [ RunTime:0.0020s ]
SQL: SELECT COUNT(*) AS tp_count FROM `page` WHERE `lx` = '美食' LIMIT 1   [ RunTime:0.0010s ]
SQL: SELECT * FROM `setting`  [ RunTime:0.0010s ]
SQL: SELECT * FROM `grzl` WHERE `yan` = null LIMIT 1   [ RunTime:0.0010s ]
SQL: SELECT * FROM `page` ORDER BY pid desc LIMIT 0,10   [ RunTime:0.0020s ]
SQL: SELECT * FROM `pinglun` LIMIT 1   [ RunTime:0.0000s ]
SQL: SELECT * FROM `haoshu`  [ RunTime:0.0020s ]
INFO: [ view_parse ] --START--
INFO: [ template_filter ] --START--
INFO: Run Behavior\ContentReplaceBehavior [ RunTime:0.001000s ]
INFO: [ template_filter ] --END-- [ RunTime:0.001000s ]
INFO: Run Behavior\ParseTemplateBehavior [ RunTime:0.029002s ]
INFO: [ view_parse ] --END-- [ RunTime:0.029002s ]
INFO: [ view_filter ] --START--
INFO: Run Behavior\WriteHtmlCacheBehavior [ RunTime:0.001000s ]
INFO: [ view_filter ] --END-- [ RunTime:0.001000s ]
INFO: [ app_end ] --START--
INFO: Run Behavior\ShowPageTraceBehavior [ RunTime:0.001000s ]
INFO: [ app_end ] --END-- [ RunTime:0.001000s ]

[ 2017-10-12T09:29:17+08:00 ] 127.0.0.1 /tpblog/index.php/Home/Index/lbread.html?lx=%E7%BE%8E%E9%A3%9F
INFO: [ app_init ] --START--
INFO: Run Behavior\BuildLiteBehavior [ RunTime:0.000000s ]
INFO: [ app_init ] --END-- [ RunTime:0.002001s ]
INFO: [ app_begin ] --START--
INFO: Run Behavior\ReadHtmlCacheBehavior [ RunTime:0.002000s ]
INFO: [ app_begin ] --END-- [ RunTime:0.002000s ]
SQL: SHOW COLUMNS FROM `setting` [ RunTime:0.0110s ]
SQL: SELECT * FROM `setting`  [ RunTime:0.0010s ]
SQL: SHOW COLUMNS FROM `page` [ RunTime:0.0090s ]
SQL: SHOW COLUMNS FROM `pinglun` [ RunTime:0.0110s ]
SQL: SELECT * FROM `page` WHERE `lx` = '美食'  [ RunTime:0.0010s ]
NOTIC: [2] Missing argument 1 for Think\Model::where(), called in F:\phpStudyLite\WWW\tpblog\Application\Home\Controller\IndexController.class.php on line 268 and defined F:\phpStudyLite\WWW\tpblog\ThinkPHP\Library\Think\Model.class.php 第 1797 行.
NOTIC: [8] Undefined variable: where F:\phpStudyLite\WWW\tpblog\ThinkPHP\Library\Think\Model.class.php 第 1805 行.
NOTIC: [8] Undefined variable: where F:\phpStudyLite\WWW\tpblog\ThinkPHP\Library\Think\Model.class.php 第 1808 行.
NOTIC: [8] Undefined variable: where F:\phpStudyLite\WWW\tpblog\ThinkPHP\Library\Think\Model.class.php 第 1816 行.
SQL: SELECT * FROM `pinglun`  [ RunTime:0.0010s ]
INFO: [ view_parse ] --START--
INFO: [ template_filter ] --START--
INFO: Run Behavior\ContentReplaceBehavior [ RunTime:0.001000s ]
INFO: [ template_filter ] --END-- [ RunTime:0.001000s ]
NOTIC: [8] Undefined variable: blog F:\phpStudyLite\WWW\tpblog\Application\Runtime\Cache\Home\78d9d1fc7a504e486fbc57dd084e5860.php 第 22 行.
NOTIC: [8] Undefined variable: blog F:\phpStudyLite\WWW\tpblog\Application\Runtime\Cache\Home\78d9d1fc7a504e486fbc57dd084e5860.php 第 33 行.
NOTIC: [8] Undefined variable: count F:\phpStudyLite\WWW\tpblog\Application\Runtime\Cache\Home\78d9d1fc7a504e486fbc57dd084e5860.php 第 58 行.
NOTIC: [8] Undefined variable: pls F:\phpStudyLite\WWW\tpblog\Application\Runtime\Cache\Home\78d9d1fc7a504e486fbc57dd084e5860.php 第 64 行.
NOTIC: [2] Invalid argument supplied for foreach() F:\phpStudyLite\WWW\tpblog\Application\Runtime\Cache\Home\78d9d1fc7a504e486fbc57dd084e5860.php 第 64 行.
NOTIC: [8] Undefined variable: count F:\phpStudyLite\WWW\tpblog\Application\Runtime\Cache\Home\78d9d1fc7a504e486fbc57dd084e5860.php 第 58 行.
NOTIC: [8] Undefined variable: pls F:\phpStudyLite\WWW\tpblog\Application\Runtime\Cache\Home\78d9d1fc7a504e486fbc57dd084e5860.php 第 64 行.
NOTIC: [2] Invalid argument supplied for foreach() F:\phpStudyLite\WWW\tpblog\Application\Runtime\Cache\Home\78d9d1fc7a504e486fbc57dd084e5860.php 第 64 行.
NOTIC: [8] Undefined variable: count F:\phpStudyLite\WWW\tpblog\Application\Runtime\Cache\Home\78d9d1fc7a504e486fbc57dd084e5860.php 第 58 行.
NOTIC: [8] Undefined variable: pls F:\phpStudyLite\WWW\tpblog\Application\Runtime\Cache\Home\78d9d1fc7a504e486fbc57dd084e5860.php 第 64 行.
NOTIC: [2] Invalid argument supplied for foreach() F:\phpStudyLite\WWW\tpblog\Application\Runtime\Cache\Home\78d9d1fc7a504e486fbc57dd084e5860.php 第 64 行.
NOTIC: [8] Undefined variable: count F:\phpStudyLite\WWW\tpblog\Application\Runtime\Cache\Home\78d9d1fc7a504e486fbc57dd084e5860.php 第 58 行.
NOTIC: [8] Undefined variable: pls F:\phpStudyLite\WWW\tpblog\Application\Runtime\Cache\Home\78d9d1fc7a504e486fbc57dd084e5860.php 第 64 行.
NOTIC: [2] Invalid argument supplied for foreach() F:\phpStudyLite\WWW\tpblog\Application\Runtime\Cache\Home\78d9d1fc7a504e486fbc57dd084e5860.php 第 64 行.
INFO: Run Behavior\ParseTemplateBehavior [ RunTime:0.037002s ]
INFO: [ view_parse ] --END-- [ RunTime:0.037002s ]
INFO: [ view_filter ] --START--
INFO: Run Behavior\WriteHtmlCacheBehavior [ RunTime:0.002000s ]
INFO: [ view_filter ] --END-- [ RunTime:0.002000s ]
INFO: [ app_end ] --START--
INFO: Run Behavior\ShowPageTraceBehavior [ RunTime:0.004001s ]
INFO: [ app_end ] --END-- [ RunTime:0.004001s ]

[ 2017-10-12T09:29:21+08:00 ] 127.0.0.1 /tpblog/index.php/Home/Index/lbread.html?lx=%E8%B6%A3%E9%97%BB
INFO: [ app_init ] --START--
INFO: Run Behavior\BuildLiteBehavior [ RunTime:0.000000s ]
INFO: [ app_init ] --END-- [ RunTime:0.001000s ]
INFO: [ app_begin ] --START--
INFO: Run Behavior\ReadHtmlCacheBehavior [ RunTime:0.002001s ]
INFO: [ app_begin ] --END-- [ RunTime:0.002001s ]
SQL: SHOW COLUMNS FROM `setting` [ RunTime:0.0080s ]
SQL: SELECT * FROM `setting`  [ RunTime:0.0000s ]
SQL: SHOW COLUMNS FROM `page` [ RunTime:0.0110s ]
SQL: SHOW COLUMNS FROM `pinglun` [ RunTime:0.0080s ]
SQL: SELECT * FROM `page` WHERE `lx` = '趣闻'  [ RunTime:0.0010s ]
NOTIC: [2] Missing argument 1 for Think\Model::where(), called in F:\phpStudyLite\WWW\tpblog\Application\Home\Controller\IndexController.class.php on line 268 and defined F:\phpStudyLite\WWW\tpblog\ThinkPHP\Library\Think\Model.class.php 第 1797 行.
NOTIC: [8] Undefined variable: where F:\phpStudyLite\WWW\tpblog\ThinkPHP\Library\Think\Model.class.php 第 1805 行.
NOTIC: [8] Undefined variable: where F:\phpStudyLite\WWW\tpblog\ThinkPHP\Library\Think\Model.class.php 第 1808 行.
NOTIC: [8] Undefined variable: where F:\phpStudyLite\WWW\tpblog\ThinkPHP\Library\Think\Model.class.php 第 1816 行.
SQL: SELECT * FROM `pinglun`  [ RunTime:0.0020s ]
INFO: [ view_parse ] --START--
INFO: [ template_filter ] --START--
INFO: Run Behavior\ContentReplaceBehavior [ RunTime:0.000000s ]
INFO: [ template_filter ] --END-- [ RunTime:0.000000s ]
NOTIC: [8] Undefined variable: blog F:\phpStudyLite\WWW\tpblog\Application\Runtime\Cache\Home\78d9d1fc7a504e486fbc57dd084e5860.php 第 22 行.
NOTIC: [8] Undefined variable: blog F:\phpStudyLite\WWW\tpblog\Application\Runtime\Cache\Home\78d9d1fc7a504e486fbc57dd084e5860.php 第 33 行.
NOTIC: [8] Undefined variable: count F:\phpStudyLite\WWW\tpblog\Application\Runtime\Cache\Home\78d9d1fc7a504e486fbc57dd084e5860.php 第 58 行.
NOTIC: [8] Undefined variable: pls F:\phpStudyLite\WWW\tpblog\Application\Runtime\Cache\Home\78d9d1fc7a504e486fbc57dd084e5860.php 第 64 行.
NOTIC: [2] Invalid argument supplied for foreach() F:\phpStudyLite\WWW\tpblog\Application\Runtime\Cache\Home\78d9d1fc7a504e486fbc57dd084e5860.php 第 64 行.
NOTIC: [8] Undefined variable: count F:\phpStudyLite\WWW\tpblog\Application\Runtime\Cache\Home\78d9d1fc7a504e486fbc57dd084e5860.php 第 58 行.
NOTIC: [8] Undefined variable: pls F:\phpStudyLite\WWW\tpblog\Application\Runtime\Cache\Home\78d9d1fc7a504e486fbc57dd084e5860.php 第 64 行.
NOTIC: [2] Invalid argument supplied for foreach() F:\phpStudyLite\WWW\tpblog\Application\Runtime\Cache\Home\78d9d1fc7a504e486fbc57dd084e5860.php 第 64 行.
INFO: Run Behavior\ParseTemplateBehavior [ RunTime:0.016001s ]
INFO: [ view_parse ] --END-- [ RunTime:0.016001s ]
INFO: [ view_filter ] --START--
INFO: Run Behavior\WriteHtmlCacheBehavior [ RunTime:0.001000s ]
INFO: [ view_filter ] --END-- [ RunTime:0.001000s ]
INFO: [ app_end ] --START--
INFO: Run Behavior\ShowPageTraceBehavior [ RunTime:0.001000s ]
INFO: [ app_end ] --END-- [ RunTime:0.001000s ]

[ 2017-10-12T09:29:23+08:00 ] 127.0.0.1 /tpblog/index.php/Home/Index/lbread.html?lx=%E7%BE%8E%E9%A3%9F
INFO: [ app_init ] --START--
INFO: Run Behavior\BuildLiteBehavior [ RunTime:0.000000s ]
INFO: [ app_init ] --END-- [ RunTime:0.001000s ]
INFO: [ app_begin ] --START--
INFO: Run Behavior\ReadHtmlCacheBehavior [ RunTime:0.002000s ]
INFO: [ app_begin ] --END-- [ RunTime:0.002000s ]
SQL: SHOW COLUMNS FROM `setting` [ RunTime:0.0070s ]
SQL: SELECT * FROM `setting`  [ RunTime:0.0010s ]
SQL: SHOW COLUMNS FROM `page` [ RunTime:0.0100s ]
SQL: SHOW COLUMNS FROM `pinglun` [ RunTime:0.0100s ]
SQL: SELECT * FROM `page` WHERE `lx` = '美食'  [ RunTime:0.0020s ]
NOTIC: [2] Missing argument 1 for Think\Model::where(), called in F:\phpStudyLite\WWW\tpblog\Application\Home\Controller\IndexController.class.php on line 268 and defined F:\phpStudyLite\WWW\tpblog\ThinkPHP\Library\Think\Model.class.php 第 1797 行.
NOTIC: [8] Undefined variable: where F:\phpStudyLite\WWW\tpblog\ThinkPHP\Library\Think\Model.class.php 第 1805 行.
NOTIC: [8] Undefined variable: where F:\phpStudyLite\WWW\tpblog\ThinkPHP\Library\Think\Model.class.php 第 1808 行.
NOTIC: [8] Undefined variable: where F:\phpStudyLite\WWW\tpblog\ThinkPHP\Library\Think\Model.class.php 第 1816 行.
SQL: SELECT * FROM `pinglun`  [ RunTime:0.0010s ]
INFO: [ view_parse ] --START--
INFO: [ template_filter ] --START--
INFO: Run Behavior\ContentReplaceBehavior [ RunTime:0.000000s ]
INFO: [ template_filter ] --END-- [ RunTime:0.001000s ]
NOTIC: [8] Undefined variable: blog F:\phpStudyLite\WWW\tpblog\Application\Runtime\Cache\Home\78d9d1fc7a504e486fbc57dd084e5860.php 第 22 行.
NOTIC: [8] Undefined variable: blog F:\phpStudyLite\WWW\tpblog\Application\Runtime\Cache\Home\78d9d1fc7a504e486fbc57dd084e5860.php 第 33 行.
NOTIC: [8] Undefined variable: count F:\phpStudyLite\WWW\tpblog\Application\Runtime\Cache\Home\78d9d1fc7a504e486fbc57dd084e5860.php 第 58 行.
NOTIC: [8] Undefined variable: pls F:\phpStudyLite\WWW\tpblog\Application\Runtime\Cache\Home\78d9d1fc7a504e486fbc57dd084e5860.php 第 64 行.
NOTIC: [2] Invalid argument supplied for foreach() F:\phpStudyLite\WWW\tpblog\Application\Runtime\Cache\Home\78d9d1fc7a504e486fbc57dd084e5860.php 第 64 行.
NOTIC: [8] Undefined variable: count F:\phpStudyLite\WWW\tpblog\Application\Runtime\Cache\Home\78d9d1fc7a504e486fbc57dd084e5860.php 第 58 行.
NOTIC: [8] Undefined variable: pls F:\phpStudyLite\WWW\tpblog\Application\Runtime\Cache\Home\78d9d1fc7a504e486fbc57dd084e5860.php 第 64 行.
NOTIC: [2] Invalid argument supplied for foreach() F:\phpStudyLite\WWW\tpblog\Application\Runtime\Cache\Home\78d9d1fc7a504e486fbc57dd084e5860.php 第 64 行.
NOTIC: [8] Undefined variable: count F:\phpStudyLite\WWW\tpblog\Application\Runtime\Cache\Home\78d9d1fc7a504e486fbc57dd084e5860.php 第 58 行.
NOTIC: [8] Undefined variable: pls F:\phpStudyLite\WWW\tpblog\Application\Runtime\Cache\Home\78d9d1fc7a504e486fbc57dd084e5860.php 第 64 行.
NOTIC: [2] Invalid argument supplied for foreach() F:\phpStudyLite\WWW\tpblog\Application\Runtime\Cache\Home\78d9d1fc7a504e486fbc57dd084e5860.php 第 64 行.
NOTIC: [8] Undefined variable: count F:\phpStudyLite\WWW\tpblog\Application\Runtime\Cache\Home\78d9d1fc7a504e486fbc57dd084e5860.php 第 58 行.
NOTIC: [8] Undefined variable: pls F:\phpStudyLite\WWW\tpblog\Application\Runtime\Cache\Home\78d9d1fc7a504e486fbc57dd084e5860.php 第 64 行.
NOTIC: [2] Invalid argument supplied for foreach() F:\phpStudyLite\WWW\tpblog\Application\Runtime\Cache\Home\78d9d1fc7a504e486fbc57dd084e5860.php 第 64 行.
INFO: Run Behavior\ParseTemplateBehavior [ RunTime:0.018001s ]
INFO: [ view_parse ] --END-- [ RunTime:0.018001s ]
INFO: [ view_filter ] --START--
INFO: Run Behavior\WriteHtmlCacheBehavior [ RunTime:0.001000s ]
INFO: [ view_filter ] --END-- [ RunTime:0.001000s ]
INFO: [ app_end ] --START--
INFO: Run Behavior\ShowPageTraceBehavior [ RunTime:0.001001s ]
INFO: [ app_end ] --END-- [ RunTime:0.001001s ]

[ 2017-10-12T09:29:24+08:00 ] 127.0.0.1 /tpblog/index.php/Home/Index/lbread.html?lx=%E4%BA%BA%E6%96%87
INFO: [ app_init ] --START--
INFO: Run Behavior\BuildLiteBehavior [ RunTime:0.000000s ]
INFO: [ app_init ] --END-- [ RunTime:0.002000s ]
INFO: [ app_begin ] --START--
INFO: Run Behavior\ReadHtmlCacheBehavior [ RunTime:0.001000s ]
INFO: [ app_begin ] --END-- [ RunTime:0.001000s ]
SQL: SHOW COLUMNS FROM `setting` [ RunTime:0.0090s ]
SQL: SELECT * FROM `setting`  [ RunTime:0.0010s ]
SQL: SHOW COLUMNS FROM `page` [ RunTime:0.0070s ]
SQL: SHOW COLUMNS FROM `pinglun` [ RunTime:0.0100s ]
SQL: SELECT * FROM `page` WHERE `lx` = '人文'  [ RunTime:0.0020s ]
NOTIC: [2] Missing argument 1 for Think\Model::where(), called in F:\phpStudyLite\WWW\tpblog\Application\Home\Controller\IndexController.class.php on line 268 and defined F:\phpStudyLite\WWW\tpblog\ThinkPHP\Library\Think\Model.class.php 第 1797 行.
NOTIC: [8] Undefined variable: where F:\phpStudyLite\WWW\tpblog\ThinkPHP\Library\Think\Model.class.php 第 1805 行.
NOTIC: [8] Undefined variable: where F:\phpStudyLite\WWW\tpblog\ThinkPHP\Library\Think\Model.class.php 第 1808 行.
NOTIC: [8] Undefined variable: where F:\phpStudyLite\WWW\tpblog\ThinkPHP\Library\Think\Model.class.php 第 1816 行.
SQL: SELECT * FROM `pinglun`  [ RunTime:0.0010s ]
INFO: [ view_parse ] --START--
INFO: [ template_filter ] --START--
INFO: Run Behavior\ContentReplaceBehavior [ RunTime:0.001000s ]
INFO: [ template_filter ] --END-- [ RunTime:0.001000s ]
NOTIC: [8] Undefined variable: blog F:\phpStudyLite\WWW\tpblog\Application\Runtime\Cache\Home\78d9d1fc7a504e486fbc57dd084e5860.php 第 22 行.
NOTIC: [8] Undefined variable: blog F:\phpStudyLite\WWW\tpblog\Application\Runtime\Cache\Home\78d9d1fc7a504e486fbc57dd084e5860.php 第 33 行.
NOTIC: [8] Undefined variable: count F:\phpStudyLite\WWW\tpblog\Application\Runtime\Cache\Home\78d9d1fc7a504e486fbc57dd084e5860.php 第 58 行.
NOTIC: [8] Undefined variable: pls F:\phpStudyLite\WWW\tpblog\Application\Runtime\Cache\Home\78d9d1fc7a504e486fbc57dd084e5860.php 第 64 行.
NOTIC: [2] Invalid argument supplied for foreach() F:\phpStudyLite\WWW\tpblog\Application\Runtime\Cache\Home\78d9d1fc7a504e486fbc57dd084e5860.php 第 64 行.
NOTIC: [8] Undefined variable: count F:\phpStudyLite\WWW\tpblog\Application\Runtime\Cache\Home\78d9d1fc7a504e486fbc57dd084e5860.php 第 58 行.
NOTIC: [8] Undefined variable: pls F:\phpStudyLite\WWW\tpblog\Application\Runtime\Cache\Home\78d9d1fc7a504e486fbc57dd084e5860.php 第 64 行.
NOTIC: [2] Invalid argument supplied for foreach() F:\phpStudyLite\WWW\tpblog\Application\Runtime\Cache\Home\78d9d1fc7a504e486fbc57dd084e5860.php 第 64 行.
NOTIC: [8] Undefined variable: count F:\phpStudyLite\WWW\tpblog\Application\Runtime\Cache\Home\78d9d1fc7a504e486fbc57dd084e5860.php 第 58 行.
NOTIC: [8] Undefined variable: pls F:\phpStudyLite\WWW\tpblog\Application\Runtime\Cache\Home\78d9d1fc7a504e486fbc57dd084e5860.php 第 64 行.
NOTIC: [2] Invalid argument supplied for foreach() F:\phpStudyLite\WWW\tpblog\Application\Runtime\Cache\Home\78d9d1fc7a504e486fbc57dd084e5860.php 第 64 行.
INFO: Run Behavior\ParseTemplateBehavior [ RunTime:0.020001s ]
INFO: [ view_parse ] --END-- [ RunTime:0.020001s ]
INFO: [ view_filter ] --START--
INFO: Run Behavior\WriteHtmlCacheBehavior [ RunTime:0.002000s ]
INFO: [ view_filter ] --END-- [ RunTime:0.002000s ]
INFO: [ app_end ] --START--
INFO: Run Behavior\ShowPageTraceBehavior [ RunTime:0.003000s ]
INFO: [ app_end ] --END-- [ RunTime:0.004000s ]

[ 2017-10-12T09:29:25+08:00 ] 127.0.0.1 /tpblog/index.php/Home/Index/lbread.html?lx=%E7%BE%8E%E9%A3%9F
INFO: [ app_init ] --START--
INFO: Run Behavior\BuildLiteBehavior [ RunTime:0.000000s ]
INFO: [ app_init ] --END-- [ RunTime:0.001000s ]
INFO: [ app_begin ] --START--
INFO: Run Behavior\ReadHtmlCacheBehavior [ RunTime:0.001000s ]
INFO: [ app_begin ] --END-- [ RunTime:0.002000s ]
SQL: SHOW COLUMNS FROM `setting` [ RunTime:0.0080s ]
SQL: SELECT * FROM `setting`  [ RunTime:0.0000s ]
SQL: SHOW COLUMNS FROM `page` [ RunTime:0.0100s ]
SQL: SHOW COLUMNS FROM `pinglun` [ RunTime:0.0110s ]
SQL: SELECT * FROM `page` WHERE `lx` = '美食'  [ RunTime:0.0010s ]
NOTIC: [2] Missing argument 1 for Think\Model::where(), called in F:\phpStudyLite\WWW\tpblog\Application\Home\Controller\IndexController.class.php on line 268 and defined F:\phpStudyLite\WWW\tpblog\ThinkPHP\Library\Think\Model.class.php 第 1797 行.
NOTIC: [8] Undefined variable: where F:\phpStudyLite\WWW\tpblog\ThinkPHP\Library\Think\Model.class.php 第 1805 行.
NOTIC: [8] Undefined variable: where F:\phpStudyLite\WWW\tpblog\ThinkPHP\Library\Think\Model.class.php 第 1808 行.
NOTIC: [8] Undefined variable: where F:\phpStudyLite\WWW\tpblog\ThinkPHP\Library\Think\Model.class.php 第 1816 行.
SQL: SELECT * FROM `pinglun`  [ RunTime:0.0010s ]
INFO: [ view_parse ] --START--
INFO: [ template_filter ] --START--
INFO: Run Behavior\ContentReplaceBehavior [ RunTime:0.000000s ]
INFO: [ template_filter ] --END-- [ RunTime:0.000000s ]
NOTIC: [8] Undefined variable: blog F:\phpStudyLite\WWW\tpblog\Application\Runtime\Cache\Home\78d9d1fc7a504e486fbc57dd084e5860.php 第 22 行.
NOTIC: [8] Undefined variable: blog F:\phpStudyLite\WWW\tpblog\Application\Runtime\Cache\Home\78d9d1fc7a504e486fbc57dd084e5860.php 第 33 行.
NOTIC: [8] Undefined variable: count F:\phpStudyLite\WWW\tpblog\Application\Runtime\Cache\Home\78d9d1fc7a504e486fbc57dd084e5860.php 第 58 行.
NOTIC: [8] Undefined variable: pls F:\phpStudyLite\WWW\tpblog\Application\Runtime\Cache\Home\78d9d1fc7a504e486fbc57dd084e5860.php 第 64 行.
NOTIC: [2] Invalid argument supplied for foreach() F:\phpStudyLite\WWW\tpblog\Application\Runtime\Cache\Home\78d9d1fc7a504e486fbc57dd084e5860.php 第 64 行.
NOTIC: [8] Undefined variable: count F:\phpStudyLite\WWW\tpblog\Application\Runtime\Cache\Home\78d9d1fc7a504e486fbc57dd084e5860.php 第 58 行.
NOTIC: [8] Undefined variable: pls F:\phpStudyLite\WWW\tpblog\Application\Runtime\Cache\Home\78d9d1fc7a504e486fbc57dd084e5860.php 第 64 行.
NOTIC: [2] Invalid argument supplied for foreach() F:\phpStudyLite\WWW\tpblog\Application\Runtime\Cache\Home\78d9d1fc7a504e486fbc57dd084e5860.php 第 64 行.
NOTIC: [8] Undefined variable: count F:\phpStudyLite\WWW\tpblog\Application\Runtime\Cache\Home\78d9d1fc7a504e486fbc57dd084e5860.php 第 58 行.
NOTIC: [8] Undefined variable: pls F:\phpStudyLite\WWW\tpblog\Application\Runtime\Cache\Home\78d9d1fc7a504e486fbc57dd084e5860.php 第 64 行.
NOTIC: [2] Invalid argument supplied for foreach() F:\phpStudyLite\WWW\tpblog\Application\Runtime\Cache\Home\78d9d1fc7a504e486fbc57dd084e5860.php 第 64 行.
NOTIC: [8] Undefined variable: count F:\phpStudyLite\WWW\tpblog\Application\Runtime\Cache\Home\78d9d1fc7a504e486fbc57dd084e5860.php 第 58 行.
NOTIC: [8] Undefined variable: pls F:\phpStudyLite\WWW\tpblog\Application\Runtime\Cache\Home\78d9d1fc7a504e486fbc57dd084e5860.php 第 64 行.
NOTIC: [2] Invalid argument supplied for foreach() F:\phpStudyLite\WWW\tpblog\Application\Runtime\Cache\Home\78d9d1fc7a504e486fbc57dd084e5860.php 第 64 行.
INFO: Run Behavior\ParseTemplateBehavior [ RunTime:0.018001s ]
INFO: [ view_parse ] --END-- [ RunTime:0.018001s ]
INFO: [ view_filter ] --START--
INFO: Run Behavior\WriteHtmlCacheBehavior [ RunTime:0.002000s ]
INFO: [ view_filter ] --END-- [ RunTime:0.002000s ]
INFO: [ app_end ] --START--
INFO: Run Behavior\ShowPageTraceBehavior [ RunTime:0.002000s ]
INFO: [ app_end ] --END-- [ RunTime:0.003001s ]

[ 2017-10-12T09:29:35+08:00 ] 127.0.0.1 /tpblog/index.php/Home/Index/index.html
INFO: [ app_init ] --START--
INFO: Run Behavior\BuildLiteBehavior [ RunTime:0.000000s ]
INFO: [ app_init ] --END-- [ RunTime:0.001000s ]
INFO: [ app_begin ] --START--
INFO: Run Behavior\ReadHtmlCacheBehavior [ RunTime:0.001000s ]
INFO: [ app_begin ] --END-- [ RunTime:0.002000s ]
SQL: SHOW COLUMNS FROM `setting` [ RunTime:0.0090s ]
SQL: SELECT * FROM `setting`  [ RunTime:0.0010s ]
SQL: SHOW COLUMNS FROM `admin` [ RunTime:0.0080s ]
SQL: SELECT * FROM `admin` ORDER BY aid desc  [ RunTime:0.0000s ]
SQL: SHOW COLUMNS FROM `page` [ RunTime:0.0080s ]
SQL: SHOW COLUMNS FROM `grzl` [ RunTime:0.0100s ]
SQL: SHOW COLUMNS FROM `pinglun` [ RunTime:0.0080s ]
SQL: SHOW COLUMNS FROM `haoshu` [ RunTime:0.0080s ]
SQL: SELECT COUNT(*) AS tp_count FROM `page` LIMIT 1   [ RunTime:0.0010s ]
SQL: SELECT COUNT(*) AS tp_count FROM `page` WHERE `lx` = '趣闻' LIMIT 1   [ RunTime:0.0010s ]
SQL: SELECT COUNT(*) AS tp_count FROM `page` WHERE `lx` = '人文' LIMIT 1   [ RunTime:0.0010s ]
SQL: SELECT COUNT(*) AS tp_count FROM `page` WHERE `lx` = '美食' LIMIT 1   [ RunTime:0.0010s ]
SQL: SELECT * FROM `setting`  [ RunTime:0.0000s ]
SQL: SELECT * FROM `grzl` WHERE `yan` = null LIMIT 1   [ RunTime:0.0010s ]
SQL: SELECT * FROM `page` ORDER BY pid desc LIMIT 0,10   [ RunTime:0.0020s ]
SQL: SELECT * FROM `pinglun` LIMIT 1   [ RunTime:0.0000s ]
SQL: SELECT * FROM `haoshu`  [ RunTime:0.0030s ]
INFO: [ view_parse ] --START--
INFO: [ template_filter ] --START--
INFO: Run Behavior\ContentReplaceBehavior [ RunTime:0.000000s ]
INFO: [ template_filter ] --END-- [ RunTime:0.000000s ]
INFO: Run Behavior\ParseTemplateBehavior [ RunTime:0.027002s ]
INFO: [ view_parse ] --END-- [ RunTime:0.027002s ]
INFO: [ view_filter ] --START--
INFO: Run Behavior\WriteHtmlCacheBehavior [ RunTime:0.001000s ]
INFO: [ view_filter ] --END-- [ RunTime:0.001000s ]
INFO: [ app_end ] --START--
INFO: Run Behavior\ShowPageTraceBehavior [ RunTime:0.001000s ]
INFO: [ app_end ] --END-- [ RunTime:0.001000s ]

