[ 2017-10-08T18:35:32+08:00 ] 127.0.0.1 /tpblog/home/index/index
INFO: [ app_init ] --START--
INFO: Run Behavior\BuildLiteBehavior [ RunTime:0.000000s ]
INFO: [ app_init ] --END-- [ RunTime:0.073203s ]
INFO: [ app_begin ] --START--
INFO: Run Behavior\ReadHtmlCacheBehavior [ RunTime:0.015600s ]
INFO: [ app_begin ] --END-- [ RunTime:0.015600s ]
SQL: SHOW COLUMNS FROM `setting` [ RunTime:0.1104s ]
SQL: SELECT * FROM `setting`  [ RunTime:0.0000s ]
SQL: SHOW COLUMNS FROM `admin` [ RunTime:0.1228s ]
SQL: SELECT * FROM `admin` ORDER BY aid desc  [ RunTime:0.0130s ]
SQL: SHOW COLUMNS FROM `page` [ RunTime:0.0700s ]
SQL: SHOW COLUMNS FROM `grzl` [ RunTime:0.0432s ]
SQL: SHOW COLUMNS FROM `pinglun` [ RunTime:0.0666s ]
SQL: SHOW COLUMNS FROM `haoshu` [ RunTime:0.0470s ]
SQL: SELECT COUNT(*) AS tp_count FROM `page` LIMIT 1   [ RunTime:0.0440s ]
SQL: SELECT COUNT(*) AS tp_count FROM `page` WHERE `lx` = '趣闻' LIMIT 1   [ RunTime:0.0170s ]
SQL: SELECT COUNT(*) AS tp_count FROM `page` WHERE `lx` = '人文' LIMIT 1   [ RunTime:0.0010s ]
SQL: SELECT COUNT(*) AS tp_count FROM `page` WHERE `lx` = '美食' LIMIT 1   [ RunTime:0.0010s ]
SQL: SELECT * FROM `setting`  [ RunTime:0.0030s ]
SQL: SELECT * FROM `grzl` WHERE `yan` = null LIMIT 1   [ RunTime:0.0270s ]
SQL: SELECT * FROM `page` ORDER BY pid desc LIMIT 0,10   [ RunTime:0.0020s ]
SQL: SELECT * FROM `pinglun` LIMIT 1   [ RunTime:0.0160s ]
SQL: SELECT * FROM `haoshu`  [ RunTime:0.0290s ]
INFO: [ view_parse ] --START--
INFO: [ template_filter ] --START--
INFO: Run Behavior\ContentReplaceBehavior [ RunTime:0.000000s ]
INFO: [ template_filter ] --END-- [ RunTime:0.000000s ]
NOTIC: [8] Undefined variable: user F:\phpStudyLite\WWW\tpblog\Application\Runtime\Cache\Home\74c9bdbded7009a43a281be8a565b911.php 第 112 行.
NOTIC: [8] Undefined variable: user F:\phpStudyLite\WWW\tpblog\Application\Runtime\Cache\Home\74c9bdbded7009a43a281be8a565b911.php 第 112 行.
NOTIC: [8] Undefined variable: user F:\phpStudyLite\WWW\tpblog\Application\Runtime\Cache\Home\74c9bdbded7009a43a281be8a565b911.php 第 112 行.
NOTIC: [8] Undefined variable: user F:\phpStudyLite\WWW\tpblog\Application\Runtime\Cache\Home\74c9bdbded7009a43a281be8a565b911.php 第 112 行.
NOTIC: [8] Undefined variable: user F:\phpStudyLite\WWW\tpblog\Application\Runtime\Cache\Home\74c9bdbded7009a43a281be8a565b911.php 第 112 行.
NOTIC: [8] Undefined variable: user F:\phpStudyLite\WWW\tpblog\Application\Runtime\Cache\Home\74c9bdbded7009a43a281be8a565b911.php 第 112 行.
NOTIC: [8] Undefined variable: user F:\phpStudyLite\WWW\tpblog\Application\Runtime\Cache\Home\74c9bdbded7009a43a281be8a565b911.php 第 112 行.
NOTIC: [8] Undefined variable: user F:\phpStudyLite\WWW\tpblog\Application\Runtime\Cache\Home\74c9bdbded7009a43a281be8a565b911.php 第 112 行.
NOTIC: [8] Undefined variable: user F:\phpStudyLite\WWW\tpblog\Application\Runtime\Cache\Home\74c9bdbded7009a43a281be8a565b911.php 第 112 行.
NOTIC: [8] Undefined variable: user F:\phpStudyLite\WWW\tpblog\Application\Runtime\Cache\Home\74c9bdbded7009a43a281be8a565b911.php 第 112 行.
INFO: Run Behavior\ParseTemplateBehavior [ RunTime:0.089605s ]
INFO: [ view_parse ] --END-- [ RunTime:0.090605s ]
INFO: [ view_filter ] --START--
INFO: Run Behavior\WriteHtmlCacheBehavior [ RunTime:0.015600s ]
INFO: [ view_filter ] --END-- [ RunTime:0.015600s ]
INFO: [ app_end ] --START--
INFO: Run Behavior\ShowPageTraceBehavior [ RunTime:0.074603s ]
INFO: [ app_end ] --END-- [ RunTime:0.074603s ]

[ 2017-10-08T18:35:34+08:00 ] 127.0.0.1 /tpblog/home/favicon.ico
INFO: [ app_init ] --START--
INFO: Run Behavior\BuildLiteBehavior [ RunTime:0.000000s ]
INFO: [ app_init ] --END-- [ RunTime:0.000000s ]

[ 2017-10-08T18:35:46+08:00 ] 127.0.0.1 /tpblog/index.php/Home/Index/login.html
INFO: [ app_init ] --START--
INFO: Run Behavior\BuildLiteBehavior [ RunTime:0.000000s ]
INFO: [ app_init ] --END-- [ RunTime:0.001000s ]
INFO: [ app_begin ] --START--
INFO: Run Behavior\ReadHtmlCacheBehavior [ RunTime:0.002000s ]
INFO: [ app_begin ] --END-- [ RunTime:0.002000s ]
SQL: SHOW COLUMNS FROM `setting` [ RunTime:0.0090s ]
SQL: SELECT * FROM `setting`  [ RunTime:0.0010s ]
INFO: [ view_parse ] --START--
INFO: [ template_filter ] --START--
INFO: Run Behavior\ContentReplaceBehavior [ RunTime:0.000000s ]
INFO: [ template_filter ] --END-- [ RunTime:0.000000s ]
NOTIC: [8] Undefined variable: user F:\phpStudyLite\WWW\tpblog\Application\Runtime\Cache\Home\8f446e26685191b31f521b504c9e1b46.php 第 46 行.
NOTIC: [8] Undefined variable: user F:\phpStudyLite\WWW\tpblog\Application\Runtime\Cache\Home\8f446e26685191b31f521b504c9e1b46.php 第 52 行.
NOTIC: [8] Undefined variable: user F:\phpStudyLite\WWW\tpblog\Application\Runtime\Cache\Home\8f446e26685191b31f521b504c9e1b46.php 第 58 行.
INFO: Run Behavior\ParseTemplateBehavior [ RunTime:0.085004s ]
INFO: [ view_parse ] --END-- [ RunTime:0.085004s ]
INFO: [ view_filter ] --START--
INFO: Run Behavior\WriteHtmlCacheBehavior [ RunTime:0.001000s ]
INFO: [ view_filter ] --END-- [ RunTime:0.001000s ]
INFO: [ app_end ] --START--
INFO: Run Behavior\ShowPageTraceBehavior [ RunTime:0.001000s ]
INFO: [ app_end ] --END-- [ RunTime:0.001000s ]

[ 2017-10-08T18:35:46+08:00 ] 127.0.0.1 /tpblog/index.php/Home/Index/verify.html
INFO: [ app_init ] --START--
INFO: Run Behavior\BuildLiteBehavior [ RunTime:0.000000s ]
INFO: [ app_init ] --END-- [ RunTime:0.000000s ]
INFO: [ app_begin ] --START--
INFO: Run Behavior\ReadHtmlCacheBehavior [ RunTime:0.000000s ]
INFO: [ app_begin ] --END-- [ RunTime:0.000000s ]
SQL: SHOW COLUMNS FROM `setting` [ RunTime:0.0070s ]
SQL: SELECT * FROM `setting`  [ RunTime:0.0000s ]
INFO: [ app_end ] --START--
INFO: Run Behavior\ShowPageTraceBehavior [ RunTime:0.001000s ]
INFO: [ app_end ] --END-- [ RunTime:0.001000s ]

[ 2017-10-08T18:35:50+08:00 ] 127.0.0.1 /tpblog/index.php/Home/Index/login.html?do=chk
INFO: [ app_init ] --START--
INFO: Run Behavior\BuildLiteBehavior [ RunTime:0.000000s ]
INFO: [ app_init ] --END-- [ RunTime:0.001000s ]
INFO: [ app_begin ] --START--
INFO: Run Behavior\ReadHtmlCacheBehavior [ RunTime:0.001000s ]
INFO: [ app_begin ] --END-- [ RunTime:0.001000s ]
SQL: SHOW COLUMNS FROM `setting` [ RunTime:0.0090s ]
SQL: SELECT * FROM `setting`  [ RunTime:0.0000s ]
SQL: SHOW COLUMNS FROM `admin` [ RunTime:0.0080s ]
SQL: SELECT * FROM `admin` WHERE `auser` = '1' AND `apass` = '1' AND `yan` = 0 LIMIT 1   [ RunTime:0.0000s ]
INFO: [ view_parse ] --START--
INFO: [ template_filter ] --START--
INFO: Run Behavior\ContentReplaceBehavior [ RunTime:0.000000s ]
INFO: [ template_filter ] --END-- [ RunTime:0.000000s ]
INFO: Run Behavior\ParseTemplateBehavior [ RunTime:0.048602s ]
INFO: [ view_parse ] --END-- [ RunTime:0.048602s ]
INFO: [ view_filter ] --START--
INFO: Run Behavior\WriteHtmlCacheBehavior [ RunTime:0.000000s ]
INFO: [ view_filter ] --END-- [ RunTime:0.000000s ]

[ 2017-10-08T18:35:53+08:00 ] 127.0.0.1 /tpblog/Home/Index/index
INFO: [ app_init ] --START--
INFO: Run Behavior\BuildLiteBehavior [ RunTime:0.000000s ]
INFO: [ app_init ] --END-- [ RunTime:0.001000s ]
INFO: [ app_begin ] --START--
INFO: Run Behavior\ReadHtmlCacheBehavior [ RunTime:0.006000s ]
INFO: [ app_begin ] --END-- [ RunTime:0.006000s ]
SQL: SHOW COLUMNS FROM `setting` [ RunTime:0.0070s ]
SQL: SELECT * FROM `setting`  [ RunTime:0.0010s ]
SQL: SHOW COLUMNS FROM `admin` [ RunTime:0.0090s ]
SQL: SELECT * FROM `admin` ORDER BY aid desc  [ RunTime:0.0010s ]
SQL: SHOW COLUMNS FROM `page` [ RunTime:0.0100s ]
SQL: SHOW COLUMNS FROM `grzl` [ RunTime:0.0070s ]
SQL: SHOW COLUMNS FROM `pinglun` [ RunTime:0.0100s ]
SQL: SHOW COLUMNS FROM `haoshu` [ RunTime:0.0080s ]
SQL: SELECT COUNT(*) AS tp_count FROM `page` LIMIT 1   [ RunTime:0.0000s ]
SQL: SELECT COUNT(*) AS tp_count FROM `page` WHERE `lx` = '趣闻' LIMIT 1   [ RunTime:0.0010s ]
SQL: SELECT COUNT(*) AS tp_count FROM `page` WHERE `lx` = '人文' LIMIT 1   [ RunTime:0.0020s ]
SQL: SELECT COUNT(*) AS tp_count FROM `page` WHERE `lx` = '美食' LIMIT 1   [ RunTime:0.0010s ]
SQL: SELECT * FROM `setting`  [ RunTime:0.0010s ]
SQL: SELECT * FROM `grzl` WHERE `yan` = 41 LIMIT 1   [ RunTime:0.0000s ]
SQL: SELECT * FROM `page` ORDER BY pid desc LIMIT 0,10   [ RunTime:0.0010s ]
SQL: SELECT * FROM `pinglun` LIMIT 1   [ RunTime:0.0000s ]
SQL: SELECT * FROM `haoshu`  [ RunTime:0.0020s ]
INFO: [ view_parse ] --START--
INFO: [ template_filter ] --START--
INFO: Run Behavior\ContentReplaceBehavior [ RunTime:0.000000s ]
INFO: [ template_filter ] --END-- [ RunTime:0.000000s ]
NOTIC: [8] Undefined variable: user F:\phpStudyLite\WWW\tpblog\Application\Runtime\Cache\Home\74c9bdbded7009a43a281be8a565b911.php 第 112 行.
NOTIC: [8] Undefined variable: user F:\phpStudyLite\WWW\tpblog\Application\Runtime\Cache\Home\74c9bdbded7009a43a281be8a565b911.php 第 112 行.
NOTIC: [8] Undefined variable: user F:\phpStudyLite\WWW\tpblog\Application\Runtime\Cache\Home\74c9bdbded7009a43a281be8a565b911.php 第 112 行.
NOTIC: [8] Undefined variable: user F:\phpStudyLite\WWW\tpblog\Application\Runtime\Cache\Home\74c9bdbded7009a43a281be8a565b911.php 第 112 行.
NOTIC: [8] Undefined variable: user F:\phpStudyLite\WWW\tpblog\Application\Runtime\Cache\Home\74c9bdbded7009a43a281be8a565b911.php 第 112 行.
NOTIC: [8] Undefined variable: user F:\phpStudyLite\WWW\tpblog\Application\Runtime\Cache\Home\74c9bdbded7009a43a281be8a565b911.php 第 112 行.
NOTIC: [8] Undefined variable: user F:\phpStudyLite\WWW\tpblog\Application\Runtime\Cache\Home\74c9bdbded7009a43a281be8a565b911.php 第 112 行.
NOTIC: [8] Undefined variable: user F:\phpStudyLite\WWW\tpblog\Application\Runtime\Cache\Home\74c9bdbded7009a43a281be8a565b911.php 第 112 行.
NOTIC: [8] Undefined variable: user F:\phpStudyLite\WWW\tpblog\Application\Runtime\Cache\Home\74c9bdbded7009a43a281be8a565b911.php 第 112 行.
NOTIC: [8] Undefined variable: user F:\phpStudyLite\WWW\tpblog\Application\Runtime\Cache\Home\74c9bdbded7009a43a281be8a565b911.php 第 112 行.
INFO: Run Behavior\ParseTemplateBehavior [ RunTime:0.027001s ]
INFO: [ view_parse ] --END-- [ RunTime:0.027001s ]
INFO: [ view_filter ] --START--
INFO: Run Behavior\WriteHtmlCacheBehavior [ RunTime:0.001000s ]
INFO: [ view_filter ] --END-- [ RunTime:0.001000s ]
INFO: [ app_end ] --START--
INFO: Run Behavior\ShowPageTraceBehavior [ RunTime:0.001000s ]
INFO: [ app_end ] --END-- [ RunTime:0.001000s ]

[ 2017-10-08T18:35:54+08:00 ] 127.0.0.1 /tpblog/Home/favicon.ico
INFO: [ app_init ] --START--
INFO: Run Behavior\BuildLiteBehavior [ RunTime:0.000000s ]
INFO: [ app_init ] --END-- [ RunTime:0.001000s ]

[ 2017-10-08T18:40:07+08:00 ] 127.0.0.1 /tpblog/index.php/Home/Auser/index.html
INFO: [ app_init ] --START--
INFO: Run Behavior\BuildLiteBehavior [ RunTime:0.000000s ]
INFO: [ app_init ] --END-- [ RunTime:0.004000s ]
INFO: [ app_begin ] --START--
INFO: Run Behavior\ReadHtmlCacheBehavior [ RunTime:0.002000s ]
INFO: [ app_begin ] --END-- [ RunTime:0.002000s ]
SQL: SHOW COLUMNS FROM `admin` [ RunTime:0.0090s ]
SQL: SELECT * FROM `admin` WHERE `aid` = 41 LIMIT 1   [ RunTime:0.0010s ]
SQL: SHOW COLUMNS FROM `setting` [ RunTime:0.0080s ]
SQL: SELECT * FROM `setting`  [ RunTime:0.0010s ]
SQL: SHOW COLUMNS FROM `grzl` [ RunTime:0.0530s ]
SQL: SHOW COLUMNS FROM `page` [ RunTime:0.0080s ]
SQL: SHOW COLUMNS FROM `pinglun` [ RunTime:0.0090s ]
SQL: SELECT COUNT(*) AS tp_count FROM `pinglun` WHERE `pyan` = 41 LIMIT 1   [ RunTime:0.0010s ]
SQL: SELECT COUNT(*) AS tp_count FROM `page` WHERE `yan` = 41 LIMIT 1   [ RunTime:0.0000s ]
SQL: SELECT * FROM `setting`  [ RunTime:0.0000s ]
SQL: SELECT * FROM `grzl` WHERE `yan` = 41 LIMIT 1   [ RunTime:0.0010s ]
SQL: SELECT * FROM `page` WHERE `yan` = 41  [ RunTime:0.0010s ]
SQL: SELECT * FROM `pinglun` WHERE `pyan` = 41  [ RunTime:0.0010s ]
INFO: [ view_parse ] --START--
INFO: [ template_filter ] --START--
INFO: Run Behavior\ContentReplaceBehavior [ RunTime:0.000000s ]
INFO: [ template_filter ] --END-- [ RunTime:0.000000s ]
INFO: Run Behavior\ParseTemplateBehavior [ RunTime:0.072004s ]
INFO: [ view_parse ] --END-- [ RunTime:0.072004s ]
INFO: [ view_filter ] --START--
INFO: Run Behavior\WriteHtmlCacheBehavior [ RunTime:0.001000s ]
INFO: [ view_filter ] --END-- [ RunTime:0.001000s ]
INFO: [ app_end ] --START--
INFO: Run Behavior\ShowPageTraceBehavior [ RunTime:0.009001s ]
INFO: [ app_end ] --END-- [ RunTime:0.010001s ]

[ 2017-10-08T18:40:37+08:00 ] 127.0.0.1 /tpblog/index.php/Home/Index/index.html
INFO: [ app_init ] --START--
INFO: Run Behavior\BuildLiteBehavior [ RunTime:0.000000s ]
INFO: [ app_init ] --END-- [ RunTime:0.001000s ]
INFO: [ app_begin ] --START--
INFO: Run Behavior\ReadHtmlCacheBehavior [ RunTime:0.002000s ]
INFO: [ app_begin ] --END-- [ RunTime:0.002000s ]
SQL: SHOW COLUMNS FROM `setting` [ RunTime:0.0080s ]
SQL: SELECT * FROM `setting`  [ RunTime:0.0000s ]
SQL: SHOW COLUMNS FROM `admin` [ RunTime:0.0070s ]
SQL: SELECT * FROM `admin` ORDER BY aid desc  [ RunTime:0.0020s ]
SQL: SHOW COLUMNS FROM `page` [ RunTime:0.0080s ]
SQL: SHOW COLUMNS FROM `grzl` [ RunTime:0.0080s ]
SQL: SHOW COLUMNS FROM `pinglun` [ RunTime:0.0070s ]
SQL: SHOW COLUMNS FROM `haoshu` [ RunTime:0.0080s ]
SQL: SELECT COUNT(*) AS tp_count FROM `page` LIMIT 1   [ RunTime:0.0010s ]
SQL: SELECT COUNT(*) AS tp_count FROM `page` WHERE `lx` = '趣闻' LIMIT 1   [ RunTime:0.0010s ]
SQL: SELECT COUNT(*) AS tp_count FROM `page` WHERE `lx` = '人文' LIMIT 1   [ RunTime:0.0010s ]
SQL: SELECT COUNT(*) AS tp_count FROM `page` WHERE `lx` = '美食' LIMIT 1   [ RunTime:0.0000s ]
SQL: SELECT * FROM `setting`  [ RunTime:0.0000s ]
SQL: SELECT * FROM `grzl` WHERE `yan` = 41 LIMIT 1   [ RunTime:0.0010s ]
SQL: SELECT * FROM `page` ORDER BY pid desc LIMIT 0,10   [ RunTime:0.0020s ]
SQL: SELECT * FROM `pinglun` LIMIT 1   [ RunTime:0.0010s ]
SQL: SELECT * FROM `haoshu`  [ RunTime:0.0030s ]
INFO: [ view_parse ] --START--
INFO: [ template_filter ] --START--
INFO: Run Behavior\ContentReplaceBehavior [ RunTime:0.000000s ]
INFO: [ template_filter ] --END-- [ RunTime:0.000000s ]
NOTIC: [8] Undefined variable: user F:\phpStudyLite\WWW\tpblog\Application\Runtime\Cache\Home\74c9bdbded7009a43a281be8a565b911.php 第 112 行.
NOTIC: [8] Undefined variable: user F:\phpStudyLite\WWW\tpblog\Application\Runtime\Cache\Home\74c9bdbded7009a43a281be8a565b911.php 第 112 行.
NOTIC: [8] Undefined variable: user F:\phpStudyLite\WWW\tpblog\Application\Runtime\Cache\Home\74c9bdbded7009a43a281be8a565b911.php 第 112 行.
NOTIC: [8] Undefined variable: user F:\phpStudyLite\WWW\tpblog\Application\Runtime\Cache\Home\74c9bdbded7009a43a281be8a565b911.php 第 112 行.
NOTIC: [8] Undefined variable: user F:\phpStudyLite\WWW\tpblog\Application\Runtime\Cache\Home\74c9bdbded7009a43a281be8a565b911.php 第 112 行.
NOTIC: [8] Undefined variable: user F:\phpStudyLite\WWW\tpblog\Application\Runtime\Cache\Home\74c9bdbded7009a43a281be8a565b911.php 第 112 行.
NOTIC: [8] Undefined variable: user F:\phpStudyLite\WWW\tpblog\Application\Runtime\Cache\Home\74c9bdbded7009a43a281be8a565b911.php 第 112 行.
NOTIC: [8] Undefined variable: user F:\phpStudyLite\WWW\tpblog\Application\Runtime\Cache\Home\74c9bdbded7009a43a281be8a565b911.php 第 112 行.
NOTIC: [8] Undefined variable: user F:\phpStudyLite\WWW\tpblog\Application\Runtime\Cache\Home\74c9bdbded7009a43a281be8a565b911.php 第 112 行.
NOTIC: [8] Undefined variable: user F:\phpStudyLite\WWW\tpblog\Application\Runtime\Cache\Home\74c9bdbded7009a43a281be8a565b911.php 第 112 行.
INFO: Run Behavior\ParseTemplateBehavior [ RunTime:0.014001s ]
INFO: [ view_parse ] --END-- [ RunTime:0.014001s ]
INFO: [ view_filter ] --START--
INFO: Run Behavior\WriteHtmlCacheBehavior [ RunTime:0.000000s ]
INFO: [ view_filter ] --END-- [ RunTime:0.000000s ]
INFO: [ app_end ] --START--
INFO: Run Behavior\ShowPageTraceBehavior [ RunTime:0.015600s ]
INFO: [ app_end ] --END-- [ RunTime:0.015600s ]

[ 2017-10-08T18:40:38+08:00 ] 127.0.0.1 /tpblog/index.php/Home/favicon.ico
INFO: [ app_init ] --START--
INFO: Run Behavior\BuildLiteBehavior [ RunTime:0.000000s ]
INFO: [ app_init ] --END-- [ RunTime:0.001000s ]

[ 2017-10-08T18:40:46+08:00 ] 127.0.0.1 /tpblog/index.php/Home/Index/index.html
INFO: [ app_init ] --START--
INFO: Run Behavior\BuildLiteBehavior [ RunTime:0.000000s ]
INFO: [ app_init ] --END-- [ RunTime:0.001000s ]
INFO: [ app_begin ] --START--
INFO: Run Behavior\ReadHtmlCacheBehavior [ RunTime:0.001000s ]
INFO: [ app_begin ] --END-- [ RunTime:0.001000s ]
SQL: SHOW COLUMNS FROM `setting` [ RunTime:0.0100s ]
SQL: SELECT * FROM `setting`  [ RunTime:0.0010s ]
SQL: SHOW COLUMNS FROM `admin` [ RunTime:0.0080s ]
SQL: SELECT * FROM `admin` ORDER BY aid desc  [ RunTime:0.0010s ]
SQL: SHOW COLUMNS FROM `page` [ RunTime:0.0090s ]
SQL: SHOW COLUMNS FROM `grzl` [ RunTime:0.0080s ]
SQL: SHOW COLUMNS FROM `pinglun` [ RunTime:0.0100s ]
SQL: SHOW COLUMNS FROM `haoshu` [ RunTime:0.0080s ]
SQL: SELECT COUNT(*) AS tp_count FROM `page` LIMIT 1   [ RunTime:0.0010s ]
SQL: SELECT COUNT(*) AS tp_count FROM `page` WHERE `lx` = '趣闻' LIMIT 1   [ RunTime:0.0000s ]
SQL: SELECT COUNT(*) AS tp_count FROM `page` WHERE `lx` = '人文' LIMIT 1   [ RunTime:0.0010s ]
SQL: SELECT COUNT(*) AS tp_count FROM `page` WHERE `lx` = '美食' LIMIT 1   [ RunTime:0.0010s ]
SQL: SELECT * FROM `setting`  [ RunTime:0.0000s ]
SQL: SELECT * FROM `grzl` WHERE `yan` = 41 LIMIT 1   [ RunTime:0.0010s ]
SQL: SELECT * FROM `page` ORDER BY pid desc LIMIT 0,10   [ RunTime:0.0020s ]
SQL: SELECT * FROM `pinglun` LIMIT 1   [ RunTime:0.0000s ]
SQL: SELECT * FROM `haoshu`  [ RunTime:0.0020s ]
INFO: [ view_parse ] --START--
INFO: [ template_filter ] --START--
INFO: Run Behavior\ContentReplaceBehavior [ RunTime:0.001000s ]
INFO: [ template_filter ] --END-- [ RunTime:0.001000s ]
NOTIC: [8] Undefined variable: user F:\phpStudyLite\WWW\tpblog\Application\Runtime\Cache\Home\74c9bdbded7009a43a281be8a565b911.php 第 112 行.
NOTIC: [8] Undefined variable: user F:\phpStudyLite\WWW\tpblog\Application\Runtime\Cache\Home\74c9bdbded7009a43a281be8a565b911.php 第 112 行.
NOTIC: [8] Undefined variable: user F:\phpStudyLite\WWW\tpblog\Application\Runtime\Cache\Home\74c9bdbded7009a43a281be8a565b911.php 第 112 行.
NOTIC: [8] Undefined variable: user F:\phpStudyLite\WWW\tpblog\Application\Runtime\Cache\Home\74c9bdbded7009a43a281be8a565b911.php 第 112 行.
NOTIC: [8] Undefined variable: user F:\phpStudyLite\WWW\tpblog\Application\Runtime\Cache\Home\74c9bdbded7009a43a281be8a565b911.php 第 112 行.
NOTIC: [8] Undefined variable: user F:\phpStudyLite\WWW\tpblog\Application\Runtime\Cache\Home\74c9bdbded7009a43a281be8a565b911.php 第 112 行.
NOTIC: [8] Undefined variable: user F:\phpStudyLite\WWW\tpblog\Application\Runtime\Cache\Home\74c9bdbded7009a43a281be8a565b911.php 第 112 行.
NOTIC: [8] Undefined variable: user F:\phpStudyLite\WWW\tpblog\Application\Runtime\Cache\Home\74c9bdbded7009a43a281be8a565b911.php 第 112 行.
NOTIC: [8] Undefined variable: user F:\phpStudyLite\WWW\tpblog\Application\Runtime\Cache\Home\74c9bdbded7009a43a281be8a565b911.php 第 112 行.
NOTIC: [8] Undefined variable: user F:\phpStudyLite\WWW\tpblog\Application\Runtime\Cache\Home\74c9bdbded7009a43a281be8a565b911.php 第 112 行.
INFO: Run Behavior\ParseTemplateBehavior [ RunTime:0.030001s ]
INFO: [ view_parse ] --END-- [ RunTime:0.030001s ]
INFO: [ view_filter ] --START--
INFO: Run Behavior\WriteHtmlCacheBehavior [ RunTime:0.001000s ]
INFO: [ view_filter ] --END-- [ RunTime:0.001000s ]
INFO: [ app_end ] --START--
INFO: Run Behavior\ShowPageTraceBehavior [ RunTime:0.001000s ]
INFO: [ app_end ] --END-- [ RunTime:0.002001s ]

[ 2017-10-08T18:40:49+08:00 ] 127.0.0.1 /tpblog/index.php/Home/Auser/index.html
INFO: [ app_init ] --START--
INFO: Run Behavior\BuildLiteBehavior [ RunTime:0.001000s ]
INFO: [ app_init ] --END-- [ RunTime:0.002000s ]
INFO: [ app_begin ] --START--
INFO: Run Behavior\ReadHtmlCacheBehavior [ RunTime:0.007001s ]
INFO: [ app_begin ] --END-- [ RunTime:0.007001s ]
SQL: SHOW COLUMNS FROM `admin` [ RunTime:0.0080s ]
SQL: SELECT * FROM `admin` WHERE `aid` = 41 LIMIT 1   [ RunTime:0.0020s ]
SQL: SHOW COLUMNS FROM `setting` [ RunTime:0.0080s ]
SQL: SELECT * FROM `setting`  [ RunTime:0.0010s ]
SQL: SHOW COLUMNS FROM `grzl` [ RunTime:0.0080s ]
SQL: SHOW COLUMNS FROM `page` [ RunTime:0.0080s ]
SQL: SHOW COLUMNS FROM `pinglun` [ RunTime:0.0100s ]
SQL: SELECT COUNT(*) AS tp_count FROM `pinglun` WHERE `pyan` = 41 LIMIT 1   [ RunTime:0.0010s ]
SQL: SELECT COUNT(*) AS tp_count FROM `page` WHERE `yan` = 41 LIMIT 1   [ RunTime:0.0000s ]
SQL: SELECT * FROM `setting`  [ RunTime:0.0000s ]
SQL: SELECT * FROM `grzl` WHERE `yan` = 41 LIMIT 1   [ RunTime:0.0010s ]
SQL: SELECT * FROM `page` WHERE `yan` = 41  [ RunTime:0.0010s ]
SQL: SELECT * FROM `pinglun` WHERE `pyan` = 41  [ RunTime:0.0020s ]
INFO: [ view_parse ] --START--
INFO: [ template_filter ] --START--
INFO: Run Behavior\ContentReplaceBehavior [ RunTime:0.000000s ]
INFO: [ template_filter ] --END-- [ RunTime:0.000000s ]
INFO: Run Behavior\ParseTemplateBehavior [ RunTime:0.017001s ]
INFO: [ view_parse ] --END-- [ RunTime:0.017001s ]
INFO: [ view_filter ] --START--
INFO: Run Behavior\WriteHtmlCacheBehavior [ RunTime:0.001001s ]
INFO: [ view_filter ] --END-- [ RunTime:0.001001s ]
INFO: [ app_end ] --START--
INFO: Run Behavior\ShowPageTraceBehavior [ RunTime:0.001000s ]
INFO: [ app_end ] --END-- [ RunTime:0.002000s ]

[ 2017-10-08T18:40:55+08:00 ] 127.0.0.1 /tpblog/index.php/Home/Index/read.html?pid=269
INFO: [ app_init ] --START--
INFO: Run Behavior\BuildLiteBehavior [ RunTime:0.000000s ]
INFO: [ app_init ] --END-- [ RunTime:0.001000s ]
INFO: [ app_begin ] --START--
INFO: Run Behavior\ReadHtmlCacheBehavior [ RunTime:0.001000s ]
INFO: [ app_begin ] --END-- [ RunTime:0.001000s ]
SQL: SHOW COLUMNS FROM `setting` [ RunTime:0.0070s ]
SQL: SELECT * FROM `setting`  [ RunTime:0.0030s ]
SQL: SHOW COLUMNS FROM `bwliulanliang` [ RunTime:0.0590s ]
SQL: SHOW COLUMNS FROM `page` [ RunTime:0.0150s ]
SQL: SELECT * FROM `page` WHERE `pid` = 269 LIMIT 1   [ RunTime:0.0010s ]
SQL: SHOW COLUMNS FROM `pinglun` [ RunTime:0.0030s ]
SQL: SELECT COUNT(*) AS tp_count FROM `pinglun` WHERE `wyan` = 269 LIMIT 1   [ RunTime:0.0000s ]
SQL: SELECT * FROM `pinglun` WHERE `wyan` = 269  [ RunTime:0.0000s ]
SQL: INSERT INTO `bwliulanliang` (`llan`,`bpid`) VALUES ('0','269') [ RunTime:0.0468s ]
INFO: [ view_parse ] --START--
INFO: [ template_filter ] --START--
INFO: Run Behavior\ContentReplaceBehavior [ RunTime:0.000000s ]
INFO: [ template_filter ] --END-- [ RunTime:0.000000s ]
INFO: Run Behavior\ParseTemplateBehavior [ RunTime:0.019600s ]
INFO: [ view_parse ] --END-- [ RunTime:0.019600s ]
INFO: [ view_filter ] --START--
INFO: Run Behavior\WriteHtmlCacheBehavior [ RunTime:0.000000s ]
INFO: [ view_filter ] --END-- [ RunTime:0.000000s ]
INFO: [ app_end ] --START--
INFO: Run Behavior\ShowPageTraceBehavior [ RunTime:0.000000s ]
INFO: [ app_end ] --END-- [ RunTime:0.000000s ]

[ 2017-10-08T18:40:59+08:00 ] 127.0.0.1 /tpblog/index.php/Home/Index/index.html
INFO: [ app_init ] --START--
INFO: Run Behavior\BuildLiteBehavior [ RunTime:0.000000s ]
INFO: [ app_init ] --END-- [ RunTime:0.001001s ]
INFO: [ app_begin ] --START--
INFO: Run Behavior\ReadHtmlCacheBehavior [ RunTime:0.001000s ]
INFO: [ app_begin ] --END-- [ RunTime:0.001000s ]
SQL: SHOW COLUMNS FROM `setting` [ RunTime:0.0080s ]
SQL: SELECT * FROM `setting`  [ RunTime:0.0010s ]
SQL: SHOW COLUMNS FROM `admin` [ RunTime:0.0100s ]
SQL: SELECT * FROM `admin` ORDER BY aid desc  [ RunTime:0.0010s ]
SQL: SHOW COLUMNS FROM `page` [ RunTime:0.0080s ]
SQL: SHOW COLUMNS FROM `grzl` [ RunTime:0.0100s ]
SQL: SHOW COLUMNS FROM `pinglun` [ RunTime:0.0090s ]
SQL: SHOW COLUMNS FROM `haoshu` [ RunTime:0.0070s ]
SQL: SELECT COUNT(*) AS tp_count FROM `page` LIMIT 1   [ RunTime:0.0000s ]
SQL: SELECT COUNT(*) AS tp_count FROM `page` WHERE `lx` = '趣闻' LIMIT 1   [ RunTime:0.0000s ]
SQL: SELECT COUNT(*) AS tp_count FROM `page` WHERE `lx` = '人文' LIMIT 1   [ RunTime:0.0000s ]
SQL: SELECT COUNT(*) AS tp_count FROM `page` WHERE `lx` = '美食' LIMIT 1   [ RunTime:0.0020s ]
SQL: SELECT * FROM `setting`  [ RunTime:0.0010s ]
SQL: SELECT * FROM `grzl` WHERE `yan` = 41 LIMIT 1   [ RunTime:0.0010s ]
SQL: SELECT * FROM `page` ORDER BY pid desc LIMIT 0,10   [ RunTime:0.0020s ]
SQL: SELECT * FROM `pinglun` LIMIT 1   [ RunTime:0.0000s ]
SQL: SELECT * FROM `haoshu`  [ RunTime:0.0030s ]
INFO: [ view_parse ] --START--
INFO: [ template_filter ] --START--
INFO: Run Behavior\ContentReplaceBehavior [ RunTime:0.000000s ]
INFO: [ template_filter ] --END-- [ RunTime:0.000000s ]
NOTIC: [8] Undefined variable: user F:\phpStudyLite\WWW\tpblog\Application\Runtime\Cache\Home\74c9bdbded7009a43a281be8a565b911.php 第 112 行.
NOTIC: [8] Undefined variable: user F:\phpStudyLite\WWW\tpblog\Application\Runtime\Cache\Home\74c9bdbded7009a43a281be8a565b911.php 第 112 行.
NOTIC: [8] Undefined variable: user F:\phpStudyLite\WWW\tpblog\Application\Runtime\Cache\Home\74c9bdbded7009a43a281be8a565b911.php 第 112 行.
NOTIC: [8] Undefined variable: user F:\phpStudyLite\WWW\tpblog\Application\Runtime\Cache\Home\74c9bdbded7009a43a281be8a565b911.php 第 112 行.
NOTIC: [8] Undefined variable: user F:\phpStudyLite\WWW\tpblog\Application\Runtime\Cache\Home\74c9bdbded7009a43a281be8a565b911.php 第 112 行.
NOTIC: [8] Undefined variable: user F:\phpStudyLite\WWW\tpblog\Application\Runtime\Cache\Home\74c9bdbded7009a43a281be8a565b911.php 第 112 行.
NOTIC: [8] Undefined variable: user F:\phpStudyLite\WWW\tpblog\Application\Runtime\Cache\Home\74c9bdbded7009a43a281be8a565b911.php 第 112 行.
NOTIC: [8] Undefined variable: user F:\phpStudyLite\WWW\tpblog\Application\Runtime\Cache\Home\74c9bdbded7009a43a281be8a565b911.php 第 112 行.
NOTIC: [8] Undefined variable: user F:\phpStudyLite\WWW\tpblog\Application\Runtime\Cache\Home\74c9bdbded7009a43a281be8a565b911.php 第 112 行.
NOTIC: [8] Undefined variable: user F:\phpStudyLite\WWW\tpblog\Application\Runtime\Cache\Home\74c9bdbded7009a43a281be8a565b911.php 第 112 行.
INFO: Run Behavior\ParseTemplateBehavior [ RunTime:0.026002s ]
INFO: [ view_parse ] --END-- [ RunTime:0.026002s ]
INFO: [ view_filter ] --START--
INFO: Run Behavior\WriteHtmlCacheBehavior [ RunTime:0.001000s ]
INFO: [ view_filter ] --END-- [ RunTime:0.001000s ]
INFO: [ app_end ] --START--
INFO: Run Behavior\ShowPageTraceBehavior [ RunTime:0.002000s ]
INFO: [ app_end ] --END-- [ RunTime:0.002000s ]

[ 2017-10-08T18:41:02+08:00 ] 127.0.0.1 /tpblog/index.php/Home/Index/read.html?pid=268&llan=1
INFO: [ app_init ] --START--
INFO: Run Behavior\BuildLiteBehavior [ RunTime:0.000000s ]
INFO: [ app_init ] --END-- [ RunTime:0.001001s ]
INFO: [ app_begin ] --START--
INFO: Run Behavior\ReadHtmlCacheBehavior [ RunTime:0.005000s ]
INFO: [ app_begin ] --END-- [ RunTime:0.005000s ]
SQL: SHOW COLUMNS FROM `setting` [ RunTime:0.0070s ]
SQL: SELECT * FROM `setting`  [ RunTime:0.0000s ]
SQL: SHOW COLUMNS FROM `bwliulanliang` [ RunTime:0.0090s ]
SQL: SHOW COLUMNS FROM `page` [ RunTime:0.0100s ]
SQL: SELECT * FROM `page` WHERE `pid` = 268 LIMIT 1   [ RunTime:0.0030s ]
SQL: SHOW COLUMNS FROM `pinglun` [ RunTime:0.0080s ]
SQL: SELECT COUNT(*) AS tp_count FROM `pinglun` WHERE `wyan` = 268 LIMIT 1   [ RunTime:0.0000s ]
SQL: SELECT * FROM `pinglun` WHERE `wyan` = 268  [ RunTime:0.0000s ]
SQL: INSERT INTO `bwliulanliang` (`llan`,`bpid`) VALUES ('1','268') [ RunTime:0.0010s ]
INFO: [ view_parse ] --START--
INFO: [ template_filter ] --START--
INFO: Run Behavior\ContentReplaceBehavior [ RunTime:0.000000s ]
INFO: [ template_filter ] --END-- [ RunTime:0.000000s ]
INFO: Run Behavior\ParseTemplateBehavior [ RunTime:0.016001s ]
INFO: [ view_parse ] --END-- [ RunTime:0.016001s ]
INFO: [ view_filter ] --START--
INFO: Run Behavior\WriteHtmlCacheBehavior [ RunTime:0.002000s ]
INFO: [ view_filter ] --END-- [ RunTime:0.002000s ]
INFO: [ app_end ] --START--
INFO: Run Behavior\ShowPageTraceBehavior [ RunTime:0.002000s ]
INFO: [ app_end ] --END-- [ RunTime:0.002000s ]

[ 2017-10-08T18:41:31+08:00 ] 127.0.0.1 /tpblog/index.php/Home/Index/index.html
INFO: [ app_init ] --START--
INFO: Run Behavior\BuildLiteBehavior [ RunTime:0.000000s ]
INFO: [ app_init ] --END-- [ RunTime:0.001000s ]
INFO: [ app_begin ] --START--
INFO: Run Behavior\ReadHtmlCacheBehavior [ RunTime:0.001001s ]
INFO: [ app_begin ] --END-- [ RunTime:0.001001s ]
SQL: SHOW COLUMNS FROM `setting` [ RunTime:0.0080s ]
SQL: SELECT * FROM `setting`  [ RunTime:0.0010s ]
SQL: SHOW COLUMNS FROM `admin` [ RunTime:0.0070s ]
SQL: SELECT * FROM `admin` ORDER BY aid desc  [ RunTime:0.0010s ]
SQL: SHOW COLUMNS FROM `page` [ RunTime:0.0090s ]
SQL: SHOW COLUMNS FROM `grzl` [ RunTime:0.0080s ]
SQL: SHOW COLUMNS FROM `pinglun` [ RunTime:0.0100s ]
SQL: SHOW COLUMNS FROM `haoshu` [ RunTime:0.0080s ]
SQL: SELECT COUNT(*) AS tp_count FROM `page` LIMIT 1   [ RunTime:0.0010s ]
SQL: SELECT COUNT(*) AS tp_count FROM `page` WHERE `lx` = '趣闻' LIMIT 1   [ RunTime:0.0010s ]
SQL: SELECT COUNT(*) AS tp_count FROM `page` WHERE `lx` = '人文' LIMIT 1   [ RunTime:0.0010s ]
SQL: SELECT COUNT(*) AS tp_count FROM `page` WHERE `lx` = '美食' LIMIT 1   [ RunTime:0.0010s ]
SQL: SELECT * FROM `setting`  [ RunTime:0.0000s ]
SQL: SELECT * FROM `grzl` WHERE `yan` = 41 LIMIT 1   [ RunTime:0.0010s ]
SQL: SELECT * FROM `page` ORDER BY pid desc LIMIT 0,10   [ RunTime:0.0020s ]
SQL: SELECT * FROM `pinglun` LIMIT 1   [ RunTime:0.0010s ]
SQL: SELECT * FROM `haoshu`  [ RunTime:0.0020s ]
INFO: [ view_parse ] --START--
INFO: [ template_filter ] --START--
INFO: Run Behavior\ContentReplaceBehavior [ RunTime:0.000000s ]
INFO: [ template_filter ] --END-- [ RunTime:0.000000s ]
NOTIC: [8] Undefined variable: user F:\phpStudyLite\WWW\tpblog\Application\Runtime\Cache\Home\74c9bdbded7009a43a281be8a565b911.php 第 112 行.
NOTIC: [8] Undefined variable: user F:\phpStudyLite\WWW\tpblog\Application\Runtime\Cache\Home\74c9bdbded7009a43a281be8a565b911.php 第 112 行.
NOTIC: [8] Undefined variable: user F:\phpStudyLite\WWW\tpblog\Application\Runtime\Cache\Home\74c9bdbded7009a43a281be8a565b911.php 第 112 行.
NOTIC: [8] Undefined variable: user F:\phpStudyLite\WWW\tpblog\Application\Runtime\Cache\Home\74c9bdbded7009a43a281be8a565b911.php 第 112 行.
NOTIC: [8] Undefined variable: user F:\phpStudyLite\WWW\tpblog\Application\Runtime\Cache\Home\74c9bdbded7009a43a281be8a565b911.php 第 112 行.
NOTIC: [8] Undefined variable: user F:\phpStudyLite\WWW\tpblog\Application\Runtime\Cache\Home\74c9bdbded7009a43a281be8a565b911.php 第 112 行.
NOTIC: [8] Undefined variable: user F:\phpStudyLite\WWW\tpblog\Application\Runtime\Cache\Home\74c9bdbded7009a43a281be8a565b911.php 第 112 行.
NOTIC: [8] Undefined variable: user F:\phpStudyLite\WWW\tpblog\Application\Runtime\Cache\Home\74c9bdbded7009a43a281be8a565b911.php 第 112 行.
NOTIC: [8] Undefined variable: user F:\phpStudyLite\WWW\tpblog\Application\Runtime\Cache\Home\74c9bdbded7009a43a281be8a565b911.php 第 112 行.
NOTIC: [8] Undefined variable: user F:\phpStudyLite\WWW\tpblog\Application\Runtime\Cache\Home\74c9bdbded7009a43a281be8a565b911.php 第 112 行.
INFO: Run Behavior\ParseTemplateBehavior [ RunTime:0.025001s ]
INFO: [ view_parse ] --END-- [ RunTime:0.025001s ]
INFO: [ view_filter ] --START--
INFO: Run Behavior\WriteHtmlCacheBehavior [ RunTime:0.001000s ]
INFO: [ view_filter ] --END-- [ RunTime:0.001000s ]
INFO: [ app_end ] --START--
INFO: Run Behavior\ShowPageTraceBehavior [ RunTime:0.001000s ]
INFO: [ app_end ] --END-- [ RunTime:0.001000s ]

[ 2017-10-08T18:41:33+08:00 ] 127.0.0.1 /tpblog/index.php/Home/Auser/index.html
INFO: [ app_init ] --START--
INFO: Run Behavior\BuildLiteBehavior [ RunTime:0.000000s ]
INFO: [ app_init ] --END-- [ RunTime:0.001000s ]
INFO: [ app_begin ] --START--
INFO: Run Behavior\ReadHtmlCacheBehavior [ RunTime:0.002000s ]
INFO: [ app_begin ] --END-- [ RunTime:0.002000s ]
SQL: SHOW COLUMNS FROM `admin` [ RunTime:0.0080s ]
SQL: SELECT * FROM `admin` WHERE `aid` = 41 LIMIT 1   [ RunTime:0.0010s ]
SQL: SHOW COLUMNS FROM `setting` [ RunTime:0.0090s ]
SQL: SELECT * FROM `setting`  [ RunTime:0.0010s ]
SQL: SHOW COLUMNS FROM `grzl` [ RunTime:0.0090s ]
SQL: SHOW COLUMNS FROM `page` [ RunTime:0.0150s ]
SQL: SHOW COLUMNS FROM `pinglun` [ RunTime:0.0090s ]
SQL: SELECT COUNT(*) AS tp_count FROM `pinglun` WHERE `pyan` = 41 LIMIT 1   [ RunTime:0.0050s ]
SQL: SELECT COUNT(*) AS tp_count FROM `page` WHERE `yan` = 41 LIMIT 1   [ RunTime:0.0010s ]
SQL: SELECT * FROM `setting`  [ RunTime:0.0010s ]
SQL: SELECT * FROM `grzl` WHERE `yan` = 41 LIMIT 1   [ RunTime:0.0010s ]
SQL: SELECT * FROM `page` WHERE `yan` = 41  [ RunTime:0.0000s ]
SQL: SELECT * FROM `pinglun` WHERE `pyan` = 41  [ RunTime:0.0010s ]
INFO: [ view_parse ] --START--
INFO: [ template_filter ] --START--
INFO: Run Behavior\ContentReplaceBehavior [ RunTime:0.000000s ]
INFO: [ template_filter ] --END-- [ RunTime:0.000000s ]
INFO: Run Behavior\ParseTemplateBehavior [ RunTime:0.017001s ]
INFO: [ view_parse ] --END-- [ RunTime:0.017001s ]
INFO: [ view_filter ] --START--
INFO: Run Behavior\WriteHtmlCacheBehavior [ RunTime:0.001000s ]
INFO: [ view_filter ] --END-- [ RunTime:0.001000s ]
INFO: [ app_end ] --START--
INFO: Run Behavior\ShowPageTraceBehavior [ RunTime:0.001000s ]
INFO: [ app_end ] --END-- [ RunTime:0.001000s ]

[ 2017-10-08T18:41:35+08:00 ] 127.0.0.1 /tpblog/index.php/Home/Auser/add.html
INFO: [ app_init ] --START--
INFO: Run Behavior\BuildLiteBehavior [ RunTime:0.000000s ]
INFO: [ app_init ] --END-- [ RunTime:0.001000s ]
INFO: [ app_begin ] --START--
INFO: Run Behavior\ReadHtmlCacheBehavior [ RunTime:0.001000s ]
INFO: [ app_begin ] --END-- [ RunTime:0.001000s ]
SQL: SHOW COLUMNS FROM `admin` [ RunTime:0.0070s ]
SQL: SELECT * FROM `admin` WHERE `aid` = 41 LIMIT 1   [ RunTime:0.0000s ]
SQL: SHOW COLUMNS FROM `setting` [ RunTime:0.0080s ]
SQL: SELECT * FROM `setting`  [ RunTime:0.0000s ]
SQL: SHOW COLUMNS FROM `grzl` [ RunTime:0.0080s ]
SQL: SHOW COLUMNS FROM `page` [ RunTime:0.0100s ]
SQL: SELECT * FROM `grzl` WHERE `yan` = 41 LIMIT 1   [ RunTime:0.0010s ]
SQL: SELECT * FROM `page` WHERE `pid` = 0 LIMIT 1   [ RunTime:0.0010s ]
INFO: [ view_parse ] --START--
INFO: [ template_filter ] --START--
INFO: Run Behavior\ContentReplaceBehavior [ RunTime:0.000000s ]
INFO: [ template_filter ] --END-- [ RunTime:0.000000s ]
INFO: Run Behavior\ParseTemplateBehavior [ RunTime:0.050800s ]
INFO: [ view_parse ] --END-- [ RunTime:0.050800s ]
INFO: [ view_filter ] --START--
INFO: Run Behavior\WriteHtmlCacheBehavior [ RunTime:0.000000s ]
INFO: [ view_filter ] --END-- [ RunTime:0.000000s ]
INFO: [ app_end ] --START--
INFO: Run Behavior\ShowPageTraceBehavior [ RunTime:0.000000s ]
INFO: [ app_end ] --END-- [ RunTime:0.000000s ]

[ 2017-10-08T18:42:47+08:00 ] 127.0.0.1 /tpblog/index.php/Home/Auser/images/image.png
INFO: [ app_init ] --START--
INFO: Run Behavior\BuildLiteBehavior [ RunTime:0.000000s ]
INFO: [ app_init ] --END-- [ RunTime:0.001000s ]

[ 2017-10-08T18:43:06+08:00 ] 127.0.0.1 /tpblog/index.php/Home/Auser/images/image.png
INFO: [ app_init ] --START--
INFO: Run Behavior\BuildLiteBehavior [ RunTime:0.000000s ]
INFO: [ app_init ] --END-- [ RunTime:0.001000s ]

[ 2017-10-08T18:43:11+08:00 ] 127.0.0.1 /tpblog/index.php/Home/Auser/images/image.png
INFO: [ app_init ] --START--
INFO: Run Behavior\BuildLiteBehavior [ RunTime:0.000000s ]
INFO: [ app_init ] --END-- [ RunTime:0.001000s ]

[ 2017-10-08T18:43:46+08:00 ] 127.0.0.1 /tpblog/index.php/Home/Auser/images/image.png
INFO: [ app_init ] --START--
INFO: Run Behavior\BuildLiteBehavior [ RunTime:0.000000s ]
INFO: [ app_init ] --END-- [ RunTime:0.001000s ]

[ 2017-10-08T18:45:04+08:00 ] 127.0.0.1 /tpblog/index.php/Home/Auser/add.html?pid=&bk=%E6%97%85%E8%A1%8C%E8%80%85
INFO: [ app_init ] --START--
INFO: Run Behavior\BuildLiteBehavior [ RunTime:0.000000s ]
INFO: [ app_init ] --END-- [ RunTime:0.001000s ]
INFO: [ app_begin ] --START--
INFO: Run Behavior\ReadHtmlCacheBehavior [ RunTime:0.002001s ]
INFO: [ app_begin ] --END-- [ RunTime:0.002001s ]
SQL: SHOW COLUMNS FROM `admin` [ RunTime:0.0090s ]
SQL: SELECT * FROM `admin` WHERE `aid` = 41 LIMIT 1   [ RunTime:0.0010s ]
SQL: SHOW COLUMNS FROM `setting` [ RunTime:0.0080s ]
SQL: SELECT * FROM `setting`  [ RunTime:0.0010s ]
SQL: SHOW COLUMNS FROM `grzl` [ RunTime:0.0070s ]
SQL: SHOW COLUMNS FROM `page` [ RunTime:0.0070s ]
SQL: SELECT * FROM `grzl` WHERE `yan` = 41 LIMIT 1   [ RunTime:0.0010s ]
SQL: SELECT * FROM `page` WHERE `pid` = 0 LIMIT 1   [ RunTime:0.0000s ]
NOTIC: [8] Undefined index: auto F:\phpStudyLite\WWW\tpblog\ThinkPHP\Library\Think\Model.class.php 第 1128 行.
SQL: INSERT INTO `page` (`title`,`author`,`content`,`yan`,`lx`,`bk`,`bwjs`,`intime`) VALUES ('凤凰古城','旅行家','&lt;p&gt;&lt;img alt=&quot;Image&quot; src=&quot;https://timgsa.baidu.com/timg?image&amp;amp;quality=80&amp;amp;size=b9999_10000&amp;amp;sec=1507469437645&amp;amp;di=5e188d3ee5a3ca5ccda242bafdd116bc&amp;amp;imgtype=0&amp;amp;src=http%3A%2F%2Fs11.sinaimg.cn%2Fmiddle%2F65bda741g93cfbc96b60a%26690&quot; width=&quot;600&quot; height=&quot;389.07849829351534&quot;&gt;&lt;img alt=&quot;Image&quot;&gt;&lt;br&gt;&lt;/p&gt;&lt;p&gt;&lt;br&gt;&lt;/p&gt;&lt;p&gt;&lt;img alt=&quot;Image&quot; src=&quot;https://timgsa.baidu.com/timg?image&amp;amp;quality=80&amp;amp;size=b9999_10000&amp;amp;sec=1507469442437&amp;amp;di=ff36e7af7b14ae84e748e4b40b7cb836&amp;amp;imgtype=0&amp;amp;src=http%3A%2F%2Fp.chanyouji.cn%2F48370%2F1371958982769p17tnhvnf5bi144a23cs7bad5d.jpg&quot; width=&quot;600&quot; height=&quot;365.62559999999996&quot;&gt;&lt;br&gt;&lt;/p&gt;&lt;p&gt;&lt;br&gt;&lt;/p&gt;&lt;p&gt;&lt;img alt=&quot;Image&quot; src=&quot;https://timgsa.baidu.com/timg?image&amp;amp;quality=80&amp;amp;size=b9999_10000&amp;amp;sec=1507469495872&amp;amp;di=a29ddbbce2923aae643c3d59f9d30863&amp;amp;imgtype=0&amp;amp;src=http%3A%2F%2Fimg.pconline.com.cn%2Fimages%2Fupload%2Fupc%2Ftx%2Fitbbs%2F1606%2F24%2Fc0%2F23259550_1466698029380_mthumb.jpg&quot; width=&quot;600&quot; height=&quot;400&quot;&gt;&lt;br&gt;&lt;/p&gt;','41','人文','旅行者','凤凰古城。等一城烟雨，渡一世情缘。','1507459504') [ RunTime:0.0470s ]
INFO: [ view_parse ] --START--
INFO: [ template_filter ] --START--
INFO: Run Behavior\ContentReplaceBehavior [ RunTime:0.000000s ]
INFO: [ template_filter ] --END-- [ RunTime:0.001000s ]
INFO: Run Behavior\ParseTemplateBehavior [ RunTime:0.012000s ]
INFO: [ view_parse ] --END-- [ RunTime:0.012000s ]
INFO: [ view_filter ] --START--
INFO: Run Behavior\WriteHtmlCacheBehavior [ RunTime:0.001000s ]
INFO: [ view_filter ] --END-- [ RunTime:0.001000s ]
INFO: [ app_end ] --START--
INFO: Run Behavior\ShowPageTraceBehavior [ RunTime:0.002000s ]
INFO: [ app_end ] --END-- [ RunTime:0.002000s ]

[ 2017-10-08T18:45:05+08:00 ] 127.0.0.1 /tpblog/Home/Auser/index
INFO: [ app_init ] --START--
INFO: Run Behavior\BuildLiteBehavior [ RunTime:0.000000s ]
INFO: [ app_init ] --END-- [ RunTime:0.001001s ]
INFO: [ app_begin ] --START--
INFO: Run Behavior\ReadHtmlCacheBehavior [ RunTime:0.002000s ]
INFO: [ app_begin ] --END-- [ RunTime:0.002000s ]
SQL: SHOW COLUMNS FROM `admin` [ RunTime:0.0100s ]
SQL: SELECT * FROM `admin` WHERE `aid` = 41 LIMIT 1   [ RunTime:0.0010s ]
SQL: SHOW COLUMNS FROM `setting` [ RunTime:0.0070s ]
SQL: SELECT * FROM `setting`  [ RunTime:0.0020s ]
SQL: SHOW COLUMNS FROM `grzl` [ RunTime:0.0190s ]
SQL: SHOW COLUMNS FROM `page` [ RunTime:0.0070s ]
SQL: SHOW COLUMNS FROM `pinglun` [ RunTime:0.0080s ]
SQL: SELECT COUNT(*) AS tp_count FROM `pinglun` WHERE `pyan` = 41 LIMIT 1   [ RunTime:0.0000s ]
SQL: SELECT COUNT(*) AS tp_count FROM `page` WHERE `yan` = 41 LIMIT 1   [ RunTime:0.0000s ]
SQL: SELECT * FROM `setting`  [ RunTime:0.0010s ]
SQL: SELECT * FROM `grzl` WHERE `yan` = 41 LIMIT 1   [ RunTime:0.0000s ]
SQL: SELECT * FROM `page` WHERE `yan` = 41  [ RunTime:0.0010s ]
SQL: SELECT * FROM `pinglun` WHERE `pyan` = 41  [ RunTime:0.0010s ]
INFO: [ view_parse ] --START--
INFO: [ template_filter ] --START--
INFO: Run Behavior\ContentReplaceBehavior [ RunTime:0.000000s ]
INFO: [ template_filter ] --END-- [ RunTime:0.000000s ]
INFO: Run Behavior\ParseTemplateBehavior [ RunTime:0.016001s ]
INFO: [ view_parse ] --END-- [ RunTime:0.016001s ]
INFO: [ view_filter ] --START--
INFO: Run Behavior\WriteHtmlCacheBehavior [ RunTime:0.001000s ]
INFO: [ view_filter ] --END-- [ RunTime:0.001000s ]
INFO: [ app_end ] --START--
INFO: Run Behavior\ShowPageTraceBehavior [ RunTime:0.001000s ]
INFO: [ app_end ] --END-- [ RunTime:0.001000s ]

[ 2017-10-08T18:45:08+08:00 ] 127.0.0.1 /tpblog/index.php/Home/Index/read.html?pid=295
INFO: [ app_init ] --START--
INFO: Run Behavior\BuildLiteBehavior [ RunTime:0.000000s ]
INFO: [ app_init ] --END-- [ RunTime:0.001000s ]
INFO: [ app_begin ] --START--
INFO: Run Behavior\ReadHtmlCacheBehavior [ RunTime:0.001000s ]
INFO: [ app_begin ] --END-- [ RunTime:0.001000s ]
SQL: SHOW COLUMNS FROM `setting` [ RunTime:0.0080s ]
SQL: SELECT * FROM `setting`  [ RunTime:0.0010s ]
SQL: SHOW COLUMNS FROM `bwliulanliang` [ RunTime:0.0070s ]
SQL: SHOW COLUMNS FROM `page` [ RunTime:0.0100s ]
SQL: SELECT * FROM `page` WHERE `pid` = 295 LIMIT 1   [ RunTime:0.0010s ]
SQL: SHOW COLUMNS FROM `pinglun` [ RunTime:0.0070s ]
SQL: SELECT COUNT(*) AS tp_count FROM `pinglun` WHERE `wyan` = 295 LIMIT 1   [ RunTime:0.0010s ]
SQL: SELECT * FROM `pinglun` WHERE `wyan` = 295  [ RunTime:0.0020s ]
SQL: INSERT INTO `bwliulanliang` (`llan`,`bpid`) VALUES ('0','295') [ RunTime:0.0000s ]
INFO: [ view_parse ] --START--
INFO: [ template_filter ] --START--
INFO: Run Behavior\ContentReplaceBehavior [ RunTime:0.000000s ]
INFO: [ template_filter ] --END-- [ RunTime:0.000000s ]
INFO: Run Behavior\ParseTemplateBehavior [ RunTime:0.023001s ]
INFO: [ view_parse ] --END-- [ RunTime:0.023001s ]
INFO: [ view_filter ] --START--
INFO: Run Behavior\WriteHtmlCacheBehavior [ RunTime:0.001000s ]
INFO: [ view_filter ] --END-- [ RunTime:0.001000s ]
INFO: [ app_end ] --START--
INFO: Run Behavior\ShowPageTraceBehavior [ RunTime:0.001000s ]
INFO: [ app_end ] --END-- [ RunTime:0.001000s ]

[ 2017-10-08T18:45:29+08:00 ] 127.0.0.1 /tpblog/index.php/Home/Auser/index.html
INFO: [ app_init ] --START--
INFO: Run Behavior\BuildLiteBehavior [ RunTime:0.000000s ]
INFO: [ app_init ] --END-- [ RunTime:0.001000s ]
INFO: [ app_begin ] --START--
INFO: Run Behavior\ReadHtmlCacheBehavior [ RunTime:0.002000s ]
INFO: [ app_begin ] --END-- [ RunTime:0.002000s ]
SQL: SHOW COLUMNS FROM `admin` [ RunTime:0.0090s ]
SQL: SELECT * FROM `admin` WHERE `aid` = 41 LIMIT 1   [ RunTime:0.0010s ]
SQL: SHOW COLUMNS FROM `setting` [ RunTime:0.0090s ]
SQL: SELECT * FROM `setting`  [ RunTime:0.0010s ]
SQL: SHOW COLUMNS FROM `grzl` [ RunTime:0.0070s ]
SQL: SHOW COLUMNS FROM `page` [ RunTime:0.0080s ]
SQL: SHOW COLUMNS FROM `pinglun` [ RunTime:0.0070s ]
SQL: SELECT COUNT(*) AS tp_count FROM `pinglun` WHERE `pyan` = 41 LIMIT 1   [ RunTime:0.0010s ]
SQL: SELECT COUNT(*) AS tp_count FROM `page` WHERE `yan` = 41 LIMIT 1   [ RunTime:0.0010s ]
SQL: SELECT * FROM `setting`  [ RunTime:0.0010s ]
SQL: SELECT * FROM `grzl` WHERE `yan` = 41 LIMIT 1   [ RunTime:0.0010s ]
SQL: SELECT * FROM `page` WHERE `yan` = 41  [ RunTime:0.0010s ]
SQL: SELECT * FROM `pinglun` WHERE `pyan` = 41  [ RunTime:0.0010s ]
INFO: [ view_parse ] --START--
INFO: [ template_filter ] --START--
INFO: Run Behavior\ContentReplaceBehavior [ RunTime:0.000000s ]
INFO: [ template_filter ] --END-- [ RunTime:0.001000s ]
INFO: Run Behavior\ParseTemplateBehavior [ RunTime:0.015001s ]
INFO: [ view_parse ] --END-- [ RunTime:0.016001s ]
INFO: [ view_filter ] --START--
INFO: Run Behavior\WriteHtmlCacheBehavior [ RunTime:0.000000s ]
INFO: [ view_filter ] --END-- [ RunTime:0.000000s ]
INFO: [ app_end ] --START--
INFO: Run Behavior\ShowPageTraceBehavior [ RunTime:0.002000s ]
INFO: [ app_end ] --END-- [ RunTime:0.002000s ]

[ 2017-10-08T18:45:46+08:00 ] 127.0.0.1 /tpblog/index.php/Home/Index/index.html
INFO: [ app_init ] --START--
INFO: Run Behavior\BuildLiteBehavior [ RunTime:0.000000s ]
INFO: [ app_init ] --END-- [ RunTime:0.002000s ]
INFO: [ app_begin ] --START--
INFO: Run Behavior\ReadHtmlCacheBehavior [ RunTime:0.001000s ]
INFO: [ app_begin ] --END-- [ RunTime:0.001000s ]
SQL: SHOW COLUMNS FROM `setting` [ RunTime:0.0090s ]
SQL: SELECT * FROM `setting`  [ RunTime:0.0010s ]
SQL: SHOW COLUMNS FROM `admin` [ RunTime:0.0070s ]
SQL: SELECT * FROM `admin` ORDER BY aid desc  [ RunTime:0.0010s ]
SQL: SHOW COLUMNS FROM `page` [ RunTime:0.0090s ]
SQL: SHOW COLUMNS FROM `grzl` [ RunTime:0.0110s ]
SQL: SHOW COLUMNS FROM `pinglun` [ RunTime:0.0070s ]
SQL: SHOW COLUMNS FROM `haoshu` [ RunTime:0.0110s ]
SQL: SELECT COUNT(*) AS tp_count FROM `page` LIMIT 1   [ RunTime:0.0010s ]
SQL: SELECT COUNT(*) AS tp_count FROM `page` WHERE `lx` = '趣闻' LIMIT 1   [ RunTime:0.0010s ]
SQL: SELECT COUNT(*) AS tp_count FROM `page` WHERE `lx` = '人文' LIMIT 1   [ RunTime:0.0010s ]
SQL: SELECT COUNT(*) AS tp_count FROM `page` WHERE `lx` = '美食' LIMIT 1   [ RunTime:0.0010s ]
SQL: SELECT * FROM `setting`  [ RunTime:0.0010s ]
SQL: SELECT * FROM `grzl` WHERE `yan` = 41 LIMIT 1   [ RunTime:0.0030s ]
SQL: SELECT * FROM `page` ORDER BY pid desc LIMIT 0,10   [ RunTime:0.0020s ]
SQL: SELECT * FROM `pinglun` LIMIT 1   [ RunTime:0.0010s ]
SQL: SELECT * FROM `haoshu`  [ RunTime:0.0030s ]
INFO: [ view_parse ] --START--
INFO: [ template_filter ] --START--
INFO: Run Behavior\ContentReplaceBehavior [ RunTime:0.000000s ]
INFO: [ template_filter ] --END-- [ RunTime:0.001000s ]
NOTIC: [8] Undefined variable: user F:\phpStudyLite\WWW\tpblog\Application\Runtime\Cache\Home\74c9bdbded7009a43a281be8a565b911.php 第 112 行.
NOTIC: [8] Undefined variable: user F:\phpStudyLite\WWW\tpblog\Application\Runtime\Cache\Home\74c9bdbded7009a43a281be8a565b911.php 第 112 行.
NOTIC: [8] Undefined variable: user F:\phpStudyLite\WWW\tpblog\Application\Runtime\Cache\Home\74c9bdbded7009a43a281be8a565b911.php 第 112 行.
NOTIC: [8] Undefined variable: user F:\phpStudyLite\WWW\tpblog\Application\Runtime\Cache\Home\74c9bdbded7009a43a281be8a565b911.php 第 112 行.
NOTIC: [8] Undefined variable: user F:\phpStudyLite\WWW\tpblog\Application\Runtime\Cache\Home\74c9bdbded7009a43a281be8a565b911.php 第 112 行.
NOTIC: [8] Undefined variable: user F:\phpStudyLite\WWW\tpblog\Application\Runtime\Cache\Home\74c9bdbded7009a43a281be8a565b911.php 第 112 行.
NOTIC: [8] Undefined variable: user F:\phpStudyLite\WWW\tpblog\Application\Runtime\Cache\Home\74c9bdbded7009a43a281be8a565b911.php 第 112 行.
NOTIC: [8] Undefined variable: user F:\phpStudyLite\WWW\tpblog\Application\Runtime\Cache\Home\74c9bdbded7009a43a281be8a565b911.php 第 112 行.
NOTIC: [8] Undefined variable: user F:\phpStudyLite\WWW\tpblog\Application\Runtime\Cache\Home\74c9bdbded7009a43a281be8a565b911.php 第 112 行.
NOTIC: [8] Undefined variable: user F:\phpStudyLite\WWW\tpblog\Application\Runtime\Cache\Home\74c9bdbded7009a43a281be8a565b911.php 第 112 行.
INFO: Run Behavior\ParseTemplateBehavior [ RunTime:0.032002s ]
INFO: [ view_parse ] --END-- [ RunTime:0.032002s ]
INFO: [ view_filter ] --START--
INFO: Run Behavior\WriteHtmlCacheBehavior [ RunTime:0.001000s ]
INFO: [ view_filter ] --END-- [ RunTime:0.001000s ]
INFO: [ app_end ] --START--
INFO: Run Behavior\ShowPageTraceBehavior [ RunTime:0.001000s ]
INFO: [ app_end ] --END-- [ RunTime:0.001000s ]

[ 2017-10-08T18:45:49+08:00 ] 127.0.0.1 /tpblog/index.php/Home/Index/read.html?pid=269&llan=1
INFO: [ app_init ] --START--
INFO: Run Behavior\BuildLiteBehavior [ RunTime:0.000000s ]
INFO: [ app_init ] --END-- [ RunTime:0.001000s ]
INFO: [ app_begin ] --START--
INFO: Run Behavior\ReadHtmlCacheBehavior [ RunTime:0.004001s ]
INFO: [ app_begin ] --END-- [ RunTime:0.004001s ]
SQL: SHOW COLUMNS FROM `setting` [ RunTime:0.0080s ]
SQL: SELECT * FROM `setting`  [ RunTime:0.0010s ]
SQL: SHOW COLUMNS FROM `bwliulanliang` [ RunTime:0.0080s ]
SQL: SHOW COLUMNS FROM `page` [ RunTime:0.0080s ]
SQL: SELECT * FROM `page` WHERE `pid` = 269 LIMIT 1   [ RunTime:0.0010s ]
SQL: SHOW COLUMNS FROM `pinglun` [ RunTime:0.0070s ]
SQL: SELECT COUNT(*) AS tp_count FROM `pinglun` WHERE `wyan` = 269 LIMIT 1   [ RunTime:0.0030s ]
SQL: SELECT * FROM `pinglun` WHERE `wyan` = 269  [ RunTime:0.0010s ]
SQL: INSERT INTO `bwliulanliang` (`llan`,`bpid`) VALUES ('1','269') [ RunTime:0.0010s ]
INFO: [ view_parse ] --START--
INFO: [ template_filter ] --START--
INFO: Run Behavior\ContentReplaceBehavior [ RunTime:0.000000s ]
INFO: [ template_filter ] --END-- [ RunTime:0.000000s ]
INFO: Run Behavior\ParseTemplateBehavior [ RunTime:0.018001s ]
INFO: [ view_parse ] --END-- [ RunTime:0.019002s ]
INFO: [ view_filter ] --START--
INFO: Run Behavior\WriteHtmlCacheBehavior [ RunTime:0.001000s ]
INFO: [ view_filter ] --END-- [ RunTime:0.002000s ]
INFO: [ app_end ] --START--
INFO: Run Behavior\ShowPageTraceBehavior [ RunTime:0.001000s ]
INFO: [ app_end ] --END-- [ RunTime:0.001000s ]

[ 2017-10-08T18:45:52+08:00 ] 127.0.0.1 /tpblog/index.php/Home/Auser/index.html
INFO: [ app_init ] --START--
INFO: Run Behavior\BuildLiteBehavior [ RunTime:0.000000s ]
INFO: [ app_init ] --END-- [ RunTime:0.002000s ]
INFO: [ app_begin ] --START--
INFO: Run Behavior\ReadHtmlCacheBehavior [ RunTime:0.002000s ]
INFO: [ app_begin ] --END-- [ RunTime:0.002000s ]
SQL: SHOW COLUMNS FROM `admin` [ RunTime:0.0090s ]
SQL: SELECT * FROM `admin` WHERE `aid` = 41 LIMIT 1   [ RunTime:0.0020s ]
SQL: SHOW COLUMNS FROM `setting` [ RunTime:0.0090s ]
SQL: SELECT * FROM `setting`  [ RunTime:0.0010s ]
SQL: SHOW COLUMNS FROM `grzl` [ RunTime:0.0100s ]
SQL: SHOW COLUMNS FROM `page` [ RunTime:0.0100s ]
SQL: SHOW COLUMNS FROM `pinglun` [ RunTime:0.0090s ]
SQL: SELECT COUNT(*) AS tp_count FROM `pinglun` WHERE `pyan` = 41 LIMIT 1   [ RunTime:0.0000s ]
SQL: SELECT COUNT(*) AS tp_count FROM `page` WHERE `yan` = 41 LIMIT 1   [ RunTime:0.0030s ]
SQL: SELECT * FROM `setting`  [ RunTime:0.0000s ]
SQL: SELECT * FROM `grzl` WHERE `yan` = 41 LIMIT 1   [ RunTime:0.0010s ]
SQL: SELECT * FROM `page` WHERE `yan` = 41  [ RunTime:0.0010s ]
SQL: SELECT * FROM `pinglun` WHERE `pyan` = 41  [ RunTime:0.0010s ]
INFO: [ view_parse ] --START--
INFO: [ template_filter ] --START--
INFO: Run Behavior\ContentReplaceBehavior [ RunTime:0.000000s ]
INFO: [ template_filter ] --END-- [ RunTime:0.000000s ]
INFO: Run Behavior\ParseTemplateBehavior [ RunTime:0.018001s ]
INFO: [ view_parse ] --END-- [ RunTime:0.018001s ]
INFO: [ view_filter ] --START--
INFO: Run Behavior\WriteHtmlCacheBehavior [ RunTime:0.000000s ]
INFO: [ view_filter ] --END-- [ RunTime:0.001000s ]
INFO: [ app_end ] --START--
INFO: Run Behavior\ShowPageTraceBehavior [ RunTime:0.001000s ]
INFO: [ app_end ] --END-- [ RunTime:0.001000s ]

[ 2017-10-08T18:45:54+08:00 ] 127.0.0.1 /tpblog/index.php/Home/Index/index.html
INFO: [ app_init ] --START--
INFO: Run Behavior\BuildLiteBehavior [ RunTime:0.000000s ]
INFO: [ app_init ] --END-- [ RunTime:0.000000s ]
INFO: [ app_begin ] --START--
INFO: Run Behavior\ReadHtmlCacheBehavior [ RunTime:0.001000s ]
INFO: [ app_begin ] --END-- [ RunTime:0.001000s ]
SQL: SHOW COLUMNS FROM `setting` [ RunTime:0.0070s ]
SQL: SELECT * FROM `setting`  [ RunTime:0.0000s ]
SQL: SHOW COLUMNS FROM `admin` [ RunTime:0.0090s ]
SQL: SELECT * FROM `admin` ORDER BY aid desc  [ RunTime:0.0010s ]
SQL: SHOW COLUMNS FROM `page` [ RunTime:0.0100s ]
SQL: SHOW COLUMNS FROM `grzl` [ RunTime:0.0080s ]
SQL: SHOW COLUMNS FROM `pinglun` [ RunTime:0.0100s ]
SQL: SHOW COLUMNS FROM `haoshu` [ RunTime:0.0070s ]
SQL: SELECT COUNT(*) AS tp_count FROM `page` LIMIT 1   [ RunTime:0.0000s ]
SQL: SELECT COUNT(*) AS tp_count FROM `page` WHERE `lx` = '趣闻' LIMIT 1   [ RunTime:0.0010s ]
SQL: SELECT COUNT(*) AS tp_count FROM `page` WHERE `lx` = '人文' LIMIT 1   [ RunTime:0.0020s ]
SQL: SELECT COUNT(*) AS tp_count FROM `page` WHERE `lx` = '美食' LIMIT 1   [ RunTime:0.0010s ]
SQL: SELECT * FROM `setting`  [ RunTime:0.0010s ]
SQL: SELECT * FROM `grzl` WHERE `yan` = 41 LIMIT 1   [ RunTime:0.0010s ]
SQL: SELECT * FROM `page` ORDER BY pid desc LIMIT 0,10   [ RunTime:0.0020s ]
SQL: SELECT * FROM `pinglun` LIMIT 1   [ RunTime:0.0010s ]
SQL: SELECT * FROM `haoshu`  [ RunTime:0.0030s ]
INFO: [ view_parse ] --START--
INFO: [ template_filter ] --START--
INFO: Run Behavior\ContentReplaceBehavior [ RunTime:0.000000s ]
INFO: [ template_filter ] --END-- [ RunTime:0.001000s ]
NOTIC: [8] Undefined variable: user F:\phpStudyLite\WWW\tpblog\Application\Runtime\Cache\Home\74c9bdbded7009a43a281be8a565b911.php 第 112 行.
NOTIC: [8] Undefined variable: user F:\phpStudyLite\WWW\tpblog\Application\Runtime\Cache\Home\74c9bdbded7009a43a281be8a565b911.php 第 112 行.
NOTIC: [8] Undefined variable: user F:\phpStudyLite\WWW\tpblog\Application\Runtime\Cache\Home\74c9bdbded7009a43a281be8a565b911.php 第 112 行.
NOTIC: [8] Undefined variable: user F:\phpStudyLite\WWW\tpblog\Application\Runtime\Cache\Home\74c9bdbded7009a43a281be8a565b911.php 第 112 行.
NOTIC: [8] Undefined variable: user F:\phpStudyLite\WWW\tpblog\Application\Runtime\Cache\Home\74c9bdbded7009a43a281be8a565b911.php 第 112 行.
NOTIC: [8] Undefined variable: user F:\phpStudyLite\WWW\tpblog\Application\Runtime\Cache\Home\74c9bdbded7009a43a281be8a565b911.php 第 112 行.
NOTIC: [8] Undefined variable: user F:\phpStudyLite\WWW\tpblog\Application\Runtime\Cache\Home\74c9bdbded7009a43a281be8a565b911.php 第 112 行.
NOTIC: [8] Undefined variable: user F:\phpStudyLite\WWW\tpblog\Application\Runtime\Cache\Home\74c9bdbded7009a43a281be8a565b911.php 第 112 行.
NOTIC: [8] Undefined variable: user F:\phpStudyLite\WWW\tpblog\Application\Runtime\Cache\Home\74c9bdbded7009a43a281be8a565b911.php 第 112 行.
NOTIC: [8] Undefined variable: user F:\phpStudyLite\WWW\tpblog\Application\Runtime\Cache\Home\74c9bdbded7009a43a281be8a565b911.php 第 112 行.
INFO: Run Behavior\ParseTemplateBehavior [ RunTime:0.026001s ]
INFO: [ view_parse ] --END-- [ RunTime:0.026001s ]
INFO: [ view_filter ] --START--
INFO: Run Behavior\WriteHtmlCacheBehavior [ RunTime:0.000000s ]
INFO: [ view_filter ] --END-- [ RunTime:0.000000s ]
INFO: [ app_end ] --START--
INFO: Run Behavior\ShowPageTraceBehavior [ RunTime:0.003000s ]
INFO: [ app_end ] --END-- [ RunTime:0.003000s ]

[ 2017-10-08T18:45:57+08:00 ] 127.0.0.1 /tpblog/index.php/Home/Index/read.html?pid=268&llan=1
INFO: [ app_init ] --START--
INFO: Run Behavior\BuildLiteBehavior [ RunTime:0.000000s ]
INFO: [ app_init ] --END-- [ RunTime:0.001000s ]
INFO: [ app_begin ] --START--
INFO: Run Behavior\ReadHtmlCacheBehavior [ RunTime:0.002000s ]
INFO: [ app_begin ] --END-- [ RunTime:0.002000s ]
SQL: SHOW COLUMNS FROM `setting` [ RunTime:0.0190s ]
SQL: SELECT * FROM `setting`  [ RunTime:0.0010s ]
SQL: SHOW COLUMNS FROM `bwliulanliang` [ RunTime:0.0210s ]
SQL: SHOW COLUMNS FROM `page` [ RunTime:0.0080s ]
SQL: SELECT * FROM `page` WHERE `pid` = 268 LIMIT 1   [ RunTime:0.0010s ]
SQL: SHOW COLUMNS FROM `pinglun` [ RunTime:0.0250s ]
SQL: SELECT COUNT(*) AS tp_count FROM `pinglun` WHERE `wyan` = 268 LIMIT 1   [ RunTime:0.0000s ]
SQL: SELECT * FROM `pinglun` WHERE `wyan` = 268  [ RunTime:0.0010s ]
SQL: INSERT INTO `bwliulanliang` (`llan`,`bpid`) VALUES ('1','268') [ RunTime:0.0010s ]
INFO: [ view_parse ] --START--
INFO: [ template_filter ] --START--
INFO: Run Behavior\ContentReplaceBehavior [ RunTime:0.000000s ]
INFO: [ template_filter ] --END-- [ RunTime:0.000000s ]
INFO: Run Behavior\ParseTemplateBehavior [ RunTime:0.015001s ]
INFO: [ view_parse ] --END-- [ RunTime:0.016001s ]
INFO: [ view_filter ] --START--
INFO: Run Behavior\WriteHtmlCacheBehavior [ RunTime:0.001000s ]
INFO: [ view_filter ] --END-- [ RunTime:0.001000s ]
INFO: [ app_end ] --START--
INFO: Run Behavior\ShowPageTraceBehavior [ RunTime:0.001000s ]
INFO: [ app_end ] --END-- [ RunTime:0.001000s ]

[ 2017-10-08T18:46:00+08:00 ] 127.0.0.1 /tpblog/index.php/Home/Index/index.html
INFO: [ app_init ] --START--
INFO: Run Behavior\BuildLiteBehavior [ RunTime:0.000000s ]
INFO: [ app_init ] --END-- [ RunTime:0.001000s ]
INFO: [ app_begin ] --START--
INFO: Run Behavior\ReadHtmlCacheBehavior [ RunTime:0.002000s ]
INFO: [ app_begin ] --END-- [ RunTime:0.002000s ]
SQL: SHOW COLUMNS FROM `setting` [ RunTime:0.0070s ]
SQL: SELECT * FROM `setting`  [ RunTime:0.0000s ]
SQL: SHOW COLUMNS FROM `admin` [ RunTime:0.0100s ]
SQL: SELECT * FROM `admin` ORDER BY aid desc  [ RunTime:0.0010s ]
SQL: SHOW COLUMNS FROM `page` [ RunTime:0.0110s ]
SQL: SHOW COLUMNS FROM `grzl` [ RunTime:0.0080s ]
SQL: SHOW COLUMNS FROM `pinglun` [ RunTime:0.0100s ]
SQL: SHOW COLUMNS FROM `haoshu` [ RunTime:0.0080s ]
SQL: SELECT COUNT(*) AS tp_count FROM `page` LIMIT 1   [ RunTime:0.0010s ]
SQL: SELECT COUNT(*) AS tp_count FROM `page` WHERE `lx` = '趣闻' LIMIT 1   [ RunTime:0.0010s ]
SQL: SELECT COUNT(*) AS tp_count FROM `page` WHERE `lx` = '人文' LIMIT 1   [ RunTime:0.0010s ]
SQL: SELECT COUNT(*) AS tp_count FROM `page` WHERE `lx` = '美食' LIMIT 1   [ RunTime:0.0010s ]
SQL: SELECT * FROM `setting`  [ RunTime:0.0010s ]
SQL: SELECT * FROM `grzl` WHERE `yan` = 41 LIMIT 1   [ RunTime:0.0010s ]
SQL: SELECT * FROM `page` ORDER BY pid desc LIMIT 0,10   [ RunTime:0.0020s ]
SQL: SELECT * FROM `pinglun` LIMIT 1   [ RunTime:0.0010s ]
SQL: SELECT * FROM `haoshu`  [ RunTime:0.0040s ]
INFO: [ view_parse ] --START--
INFO: [ template_filter ] --START--
INFO: Run Behavior\ContentReplaceBehavior [ RunTime:0.000000s ]
INFO: [ template_filter ] --END-- [ RunTime:0.000000s ]
NOTIC: [8] Undefined variable: user F:\phpStudyLite\WWW\tpblog\Application\Runtime\Cache\Home\74c9bdbded7009a43a281be8a565b911.php 第 112 行.
NOTIC: [8] Undefined variable: user F:\phpStudyLite\WWW\tpblog\Application\Runtime\Cache\Home\74c9bdbded7009a43a281be8a565b911.php 第 112 行.
NOTIC: [8] Undefined variable: user F:\phpStudyLite\WWW\tpblog\Application\Runtime\Cache\Home\74c9bdbded7009a43a281be8a565b911.php 第 112 行.
NOTIC: [8] Undefined variable: user F:\phpStudyLite\WWW\tpblog\Application\Runtime\Cache\Home\74c9bdbded7009a43a281be8a565b911.php 第 112 行.
NOTIC: [8] Undefined variable: user F:\phpStudyLite\WWW\tpblog\Application\Runtime\Cache\Home\74c9bdbded7009a43a281be8a565b911.php 第 112 行.
NOTIC: [8] Undefined variable: user F:\phpStudyLite\WWW\tpblog\Application\Runtime\Cache\Home\74c9bdbded7009a43a281be8a565b911.php 第 112 行.
NOTIC: [8] Undefined variable: user F:\phpStudyLite\WWW\tpblog\Application\Runtime\Cache\Home\74c9bdbded7009a43a281be8a565b911.php 第 112 行.
NOTIC: [8] Undefined variable: user F:\phpStudyLite\WWW\tpblog\Application\Runtime\Cache\Home\74c9bdbded7009a43a281be8a565b911.php 第 112 行.
NOTIC: [8] Undefined variable: user F:\phpStudyLite\WWW\tpblog\Application\Runtime\Cache\Home\74c9bdbded7009a43a281be8a565b911.php 第 112 行.
NOTIC: [8] Undefined variable: user F:\phpStudyLite\WWW\tpblog\Application\Runtime\Cache\Home\74c9bdbded7009a43a281be8a565b911.php 第 112 行.
INFO: Run Behavior\ParseTemplateBehavior [ RunTime:0.028002s ]
INFO: [ view_parse ] --END-- [ RunTime:0.028002s ]
INFO: [ view_filter ] --START--
INFO: Run Behavior\WriteHtmlCacheBehavior [ RunTime:0.001000s ]
INFO: [ view_filter ] --END-- [ RunTime:0.001000s ]
INFO: [ app_end ] --START--
INFO: Run Behavior\ShowPageTraceBehavior [ RunTime:0.001000s ]
INFO: [ app_end ] --END-- [ RunTime:0.001000s ]

[ 2017-10-08T18:46:03+08:00 ] 127.0.0.1 /tpblog/index.php/Home/Index/read.html?pid=236&llan=1
INFO: [ app_init ] --START--
INFO: Run Behavior\BuildLiteBehavior [ RunTime:0.000000s ]
INFO: [ app_init ] --END-- [ RunTime:0.001000s ]
INFO: [ app_begin ] --START--
INFO: Run Behavior\ReadHtmlCacheBehavior [ RunTime:0.001000s ]
INFO: [ app_begin ] --END-- [ RunTime:0.001000s ]
SQL: SHOW COLUMNS FROM `setting` [ RunTime:0.0080s ]
SQL: SELECT * FROM `setting`  [ RunTime:0.0010s ]
SQL: SHOW COLUMNS FROM `bwliulanliang` [ RunTime:0.0080s ]
SQL: SHOW COLUMNS FROM `page` [ RunTime:0.0090s ]
SQL: SELECT * FROM `page` WHERE `pid` = 236 LIMIT 1   [ RunTime:0.0010s ]
SQL: SHOW COLUMNS FROM `pinglun` [ RunTime:0.0100s ]
SQL: SELECT COUNT(*) AS tp_count FROM `pinglun` WHERE `wyan` = 236 LIMIT 1   [ RunTime:0.0010s ]
SQL: SELECT * FROM `pinglun` WHERE `wyan` = 236  [ RunTime:0.0010s ]
SQL: INSERT INTO `bwliulanliang` (`llan`,`bpid`) VALUES ('1','236') [ RunTime:0.0010s ]
INFO: [ view_parse ] --START--
INFO: [ template_filter ] --START--
INFO: Run Behavior\ContentReplaceBehavior [ RunTime:0.000000s ]
INFO: [ template_filter ] --END-- [ RunTime:0.000000s ]
INFO: Run Behavior\ParseTemplateBehavior [ RunTime:0.015001s ]
INFO: [ view_parse ] --END-- [ RunTime:0.015001s ]
INFO: [ view_filter ] --START--
INFO: Run Behavior\WriteHtmlCacheBehavior [ RunTime:0.000000s ]
INFO: [ view_filter ] --END-- [ RunTime:0.000000s ]
INFO: [ app_end ] --START--
INFO: Run Behavior\ShowPageTraceBehavior [ RunTime:0.001000s ]
INFO: [ app_end ] --END-- [ RunTime:0.002000s ]

[ 2017-10-08T18:46:06+08:00 ] 127.0.0.1 /tpblog/index.php/Home/Index/index.html
INFO: [ app_init ] --START--
INFO: Run Behavior\BuildLiteBehavior [ RunTime:0.000000s ]
INFO: [ app_init ] --END-- [ RunTime:0.001000s ]
INFO: [ app_begin ] --START--
INFO: Run Behavior\ReadHtmlCacheBehavior [ RunTime:0.001000s ]
INFO: [ app_begin ] --END-- [ RunTime:0.001000s ]
SQL: SHOW COLUMNS FROM `setting` [ RunTime:0.0570s ]
SQL: SELECT * FROM `setting`  [ RunTime:0.0010s ]
SQL: SHOW COLUMNS FROM `admin` [ RunTime:0.0070s ]
SQL: SELECT * FROM `admin` ORDER BY aid desc  [ RunTime:0.0010s ]
SQL: SHOW COLUMNS FROM `page` [ RunTime:0.0080s ]
SQL: SHOW COLUMNS FROM `grzl` [ RunTime:0.0070s ]
SQL: SHOW COLUMNS FROM `pinglun` [ RunTime:0.0080s ]
SQL: SHOW COLUMNS FROM `haoshu` [ RunTime:0.0070s ]
SQL: SELECT COUNT(*) AS tp_count FROM `page` LIMIT 1   [ RunTime:0.0000s ]
SQL: SELECT COUNT(*) AS tp_count FROM `page` WHERE `lx` = '趣闻' LIMIT 1   [ RunTime:0.0000s ]
SQL: SELECT COUNT(*) AS tp_count FROM `page` WHERE `lx` = '人文' LIMIT 1   [ RunTime:0.0000s ]
SQL: SELECT COUNT(*) AS tp_count FROM `page` WHERE `lx` = '美食' LIMIT 1   [ RunTime:0.0010s ]
SQL: SELECT * FROM `setting`  [ RunTime:0.0010s ]
SQL: SELECT * FROM `grzl` WHERE `yan` = 41 LIMIT 1   [ RunTime:0.0010s ]
SQL: SELECT * FROM `page` ORDER BY pid desc LIMIT 0,10   [ RunTime:0.0020s ]
SQL: SELECT * FROM `pinglun` LIMIT 1   [ RunTime:0.0010s ]
SQL: SELECT * FROM `haoshu`  [ RunTime:0.0020s ]
INFO: [ view_parse ] --START--
INFO: [ template_filter ] --START--
INFO: Run Behavior\ContentReplaceBehavior [ RunTime:0.000000s ]
INFO: [ template_filter ] --END-- [ RunTime:0.000000s ]
NOTIC: [8] Undefined variable: user F:\phpStudyLite\WWW\tpblog\Application\Runtime\Cache\Home\74c9bdbded7009a43a281be8a565b911.php 第 112 行.
NOTIC: [8] Undefined variable: user F:\phpStudyLite\WWW\tpblog\Application\Runtime\Cache\Home\74c9bdbded7009a43a281be8a565b911.php 第 112 行.
NOTIC: [8] Undefined variable: user F:\phpStudyLite\WWW\tpblog\Application\Runtime\Cache\Home\74c9bdbded7009a43a281be8a565b911.php 第 112 行.
NOTIC: [8] Undefined variable: user F:\phpStudyLite\WWW\tpblog\Application\Runtime\Cache\Home\74c9bdbded7009a43a281be8a565b911.php 第 112 行.
NOTIC: [8] Undefined variable: user F:\phpStudyLite\WWW\tpblog\Application\Runtime\Cache\Home\74c9bdbded7009a43a281be8a565b911.php 第 112 行.
NOTIC: [8] Undefined variable: user F:\phpStudyLite\WWW\tpblog\Application\Runtime\Cache\Home\74c9bdbded7009a43a281be8a565b911.php 第 112 行.
NOTIC: [8] Undefined variable: user F:\phpStudyLite\WWW\tpblog\Application\Runtime\Cache\Home\74c9bdbded7009a43a281be8a565b911.php 第 112 行.
NOTIC: [8] Undefined variable: user F:\phpStudyLite\WWW\tpblog\Application\Runtime\Cache\Home\74c9bdbded7009a43a281be8a565b911.php 第 112 行.
NOTIC: [8] Undefined variable: user F:\phpStudyLite\WWW\tpblog\Application\Runtime\Cache\Home\74c9bdbded7009a43a281be8a565b911.php 第 112 行.
NOTIC: [8] Undefined variable: user F:\phpStudyLite\WWW\tpblog\Application\Runtime\Cache\Home\74c9bdbded7009a43a281be8a565b911.php 第 112 行.
INFO: Run Behavior\ParseTemplateBehavior [ RunTime:0.018600s ]
INFO: [ view_parse ] --END-- [ RunTime:0.018600s ]
INFO: [ view_filter ] --START--
INFO: Run Behavior\WriteHtmlCacheBehavior [ RunTime:0.000000s ]
INFO: [ view_filter ] --END-- [ RunTime:0.000000s ]
INFO: [ app_end ] --START--
INFO: Run Behavior\ShowPageTraceBehavior [ RunTime:0.000000s ]
INFO: [ app_end ] --END-- [ RunTime:0.000000s ]

[ 2017-10-08T18:46:11+08:00 ] 127.0.0.1 /tpblog/index.php/Home/Index/read.html?pid=295&llan=1
INFO: [ app_init ] --START--
INFO: Run Behavior\BuildLiteBehavior [ RunTime:0.000000s ]
INFO: [ app_init ] --END-- [ RunTime:0.001001s ]
INFO: [ app_begin ] --START--
INFO: Run Behavior\ReadHtmlCacheBehavior [ RunTime:0.002000s ]
INFO: [ app_begin ] --END-- [ RunTime:0.002000s ]
SQL: SHOW COLUMNS FROM `setting` [ RunTime:0.0120s ]
SQL: SELECT * FROM `setting`  [ RunTime:0.0010s ]
SQL: SHOW COLUMNS FROM `bwliulanliang` [ RunTime:0.0080s ]
SQL: SHOW COLUMNS FROM `page` [ RunTime:0.0080s ]
SQL: SELECT * FROM `page` WHERE `pid` = 295 LIMIT 1   [ RunTime:0.0010s ]
SQL: SHOW COLUMNS FROM `pinglun` [ RunTime:0.0100s ]
SQL: SELECT COUNT(*) AS tp_count FROM `pinglun` WHERE `wyan` = 295 LIMIT 1   [ RunTime:0.0010s ]
SQL: SELECT * FROM `pinglun` WHERE `wyan` = 295  [ RunTime:0.0010s ]
SQL: INSERT INTO `bwliulanliang` (`llan`,`bpid`) VALUES ('1','295') [ RunTime:0.0000s ]
INFO: [ view_parse ] --START--
INFO: [ template_filter ] --START--
INFO: Run Behavior\ContentReplaceBehavior [ RunTime:0.000000s ]
INFO: [ template_filter ] --END-- [ RunTime:0.001000s ]
INFO: Run Behavior\ParseTemplateBehavior [ RunTime:0.018001s ]
INFO: [ view_parse ] --END-- [ RunTime:0.018001s ]
INFO: [ view_filter ] --START--
INFO: Run Behavior\WriteHtmlCacheBehavior [ RunTime:0.001000s ]
INFO: [ view_filter ] --END-- [ RunTime:0.001000s ]
INFO: [ app_end ] --START--
INFO: Run Behavior\ShowPageTraceBehavior [ RunTime:0.003000s ]
INFO: [ app_end ] --END-- [ RunTime:0.003000s ]

[ 2017-10-08T18:46:15+08:00 ] 127.0.0.1 /tpblog/index.php/Home/Auser/index.html
INFO: [ app_init ] --START--
INFO: Run Behavior\BuildLiteBehavior [ RunTime:0.000000s ]
INFO: [ app_init ] --END-- [ RunTime:0.001000s ]
INFO: [ app_begin ] --START--
INFO: Run Behavior\ReadHtmlCacheBehavior [ RunTime:0.002000s ]
INFO: [ app_begin ] --END-- [ RunTime:0.002000s ]
SQL: SHOW COLUMNS FROM `admin` [ RunTime:0.0080s ]
SQL: SELECT * FROM `admin` WHERE `aid` = 41 LIMIT 1   [ RunTime:0.0000s ]
SQL: SHOW COLUMNS FROM `setting` [ RunTime:0.0070s ]
SQL: SELECT * FROM `setting`  [ RunTime:0.0000s ]
SQL: SHOW COLUMNS FROM `grzl` [ RunTime:0.0090s ]
SQL: SHOW COLUMNS FROM `page` [ RunTime:0.0080s ]
SQL: SHOW COLUMNS FROM `pinglun` [ RunTime:0.0110s ]
SQL: SELECT COUNT(*) AS tp_count FROM `pinglun` WHERE `pyan` = 41 LIMIT 1   [ RunTime:0.0010s ]
SQL: SELECT COUNT(*) AS tp_count FROM `page` WHERE `yan` = 41 LIMIT 1   [ RunTime:0.0010s ]
SQL: SELECT * FROM `setting`  [ RunTime:0.0010s ]
SQL: SELECT * FROM `grzl` WHERE `yan` = 41 LIMIT 1   [ RunTime:0.0010s ]
SQL: SELECT * FROM `page` WHERE `yan` = 41  [ RunTime:0.0010s ]
SQL: SELECT * FROM `pinglun` WHERE `pyan` = 41  [ RunTime:0.0010s ]
INFO: [ view_parse ] --START--
INFO: [ template_filter ] --START--
INFO: Run Behavior\ContentReplaceBehavior [ RunTime:0.000000s ]
INFO: [ template_filter ] --END-- [ RunTime:0.000000s ]
INFO: Run Behavior\ParseTemplateBehavior [ RunTime:0.019001s ]
INFO: [ view_parse ] --END-- [ RunTime:0.019001s ]
INFO: [ view_filter ] --START--
INFO: Run Behavior\WriteHtmlCacheBehavior [ RunTime:0.001000s ]
INFO: [ view_filter ] --END-- [ RunTime:0.001000s ]
INFO: [ app_end ] --START--
INFO: Run Behavior\ShowPageTraceBehavior [ RunTime:0.001000s ]
INFO: [ app_end ] --END-- [ RunTime:0.001000s ]

[ 2017-10-08T18:46:17+08:00 ] 127.0.0.1 /tpblog/index.php/Home/Index/read.html?pid=295
INFO: [ app_init ] --START--
INFO: Run Behavior\BuildLiteBehavior [ RunTime:0.000000s ]
INFO: [ app_init ] --END-- [ RunTime:0.001001s ]
INFO: [ app_begin ] --START--
INFO: Run Behavior\ReadHtmlCacheBehavior [ RunTime:0.001000s ]
INFO: [ app_begin ] --END-- [ RunTime:0.002000s ]
SQL: SHOW COLUMNS FROM `setting` [ RunTime:0.0070s ]
SQL: SELECT * FROM `setting`  [ RunTime:0.0000s ]
SQL: SHOW COLUMNS FROM `bwliulanliang` [ RunTime:0.0100s ]
SQL: SHOW COLUMNS FROM `page` [ RunTime:0.0080s ]
SQL: SELECT * FROM `page` WHERE `pid` = 295 LIMIT 1   [ RunTime:0.0030s ]
SQL: SHOW COLUMNS FROM `pinglun` [ RunTime:0.0070s ]
SQL: SELECT COUNT(*) AS tp_count FROM `pinglun` WHERE `wyan` = 295 LIMIT 1   [ RunTime:0.0000s ]
SQL: SELECT * FROM `pinglun` WHERE `wyan` = 295  [ RunTime:0.0000s ]
SQL: INSERT INTO `bwliulanliang` (`llan`,`bpid`) VALUES ('0','295') [ RunTime:0.0010s ]
INFO: [ view_parse ] --START--
INFO: [ template_filter ] --START--
INFO: Run Behavior\ContentReplaceBehavior [ RunTime:0.000000s ]
INFO: [ template_filter ] --END-- [ RunTime:0.000000s ]
INFO: Run Behavior\ParseTemplateBehavior [ RunTime:0.015001s ]
INFO: [ view_parse ] --END-- [ RunTime:0.015001s ]
INFO: [ view_filter ] --START--
INFO: Run Behavior\WriteHtmlCacheBehavior [ RunTime:0.001000s ]
INFO: [ view_filter ] --END-- [ RunTime:0.001000s ]
INFO: [ app_end ] --START--
INFO: Run Behavior\ShowPageTraceBehavior [ RunTime:0.001000s ]
INFO: [ app_end ] --END-- [ RunTime:0.001000s ]

[ 2017-10-08T18:46:20+08:00 ] 127.0.0.1 /tpblog/index.php/Home/Index/index.html
INFO: [ app_init ] --START--
INFO: Run Behavior\BuildLiteBehavior [ RunTime:0.000000s ]
INFO: [ app_init ] --END-- [ RunTime:0.001000s ]
INFO: [ app_begin ] --START--
INFO: Run Behavior\ReadHtmlCacheBehavior [ RunTime:0.001000s ]
INFO: [ app_begin ] --END-- [ RunTime:0.001000s ]
SQL: SHOW COLUMNS FROM `setting` [ RunTime:0.0080s ]
SQL: SELECT * FROM `setting`  [ RunTime:0.0010s ]
SQL: SHOW COLUMNS FROM `admin` [ RunTime:0.0090s ]
SQL: SELECT * FROM `admin` ORDER BY aid desc  [ RunTime:0.0010s ]
SQL: SHOW COLUMNS FROM `page` [ RunTime:0.0090s ]
SQL: SHOW COLUMNS FROM `grzl` [ RunTime:0.0080s ]
SQL: SHOW COLUMNS FROM `pinglun` [ RunTime:0.0090s ]
SQL: SHOW COLUMNS FROM `haoshu` [ RunTime:0.0070s ]
SQL: SELECT COUNT(*) AS tp_count FROM `page` LIMIT 1   [ RunTime:0.0020s ]
SQL: SELECT COUNT(*) AS tp_count FROM `page` WHERE `lx` = '趣闻' LIMIT 1   [ RunTime:0.0010s ]
SQL: SELECT COUNT(*) AS tp_count FROM `page` WHERE `lx` = '人文' LIMIT 1   [ RunTime:0.0010s ]
SQL: SELECT COUNT(*) AS tp_count FROM `page` WHERE `lx` = '美食' LIMIT 1   [ RunTime:0.0010s ]
SQL: SELECT * FROM `setting`  [ RunTime:0.0000s ]
SQL: SELECT * FROM `grzl` WHERE `yan` = 41 LIMIT 1   [ RunTime:0.0010s ]
SQL: SELECT * FROM `page` ORDER BY pid desc LIMIT 0,10   [ RunTime:0.0020s ]
SQL: SELECT * FROM `pinglun` LIMIT 1   [ RunTime:0.0010s ]
SQL: SELECT * FROM `haoshu`  [ RunTime:0.0030s ]
INFO: [ view_parse ] --START--
INFO: [ template_filter ] --START--
INFO: Run Behavior\ContentReplaceBehavior [ RunTime:0.001000s ]
INFO: [ template_filter ] --END-- [ RunTime:0.001000s ]
NOTIC: [8] Undefined variable: user F:\phpStudyLite\WWW\tpblog\Application\Runtime\Cache\Home\74c9bdbded7009a43a281be8a565b911.php 第 112 行.
NOTIC: [8] Undefined variable: user F:\phpStudyLite\WWW\tpblog\Application\Runtime\Cache\Home\74c9bdbded7009a43a281be8a565b911.php 第 112 行.
NOTIC: [8] Undefined variable: user F:\phpStudyLite\WWW\tpblog\Application\Runtime\Cache\Home\74c9bdbded7009a43a281be8a565b911.php 第 112 行.
NOTIC: [8] Undefined variable: user F:\phpStudyLite\WWW\tpblog\Application\Runtime\Cache\Home\74c9bdbded7009a43a281be8a565b911.php 第 112 行.
NOTIC: [8] Undefined variable: user F:\phpStudyLite\WWW\tpblog\Application\Runtime\Cache\Home\74c9bdbded7009a43a281be8a565b911.php 第 112 行.
NOTIC: [8] Undefined variable: user F:\phpStudyLite\WWW\tpblog\Application\Runtime\Cache\Home\74c9bdbded7009a43a281be8a565b911.php 第 112 行.
NOTIC: [8] Undefined variable: user F:\phpStudyLite\WWW\tpblog\Application\Runtime\Cache\Home\74c9bdbded7009a43a281be8a565b911.php 第 112 行.
NOTIC: [8] Undefined variable: user F:\phpStudyLite\WWW\tpblog\Application\Runtime\Cache\Home\74c9bdbded7009a43a281be8a565b911.php 第 112 行.
NOTIC: [8] Undefined variable: user F:\phpStudyLite\WWW\tpblog\Application\Runtime\Cache\Home\74c9bdbded7009a43a281be8a565b911.php 第 112 行.
NOTIC: [8] Undefined variable: user F:\phpStudyLite\WWW\tpblog\Application\Runtime\Cache\Home\74c9bdbded7009a43a281be8a565b911.php 第 112 行.
INFO: Run Behavior\ParseTemplateBehavior [ RunTime:0.017001s ]
INFO: [ view_parse ] --END-- [ RunTime:0.017001s ]
INFO: [ view_filter ] --START--
INFO: Run Behavior\WriteHtmlCacheBehavior [ RunTime:0.000000s ]
INFO: [ view_filter ] --END-- [ RunTime:0.000000s ]
INFO: [ app_end ] --START--
INFO: Run Behavior\ShowPageTraceBehavior [ RunTime:0.000000s ]
INFO: [ app_end ] --END-- [ RunTime:0.000000s ]

[ 2017-10-08T18:46:23+08:00 ] 127.0.0.1 /tpblog/index.php/Home/Index/read.html?pid=269&llan=1
INFO: [ app_init ] --START--
INFO: Run Behavior\BuildLiteBehavior [ RunTime:0.000000s ]
INFO: [ app_init ] --END-- [ RunTime:0.001000s ]
INFO: [ app_begin ] --START--
INFO: Run Behavior\ReadHtmlCacheBehavior [ RunTime:0.001000s ]
INFO: [ app_begin ] --END-- [ RunTime:0.001000s ]
SQL: SHOW COLUMNS FROM `setting` [ RunTime:0.0080s ]
SQL: SELECT * FROM `setting`  [ RunTime:0.0000s ]
SQL: SHOW COLUMNS FROM `bwliulanliang` [ RunTime:0.0110s ]
SQL: SHOW COLUMNS FROM `page` [ RunTime:0.0070s ]
SQL: SELECT * FROM `page` WHERE `pid` = 269 LIMIT 1   [ RunTime:0.0020s ]
SQL: SHOW COLUMNS FROM `pinglun` [ RunTime:0.0070s ]
SQL: SELECT COUNT(*) AS tp_count FROM `pinglun` WHERE `wyan` = 269 LIMIT 1   [ RunTime:0.0000s ]
SQL: SELECT * FROM `pinglun` WHERE `wyan` = 269  [ RunTime:0.0010s ]
SQL: INSERT INTO `bwliulanliang` (`llan`,`bpid`) VALUES ('1','269') [ RunTime:0.0000s ]
INFO: [ view_parse ] --START--
INFO: [ template_filter ] --START--
INFO: Run Behavior\ContentReplaceBehavior [ RunTime:0.000000s ]
INFO: [ template_filter ] --END-- [ RunTime:0.000000s ]
INFO: Run Behavior\ParseTemplateBehavior [ RunTime:0.015001s ]
INFO: [ view_parse ] --END-- [ RunTime:0.015001s ]
INFO: [ view_filter ] --START--
INFO: Run Behavior\WriteHtmlCacheBehavior [ RunTime:0.001000s ]
INFO: [ view_filter ] --END-- [ RunTime:0.001000s ]
INFO: [ app_end ] --START--
INFO: Run Behavior\ShowPageTraceBehavior [ RunTime:0.001000s ]
INFO: [ app_end ] --END-- [ RunTime:0.005000s ]

[ 2017-10-08T18:46:29+08:00 ] 127.0.0.1 /tpblog/index.php/Home/Index/index.html
INFO: [ app_init ] --START--
INFO: Run Behavior\BuildLiteBehavior [ RunTime:0.000000s ]
INFO: [ app_init ] --END-- [ RunTime:0.001000s ]
INFO: [ app_begin ] --START--
INFO: Run Behavior\ReadHtmlCacheBehavior [ RunTime:0.002000s ]
INFO: [ app_begin ] --END-- [ RunTime:0.002000s ]
SQL: SHOW COLUMNS FROM `setting` [ RunTime:0.0080s ]
SQL: SELECT * FROM `setting`  [ RunTime:0.0010s ]
SQL: SHOW COLUMNS FROM `admin` [ RunTime:0.0280s ]
SQL: SELECT * FROM `admin` ORDER BY aid desc  [ RunTime:0.0010s ]
SQL: SHOW COLUMNS FROM `page` [ RunTime:0.0090s ]
SQL: SHOW COLUMNS FROM `grzl` [ RunTime:0.0070s ]
SQL: SHOW COLUMNS FROM `pinglun` [ RunTime:0.0080s ]
SQL: SHOW COLUMNS FROM `haoshu` [ RunTime:0.0080s ]
SQL: SELECT COUNT(*) AS tp_count FROM `page` LIMIT 1   [ RunTime:0.0000s ]
SQL: SELECT COUNT(*) AS tp_count FROM `page` WHERE `lx` = '趣闻' LIMIT 1   [ RunTime:0.0010s ]
SQL: SELECT COUNT(*) AS tp_count FROM `page` WHERE `lx` = '人文' LIMIT 1   [ RunTime:0.0010s ]
SQL: SELECT COUNT(*) AS tp_count FROM `page` WHERE `lx` = '美食' LIMIT 1   [ RunTime:0.0010s ]
SQL: SELECT * FROM `setting`  [ RunTime:0.0000s ]
SQL: SELECT * FROM `grzl` WHERE `yan` = 41 LIMIT 1   [ RunTime:0.0010s ]
SQL: SELECT * FROM `page` ORDER BY pid desc LIMIT 0,10   [ RunTime:0.0020s ]
SQL: SELECT * FROM `pinglun` LIMIT 1   [ RunTime:0.0010s ]
SQL: SELECT * FROM `haoshu`  [ RunTime:0.0020s ]
INFO: [ view_parse ] --START--
INFO: [ template_filter ] --START--
INFO: Run Behavior\ContentReplaceBehavior [ RunTime:0.000000s ]
INFO: [ template_filter ] --END-- [ RunTime:0.000000s ]
NOTIC: [8] Undefined variable: user F:\phpStudyLite\WWW\tpblog\Application\Runtime\Cache\Home\74c9bdbded7009a43a281be8a565b911.php 第 112 行.
NOTIC: [8] Undefined variable: user F:\phpStudyLite\WWW\tpblog\Application\Runtime\Cache\Home\74c9bdbded7009a43a281be8a565b911.php 第 112 行.
NOTIC: [8] Undefined variable: user F:\phpStudyLite\WWW\tpblog\Application\Runtime\Cache\Home\74c9bdbded7009a43a281be8a565b911.php 第 112 行.
NOTIC: [8] Undefined variable: user F:\phpStudyLite\WWW\tpblog\Application\Runtime\Cache\Home\74c9bdbded7009a43a281be8a565b911.php 第 112 行.
NOTIC: [8] Undefined variable: user F:\phpStudyLite\WWW\tpblog\Application\Runtime\Cache\Home\74c9bdbded7009a43a281be8a565b911.php 第 112 行.
NOTIC: [8] Undefined variable: user F:\phpStudyLite\WWW\tpblog\Application\Runtime\Cache\Home\74c9bdbded7009a43a281be8a565b911.php 第 112 行.
NOTIC: [8] Undefined variable: user F:\phpStudyLite\WWW\tpblog\Application\Runtime\Cache\Home\74c9bdbded7009a43a281be8a565b911.php 第 112 行.
NOTIC: [8] Undefined variable: user F:\phpStudyLite\WWW\tpblog\Application\Runtime\Cache\Home\74c9bdbded7009a43a281be8a565b911.php 第 112 行.
NOTIC: [8] Undefined variable: user F:\phpStudyLite\WWW\tpblog\Application\Runtime\Cache\Home\74c9bdbded7009a43a281be8a565b911.php 第 112 行.
NOTIC: [8] Undefined variable: user F:\phpStudyLite\WWW\tpblog\Application\Runtime\Cache\Home\74c9bdbded7009a43a281be8a565b911.php 第 112 行.
INFO: Run Behavior\ParseTemplateBehavior [ RunTime:0.017001s ]
INFO: [ view_parse ] --END-- [ RunTime:0.017001s ]
INFO: [ view_filter ] --START--
INFO: Run Behavior\WriteHtmlCacheBehavior [ RunTime:0.000000s ]
INFO: [ view_filter ] --END-- [ RunTime:0.000000s ]
INFO: [ app_end ] --START--
INFO: Run Behavior\ShowPageTraceBehavior [ RunTime:0.000000s ]
INFO: [ app_end ] --END-- [ RunTime:0.000000s ]

[ 2017-10-08T18:46:32+08:00 ] 127.0.0.1 /tpblog/index.php/Home/Index/read.html?pid=295&llan=1
INFO: [ app_init ] --START--
INFO: Run Behavior\BuildLiteBehavior [ RunTime:0.000000s ]
INFO: [ app_init ] --END-- [ RunTime:0.001000s ]
INFO: [ app_begin ] --START--
INFO: Run Behavior\ReadHtmlCacheBehavior [ RunTime:0.002000s ]
INFO: [ app_begin ] --END-- [ RunTime:0.002000s ]
SQL: SHOW COLUMNS FROM `setting` [ RunTime:0.0080s ]
SQL: SELECT * FROM `setting`  [ RunTime:0.0010s ]
SQL: SHOW COLUMNS FROM `bwliulanliang` [ RunTime:0.0080s ]
SQL: SHOW COLUMNS FROM `page` [ RunTime:0.0080s ]
SQL: SELECT * FROM `page` WHERE `pid` = 295 LIMIT 1   [ RunTime:0.0010s ]
SQL: SHOW COLUMNS FROM `pinglun` [ RunTime:0.0080s ]
SQL: SELECT COUNT(*) AS tp_count FROM `pinglun` WHERE `wyan` = 295 LIMIT 1   [ RunTime:0.0000s ]
SQL: SELECT * FROM `pinglun` WHERE `wyan` = 295  [ RunTime:0.0000s ]
SQL: INSERT INTO `bwliulanliang` (`llan`,`bpid`) VALUES ('1','295') [ RunTime:0.0000s ]
INFO: [ view_parse ] --START--
INFO: [ template_filter ] --START--
INFO: Run Behavior\ContentReplaceBehavior [ RunTime:0.000000s ]
INFO: [ template_filter ] --END-- [ RunTime:0.000000s ]
INFO: Run Behavior\ParseTemplateBehavior [ RunTime:0.017001s ]
INFO: [ view_parse ] --END-- [ RunTime:0.017001s ]
INFO: [ view_filter ] --START--
INFO: Run Behavior\WriteHtmlCacheBehavior [ RunTime:0.000000s ]
INFO: [ view_filter ] --END-- [ RunTime:0.000000s ]
INFO: [ app_end ] --START--
INFO: Run Behavior\ShowPageTraceBehavior [ RunTime:0.001000s ]
INFO: [ app_end ] --END-- [ RunTime:0.001000s ]

[ 2017-10-08T18:46:46+08:00 ] 127.0.0.1 /tpblog/index.php/Home/Index/pl.html?pid=295
INFO: [ app_init ] --START--
INFO: Run Behavior\BuildLiteBehavior [ RunTime:0.000000s ]
INFO: [ app_init ] --END-- [ RunTime:0.001000s ]
INFO: [ app_begin ] --START--
INFO: Run Behavior\ReadHtmlCacheBehavior [ RunTime:0.002000s ]
INFO: [ app_begin ] --END-- [ RunTime:0.002000s ]
SQL: SHOW COLUMNS FROM `setting` [ RunTime:0.0080s ]
SQL: SELECT * FROM `setting`  [ RunTime:0.0020s ]
SQL: SHOW COLUMNS FROM `pinglun` [ RunTime:0.0080s ]
SQL: SHOW COLUMNS FROM `page` [ RunTime:0.0070s ]
SQL: SELECT * FROM `page` WHERE `pid` = 295 LIMIT 1   [ RunTime:0.0010s ]
INFO: [ view_parse ] --START--
INFO: [ template_filter ] --START--
INFO: Run Behavior\ContentReplaceBehavior [ RunTime:0.000000s ]
INFO: [ template_filter ] --END-- [ RunTime:0.000000s ]
INFO: Run Behavior\ParseTemplateBehavior [ RunTime:0.085402s ]
INFO: [ view_parse ] --END-- [ RunTime:0.085402s ]
INFO: [ view_filter ] --START--
INFO: Run Behavior\WriteHtmlCacheBehavior [ RunTime:0.000000s ]
INFO: [ view_filter ] --END-- [ RunTime:0.000000s ]
INFO: [ app_end ] --START--
INFO: Run Behavior\ShowPageTraceBehavior [ RunTime:0.000000s ]
INFO: [ app_end ] --END-- [ RunTime:0.000000s ]

[ 2017-10-08T18:48:30+08:00 ] 127.0.0.1 /tpblog/index.php/Home/Index/pl.html?pid=295&id=41
INFO: [ app_init ] --START--
INFO: Run Behavior\BuildLiteBehavior [ RunTime:0.000000s ]
INFO: [ app_init ] --END-- [ RunTime:0.001001s ]
INFO: [ app_begin ] --START--
INFO: Run Behavior\ReadHtmlCacheBehavior [ RunTime:0.002000s ]
INFO: [ app_begin ] --END-- [ RunTime:0.002000s ]
SQL: SHOW COLUMNS FROM `setting` [ RunTime:0.0130s ]
SQL: SELECT * FROM `setting`  [ RunTime:0.0000s ]
SQL: SHOW COLUMNS FROM `pinglun` [ RunTime:0.0090s ]
SQL: SHOW COLUMNS FROM `page` [ RunTime:0.0080s ]
SQL: SELECT * FROM `page` WHERE `pid` = 295 LIMIT 1   [ RunTime:0.0000s ]
NOTIC: [8] Undefined index: auto F:\phpStudyLite\WWW\tpblog\ThinkPHP\Library\Think\Model.class.php 第 1128 行.
SQL: INSERT INTO `pinglun` (`piauthor`,`picontent`,`pyan`,`wyan`) VALUES ('广州本地','凤凰古城浓厚的人文情怀。','41','295') [ RunTime:0.0010s ]
INFO: [ view_parse ] --START--
INFO: [ template_filter ] --START--
INFO: Run Behavior\ContentReplaceBehavior [ RunTime:0.001000s ]
INFO: [ template_filter ] --END-- [ RunTime:0.001000s ]
INFO: Run Behavior\ParseTemplateBehavior [ RunTime:0.013001s ]
INFO: [ view_parse ] --END-- [ RunTime:0.013001s ]
INFO: [ view_filter ] --START--
INFO: Run Behavior\WriteHtmlCacheBehavior [ RunTime:0.002000s ]
INFO: [ view_filter ] --END-- [ RunTime:0.002000s ]
INFO: [ app_end ] --START--
INFO: Run Behavior\ShowPageTraceBehavior [ RunTime:0.002000s ]
INFO: [ app_end ] --END-- [ RunTime:0.002000s ]

[ 2017-10-08T18:48:32+08:00 ] 127.0.0.1 /tpblog/Home/Index/read?pid=295
INFO: [ app_init ] --START--
INFO: Run Behavior\BuildLiteBehavior [ RunTime:0.000000s ]
INFO: [ app_init ] --END-- [ RunTime:0.001000s ]
INFO: [ app_begin ] --START--
INFO: Run Behavior\ReadHtmlCacheBehavior [ RunTime:0.001000s ]
INFO: [ app_begin ] --END-- [ RunTime:0.001000s ]
SQL: SHOW COLUMNS FROM `setting` [ RunTime:0.0070s ]
SQL: SELECT * FROM `setting`  [ RunTime:0.0000s ]
SQL: SHOW COLUMNS FROM `bwliulanliang` [ RunTime:0.0090s ]
SQL: SHOW COLUMNS FROM `page` [ RunTime:0.0100s ]
SQL: SELECT * FROM `page` WHERE `pid` = 295 LIMIT 1   [ RunTime:0.0020s ]
SQL: SHOW COLUMNS FROM `pinglun` [ RunTime:0.0080s ]
SQL: SELECT COUNT(*) AS tp_count FROM `pinglun` WHERE `wyan` = 295 LIMIT 1   [ RunTime:0.0010s ]
SQL: SELECT * FROM `pinglun` WHERE `wyan` = 295  [ RunTime:0.0010s ]
SQL: INSERT INTO `bwliulanliang` (`llan`,`bpid`) VALUES ('0','295') [ RunTime:0.0010s ]
INFO: [ view_parse ] --START--
INFO: [ template_filter ] --START--
INFO: Run Behavior\ContentReplaceBehavior [ RunTime:0.000000s ]
INFO: [ template_filter ] --END-- [ RunTime:0.000000s ]
INFO: Run Behavior\ParseTemplateBehavior [ RunTime:0.016001s ]
INFO: [ view_parse ] --END-- [ RunTime:0.016001s ]
INFO: [ view_filter ] --START--
INFO: Run Behavior\WriteHtmlCacheBehavior [ RunTime:0.001000s ]
INFO: [ view_filter ] --END-- [ RunTime:0.001000s ]
INFO: [ app_end ] --START--
INFO: Run Behavior\ShowPageTraceBehavior [ RunTime:0.001000s ]
INFO: [ app_end ] --END-- [ RunTime:0.001000s ]

[ 2017-10-08T18:48:53+08:00 ] 127.0.0.1 /tpblog/index.php/Home/Auser/index.html
INFO: [ app_init ] --START--
INFO: Run Behavior\BuildLiteBehavior [ RunTime:0.000000s ]
INFO: [ app_init ] --END-- [ RunTime:0.001000s ]
INFO: [ app_begin ] --START--
INFO: Run Behavior\ReadHtmlCacheBehavior [ RunTime:0.002000s ]
INFO: [ app_begin ] --END-- [ RunTime:0.004000s ]
SQL: SHOW COLUMNS FROM `admin` [ RunTime:0.0080s ]
SQL: SELECT * FROM `admin` WHERE `aid` = 41 LIMIT 1   [ RunTime:0.0000s ]
SQL: SHOW COLUMNS FROM `setting` [ RunTime:0.0080s ]
SQL: SELECT * FROM `setting`  [ RunTime:0.0010s ]
SQL: SHOW COLUMNS FROM `grzl` [ RunTime:0.0070s ]
SQL: SHOW COLUMNS FROM `page` [ RunTime:0.0100s ]
SQL: SHOW COLUMNS FROM `pinglun` [ RunTime:0.0080s ]
SQL: SELECT COUNT(*) AS tp_count FROM `pinglun` WHERE `pyan` = 41 LIMIT 1   [ RunTime:0.0000s ]
SQL: SELECT COUNT(*) AS tp_count FROM `page` WHERE `yan` = 41 LIMIT 1   [ RunTime:0.0020s ]
SQL: SELECT * FROM `setting`  [ RunTime:0.0010s ]
SQL: SELECT * FROM `grzl` WHERE `yan` = 41 LIMIT 1   [ RunTime:0.0010s ]
SQL: SELECT * FROM `page` WHERE `yan` = 41  [ RunTime:0.0010s ]
SQL: SELECT * FROM `pinglun` WHERE `pyan` = 41  [ RunTime:0.0000s ]
INFO: [ view_parse ] --START--
INFO: [ template_filter ] --START--
INFO: Run Behavior\ContentReplaceBehavior [ RunTime:0.000000s ]
INFO: [ template_filter ] --END-- [ RunTime:0.001000s ]
INFO: Run Behavior\ParseTemplateBehavior [ RunTime:0.016000s ]
INFO: [ view_parse ] --END-- [ RunTime:0.016000s ]
INFO: [ view_filter ] --START--
INFO: Run Behavior\WriteHtmlCacheBehavior [ RunTime:0.000000s ]
INFO: [ view_filter ] --END-- [ RunTime:0.000000s ]
INFO: [ app_end ] --START--
INFO: Run Behavior\ShowPageTraceBehavior [ RunTime:0.001000s ]
INFO: [ app_end ] --END-- [ RunTime:0.001000s ]

