[ 2017-06-11T10:06:22+08:00 ] 127.0.0.1 /tpblog/public/bootstrap/css/websymbols/websymbols-regular-webfont.woff
INFO: [ app_init ] --START--
INFO: Run Behavior\BuildLiteBehavior [ RunTime:0.000000s ]
INFO: [ app_init ] --END-- [ RunTime:0.001001s ]
ERR: 无法加载模块:Public

[ 2017-06-11T10:06:22+08:00 ] 127.0.0.1 /tpblog/public/bootstrap/css/websymbols/websymbols-regular-webfont.ttf
INFO: [ app_init ] --START--
INFO: Run Behavior\BuildLiteBehavior [ RunTime:0.000000s ]
INFO: [ app_init ] --END-- [ RunTime:0.001000s ]
ERR: 无法加载模块:Public

[ 2017-06-11T12:05:23+08:00 ] 127.0.0.1 /tpblog/public/bootstrap/css/websymbols/websymbols-regular-webfont.woff
INFO: [ app_init ] --START--
INFO: Run Behavior\BuildLiteBehavior [ RunTime:0.000000s ]
INFO: [ app_init ] --END-- [ RunTime:0.001000s ]
ERR: 无法加载模块:Public

[ 2017-06-11T12:05:23+08:00 ] 127.0.0.1 /tpblog/public/bootstrap/css/websymbols/websymbols-regular-webfont.ttf
INFO: [ app_init ] --START--
INFO: Run Behavior\BuildLiteBehavior [ RunTime:0.001000s ]
INFO: [ app_init ] --END-- [ RunTime:0.002000s ]
ERR: 无法加载模块:Public

[ 2017-06-11T12:05:42+08:00 ] 127.0.0.1 /tpblog/public/bootstrap/css/websymbols/websymbols-regular-webfont.woff
INFO: [ app_init ] --START--
INFO: Run Behavior\BuildLiteBehavior [ RunTime:0.000000s ]
INFO: [ app_init ] --END-- [ RunTime:0.001000s ]
ERR: 无法加载模块:Public

[ 2017-06-11T12:05:42+08:00 ] 127.0.0.1 /tpblog/public/bootstrap/css/websymbols/websymbols-regular-webfont.ttf
INFO: [ app_init ] --START--
INFO: Run Behavior\BuildLiteBehavior [ RunTime:0.000000s ]
INFO: [ app_init ] --END-- [ RunTime:0.002000s ]
ERR: 无法加载模块:Public

[ 2017-06-11T12:42:17+08:00 ] 127.0.0.1 /tpblog/public/bootstrap/css/websymbols/websymbols-regular-webfont.woff
INFO: [ app_init ] --START--
INFO: Run Behavior\BuildLiteBehavior [ RunTime:0.000000s ]
INFO: [ app_init ] --END-- [ RunTime:0.001000s ]
ERR: 无法加载模块:Public

[ 2017-06-11T12:42:17+08:00 ] 127.0.0.1 /tpblog/public/bootstrap/css/websymbols/websymbols-regular-webfont.ttf
INFO: [ app_init ] --START--
INFO: Run Behavior\BuildLiteBehavior [ RunTime:0.000000s ]
INFO: [ app_init ] --END-- [ RunTime:0.003000s ]
ERR: 无法加载模块:Public

[ 2017-06-11T12:42:29+08:00 ] 127.0.0.1 /tpblog/public/bootstrap/css/websymbols/websymbols-regular-webfont.woff
INFO: [ app_init ] --START--
INFO: Run Behavior\BuildLiteBehavior [ RunTime:0.000000s ]
INFO: [ app_init ] --END-- [ RunTime:0.001000s ]
ERR: 无法加载模块:Public

[ 2017-06-11T12:42:29+08:00 ] 127.0.0.1 /tpblog/public/bootstrap/css/websymbols/websymbols-regular-webfont.ttf
INFO: [ app_init ] --START--
INFO: Run Behavior\BuildLiteBehavior [ RunTime:0.000000s ]
INFO: [ app_init ] --END-- [ RunTime:0.001000s ]
ERR: 无法加载模块:Public

[ 2017-06-11T12:43:14+08:00 ] 127.0.0.1 /tpblog/public/bootstrap/css/websymbols/websymbols-regular-webfont.woff
INFO: [ app_init ] --START--
INFO: Run Behavior\BuildLiteBehavior [ RunTime:0.000000s ]
INFO: [ app_init ] --END-- [ RunTime:0.001000s ]
ERR: 无法加载模块:Public

[ 2017-06-11T12:43:14+08:00 ] 127.0.0.1 /tpblog/public/bootstrap/css/websymbols/websymbols-regular-webfont.ttf
INFO: [ app_init ] --START--
INFO: Run Behavior\BuildLiteBehavior [ RunTime:0.000000s ]
INFO: [ app_init ] --END-- [ RunTime:0.001000s ]
ERR: 无法加载模块:Public

[ 2017-06-11T12:43:19+08:00 ] 127.0.0.1 /tpblog/public/bootstrap/css/websymbols/websymbols-regular-webfont.woff
INFO: [ app_init ] --START--
INFO: Run Behavior\BuildLiteBehavior [ RunTime:0.000000s ]
INFO: [ app_init ] --END-- [ RunTime:0.001000s ]
ERR: 无法加载模块:Public

[ 2017-06-11T12:43:19+08:00 ] 127.0.0.1 /tpblog/public/bootstrap/css/websymbols/websymbols-regular-webfont.ttf
INFO: [ app_init ] --START--
INFO: Run Behavior\BuildLiteBehavior [ RunTime:0.000000s ]
INFO: [ app_init ] --END-- [ RunTime:0.001000s ]
ERR: 无法加载模块:Public

[ 2017-06-11T12:45:20+08:00 ] 127.0.0.1 /tpblog/public/bootstrap/css/websymbols/websymbols-regular-webfont.woff
INFO: [ app_init ] --START--
INFO: Run Behavior\BuildLiteBehavior [ RunTime:0.000000s ]
INFO: [ app_init ] --END-- [ RunTime:0.001000s ]
ERR: 无法加载模块:Public

[ 2017-06-11T12:45:20+08:00 ] 127.0.0.1 /tpblog/public/bootstrap/css/websymbols/websymbols-regular-webfont.ttf
INFO: [ app_init ] --START--
INFO: Run Behavior\BuildLiteBehavior [ RunTime:0.000000s ]
INFO: [ app_init ] --END-- [ RunTime:0.001000s ]
ERR: 无法加载模块:Public

[ 2017-06-11T12:47:51+08:00 ] 127.0.0.1 /tpblog/public/bootstrap/css/websymbols/websymbols-regular-webfont.woff
INFO: [ app_init ] --START--
INFO: Run Behavior\BuildLiteBehavior [ RunTime:0.000000s ]
INFO: [ app_init ] --END-- [ RunTime:0.001000s ]
ERR: 无法加载模块:Public

[ 2017-06-11T12:47:51+08:00 ] 127.0.0.1 /tpblog/public/bootstrap/css/websymbols/websymbols-regular-webfont.ttf
INFO: [ app_init ] --START--
INFO: Run Behavior\BuildLiteBehavior [ RunTime:0.000000s ]
INFO: [ app_init ] --END-- [ RunTime:0.001000s ]
ERR: 无法加载模块:Public

[ 2017-06-11T17:23:30+08:00 ] 127.0.0.1 /tpblog/public/bootstrap/css/websymbols/websymbols-regular-webfont.woff
INFO: [ app_init ] --START--
INFO: Run Behavior\BuildLiteBehavior [ RunTime:0.000000s ]
INFO: [ app_init ] --END-- [ RunTime:0.001000s ]
ERR: 无法加载模块:Public

[ 2017-06-11T17:23:30+08:00 ] 127.0.0.1 /tpblog/public/bootstrap/css/websymbols/websymbols-regular-webfont.ttf
INFO: [ app_init ] --START--
INFO: Run Behavior\BuildLiteBehavior [ RunTime:0.000000s ]
INFO: [ app_init ] --END-- [ RunTime:0.001000s ]
ERR: 无法加载模块:Public

[ 2017-06-11T17:23:46+08:00 ] 127.0.0.1 /tpblog/public/bootstrap/css/websymbols/websymbols-regular-webfont.woff
INFO: [ app_init ] --START--
INFO: Run Behavior\BuildLiteBehavior [ RunTime:0.001000s ]
INFO: [ app_init ] --END-- [ RunTime:0.004000s ]
ERR: 无法加载模块:Public

[ 2017-06-11T17:23:46+08:00 ] 127.0.0.1 /tpblog/public/bootstrap/css/websymbols/websymbols-regular-webfont.ttf
INFO: [ app_init ] --START--
INFO: Run Behavior\BuildLiteBehavior [ RunTime:0.000000s ]
INFO: [ app_init ] --END-- [ RunTime:0.002000s ]
ERR: 无法加载模块:Public

[ 2017-06-11T20:58:21+08:00 ] 127.0.0.1 /tpblog/public/bootstrap/css/websymbols/websymbols-regular-webfont.woff
INFO: [ app_init ] --START--
INFO: Run Behavior\BuildLiteBehavior [ RunTime:0.000000s ]
INFO: [ app_init ] --END-- [ RunTime:0.001000s ]
ERR: 无法加载模块:Public

[ 2017-06-11T20:58:22+08:00 ] 127.0.0.1 /tpblog/public/bootstrap/css/websymbols/websymbols-regular-webfont.ttf
INFO: [ app_init ] --START--
INFO: Run Behavior\BuildLiteBehavior [ RunTime:0.000000s ]
INFO: [ app_init ] --END-- [ RunTime:0.001000s ]
ERR: 无法加载模块:Public

[ 2017-06-11T20:58:45+08:00 ] 127.0.0.1 /tpblog/public/bootstrap/css/websymbols/websymbols-regular-webfont.woff
INFO: [ app_init ] --START--
INFO: Run Behavior\BuildLiteBehavior [ RunTime:0.001000s ]
INFO: [ app_init ] --END-- [ RunTime:0.001000s ]
ERR: 无法加载模块:Public

[ 2017-06-11T20:58:45+08:00 ] 127.0.0.1 /tpblog/public/bootstrap/css/websymbols/websymbols-regular-webfont.ttf
INFO: [ app_init ] --START--
INFO: Run Behavior\BuildLiteBehavior [ RunTime:0.000000s ]
INFO: [ app_init ] --END-- [ RunTime:0.001000s ]
ERR: 无法加载模块:Public

[ 2017-06-11T22:04:58+08:00 ] 127.0.0.1 /tpblog/public/bootstrap/css/websymbols/websymbols-regular-webfont.woff
INFO: [ app_init ] --START--
INFO: Run Behavior\BuildLiteBehavior [ RunTime:0.000000s ]
INFO: [ app_init ] --END-- [ RunTime:0.001000s ]
ERR: 无法加载模块:Public

[ 2017-06-11T22:04:58+08:00 ] 127.0.0.1 /tpblog/public/bootstrap/css/websymbols/websymbols-regular-webfont.ttf
INFO: [ app_init ] --START--
INFO: Run Behavior\BuildLiteBehavior [ RunTime:0.000000s ]
INFO: [ app_init ] --END-- [ RunTime:0.001000s ]
ERR: 无法加载模块:Public

[ 2017-06-11T22:05:09+08:00 ] 127.0.0.1 /tpblog/public/bootstrap/css/websymbols/websymbols-regular-webfont.woff
INFO: [ app_init ] --START--
INFO: Run Behavior\BuildLiteBehavior [ RunTime:0.000000s ]
INFO: [ app_init ] --END-- [ RunTime:0.001000s ]
ERR: 无法加载模块:Public

[ 2017-06-11T22:05:09+08:00 ] 127.0.0.1 /tpblog/public/bootstrap/css/websymbols/websymbols-regular-webfont.ttf
INFO: [ app_init ] --START--
INFO: Run Behavior\BuildLiteBehavior [ RunTime:0.000000s ]
INFO: [ app_init ] --END-- [ RunTime:0.000000s ]
ERR: 无法加载模块:Public

