[ 2017-09-08T16:08:24+08:00 ] 127.0.0.1 /tpblog/public/bootstrap/css/websymbols/websymbols-regular-webfont.woff
INFO: [ app_init ] --START--
INFO: Run Behavior\BuildLiteBehavior [ RunTime:0.000000s ]
INFO: [ app_init ] --END-- [ RunTime:0.001000s ]
ERR: 无法加载模块:Public

[ 2017-09-08T16:08:24+08:00 ] 127.0.0.1 /tpblog/public/bootstrap/css/websymbols/websymbols-regular-webfont.ttf
INFO: [ app_init ] --START--
INFO: Run Behavior\BuildLiteBehavior [ RunTime:0.000000s ]
INFO: [ app_init ] --END-- [ RunTime:0.001000s ]
ERR: 无法加载模块:Public

[ 2017-09-08T16:30:05+08:00 ] 127.0.0.1 /tpblog/public/bootstrap/css.wz/bootstrap.css
INFO: [ app_init ] --START--
INFO: Run Behavior\BuildLiteBehavior [ RunTime:0.000000s ]
INFO: [ app_init ] --END-- [ RunTime:0.002000s ]
ERR: 无法加载模块:Public

[ 2017-09-08T16:31:59+08:00 ] 127.0.0.1 /tpblog/public/bootstrap/css.wz/bootstrap.css
INFO: [ app_init ] --START--
INFO: Run Behavior\BuildLiteBehavior [ RunTime:0.000000s ]
INFO: [ app_init ] --END-- [ RunTime:0.001000s ]
ERR: 无法加载模块:Public

[ 2017-09-08T16:32:00+08:00 ] 127.0.0.1 /tpblog/public/bootstrap/js.wz/bootstrap.js
INFO: [ app_init ] --START--
INFO: Run Behavior\BuildLiteBehavior [ RunTime:0.000000s ]
INFO: [ app_init ] --END-- [ RunTime:0.008000s ]
ERR: 无法加载模块:Public

[ 2017-09-08T16:36:20+08:00 ] 127.0.0.1 /tpblog/public/bootstrap/css.wz/bootstrap.css
INFO: [ app_init ] --START--
INFO: Run Behavior\BuildLiteBehavior [ RunTime:0.000000s ]
INFO: [ app_init ] --END-- [ RunTime:0.003001s ]
ERR: 无法加载模块:Public

[ 2017-09-08T16:36:20+08:00 ] 127.0.0.1 /tpblog/public/bootstrap/js.wz/bootstrap.js
INFO: [ app_init ] --START--
INFO: Run Behavior\BuildLiteBehavior [ RunTime:0.000000s ]
INFO: [ app_init ] --END-- [ RunTime:0.001000s ]
ERR: 无法加载模块:Public

[ 2017-09-08T16:53:57+08:00 ] 127.0.0.1 /tpblog/public/bootstrap/css/websymbols/websymbols-regular-webfont.woff
INFO: [ app_init ] --START--
INFO: Run Behavior\BuildLiteBehavior [ RunTime:0.000000s ]
INFO: [ app_init ] --END-- [ RunTime:0.005001s ]
ERR: 无法加载模块:Public

[ 2017-09-08T16:53:57+08:00 ] 127.0.0.1 /tpblog/public/bootstrap/css/websymbols/websymbols-regular-webfont.ttf
INFO: [ app_init ] --START--
INFO: Run Behavior\BuildLiteBehavior [ RunTime:0.000000s ]
INFO: [ app_init ] --END-- [ RunTime:0.001000s ]
ERR: 无法加载模块:Public

[ 2017-09-08T16:58:43+08:00 ] 127.0.0.1 /tpblog/public/bootstrap/css/websymbols/websymbols-regular-webfont.woff
INFO: [ app_init ] --START--
INFO: Run Behavior\BuildLiteBehavior [ RunTime:0.000000s ]
INFO: [ app_init ] --END-- [ RunTime:0.001000s ]
ERR: 无法加载模块:Public

[ 2017-09-08T16:58:43+08:00 ] 127.0.0.1 /tpblog/public/bootstrap/css/websymbols/websymbols-regular-webfont.ttf
INFO: [ app_init ] --START--
INFO: Run Behavior\BuildLiteBehavior [ RunTime:0.000000s ]
INFO: [ app_init ] --END-- [ RunTime:0.001000s ]
ERR: 无法加载模块:Public

