[ 2017-06-06T11:31:53+08:00 ] 127.0.0.1 /tpblog/public/bootstrap/css/websymbols/websymbols-regular-webfont.woff
INFO: [ app_init ] --START--
INFO: Run Behavior\BuildLiteBehavior [ RunTime:0.000000s ]
INFO: [ app_init ] --END-- [ RunTime:0.001000s ]
ERR: 无法加载模块:Public

[ 2017-06-06T11:31:53+08:00 ] 127.0.0.1 /tpblog/public/bootstrap/css/websymbols/websymbols-regular-webfont.ttf
INFO: [ app_init ] --START--
INFO: Run Behavior\BuildLiteBehavior [ RunTime:0.000000s ]
INFO: [ app_init ] --END-- [ RunTime:0.001000s ]
ERR: 无法加载模块:Public

[ 2017-06-06T11:32:11+08:00 ] 127.0.0.1 /tpblog/public/bootstrap/css/websymbols/websymbols-regular-webfont.woff
INFO: [ app_init ] --START--
INFO: Run Behavior\BuildLiteBehavior [ RunTime:0.000000s ]
INFO: [ app_init ] --END-- [ RunTime:0.001000s ]
ERR: 无法加载模块:Public

[ 2017-06-06T11:32:11+08:00 ] 127.0.0.1 /tpblog/public/bootstrap/css/websymbols/websymbols-regular-webfont.ttf
INFO: [ app_init ] --START--
INFO: Run Behavior\BuildLiteBehavior [ RunTime:0.000000s ]
INFO: [ app_init ] --END-- [ RunTime:0.001000s ]
ERR: 无法加载模块:Public

[ 2017-06-06T11:32:44+08:00 ] 127.0.0.1 /tpblog/public/bootstrap/css/websymbols/websymbols-regular-webfont.woff
INFO: [ app_init ] --START--
INFO: Run Behavior\BuildLiteBehavior [ RunTime:0.000000s ]
INFO: [ app_init ] --END-- [ RunTime:0.002000s ]
ERR: 无法加载模块:Public

[ 2017-06-06T11:32:44+08:00 ] 127.0.0.1 /tpblog/public/bootstrap/css/websymbols/websymbols-regular-webfont.ttf
INFO: [ app_init ] --START--
INFO: Run Behavior\BuildLiteBehavior [ RunTime:0.000000s ]
INFO: [ app_init ] --END-- [ RunTime:0.002000s ]
ERR: 无法加载模块:Public

[ 2017-06-06T11:32:54+08:00 ] 127.0.0.1 /tpblog/public/bootstrap/css/websymbols/websymbols-regular-webfont.woff
INFO: [ app_init ] --START--
INFO: Run Behavior\BuildLiteBehavior [ RunTime:0.000000s ]
INFO: [ app_init ] --END-- [ RunTime:0.001000s ]
ERR: 无法加载模块:Public

[ 2017-06-06T11:32:54+08:00 ] 127.0.0.1 /tpblog/public/bootstrap/css/websymbols/websymbols-regular-webfont.ttf
INFO: [ app_init ] --START--
INFO: Run Behavior\BuildLiteBehavior [ RunTime:0.001000s ]
INFO: [ app_init ] --END-- [ RunTime:0.001000s ]
ERR: 无法加载模块:Public

[ 2017-06-06T11:36:10+08:00 ] 127.0.0.1 /tpblog/public/bootstrap/css/websymbols/websymbols-regular-webfont.woff
INFO: [ app_init ] --START--
INFO: Run Behavior\BuildLiteBehavior [ RunTime:0.000000s ]
INFO: [ app_init ] --END-- [ RunTime:0.000000s ]
ERR: 无法加载模块:Public

[ 2017-06-06T11:36:10+08:00 ] 127.0.0.1 /tpblog/public/bootstrap/css/websymbols/websymbols-regular-webfont.ttf
INFO: [ app_init ] --START--
INFO: Run Behavior\BuildLiteBehavior [ RunTime:0.000000s ]
INFO: [ app_init ] --END-- [ RunTime:0.001000s ]
ERR: 无法加载模块:Public

[ 2017-06-06T11:36:32+08:00 ] 127.0.0.1 /tpblog/public/bootstrap/css/websymbols/websymbols-regular-webfont.woff
INFO: [ app_init ] --START--
INFO: Run Behavior\BuildLiteBehavior [ RunTime:0.000000s ]
INFO: [ app_init ] --END-- [ RunTime:0.001000s ]
ERR: 无法加载模块:Public

[ 2017-06-06T11:36:32+08:00 ] 127.0.0.1 /tpblog/public/bootstrap/css/websymbols/websymbols-regular-webfont.ttf
INFO: [ app_init ] --START--
INFO: Run Behavior\BuildLiteBehavior [ RunTime:0.000000s ]
INFO: [ app_init ] --END-- [ RunTime:0.001001s ]
ERR: 无法加载模块:Public

[ 2017-06-06T11:36:45+08:00 ] 127.0.0.1 /tpblog/public/bootstrap/css/websymbols/websymbols-regular-webfont.woff
INFO: [ app_init ] --START--
INFO: Run Behavior\BuildLiteBehavior [ RunTime:0.000000s ]
INFO: [ app_init ] --END-- [ RunTime:0.001000s ]
ERR: 无法加载模块:Public

[ 2017-06-06T11:36:45+08:00 ] 127.0.0.1 /tpblog/public/bootstrap/css/websymbols/websymbols-regular-webfont.ttf
INFO: [ app_init ] --START--
INFO: Run Behavior\BuildLiteBehavior [ RunTime:0.000000s ]
INFO: [ app_init ] --END-- [ RunTime:0.001000s ]
ERR: 无法加载模块:Public

