[ 2017-04-23T19:07:25+08:00 ] 127.0.0.1 /tpblog/index.php/tpblog/Admin/Auser/add.html
INFO: [ app_init ] --START--
INFO: Run Behavior\BuildLiteBehavior [ RunTime:0.000000s ]
INFO: [ app_init ] --END-- [ RunTime:0.001000s ]
ERR: 无法加载模块:Tpblog

[ 2017-04-23T19:07:40+08:00 ] 127.0.0.1 /tpblog/index.php/tpblog/Admin/Auser/add.html
INFO: [ app_init ] --START--
INFO: Run Behavior\BuildLiteBehavior [ RunTime:0.001000s ]
INFO: [ app_init ] --END-- [ RunTime:0.001000s ]
ERR: 无法加载模块:Tpblog

[ 2017-04-23T19:07:42+08:00 ] 127.0.0.1 /tpblog/index.php/tpblog/Admin/Auser/add.html
INFO: [ app_init ] --START--
INFO: Run Behavior\BuildLiteBehavior [ RunTime:0.000000s ]
INFO: [ app_init ] --END-- [ RunTime:0.001001s ]
ERR: 无法加载模块:Tpblog

[ 2017-04-23T19:07:44+08:00 ] 127.0.0.1 /tpblog/index.php/tpblog/Admin/Auser/add.html
INFO: [ app_init ] --START--
INFO: Run Behavior\BuildLiteBehavior [ RunTime:0.000000s ]
INFO: [ app_init ] --END-- [ RunTime:0.001000s ]
ERR: 无法加载模块:Tpblog

[ 2017-04-23T19:07:45+08:00 ] 127.0.0.1 /tpblog/index.php/tpblog/Admin/Auser/add.html
INFO: [ app_init ] --START--
INFO: Run Behavior\BuildLiteBehavior [ RunTime:0.000000s ]
INFO: [ app_init ] --END-- [ RunTime:0.001000s ]
ERR: 无法加载模块:Tpblog

[ 2017-04-23T19:36:19+08:00 ] 127.0.0.1 /tpblog/Auser
INFO: [ app_init ] --START--
INFO: Run Behavior\BuildLiteBehavior [ RunTime:0.000000s ]
INFO: [ app_init ] --END-- [ RunTime:0.001000s ]
ERR: 无法加载模块:Auser

[ 2017-04-23T19:53:00+08:00 ] 127.0.0.1 /tpblog/index.php/tpblog/Admin/Auser/save.html
INFO: [ app_init ] --START--
INFO: Run Behavior\BuildLiteBehavior [ RunTime:0.000000s ]
INFO: [ app_init ] --END-- [ RunTime:0.001000s ]
ERR: 无法加载模块:Tpblog

[ 2017-04-23T19:53:13+08:00 ] 127.0.0.1 /tpblog/index.php/tpblog/Admin/Auser/save.html
INFO: [ app_init ] --START--
INFO: Run Behavior\BuildLiteBehavior [ RunTime:0.000000s ]
INFO: [ app_init ] --END-- [ RunTime:0.000000s ]
ERR: 无法加载模块:Tpblog

[ 2017-04-23T20:38:16+08:00 ] 127.0.0.1 /tpblog/index.php/tpblog/Admin/Auser.html
INFO: [ app_init ] --START--
INFO: Run Behavior\BuildLiteBehavior [ RunTime:0.000000s ]
INFO: [ app_init ] --END-- [ RunTime:0.000000s ]
ERR: 无法加载模块:Tpblog

