[ 2017-11-07T11:46:29+08:00 ] 127.0.0.1 /tpblog/public/bootstrap/css/websymbols/websymbols-regular-webfont.woff
INFO: [ app_init ] --START--
INFO: Run Behavior\BuildLiteBehavior [ RunTime:0.000000s ]
INFO: [ app_init ] --END-- [ RunTime:0.003000s ]
ERR: 无法加载模块:Public

[ 2017-11-07T11:46:29+08:00 ] 127.0.0.1 /tpblog/public/bootstrap/css/websymbols/websymbols-regular-webfont.ttf
INFO: [ app_init ] --START--
INFO: Run Behavior\BuildLiteBehavior [ RunTime:0.000000s ]
INFO: [ app_init ] --END-- [ RunTime:0.001000s ]
ERR: 无法加载模块:Public

[ 2017-11-07T11:46:32+08:00 ] 127.0.0.1 /tpblog/public/bootstrap/js/jquery-1.8.0.min.js
INFO: [ app_init ] --START--
INFO: Run Behavior\BuildLiteBehavior [ RunTime:0.000000s ]
INFO: [ app_init ] --END-- [ RunTime:0.001000s ]
ERR: 无法加载模块:Public

[ 2017-11-07T11:46:32+08:00 ] 127.0.0.1 /tpblog/public/bootstrap/js/jquery-1.8.0.min.js
INFO: [ app_init ] --START--
INFO: Run Behavior\BuildLiteBehavior [ RunTime:0.000000s ]
INFO: [ app_init ] --END-- [ RunTime:0.002000s ]
ERR: 无法加载模块:Public

[ 2017-11-07T11:46:40+08:00 ] 127.0.0.1 /tpblog/public/bootstrap/css/websymbols/websymbols-regular-webfont.woff
INFO: [ app_init ] --START--
INFO: Run Behavior\BuildLiteBehavior [ RunTime:0.000000s ]
INFO: [ app_init ] --END-- [ RunTime:0.001000s ]
ERR: 无法加载模块:Public

[ 2017-11-07T11:46:40+08:00 ] 127.0.0.1 /tpblog/public/bootstrap/css/websymbols/websymbols-regular-webfont.ttf
INFO: [ app_init ] --START--
INFO: Run Behavior\BuildLiteBehavior [ RunTime:0.000000s ]
INFO: [ app_init ] --END-- [ RunTime:0.001000s ]
ERR: 无法加载模块:Public

[ 2017-11-07T17:04:58+08:00 ] 127.0.0.1 /tpblog/public/bootstrap/css/websymbols/websymbols-regular-webfont.woff
INFO: [ app_init ] --START--
INFO: Run Behavior\BuildLiteBehavior [ RunTime:0.001000s ]
INFO: [ app_init ] --END-- [ RunTime:0.001000s ]
ERR: 无法加载模块:Public

[ 2017-11-07T17:05:00+08:00 ] 127.0.0.1 /tpblog/public/bootstrap/css/websymbols/websymbols-regular-webfont.ttf
INFO: [ app_init ] --START--
INFO: Run Behavior\BuildLiteBehavior [ RunTime:0.000000s ]
INFO: [ app_init ] --END-- [ RunTime:0.001000s ]
ERR: 无法加载模块:Public

[ 2017-11-07T22:21:47+08:00 ] 127.0.0.1 /tpblog/public/bootstrap/css/websymbols/websymbols-regular-webfont.woff
INFO: [ app_init ] --START--
INFO: Run Behavior\BuildLiteBehavior [ RunTime:0.000000s ]
INFO: [ app_init ] --END-- [ RunTime:0.001000s ]
ERR: 无法加载模块:Public

[ 2017-11-07T22:21:47+08:00 ] 127.0.0.1 /tpblog/public/bootstrap/css/websymbols/websymbols-regular-webfont.ttf
INFO: [ app_init ] --START--
INFO: Run Behavior\BuildLiteBehavior [ RunTime:0.000000s ]
INFO: [ app_init ] --END-- [ RunTime:0.001000s ]
ERR: 无法加载模块:Public

[ 2017-11-07T22:22:03+08:00 ] 127.0.0.1 /tpblog/public/bootstrap/js/jquery-1.8.0.min.js
INFO: [ app_init ] --START--
INFO: Run Behavior\BuildLiteBehavior [ RunTime:0.000000s ]
INFO: [ app_init ] --END-- [ RunTime:0.000000s ]
ERR: 无法加载模块:Public

[ 2017-11-07T22:22:20+08:00 ] 127.0.0.1 /tpblog/public/bootstrap/js/jquery-1.8.0.min.js
INFO: [ app_init ] --START--
INFO: Run Behavior\BuildLiteBehavior [ RunTime:0.000000s ]
INFO: [ app_init ] --END-- [ RunTime:0.000000s ]
ERR: 无法加载模块:Public

[ 2017-11-07T22:22:22+08:00 ] 127.0.0.1 /tpblog/public/bootstrap/js/jquery-1.8.0.min.js
INFO: [ app_init ] --START--
INFO: Run Behavior\BuildLiteBehavior [ RunTime:0.000000s ]
INFO: [ app_init ] --END-- [ RunTime:0.000000s ]
ERR: 无法加载模块:Public

[ 2017-11-07T22:22:24+08:00 ] 127.0.0.1 /tpblog/public/bootstrap/js/jquery-1.8.0.min.js
INFO: [ app_init ] --START--
INFO: Run Behavior\BuildLiteBehavior [ RunTime:0.000000s ]
INFO: [ app_init ] --END-- [ RunTime:0.001000s ]
ERR: 无法加载模块:Public

[ 2017-11-07T22:22:26+08:00 ] 127.0.0.1 /tpblog/public/bootstrap/js/jquery-1.8.0.min.js
INFO: [ app_init ] --START--
INFO: Run Behavior\BuildLiteBehavior [ RunTime:0.000000s ]
INFO: [ app_init ] --END-- [ RunTime:0.001000s ]
ERR: 无法加载模块:Public

[ 2017-11-07T22:22:35+08:00 ] 127.0.0.1 /tpblog/public/bootstrap/js/jquery-1.8.0.min.js
INFO: [ app_init ] --START--
INFO: Run Behavior\BuildLiteBehavior [ RunTime:0.000000s ]
INFO: [ app_init ] --END-- [ RunTime:0.000000s ]
ERR: 无法加载模块:Public

[ 2017-11-07T22:22:36+08:00 ] 127.0.0.1 /tpblog/public/bootstrap/js/jquery-1.8.0.min.js
INFO: [ app_init ] --START--
INFO: Run Behavior\BuildLiteBehavior [ RunTime:0.000000s ]
INFO: [ app_init ] --END-- [ RunTime:0.000000s ]
ERR: 无法加载模块:Public

