[ 2017-10-13T10:00:01+08:00 ] 127.0.0.1 /tpblog/public/bootstrap/css/websymbols/websymbols-regular-webfont.woff
INFO: [ app_init ] --START--
INFO: Run Behavior\BuildLiteBehavior [ RunTime:0.000000s ]
INFO: [ app_init ] --END-- [ RunTime:0.001000s ]
ERR: 无法加载模块:Public

[ 2017-10-13T10:00:01+08:00 ] 127.0.0.1 /tpblog/public/bootstrap/css/websymbols/websymbols-regular-webfont.ttf
INFO: [ app_init ] --START--
INFO: Run Behavior\BuildLiteBehavior [ RunTime:0.000000s ]
INFO: [ app_init ] --END-- [ RunTime:0.001000s ]
ERR: 无法加载模块:Public

[ 2017-10-13T10:00:06+08:00 ] 127.0.0.1 /tpblog/public/bootstrap/js/jquery-1.8.0.min.js
INFO: [ app_init ] --START--
INFO: Run Behavior\BuildLiteBehavior [ RunTime:0.000000s ]
INFO: [ app_init ] --END-- [ RunTime:0.001000s ]
ERR: 无法加载模块:Public

[ 2017-10-13T10:00:06+08:00 ] 127.0.0.1 /tpblog/public/bootstrap/js/jquery-1.8.0.min.js
INFO: [ app_init ] --START--
INFO: Run Behavior\BuildLiteBehavior [ RunTime:0.000000s ]
INFO: [ app_init ] --END-- [ RunTime:0.001000s ]
ERR: 无法加载模块:Public

[ 2017-10-13T10:00:13+08:00 ] 127.0.0.1 /tpblog/public/bootstrap/css/websymbols/websymbols-regular-webfont.woff
INFO: [ app_init ] --START--
INFO: Run Behavior\BuildLiteBehavior [ RunTime:0.000000s ]
INFO: [ app_init ] --END-- [ RunTime:0.000000s ]
ERR: 无法加载模块:Public

[ 2017-10-13T10:00:13+08:00 ] 127.0.0.1 /tpblog/public/bootstrap/css/websymbols/websymbols-regular-webfont.ttf
INFO: [ app_init ] --START--
INFO: Run Behavior\BuildLiteBehavior [ RunTime:0.000000s ]
INFO: [ app_init ] --END-- [ RunTime:0.001000s ]
ERR: 无法加载模块:Public

[ 2017-10-13T10:10:02+08:00 ] 127.0.0.1 /tpblog/public/bootstrap/css/websymbols/websymbols-regular-webfont.woff
INFO: [ app_init ] --START--
INFO: Run Behavior\BuildLiteBehavior [ RunTime:0.000000s ]
INFO: [ app_init ] --END-- [ RunTime:0.001000s ]
ERR: 无法加载模块:Public

[ 2017-10-13T10:10:02+08:00 ] 127.0.0.1 /tpblog/public/bootstrap/css/websymbols/websymbols-regular-webfont.ttf
INFO: [ app_init ] --START--
INFO: Run Behavior\BuildLiteBehavior [ RunTime:0.000000s ]
INFO: [ app_init ] --END-- [ RunTime:0.001000s ]
ERR: 无法加载模块:Public

[ 2017-10-13T10:23:41+08:00 ] 127.0.0.1 /tpblog/public/bootstrap/css/websymbols/websymbols-regular-webfont.woff
INFO: [ app_init ] --START--
INFO: Run Behavior\BuildLiteBehavior [ RunTime:0.000000s ]
INFO: [ app_init ] --END-- [ RunTime:0.001000s ]
ERR: 无法加载模块:Public

[ 2017-10-13T10:23:41+08:00 ] 127.0.0.1 /tpblog/public/bootstrap/css/websymbols/websymbols-regular-webfont.ttf
INFO: [ app_init ] --START--
INFO: Run Behavior\BuildLiteBehavior [ RunTime:0.000000s ]
INFO: [ app_init ] --END-- [ RunTime:0.001001s ]
ERR: 无法加载模块:Public

[ 2017-10-13T10:24:45+08:00 ] 127.0.0.1 /tpblog/public/bootstrap/css/websymbols/websymbols-regular-webfont.woff
INFO: [ app_init ] --START--
INFO: Run Behavior\BuildLiteBehavior [ RunTime:0.000000s ]
INFO: [ app_init ] --END-- [ RunTime:0.001000s ]
ERR: 无法加载模块:Public

[ 2017-10-13T10:24:45+08:00 ] 127.0.0.1 /tpblog/public/bootstrap/css/websymbols/websymbols-regular-webfont.ttf
INFO: [ app_init ] --START--
INFO: Run Behavior\BuildLiteBehavior [ RunTime:0.000000s ]
INFO: [ app_init ] --END-- [ RunTime:0.037002s ]
ERR: 无法加载模块:Public

[ 2017-10-13T10:24:51+08:00 ] 127.0.0.1 /tpblog/public/bootstrap/css/websymbols/websymbols-regular-webfont.woff
INFO: [ app_init ] --START--
INFO: Run Behavior\BuildLiteBehavior [ RunTime:0.000000s ]
INFO: [ app_init ] --END-- [ RunTime:0.001000s ]
ERR: 无法加载模块:Public

[ 2017-10-13T10:24:51+08:00 ] 127.0.0.1 /tpblog/public/bootstrap/css/websymbols/websymbols-regular-webfont.ttf
INFO: [ app_init ] --START--
INFO: Run Behavior\BuildLiteBehavior [ RunTime:0.000000s ]
INFO: [ app_init ] --END-- [ RunTime:0.001000s ]
ERR: 无法加载模块:Public

[ 2017-10-13T10:24:59+08:00 ] 127.0.0.1 /tpblog/public/bootstrap/css/websymbols/websymbols-regular-webfont.woff
INFO: [ app_init ] --START--
INFO: Run Behavior\BuildLiteBehavior [ RunTime:0.000000s ]
INFO: [ app_init ] --END-- [ RunTime:0.007000s ]
ERR: 无法加载模块:Public

[ 2017-10-13T10:24:59+08:00 ] 127.0.0.1 /tpblog/public/bootstrap/css/websymbols/websymbols-regular-webfont.ttf
INFO: [ app_init ] --START--
INFO: Run Behavior\BuildLiteBehavior [ RunTime:0.000000s ]
INFO: [ app_init ] --END-- [ RunTime:0.001000s ]
ERR: 无法加载模块:Public

